{"uid":"68d294c67857a8ba","name":"testFourExpectedFailure","fullName":"test.java.tests.theInternet.parallel.TestFour.testFourExpectedFailure","historyId":"ce09e92ae2bcb1db5e1b8af8fb14a997","time":{"start":1768592394250,"stop":1768592395634,"duration":1384},"description":"Verify the successful login with valid username and password.","descriptionHtml":"<p>Verify the successful login with valid username and password.</p>\n","status":"failed","statusMessage":"success message not present expected [false] but found [true]","statusTrace":"java.lang.AssertionError: success message not present expected [false] but found [true]\n\tat org.testng.Assert.fail(Assert.java:110)\n\tat org.testng.Assert.failNotEquals(Assert.java:1577)\n\tat org.testng.Assert.assertFalse(Assert.java:78)\n\tat test.java.tests.theInternet.parallel.TestFour.testFourExpectedFailure(TestFour.java:77)\n\tat java.base/jdk.internal.reflect.NativeMethodAccessorImpl.invoke0(Native Method)\n\tat java.base/jdk.internal.reflect.NativeMethodAccessorImpl.invoke(NativeMethodAccessorImpl.java:77)\n\tat java.base/jdk.internal.reflect.DelegatingMethodAccessorImpl.invoke(DelegatingMethodAccessorImpl.java:43)\n\tat java.base/java.lang.reflect.Method.invoke(Method.java:569)\n\tat org.testng.internal.invokers.MethodInvocationHelper.invokeMethod(MethodInvocationHelper.java:139)\n\tat org.testng.internal.invokers.TestInvoker.invokeMethod(TestInvoker.java:677)\n\tat org.testng.internal.invokers.TestInvoker.retryFailed(TestInvoker.java:263)\n\tat org.testng.internal.invokers.MethodRunner.runInSequence(MethodRunner.java:62)\n\tat org.testng.internal.invokers.TestInvoker$MethodInvocationAgent.invoke(TestInvoker.java:969)\n\tat org.testng.internal.invokers.TestInvoker.invokeTestMethods(TestInvoker.java:194)\n\tat org.testng.internal.invokers.TestMethodWorker.invokeTestMethods(TestMethodWorker.java:148)\n\tat org.testng.internal.invokers.TestMethodWorker.run(TestMethodWorker.java:128)\n\tat java.base/java.util.concurrent.ThreadPoolExecutor.runWorker(ThreadPoolExecutor.java:1136)\n\tat java.base/java.util.concurrent.ThreadPoolExecutor$Worker.run(ThreadPoolExecutor.java:635)\n\tat java.base/java.lang.Thread.run(Thread.java:840)\n","flaky":false,"newFailed":false,"newBroken":false,"newPassed":false,"retriesCount":2,"retriesStatusChange":true,"beforeStages":[{"name":"setup","time":{"start":1768592393983,"stop":1768592394248,"duration":265},"description":"","status":"passed","steps":[{"name":"Start time: 16 Jan 2026 19:39:53","time":{"start":1768592393983,"stop":1768592393983,"duration":0},"status":"passed","steps":[],"attachments":[],"parameters":[],"stepsCount":0,"shouldDisplayMessage":false,"attachmentsCount":0,"hasContent":false,"attachmentStep":false},{"name":"Running Test on 'Linux' OS.","time":{"start":1768592393983,"stop":1768592393983,"duration":0},"status":"passed","steps":[],"attachments":[],"parameters":[],"stepsCount":0,"shouldDisplayMessage":false,"attachmentsCount":0,"hasContent":false,"attachmentStep":false},{"name":"JVM Version: 17.0.17","time":{"start":1768592393983,"stop":1768592393983,"duration":0},"status":"passed","steps":[],"attachments":[],"parameters":[],"stepsCount":0,"shouldDisplayMessage":false,"attachmentsCount":0,"hasContent":false,"attachmentStep":false},{"name":"Browser: CHROME 143.0.7499.192","time":{"start":1768592394246,"stop":1768592394246,"duration":0},"status":"passed","steps":[],"attachments":[],"parameters":[],"stepsCount":0,"shouldDisplayMessage":false,"attachmentsCount":0,"hasContent":false,"attachmentStep":false},{"name":"Driver instance: ChromeDriver: chrome on linux (7c0965d709b72dc5069cafac6127da9d)","time":{"start":1768592394246,"stop":1768592394246,"duration":0},"status":"passed","steps":[],"attachments":[],"parameters":[],"stepsCount":0,"shouldDisplayMessage":false,"attachmentsCount":0,"hasContent":false,"attachmentStep":false}],"attachments":[],"parameters":[],"stepsCount":5,"shouldDisplayMessage":false,"attachmentsCount":0,"hasContent":true,"attachmentStep":false}],"testStage":{"description":"Verify the successful login with valid username and password.","status":"failed","statusMessage":"success message not present expected [false] but found [true]","statusTrace":"java.lang.AssertionError: success message not present expected [false] but found [true]\n\tat org.testng.Assert.fail(Assert.java:110)\n\tat org.testng.Assert.failNotEquals(Assert.java:1577)\n\tat org.testng.Assert.assertFalse(Assert.java:78)\n\tat test.java.tests.theInternet.parallel.TestFour.testFourExpectedFailure(TestFour.java:77)\n\tat java.base/jdk.internal.reflect.NativeMethodAccessorImpl.invoke0(Native Method)\n\tat java.base/jdk.internal.reflect.NativeMethodAccessorImpl.invoke(NativeMethodAccessorImpl.java:77)\n\tat java.base/jdk.internal.reflect.DelegatingMethodAccessorImpl.invoke(DelegatingMethodAccessorImpl.java:43)\n\tat java.base/java.lang.reflect.Method.invoke(Method.java:569)\n\tat org.testng.internal.invokers.MethodInvocationHelper.invokeMethod(MethodInvocationHelper.java:139)\n\tat org.testng.internal.invokers.TestInvoker.invokeMethod(TestInvoker.java:677)\n\tat org.testng.internal.invokers.TestInvoker.retryFailed(TestInvoker.java:263)\n\tat org.testng.internal.invokers.MethodRunner.runInSequence(MethodRunner.java:62)\n\tat org.testng.internal.invokers.TestInvoker$MethodInvocationAgent.invoke(TestInvoker.java:969)\n\tat org.testng.internal.invokers.TestInvoker.invokeTestMethods(TestInvoker.java:194)\n\tat org.testng.internal.invokers.TestMethodWorker.invokeTestMethods(TestMethodWorker.java:148)\n\tat org.testng.internal.invokers.TestMethodWorker.run(TestMethodWorker.java:128)\n\tat java.base/java.util.concurrent.ThreadPoolExecutor.runWorker(ThreadPoolExecutor.java:1136)\n\tat java.base/java.util.concurrent.ThreadPoolExecutor$Worker.run(ThreadPoolExecutor.java:635)\n\tat java.base/java.lang.Thread.run(Thread.java:840)\n","steps":[{"name":"Access http://the-internet.herokuapp.com/login URL.","time":{"start":1768592394250,"stop":1768592394250,"duration":0},"status":"passed","steps":[],"attachments":[],"parameters":[],"stepsCount":0,"shouldDisplayMessage":false,"attachmentsCount":0,"hasContent":false,"attachmentStep":false},{"name":"Verify login form present or not.","time":{"start":1768592395236,"stop":1768592395236,"duration":0},"status":"passed","steps":[],"attachments":[],"parameters":[],"stepsCount":0,"shouldDisplayMessage":false,"attachmentsCount":0,"hasContent":false,"attachmentStep":false},{"name":"1. Login with valid username and password.","time":{"start":1768592395260,"stop":1768592395260,"duration":0},"status":"passed","steps":[],"attachments":[],"parameters":[],"stepsCount":0,"shouldDisplayMessage":false,"attachmentsCount":0,"hasContent":false,"attachmentStep":false},{"name":"Enter tomsmith username","time":{"start":1768592395260,"stop":1768592395260,"duration":0},"status":"passed","steps":[],"attachments":[],"parameters":[],"stepsCount":0,"shouldDisplayMessage":false,"attachmentsCount":0,"hasContent":false,"attachmentStep":false},{"name":"Enter SuperSecretPassword! password","time":{"start":1768592395312,"stop":1768592395313,"duration":1},"status":"passed","steps":[],"attachments":[],"parameters":[],"stepsCount":0,"shouldDisplayMessage":false,"attachmentsCount":0,"hasContent":false,"attachmentStep":false},{"name":"Click on Submit button","time":{"start":1768592395362,"stop":1768592395362,"duration":0},"status":"passed","steps":[],"attachments":[],"parameters":[],"stepsCount":0,"shouldDisplayMessage":false,"attachmentsCount":0,"hasContent":false,"attachmentStep":false},{"name":"2. Verify success message present","time":{"start":1768592395610,"stop":1768592395610,"duration":0},"status":"passed","steps":[],"attachments":[],"parameters":[],"stepsCount":0,"shouldDisplayMessage":false,"attachmentsCount":0,"hasContent":false,"attachmentStep":false},{"name":"Verify success message present or not.","time":{"start":1768592395610,"stop":1768592395610,"duration":0},"status":"passed","steps":[],"attachments":[],"parameters":[],"stepsCount":0,"shouldDisplayMessage":false,"attachmentsCount":0,"hasContent":false,"attachmentStep":false}],"attachments":[],"parameters":[],"stepsCount":8,"shouldDisplayMessage":true,"attachmentsCount":0,"hasContent":true,"attachmentStep":false},"afterStages":[{"name":"teardown","time":{"start":1768592395700,"stop":1768592395770,"duration":70},"description":"","status":"passed","steps":[{"name":"Cleaning up driver instance: ChromeDriver: chrome on linux (7c0965d709b72dc5069cafac6127da9d)","time":{"start":1768592395700,"stop":1768592395700,"duration":0},"status":"passed","steps":[],"attachments":[],"parameters":[],"stepsCount":0,"shouldDisplayMessage":false,"attachmentsCount":0,"hasContent":false,"attachmentStep":false},{"name":"Complete time: 16 Jan 2026 19:39:55","time":{"start":1768592395770,"stop":1768592395770,"duration":0},"status":"passed","steps":[],"attachments":[],"parameters":[],"stepsCount":0,"shouldDisplayMessage":false,"attachmentsCount":0,"hasContent":false,"attachmentStep":false}],"attachments":[],"parameters":[],"stepsCount":2,"shouldDisplayMessage":false,"attachmentsCount":0,"hasContent":true,"attachmentStep":false}],"labels":[{"name":"package","value":"test.java.tests.theInternet.parallel.TestFour"},{"name":"testClass","value":"test.java.tests.theInternet.parallel.TestFour"},{"name":"testMethod","value":"testFourExpectedFailure"},{"name":"parentSuite","value":"Suite - Parallel Execution"},{"name":"suite","value":"Test Parallel Execution"},{"name":"subSuite","value":"test.java.tests.theInternet.parallel.TestFour"},{"name":"host","value":"runnervmmtnos"},{"name":"thread","value":"2713@runnervmmtnos.TestNG-test=Test Parallel Execution-16(362)"},{"name":"framework","value":"testng"},{"name":"language","value":"java"},{"name":"severity","value":"blocker"},{"name":"resultFormat","value":"allure2"}],"parameters":[],"links":[],"hidden":false,"retry":false,"extra":{"severity":"blocker","retries":[{"uid":"19e763f684012a90","status":"skipped","statusDetails":"success message not present expected [false] but found [true]","time":{"start":1768592392549,"stop":1768592393912,"duration":1363}},{"uid":"b7c3dc44bcae0690","status":"skipped","statusDetails":"success message not present expected [false] but found [true]","time":{"start":1768592390543,"stop":1768592392194,"duration":1651}}],"categories":[{"name":"Product defects","matchedStatuses":[],"flaky":false}],"history":{"statistic":{"failed":76,"broken":0,"skipped":3,"passed":10,"unknown":0,"total":89},"items":[{"uid":"6d3e528969f939af","reportUrl":"https://jagadeeshshetty.github.io/SeleniumMaven/179/#testresult/6d3e528969f939af","status":"failed","statusDetails":"success message not present expected [false] but found [true]","time":{"start":1768506495397,"stop":1768506496304,"duration":907}},{"uid":"c76b663618e70114","reportUrl":"https://jagadeeshshetty.github.io/SeleniumMaven/178/#testresult/c76b663618e70114","status":"failed","statusDetails":"success message not present expected [false] but found [true]","time":{"start":1768419599321,"stop":1768419600016,"duration":695}},{"uid":"235a998e5d80b892","reportUrl":"https://jagadeeshshetty.github.io/SeleniumMaven/177/#testresult/235a998e5d80b892","status":"failed","statusDetails":"success message not present expected [false] but found [true]","time":{"start":1768333394367,"stop":1768333394991,"duration":624}},{"uid":"c27a7cba2bae31ca","reportUrl":"https://jagadeeshshetty.github.io/SeleniumMaven/176/#testresult/c27a7cba2bae31ca","status":"failed","statusDetails":"success message not present expected [false] but found [true]","time":{"start":1768246843809,"stop":1768246844706,"duration":897}},{"uid":"8a47e5e6e878f767","reportUrl":"https://jagadeeshshetty.github.io/SeleniumMaven/175/#testresult/8a47e5e6e878f767","status":"failed","statusDetails":"success message not present expected [false] but found [true]","time":{"start":1768160219167,"stop":1768160220377,"duration":1210}},{"uid":"88a4ed3de5890fe8","reportUrl":"https://jagadeeshshetty.github.io/SeleniumMaven/174/#testresult/88a4ed3de5890fe8","status":"failed","statusDetails":"success message not present expected [false] but found [true]","time":{"start":1768073825803,"stop":1768073826495,"duration":692}},{"uid":"dbed36a6515386e5","reportUrl":"https://jagadeeshshetty.github.io/SeleniumMaven/173/#testresult/dbed36a6515386e5","status":"failed","statusDetails":"success message not present expected [false] but found [true]","time":{"start":1767987596013,"stop":1767987596643,"duration":630}},{"uid":"846e41dfd0a0d487","reportUrl":"https://jagadeeshshetty.github.io/SeleniumMaven/172/#testresult/846e41dfd0a0d487","status":"failed","statusDetails":"success message not present expected [false] but found [true]","time":{"start":1767901403420,"stop":1767901404796,"duration":1376}},{"uid":"14feaffd6bff824c","reportUrl":"https://jagadeeshshetty.github.io/SeleniumMaven/171/#testresult/14feaffd6bff824c","status":"failed","statusDetails":"success message not present expected [false] but found [true]","time":{"start":1767815074391,"stop":1767815074795,"duration":404}},{"uid":"35bbdcaf5f98edd7","reportUrl":"https://jagadeeshshetty.github.io/SeleniumMaven/170/#testresult/35bbdcaf5f98edd7","status":"failed","statusDetails":"success message not present expected [false] but found [true]","time":{"start":1767728335161,"stop":1767728335584,"duration":423}},{"uid":"2402d4e8f656a1a0","reportUrl":"https://jagadeeshshetty.github.io/SeleniumMaven/169/#testresult/2402d4e8f656a1a0","status":"failed","statusDetails":"success message not present expected [false] but found [true]","time":{"start":1767642278011,"stop":1767642278870,"duration":859}},{"uid":"6a25517e251a2c4","reportUrl":"https://jagadeeshshetty.github.io/SeleniumMaven/168/#testresult/6a25517e251a2c4","status":"failed","statusDetails":"success message not present expected [false] but found [true]","time":{"start":1767555394554,"stop":1767555395221,"duration":667}},{"uid":"7e382cbf09035640","reportUrl":"https://jagadeeshshetty.github.io/SeleniumMaven/167/#testresult/7e382cbf09035640","status":"failed","statusDetails":"success message not present expected [false] but found [true]","time":{"start":1767469183969,"stop":1767469185317,"duration":1348}},{"uid":"18f6fd92b7b69b35","reportUrl":"https://jagadeeshshetty.github.io/SeleniumMaven/166/#testresult/18f6fd92b7b69b35","status":"failed","statusDetails":"success message not present expected [false] but found [true]","time":{"start":1767383034143,"stop":1767383035519,"duration":1376}},{"uid":"1ded6cb9dd0d9740","reportUrl":"https://jagadeeshshetty.github.io/SeleniumMaven/165/#testresult/1ded6cb9dd0d9740","status":"failed","statusDetails":"success message not present expected [false] but found [true]","time":{"start":1767296282745,"stop":1767296283545,"duration":800}},{"uid":"837f2f4c89ee9066","reportUrl":"https://jagadeeshshetty.github.io/SeleniumMaven/164/#testresult/837f2f4c89ee9066","status":"failed","statusDetails":"success message not present expected [false] but found [true]","time":{"start":1767209840420,"stop":1767209841071,"duration":651}},{"uid":"76db179bcdea6c26","reportUrl":"https://jagadeeshshetty.github.io/SeleniumMaven/163/#testresult/76db179bcdea6c26","status":"failed","statusDetails":"success message not present expected [false] but found [true]","time":{"start":1767123447529,"stop":1767123448215,"duration":686}},{"uid":"cfd58da11b7aab1f","reportUrl":"https://jagadeeshshetty.github.io/SeleniumMaven/162/#testresult/cfd58da11b7aab1f","status":"passed","time":{"start":1767037036774,"stop":1767037085741,"duration":48967}},{"uid":"118f28d78a6801b6","reportUrl":"https://jagadeeshshetty.github.io/SeleniumMaven/161/#testresult/118f28d78a6801b6","status":"passed","time":{"start":1766950619474,"stop":1766950765028,"duration":145554}},{"uid":"845bd14f333134df","reportUrl":"https://jagadeeshshetty.github.io/SeleniumMaven/160/#testresult/845bd14f333134df","status":"failed","statusDetails":"success message not present expected [false] but found [true]","time":{"start":1766864249784,"stop":1766864250423,"duration":639}}]},"tags":[]},"source":"68d294c67857a8ba.json","parameterValues":[]}