{"uid":"fafbfbaf2eb86dd2","name":"testThreeUnstableTest","fullName":"test.java.tests.theInternet.parallel.TestThree.testThreeUnstableTest","historyId":"dc2a2636bf926c66fb76da458eb86862","time":{"start":1768851671438,"stop":1768851671440,"duration":2},"description":"Verify the error message with invalid username and password.","descriptionHtml":"<p>Verify the error message with invalid username and password.</p>\n","status":"failed","statusMessage":"expected [true] but found [false]","statusTrace":"java.lang.AssertionError: expected [true] but found [false]\n\tat org.testng.Assert.fail(Assert.java:110)\n\tat org.testng.Assert.failNotEquals(Assert.java:1577)\n\tat org.testng.Assert.assertTrue(Assert.java:56)\n\tat org.testng.Assert.assertTrue(Assert.java:66)\n\tat test.java.tests.theInternet.parallel.TestThree.testThreeUnstableTest(TestThree.java:62)\n\tat java.base/jdk.internal.reflect.NativeMethodAccessorImpl.invoke0(Native Method)\n\tat java.base/jdk.internal.reflect.NativeMethodAccessorImpl.invoke(NativeMethodAccessorImpl.java:77)\n\tat java.base/jdk.internal.reflect.DelegatingMethodAccessorImpl.invoke(DelegatingMethodAccessorImpl.java:43)\n\tat java.base/java.lang.reflect.Method.invoke(Method.java:569)\n\tat org.testng.internal.invokers.MethodInvocationHelper.invokeMethod(MethodInvocationHelper.java:139)\n\tat org.testng.internal.invokers.TestInvoker.invokeMethod(TestInvoker.java:677)\n\tat org.testng.internal.invokers.TestInvoker.retryFailed(TestInvoker.java:263)\n\tat org.testng.internal.invokers.MethodRunner.runInSequence(MethodRunner.java:62)\n\tat org.testng.internal.invokers.TestInvoker$MethodInvocationAgent.invoke(TestInvoker.java:969)\n\tat org.testng.internal.invokers.TestInvoker.invokeTestMethods(TestInvoker.java:194)\n\tat org.testng.internal.invokers.TestMethodWorker.invokeTestMethods(TestMethodWorker.java:148)\n\tat org.testng.internal.invokers.TestMethodWorker.run(TestMethodWorker.java:128)\n\tat java.base/java.util.concurrent.ThreadPoolExecutor.runWorker(ThreadPoolExecutor.java:1136)\n\tat java.base/java.util.concurrent.ThreadPoolExecutor$Worker.run(ThreadPoolExecutor.java:635)\n\tat java.base/java.lang.Thread.run(Thread.java:840)\n","flaky":true,"newFailed":true,"newBroken":false,"newPassed":false,"retriesCount":2,"retriesStatusChange":true,"beforeStages":[{"name":"setup","time":{"start":1768851670952,"stop":1768851671436,"duration":484},"description":"","status":"passed","steps":[{"name":"Start time: 19 Jan 2026 19:41:10","time":{"start":1768851670952,"stop":1768851670952,"duration":0},"status":"passed","steps":[],"attachments":[],"parameters":[],"stepsCount":0,"shouldDisplayMessage":false,"attachmentsCount":0,"hasContent":false,"attachmentStep":false},{"name":"Running Test on 'Linux' OS.","time":{"start":1768851670952,"stop":1768851670952,"duration":0},"status":"passed","steps":[],"attachments":[],"parameters":[],"stepsCount":0,"shouldDisplayMessage":false,"attachmentsCount":0,"hasContent":false,"attachmentStep":false},{"name":"JVM Version: 17.0.17","time":{"start":1768851670952,"stop":1768851670952,"duration":0},"status":"passed","steps":[],"attachments":[],"parameters":[],"stepsCount":0,"shouldDisplayMessage":false,"attachmentsCount":0,"hasContent":false,"attachmentStep":false},{"name":"Browser: CHROME 143.0.7499.192","time":{"start":1768851671434,"stop":1768851671434,"duration":0},"status":"passed","steps":[],"attachments":[],"parameters":[],"stepsCount":0,"shouldDisplayMessage":false,"attachmentsCount":0,"hasContent":false,"attachmentStep":false},{"name":"Driver instance: ChromeDriver: chrome on linux (758e85edc90eabdbb92aff8a90fa4ce7)","time":{"start":1768851671434,"stop":1768851671434,"duration":0},"status":"passed","steps":[],"attachments":[],"parameters":[],"stepsCount":0,"shouldDisplayMessage":false,"attachmentsCount":0,"hasContent":false,"attachmentStep":false}],"attachments":[],"parameters":[],"stepsCount":5,"shouldDisplayMessage":false,"attachmentsCount":0,"hasContent":true,"attachmentStep":false}],"testStage":{"description":"Verify the error message with invalid username and password.","status":"failed","statusMessage":"expected [true] but found [false]","statusTrace":"java.lang.AssertionError: expected [true] but found [false]\n\tat org.testng.Assert.fail(Assert.java:110)\n\tat org.testng.Assert.failNotEquals(Assert.java:1577)\n\tat org.testng.Assert.assertTrue(Assert.java:56)\n\tat org.testng.Assert.assertTrue(Assert.java:66)\n\tat test.java.tests.theInternet.parallel.TestThree.testThreeUnstableTest(TestThree.java:62)\n\tat java.base/jdk.internal.reflect.NativeMethodAccessorImpl.invoke0(Native Method)\n\tat java.base/jdk.internal.reflect.NativeMethodAccessorImpl.invoke(NativeMethodAccessorImpl.java:77)\n\tat java.base/jdk.internal.reflect.DelegatingMethodAccessorImpl.invoke(DelegatingMethodAccessorImpl.java:43)\n\tat java.base/java.lang.reflect.Method.invoke(Method.java:569)\n\tat org.testng.internal.invokers.MethodInvocationHelper.invokeMethod(MethodInvocationHelper.java:139)\n\tat org.testng.internal.invokers.TestInvoker.invokeMethod(TestInvoker.java:677)\n\tat org.testng.internal.invokers.TestInvoker.retryFailed(TestInvoker.java:263)\n\tat org.testng.internal.invokers.MethodRunner.runInSequence(MethodRunner.java:62)\n\tat org.testng.internal.invokers.TestInvoker$MethodInvocationAgent.invoke(TestInvoker.java:969)\n\tat org.testng.internal.invokers.TestInvoker.invokeTestMethods(TestInvoker.java:194)\n\tat org.testng.internal.invokers.TestMethodWorker.invokeTestMethods(TestMethodWorker.java:148)\n\tat org.testng.internal.invokers.TestMethodWorker.run(TestMethodWorker.java:128)\n\tat java.base/java.util.concurrent.ThreadPoolExecutor.runWorker(ThreadPoolExecutor.java:1136)\n\tat java.base/java.util.concurrent.ThreadPoolExecutor$Worker.run(ThreadPoolExecutor.java:635)\n\tat java.base/java.lang.Thread.run(Thread.java:840)\n","steps":[{"name":"1","time":{"start":1768851671438,"stop":1768851671438,"duration":0},"status":"passed","steps":[],"attachments":[],"parameters":[],"stepsCount":0,"shouldDisplayMessage":false,"attachmentsCount":0,"hasContent":false,"attachmentStep":false}],"attachments":[],"parameters":[],"stepsCount":1,"shouldDisplayMessage":true,"attachmentsCount":0,"hasContent":true,"attachmentStep":false},"afterStages":[{"name":"teardown","time":{"start":1768851671524,"stop":1768851671596,"duration":72},"description":"","status":"passed","steps":[{"name":"Cleaning up driver instance: ChromeDriver: chrome on linux (758e85edc90eabdbb92aff8a90fa4ce7)","time":{"start":1768851671524,"stop":1768851671524,"duration":0},"status":"passed","steps":[],"attachments":[],"parameters":[],"stepsCount":0,"shouldDisplayMessage":false,"attachmentsCount":0,"hasContent":false,"attachmentStep":false},{"name":"Complete time: 19 Jan 2026 19:41:11","time":{"start":1768851671595,"stop":1768851671596,"duration":1},"status":"passed","steps":[],"attachments":[],"parameters":[],"stepsCount":0,"shouldDisplayMessage":false,"attachmentsCount":0,"hasContent":false,"attachmentStep":false}],"attachments":[],"parameters":[],"stepsCount":2,"shouldDisplayMessage":false,"attachmentsCount":0,"hasContent":true,"attachmentStep":false}],"labels":[{"name":"package","value":"test.java.tests.theInternet.parallel.TestThree"},{"name":"testClass","value":"test.java.tests.theInternet.parallel.TestThree"},{"name":"testMethod","value":"testThreeUnstableTest"},{"name":"parentSuite","value":"Suite - Parallel Execution"},{"name":"suite","value":"Test Parallel Execution"},{"name":"subSuite","value":"test.java.tests.theInternet.parallel.TestThree"},{"name":"host","value":"runnervmmtnos"},{"name":"thread","value":"2746@runnervmmtnos.TestNG-test=Test Parallel Execution-11(257)"},{"name":"framework","value":"testng"},{"name":"language","value":"java"},{"name":"severity","value":"trivial"},{"name":"resultFormat","value":"allure2"}],"parameters":[],"links":[],"hidden":false,"retry":false,"extra":{"severity":"trivial","retries":[{"uid":"6e96420b1ef2cc2","status":"skipped","statusDetails":"expected [true] but found [false]","time":{"start":1768851670867,"stop":1768851670867,"duration":0}},{"uid":"56b7f3c64831bb78","status":"skipped","statusDetails":"expected [true] but found [false]","time":{"start":1768851670241,"stop":1768851670243,"duration":2}}],"categories":[{"name":"Product defects","matchedStatuses":[],"flaky":false}],"history":{"statistic":{"failed":12,"broken":0,"skipped":2,"passed":78,"unknown":0,"total":92},"items":[{"uid":"2ef1e43713b28d93","reportUrl":"https://jagadeeshshetty.github.io/SeleniumMaven/182/#testresult/2ef1e43713b28d93","status":"passed","time":{"start":1768764988284,"stop":1768764988285,"duration":1}},{"uid":"5e024f6fff8e071d","reportUrl":"https://jagadeeshshetty.github.io/SeleniumMaven/181/#testresult/5e024f6fff8e071d","status":"passed","time":{"start":1768678576692,"stop":1768678576692,"duration":0}},{"uid":"16e1f6831f6bb082","reportUrl":"https://jagadeeshshetty.github.io/SeleniumMaven/180/#testresult/16e1f6831f6bb082","status":"passed","time":{"start":1768592385481,"stop":1768592385481,"duration":0}},{"uid":"df01854736e1d7a5","reportUrl":"https://jagadeeshshetty.github.io/SeleniumMaven/179/#testresult/df01854736e1d7a5","status":"passed","time":{"start":1768506488264,"stop":1768506488272,"duration":8}},{"uid":"a018401e7bec74a9","reportUrl":"https://jagadeeshshetty.github.io/SeleniumMaven/178/#testresult/a018401e7bec74a9","status":"failed","statusDetails":"expected [true] but found [false]","time":{"start":1768419594028,"stop":1768419594029,"duration":1}},{"uid":"6c78696a0adcd0f2","reportUrl":"https://jagadeeshshetty.github.io/SeleniumMaven/177/#testresult/6c78696a0adcd0f2","status":"passed","time":{"start":1768333148624,"stop":1768333148624,"duration":0}},{"uid":"eb905009f3f0170c","reportUrl":"https://jagadeeshshetty.github.io/SeleniumMaven/176/#testresult/eb905009f3f0170c","status":"passed","time":{"start":1768246836727,"stop":1768246836737,"duration":10}},{"uid":"8cd0080ffb8cb853","reportUrl":"https://jagadeeshshetty.github.io/SeleniumMaven/175/#testresult/8cd0080ffb8cb853","status":"failed","statusDetails":"expected [true] but found [false]","time":{"start":1768160211171,"stop":1768160211171,"duration":0}},{"uid":"cf49d5edab6a84c","reportUrl":"https://jagadeeshshetty.github.io/SeleniumMaven/174/#testresult/cf49d5edab6a84c","status":"passed","time":{"start":1768073820100,"stop":1768073820102,"duration":2}},{"uid":"7d5f1fa48fea018","reportUrl":"https://jagadeeshshetty.github.io/SeleniumMaven/173/#testresult/7d5f1fa48fea018","status":"failed","statusDetails":"expected [true] but found [false]","time":{"start":1767987590478,"stop":1767987590479,"duration":1}},{"uid":"864e196a16c5d9de","reportUrl":"https://jagadeeshshetty.github.io/SeleniumMaven/172/#testresult/864e196a16c5d9de","status":"passed","time":{"start":1767901393782,"stop":1767901393782,"duration":0}},{"uid":"eb994aee76776058","reportUrl":"https://jagadeeshshetty.github.io/SeleniumMaven/171/#testresult/eb994aee76776058","status":"passed","time":{"start":1767814828449,"stop":1767814828449,"duration":0}},{"uid":"ba24a2e2c57e20a3","reportUrl":"https://jagadeeshshetty.github.io/SeleniumMaven/170/#testresult/ba24a2e2c57e20a3","status":"passed","time":{"start":1767728329972,"stop":1767728329974,"duration":2}},{"uid":"f9a1912394a1d9c2","reportUrl":"https://jagadeeshshetty.github.io/SeleniumMaven/169/#testresult/f9a1912394a1d9c2","status":"failed","statusDetails":"expected [true] but found [false]","time":{"start":1767642039785,"stop":1767642039785,"duration":0}},{"uid":"b864bace447780e6","reportUrl":"https://jagadeeshshetty.github.io/SeleniumMaven/168/#testresult/b864bace447780e6","status":"passed","time":{"start":1767555388348,"stop":1767555388348,"duration":0}},{"uid":"aaf492ab25fabf8","reportUrl":"https://jagadeeshshetty.github.io/SeleniumMaven/167/#testresult/aaf492ab25fabf8","status":"passed","time":{"start":1767468984114,"stop":1767468984114,"duration":0}},{"uid":"9fb83e84e2bf1432","reportUrl":"https://jagadeeshshetty.github.io/SeleniumMaven/166/#testresult/9fb83e84e2bf1432","status":"passed","time":{"start":1767382783655,"stop":1767382783659,"duration":4}},{"uid":"80f9ba892a5a7a82","reportUrl":"https://jagadeeshshetty.github.io/SeleniumMaven/165/#testresult/80f9ba892a5a7a82","status":"passed","time":{"start":1767296276004,"stop":1767296276004,"duration":0}},{"uid":"beab6bc17b7a3edd","reportUrl":"https://jagadeeshshetty.github.io/SeleniumMaven/164/#testresult/beab6bc17b7a3edd","status":"passed","time":{"start":1767209833303,"stop":1767209833304,"duration":1}},{"uid":"5ff466c955699ee4","reportUrl":"https://jagadeeshshetty.github.io/SeleniumMaven/163/#testresult/5ff466c955699ee4","status":"passed","time":{"start":1767123440910,"stop":1767123440911,"duration":1}}]},"tags":[]},"source":"fafbfbaf2eb86dd2.json","parameterValues":[]}