{"uid":"91eccbc9219e2fd7","name":"testThreeExpectedFailure","fullName":"test.java.tests.theInternet.parallel.TestThree.testThreeExpectedFailure","historyId":"cad436207142227918581ae7912911d3","time":{"start":1766691517212,"stop":1766691517649,"duration":437},"description":"Verify the successful login with valid username and password.","descriptionHtml":"<p>Verify the successful login with valid username and password.</p>\n","status":"failed","statusMessage":"success message not present expected [false] but found [true]","statusTrace":"java.lang.AssertionError: success message not present expected [false] but found [true]\n\tat org.testng.Assert.fail(Assert.java:110)\n\tat org.testng.Assert.failNotEquals(Assert.java:1577)\n\tat org.testng.Assert.assertFalse(Assert.java:78)\n\tat test.java.tests.theInternet.parallel.TestThree.testThreeExpectedFailure(TestThree.java:77)\n\tat java.base/jdk.internal.reflect.NativeMethodAccessorImpl.invoke0(Native Method)\n\tat java.base/jdk.internal.reflect.NativeMethodAccessorImpl.invoke(NativeMethodAccessorImpl.java:77)\n\tat java.base/jdk.internal.reflect.DelegatingMethodAccessorImpl.invoke(DelegatingMethodAccessorImpl.java:43)\n\tat java.base/java.lang.reflect.Method.invoke(Method.java:569)\n\tat org.testng.internal.invokers.MethodInvocationHelper.invokeMethod(MethodInvocationHelper.java:139)\n\tat org.testng.internal.invokers.TestInvoker.invokeMethod(TestInvoker.java:677)\n\tat org.testng.internal.invokers.TestInvoker.retryFailed(TestInvoker.java:263)\n\tat org.testng.internal.invokers.MethodRunner.runInSequence(MethodRunner.java:62)\n\tat org.testng.internal.invokers.TestInvoker$MethodInvocationAgent.invoke(TestInvoker.java:969)\n\tat org.testng.internal.invokers.TestInvoker.invokeTestMethods(TestInvoker.java:194)\n\tat org.testng.internal.invokers.TestMethodWorker.invokeTestMethods(TestMethodWorker.java:148)\n\tat org.testng.internal.invokers.TestMethodWorker.run(TestMethodWorker.java:128)\n\tat java.base/java.util.concurrent.ThreadPoolExecutor.runWorker(ThreadPoolExecutor.java:1136)\n\tat java.base/java.util.concurrent.ThreadPoolExecutor$Worker.run(ThreadPoolExecutor.java:635)\n\tat java.base/java.lang.Thread.run(Thread.java:840)\n","flaky":true,"newFailed":true,"newBroken":false,"newPassed":false,"retriesCount":2,"retriesStatusChange":true,"beforeStages":[{"name":"setup","time":{"start":1766691516895,"stop":1766691517211,"duration":316},"description":"","status":"passed","steps":[{"name":"Start time: 25 Dec 2025 19:38:36","time":{"start":1766691516895,"stop":1766691516895,"duration":0},"status":"passed","steps":[],"attachments":[],"parameters":[],"stepsCount":0,"shouldDisplayMessage":false,"attachmentsCount":0,"hasContent":false,"attachmentStep":false},{"name":"Running Test on 'Linux' OS.","time":{"start":1766691516895,"stop":1766691516895,"duration":0},"status":"passed","steps":[],"attachments":[],"parameters":[],"stepsCount":0,"shouldDisplayMessage":false,"attachmentsCount":0,"hasContent":false,"attachmentStep":false},{"name":"JVM Version: 17.0.17","time":{"start":1766691516895,"stop":1766691516895,"duration":0},"status":"passed","steps":[],"attachments":[],"parameters":[],"stepsCount":0,"shouldDisplayMessage":false,"attachmentsCount":0,"hasContent":false,"attachmentStep":false},{"name":"Browser: CHROME 143.0.7499.109","time":{"start":1766691517208,"stop":1766691517208,"duration":0},"status":"passed","steps":[],"attachments":[],"parameters":[],"stepsCount":0,"shouldDisplayMessage":false,"attachmentsCount":0,"hasContent":false,"attachmentStep":false},{"name":"Driver instance: ChromeDriver: chrome on linux (a0244cde82d53e276250557774c308c0)","time":{"start":1766691517208,"stop":1766691517208,"duration":0},"status":"passed","steps":[],"attachments":[],"parameters":[],"stepsCount":0,"shouldDisplayMessage":false,"attachmentsCount":0,"hasContent":false,"attachmentStep":false}],"attachments":[],"parameters":[],"stepsCount":5,"shouldDisplayMessage":false,"attachmentsCount":0,"hasContent":true,"attachmentStep":false}],"testStage":{"description":"Verify the successful login with valid username and password.","status":"failed","statusMessage":"success message not present expected [false] but found [true]","statusTrace":"java.lang.AssertionError: success message not present expected [false] but found [true]\n\tat org.testng.Assert.fail(Assert.java:110)\n\tat org.testng.Assert.failNotEquals(Assert.java:1577)\n\tat org.testng.Assert.assertFalse(Assert.java:78)\n\tat test.java.tests.theInternet.parallel.TestThree.testThreeExpectedFailure(TestThree.java:77)\n\tat java.base/jdk.internal.reflect.NativeMethodAccessorImpl.invoke0(Native Method)\n\tat java.base/jdk.internal.reflect.NativeMethodAccessorImpl.invoke(NativeMethodAccessorImpl.java:77)\n\tat java.base/jdk.internal.reflect.DelegatingMethodAccessorImpl.invoke(DelegatingMethodAccessorImpl.java:43)\n\tat java.base/java.lang.reflect.Method.invoke(Method.java:569)\n\tat org.testng.internal.invokers.MethodInvocationHelper.invokeMethod(MethodInvocationHelper.java:139)\n\tat org.testng.internal.invokers.TestInvoker.invokeMethod(TestInvoker.java:677)\n\tat org.testng.internal.invokers.TestInvoker.retryFailed(TestInvoker.java:263)\n\tat org.testng.internal.invokers.MethodRunner.runInSequence(MethodRunner.java:62)\n\tat org.testng.internal.invokers.TestInvoker$MethodInvocationAgent.invoke(TestInvoker.java:969)\n\tat org.testng.internal.invokers.TestInvoker.invokeTestMethods(TestInvoker.java:194)\n\tat org.testng.internal.invokers.TestMethodWorker.invokeTestMethods(TestMethodWorker.java:148)\n\tat org.testng.internal.invokers.TestMethodWorker.run(TestMethodWorker.java:128)\n\tat java.base/java.util.concurrent.ThreadPoolExecutor.runWorker(ThreadPoolExecutor.java:1136)\n\tat java.base/java.util.concurrent.ThreadPoolExecutor$Worker.run(ThreadPoolExecutor.java:635)\n\tat java.base/java.lang.Thread.run(Thread.java:840)\n","steps":[{"name":"Access http://the-internet.herokuapp.com/login URL.","time":{"start":1766691517212,"stop":1766691517213,"duration":1},"status":"passed","steps":[],"attachments":[],"parameters":[],"stepsCount":0,"shouldDisplayMessage":false,"attachmentsCount":0,"hasContent":false,"attachmentStep":false},{"name":"Verify login form present or not.","time":{"start":1766691517384,"stop":1766691517385,"duration":1},"status":"passed","steps":[],"attachments":[],"parameters":[],"stepsCount":0,"shouldDisplayMessage":false,"attachmentsCount":0,"hasContent":false,"attachmentStep":false},{"name":"1. Login with valid username and password.","time":{"start":1766691517408,"stop":1766691517408,"duration":0},"status":"passed","steps":[],"attachments":[],"parameters":[],"stepsCount":0,"shouldDisplayMessage":false,"attachmentsCount":0,"hasContent":false,"attachmentStep":false},{"name":"Enter tomsmith username","time":{"start":1766691517408,"stop":1766691517408,"duration":0},"status":"passed","steps":[],"attachments":[],"parameters":[],"stepsCount":0,"shouldDisplayMessage":false,"attachmentsCount":0,"hasContent":false,"attachmentStep":false},{"name":"Enter SuperSecretPassword! password","time":{"start":1766691517460,"stop":1766691517460,"duration":0},"status":"passed","steps":[],"attachments":[],"parameters":[],"stepsCount":0,"shouldDisplayMessage":false,"attachmentsCount":0,"hasContent":false,"attachmentStep":false},{"name":"Click on Submit button","time":{"start":1766691517508,"stop":1766691517508,"duration":0},"status":"passed","steps":[],"attachments":[],"parameters":[],"stepsCount":0,"shouldDisplayMessage":false,"attachmentsCount":0,"hasContent":false,"attachmentStep":false},{"name":"2. Verify success message present","time":{"start":1766691517565,"stop":1766691517565,"duration":0},"status":"passed","steps":[],"attachments":[],"parameters":[],"stepsCount":0,"shouldDisplayMessage":false,"attachmentsCount":0,"hasContent":false,"attachmentStep":false},{"name":"Verify success message present or not.","time":{"start":1766691517565,"stop":1766691517565,"duration":0},"status":"passed","steps":[],"attachments":[],"parameters":[],"stepsCount":0,"shouldDisplayMessage":false,"attachmentsCount":0,"hasContent":false,"attachmentStep":false}],"attachments":[],"parameters":[],"stepsCount":8,"shouldDisplayMessage":true,"attachmentsCount":0,"hasContent":true,"attachmentStep":false},"afterStages":[{"name":"teardown","time":{"start":1766691517717,"stop":1766691517787,"duration":70},"description":"","status":"passed","steps":[{"name":"Cleaning up driver instance: ChromeDriver: chrome on linux (a0244cde82d53e276250557774c308c0)","time":{"start":1766691517717,"stop":1766691517717,"duration":0},"status":"passed","steps":[],"attachments":[],"parameters":[],"stepsCount":0,"shouldDisplayMessage":false,"attachmentsCount":0,"hasContent":false,"attachmentStep":false},{"name":"Complete time: 25 Dec 2025 19:38:37","time":{"start":1766691517787,"stop":1766691517787,"duration":0},"status":"passed","steps":[],"attachments":[],"parameters":[],"stepsCount":0,"shouldDisplayMessage":false,"attachmentsCount":0,"hasContent":false,"attachmentStep":false}],"attachments":[],"parameters":[],"stepsCount":2,"shouldDisplayMessage":false,"attachmentsCount":0,"hasContent":true,"attachmentStep":false}],"labels":[{"name":"package","value":"test.java.tests.theInternet.parallel.TestThree"},{"name":"testClass","value":"test.java.tests.theInternet.parallel.TestThree"},{"name":"testMethod","value":"testThreeExpectedFailure"},{"name":"parentSuite","value":"Suite - Parallel Execution"},{"name":"suite","value":"Test Parallel Execution"},{"name":"subSuite","value":"test.java.tests.theInternet.parallel.TestThree"},{"name":"host","value":"runnervmh13bl"},{"name":"thread","value":"2691@runnervmh13bl.TestNG-test=Test Parallel Execution-12(244)"},{"name":"framework","value":"testng"},{"name":"language","value":"java"},{"name":"severity","value":"blocker"},{"name":"resultFormat","value":"allure2"}],"parameters":[],"links":[],"hidden":false,"retry":false,"extra":{"severity":"blocker","retries":[{"uid":"dede4f7ad6f730ce","status":"skipped","statusDetails":"no such element: Unable to locate element: {\"method\":\"css selector\",\"selector\":\".flash.success\"}\n  (Session info: chrome=143.0.7499.109)\nFor documentation on this error, please visit: https://www.selenium.dev/documentation/webdriver/troubleshooting/errors#nosuchelementexception\nBuild info: version: '4.39.0', revision: '126f156aee'\nSystem info: os.name: 'Linux', os.arch: 'amd64', os.version: '6.11.0-1018-azure', java.version: '17.0.17'\nDriver info: org.openqa.selenium.chrome.ChromeDriver\nCommand: [0d4bdf30056eadd5ab3e5e5bb6f38164, findElement {using=css selector, value=.flash.success}]\nCapabilities {acceptInsecureCerts: false, browserName: chrome, browserVersion: 143.0.7499.109, chrome: {chromedriverVersion: 143.0.7499.42 (24bdc8c48a0c..., userDataDir: /tmp/.org.chromium.Chromium...}, fedcm:accounts: true, goog:chromeOptions: {debuggerAddress: localhost:38819}, goog:processID: 5792, networkConnectionEnabled: false, pageLoadStrategy: normal, platformName: linux, proxy: Proxy(), se:cdp: ws://localhost:38819/devtoo..., se:cdpVersion: 143.0.7499.109, setWindowRect: true, strictFileInteractability: false, timeouts: {implicit: 0, pageLoad: 300000, script: 30000}, unhandledPromptBehavior: dismiss and notify, webauthn:extension:credBlob: true, webauthn:extension:largeBlob: true, webauthn:extension:minPinLength: true, webauthn:extension:prf: true, webauthn:virtualAuthenticators: true}\nSession ID: 0d4bdf30056eadd5ab3e5e5bb6f38164","time":{"start":1766691420221,"stop":1766691516786,"duration":96565}},{"uid":"1820c0b3133cb8c9","status":"skipped","statusDetails":"success message not present expected [false] but found [true]","time":{"start":1766691418690,"stop":1766691419630,"duration":940}}],"categories":[{"name":"Product defects","matchedStatuses":[],"flaky":false}],"history":{"statistic":{"failed":61,"broken":0,"skipped":2,"passed":4,"unknown":0,"total":67},"items":[{"uid":"f695b90856caa118","reportUrl":"https://jagadeeshshetty.github.io/SeleniumMaven/157/#testresult/f695b90856caa118","status":"passed","time":{"start":1766605255429,"stop":1766605304786,"duration":49357}},{"uid":"75aa3faeb61f3d17","reportUrl":"https://jagadeeshshetty.github.io/SeleniumMaven/156/#testresult/75aa3faeb61f3d17","status":"failed","statusDetails":"success message not present expected [false] but found [true]","time":{"start":1766518642456,"stop":1766518642907,"duration":451}},{"uid":"3b48dab069c29383","reportUrl":"https://jagadeeshshetty.github.io/SeleniumMaven/155/#testresult/3b48dab069c29383","status":"failed","statusDetails":"success message not present expected [false] but found [true]","time":{"start":1766432236413,"stop":1766432237272,"duration":859}},{"uid":"b9dc4d199946d935","reportUrl":"https://jagadeeshshetty.github.io/SeleniumMaven/154/#testresult/b9dc4d199946d935","status":"failed","statusDetails":"success message not present expected [false] but found [true]","time":{"start":1766345807440,"stop":1766345808120,"duration":680}},{"uid":"bad2d808b4425b8a","reportUrl":"https://jagadeeshshetty.github.io/SeleniumMaven/153/#testresult/bad2d808b4425b8a","status":"failed","statusDetails":"success message not present expected [false] but found [true]","time":{"start":1766259501782,"stop":1766259503205,"duration":1423}},{"uid":"987aa2d36f08c8ac","reportUrl":"https://jagadeeshshetty.github.io/SeleniumMaven/152/#testresult/987aa2d36f08c8ac","status":"failed","statusDetails":"success message not present expected [false] but found [true]","time":{"start":1766173058739,"stop":1766173059190,"duration":451}},{"uid":"a41f0a74860bb476","reportUrl":"https://jagadeeshshetty.github.io/SeleniumMaven/151/#testresult/a41f0a74860bb476","status":"failed","statusDetails":"success message not present expected [false] but found [true]","time":{"start":1766087089987,"stop":1766087091455,"duration":1468}},{"uid":"218c0f7a1620a06b","reportUrl":"https://jagadeeshshetty.github.io/SeleniumMaven/150/#testresult/218c0f7a1620a06b","status":"failed","statusDetails":"success message not present expected [false] but found [true]","time":{"start":1766000522640,"stop":1766000524054,"duration":1414}},{"uid":"7e0808c87e33bb97","reportUrl":"https://jagadeeshshetty.github.io/SeleniumMaven/149/#testresult/7e0808c87e33bb97","status":"failed","statusDetails":"success message not present expected [false] but found [true]","time":{"start":1765913957141,"stop":1765913958568,"duration":1427}},{"uid":"d09dc58f350f890f","reportUrl":"https://jagadeeshshetty.github.io/SeleniumMaven/148/#testresult/d09dc58f350f890f","status":"failed","statusDetails":"success message not present expected [false] but found [true]","time":{"start":1765827573108,"stop":1765827573574,"duration":466}},{"uid":"6103d0223cebad1c","reportUrl":"https://jagadeeshshetty.github.io/SeleniumMaven/147/#testresult/6103d0223cebad1c","status":"failed","statusDetails":"success message not present expected [false] but found [true]","time":{"start":1765741107870,"stop":1765741110304,"duration":2434}},{"uid":"75db81d0a239e685","reportUrl":"https://jagadeeshshetty.github.io/SeleniumMaven/146/#testresult/75db81d0a239e685","status":"failed","statusDetails":"success message not present expected [false] but found [true]","time":{"start":1765715980000,"stop":1765715980649,"duration":649}},{"uid":"d8e6f28e9468541","reportUrl":"https://jagadeeshshetty.github.io/SeleniumMaven/145/#testresult/d8e6f28e9468541","status":"failed","statusDetails":"success message not present expected [false] but found [true]","time":{"start":1765715245086,"stop":1765715246159,"duration":1073}},{"uid":"6d43323c9f15c512","reportUrl":"https://jagadeeshshetty.github.io/SeleniumMaven/144/#testresult/6d43323c9f15c512","status":"failed","statusDetails":"success message not present expected [false] but found [true]","time":{"start":1765711462061,"stop":1765711462527,"duration":466}},{"uid":"d75bfe4da5e877f8","reportUrl":"https://jagadeeshshetty.github.io/SeleniumMaven/143/#testresult/d75bfe4da5e877f8","status":"failed","statusDetails":"success message not present expected [false] but found [true]","time":{"start":1765710342753,"stop":1765710343837,"duration":1084}},{"uid":"df69a9084bc7cc1","reportUrl":"https://jagadeeshshetty.github.io/SeleniumMaven/142/#testresult/df69a9084bc7cc1","status":"failed","statusDetails":"success message not present expected [false] but found [true]","time":{"start":1765707557753,"stop":1765707558745,"duration":992}},{"uid":"1bf4494995295c0a","reportUrl":"https://jagadeeshshetty.github.io/SeleniumMaven/141/#testresult/1bf4494995295c0a","status":"failed","statusDetails":"success message not present expected [false] but found [true]","time":{"start":1765701881596,"stop":1765701882244,"duration":648}},{"uid":"70abc6c395f3151f","reportUrl":"https://jagadeeshshetty.github.io/SeleniumMaven/140/#testresult/70abc6c395f3151f","status":"failed","statusDetails":"success message not present expected [false] but found [true]","time":{"start":1765701455193,"stop":1765701456355,"duration":1162}},{"uid":"58502cb988ba4b76","reportUrl":"https://jagadeeshshetty.github.io/SeleniumMaven/140/#testresult/58502cb988ba4b76","status":"failed","statusDetails":"success message not present expected [false] but found [true]","time":{"start":1765700456623,"stop":1765700457697,"duration":1074}},{"uid":"b331a52c7c762e34","reportUrl":"https://jagadeeshshetty.github.io/SeleniumMaven/139/#testresult/b331a52c7c762e34","status":"failed","statusDetails":"success message not present expected [false] but found [true]","time":{"start":1765699464564,"stop":1765699465394,"duration":830}}]},"tags":[]},"source":"91eccbc9219e2fd7.json","parameterValues":[]}