{"uid":"b908c14768bf2572","name":"testTwoExpectedFailure","fullName":"test.java.tests.theInternet.parallel.TestTwo.testTwoExpectedFailure","historyId":"4efe4554ba541344b9f422311a9a859c","time":{"start":1769111076729,"stop":1769111077207,"duration":478},"description":"Verify the successful login with valid username and password.","descriptionHtml":"<p>Verify the successful login with valid username and password.</p>\n","status":"failed","statusMessage":"success message not present expected [false] but found [true]","statusTrace":"java.lang.AssertionError: success message not present expected [false] but found [true]\n\tat org.testng.Assert.fail(Assert.java:110)\n\tat org.testng.Assert.failNotEquals(Assert.java:1577)\n\tat org.testng.Assert.assertFalse(Assert.java:78)\n\tat test.java.tests.theInternet.parallel.TestTwo.testTwoExpectedFailure(TestTwo.java:77)\n\tat java.base/jdk.internal.reflect.NativeMethodAccessorImpl.invoke0(Native Method)\n\tat java.base/jdk.internal.reflect.NativeMethodAccessorImpl.invoke(NativeMethodAccessorImpl.java:77)\n\tat java.base/jdk.internal.reflect.DelegatingMethodAccessorImpl.invoke(DelegatingMethodAccessorImpl.java:43)\n\tat java.base/java.lang.reflect.Method.invoke(Method.java:569)\n\tat org.testng.internal.invokers.MethodInvocationHelper.invokeMethod(MethodInvocationHelper.java:139)\n\tat org.testng.internal.invokers.TestInvoker.invokeMethod(TestInvoker.java:677)\n\tat org.testng.internal.invokers.TestInvoker.retryFailed(TestInvoker.java:263)\n\tat org.testng.internal.invokers.MethodRunner.runInSequence(MethodRunner.java:62)\n\tat org.testng.internal.invokers.TestInvoker$MethodInvocationAgent.invoke(TestInvoker.java:969)\n\tat org.testng.internal.invokers.TestInvoker.invokeTestMethods(TestInvoker.java:194)\n\tat org.testng.internal.invokers.TestMethodWorker.invokeTestMethods(TestMethodWorker.java:148)\n\tat org.testng.internal.invokers.TestMethodWorker.run(TestMethodWorker.java:128)\n\tat java.base/java.util.concurrent.ThreadPoolExecutor.runWorker(ThreadPoolExecutor.java:1136)\n\tat java.base/java.util.concurrent.ThreadPoolExecutor$Worker.run(ThreadPoolExecutor.java:635)\n\tat java.base/java.lang.Thread.run(Thread.java:840)\n","flaky":false,"newFailed":false,"newBroken":false,"newPassed":false,"retriesCount":2,"retriesStatusChange":true,"beforeStages":[{"name":"setup","time":{"start":1769111076446,"stop":1769111076728,"duration":282},"description":"","status":"passed","steps":[{"name":"Start time: 22 Jan 2026 19:44:36","time":{"start":1769111076446,"stop":1769111076446,"duration":0},"status":"passed","steps":[],"attachments":[],"parameters":[],"stepsCount":0,"shouldDisplayMessage":false,"attachmentsCount":0,"hasContent":false,"attachmentStep":false},{"name":"Running Test on 'Linux' OS.","time":{"start":1769111076447,"stop":1769111076447,"duration":0},"status":"passed","steps":[],"attachments":[],"parameters":[],"stepsCount":0,"shouldDisplayMessage":false,"attachmentsCount":0,"hasContent":false,"attachmentStep":false},{"name":"JVM Version: 17.0.18","time":{"start":1769111076447,"stop":1769111076447,"duration":0},"status":"passed","steps":[],"attachments":[],"parameters":[],"stepsCount":0,"shouldDisplayMessage":false,"attachmentsCount":0,"hasContent":false,"attachmentStep":false},{"name":"Browser: CHROME 143.0.7499.192","time":{"start":1769111076722,"stop":1769111076722,"duration":0},"status":"passed","steps":[],"attachments":[],"parameters":[],"stepsCount":0,"shouldDisplayMessage":false,"attachmentsCount":0,"hasContent":false,"attachmentStep":false},{"name":"Driver instance: ChromeDriver: chrome on linux (ca85f8ed1ce6c2bd10503bf85d9d11ea)","time":{"start":1769111076722,"stop":1769111076722,"duration":0},"status":"passed","steps":[],"attachments":[],"parameters":[],"stepsCount":0,"shouldDisplayMessage":false,"attachmentsCount":0,"hasContent":false,"attachmentStep":false}],"attachments":[],"parameters":[],"stepsCount":5,"shouldDisplayMessage":false,"attachmentsCount":0,"hasContent":true,"attachmentStep":false}],"testStage":{"description":"Verify the successful login with valid username and password.","status":"failed","statusMessage":"success message not present expected [false] but found [true]","statusTrace":"java.lang.AssertionError: success message not present expected [false] but found [true]\n\tat org.testng.Assert.fail(Assert.java:110)\n\tat org.testng.Assert.failNotEquals(Assert.java:1577)\n\tat org.testng.Assert.assertFalse(Assert.java:78)\n\tat test.java.tests.theInternet.parallel.TestTwo.testTwoExpectedFailure(TestTwo.java:77)\n\tat java.base/jdk.internal.reflect.NativeMethodAccessorImpl.invoke0(Native Method)\n\tat java.base/jdk.internal.reflect.NativeMethodAccessorImpl.invoke(NativeMethodAccessorImpl.java:77)\n\tat java.base/jdk.internal.reflect.DelegatingMethodAccessorImpl.invoke(DelegatingMethodAccessorImpl.java:43)\n\tat java.base/java.lang.reflect.Method.invoke(Method.java:569)\n\tat org.testng.internal.invokers.MethodInvocationHelper.invokeMethod(MethodInvocationHelper.java:139)\n\tat org.testng.internal.invokers.TestInvoker.invokeMethod(TestInvoker.java:677)\n\tat org.testng.internal.invokers.TestInvoker.retryFailed(TestInvoker.java:263)\n\tat org.testng.internal.invokers.MethodRunner.runInSequence(MethodRunner.java:62)\n\tat org.testng.internal.invokers.TestInvoker$MethodInvocationAgent.invoke(TestInvoker.java:969)\n\tat org.testng.internal.invokers.TestInvoker.invokeTestMethods(TestInvoker.java:194)\n\tat org.testng.internal.invokers.TestMethodWorker.invokeTestMethods(TestMethodWorker.java:148)\n\tat org.testng.internal.invokers.TestMethodWorker.run(TestMethodWorker.java:128)\n\tat java.base/java.util.concurrent.ThreadPoolExecutor.runWorker(ThreadPoolExecutor.java:1136)\n\tat java.base/java.util.concurrent.ThreadPoolExecutor$Worker.run(ThreadPoolExecutor.java:635)\n\tat java.base/java.lang.Thread.run(Thread.java:840)\n","steps":[{"name":"Access http://the-internet.herokuapp.com/login URL.","time":{"start":1769111076729,"stop":1769111076729,"duration":0},"status":"passed","steps":[],"attachments":[],"parameters":[],"stepsCount":0,"shouldDisplayMessage":false,"attachmentsCount":0,"hasContent":false,"attachmentStep":false},{"name":"Verify login form present or not.","time":{"start":1769111076917,"stop":1769111076917,"duration":0},"status":"passed","steps":[],"attachments":[],"parameters":[],"stepsCount":0,"shouldDisplayMessage":false,"attachmentsCount":0,"hasContent":false,"attachmentStep":false},{"name":"1. Login with valid username and password.","time":{"start":1769111076944,"stop":1769111076944,"duration":0},"status":"passed","steps":[],"attachments":[],"parameters":[],"stepsCount":0,"shouldDisplayMessage":false,"attachmentsCount":0,"hasContent":false,"attachmentStep":false},{"name":"Enter tomsmith username","time":{"start":1769111076944,"stop":1769111076944,"duration":0},"status":"passed","steps":[],"attachments":[],"parameters":[],"stepsCount":0,"shouldDisplayMessage":false,"attachmentsCount":0,"hasContent":false,"attachmentStep":false},{"name":"Enter SuperSecretPassword! password","time":{"start":1769111077000,"stop":1769111077000,"duration":0},"status":"passed","steps":[],"attachments":[],"parameters":[],"stepsCount":0,"shouldDisplayMessage":false,"attachmentsCount":0,"hasContent":false,"attachmentStep":false},{"name":"Click on Submit button","time":{"start":1769111077050,"stop":1769111077050,"duration":0},"status":"passed","steps":[],"attachments":[],"parameters":[],"stepsCount":0,"shouldDisplayMessage":false,"attachmentsCount":0,"hasContent":false,"attachmentStep":false},{"name":"2. Verify success message present","time":{"start":1769111077114,"stop":1769111077114,"duration":0},"status":"passed","steps":[],"attachments":[],"parameters":[],"stepsCount":0,"shouldDisplayMessage":false,"attachmentsCount":0,"hasContent":false,"attachmentStep":false},{"name":"Verify success message present or not.","time":{"start":1769111077114,"stop":1769111077114,"duration":0},"status":"passed","steps":[],"attachments":[],"parameters":[],"stepsCount":0,"shouldDisplayMessage":false,"attachmentsCount":0,"hasContent":false,"attachmentStep":false}],"attachments":[],"parameters":[],"stepsCount":8,"shouldDisplayMessage":true,"attachmentsCount":0,"hasContent":true,"attachmentStep":false},"afterStages":[{"name":"teardown","time":{"start":1769111077267,"stop":1769111077338,"duration":71},"description":"","status":"passed","steps":[{"name":"Cleaning up driver instance: ChromeDriver: chrome on linux (ca85f8ed1ce6c2bd10503bf85d9d11ea)","time":{"start":1769111077267,"stop":1769111077267,"duration":0},"status":"passed","steps":[],"attachments":[],"parameters":[],"stepsCount":0,"shouldDisplayMessage":false,"attachmentsCount":0,"hasContent":false,"attachmentStep":false},{"name":"Complete time: 22 Jan 2026 19:44:37","time":{"start":1769111077338,"stop":1769111077338,"duration":0},"status":"passed","steps":[],"attachments":[],"parameters":[],"stepsCount":0,"shouldDisplayMessage":false,"attachmentsCount":0,"hasContent":false,"attachmentStep":false}],"attachments":[],"parameters":[],"stepsCount":2,"shouldDisplayMessage":false,"attachmentsCount":0,"hasContent":true,"attachmentStep":false}],"labels":[{"name":"package","value":"test.java.tests.theInternet.parallel.TestTwo"},{"name":"testClass","value":"test.java.tests.theInternet.parallel.TestTwo"},{"name":"testMethod","value":"testTwoExpectedFailure"},{"name":"parentSuite","value":"Suite - Parallel Execution"},{"name":"suite","value":"Test Parallel Execution"},{"name":"subSuite","value":"test.java.tests.theInternet.parallel.TestTwo"},{"name":"host","value":"runnervmmtnos"},{"name":"thread","value":"2694@runnervmmtnos.TestNG-test=Test Parallel Execution-8(153)"},{"name":"framework","value":"testng"},{"name":"language","value":"java"},{"name":"severity","value":"blocker"},{"name":"resultFormat","value":"allure2"}],"parameters":[],"links":[],"hidden":false,"retry":false,"extra":{"severity":"blocker","retries":[{"uid":"2b70cfd830a95528","status":"skipped","statusDetails":"success message not present expected [false] but found [true]","time":{"start":1769111075833,"stop":1769111076373,"duration":540}},{"uid":"da4c3923c60cc310","status":"skipped","statusDetails":"success message not present expected [false] but found [true]","time":{"start":1769111074622,"stop":1769111075463,"duration":841}}],"categories":[{"name":"Product defects","matchedStatuses":[],"flaky":false}],"history":{"statistic":{"failed":87,"broken":1,"skipped":4,"passed":3,"unknown":0,"total":95},"items":[{"uid":"9dfb9ef179fc46eb","reportUrl":"https://jagadeeshshetty.github.io/SeleniumMaven/185/#testresult/9dfb9ef179fc46eb","status":"failed","statusDetails":"success message not present expected [false] but found [true]","time":{"start":1769024956435,"stop":1769024957665,"duration":1230}},{"uid":"904837a1d4dde4c2","reportUrl":"https://jagadeeshshetty.github.io/SeleniumMaven/184/#testresult/904837a1d4dde4c2","status":"failed","statusDetails":"success message not present expected [false] but found [true]","time":{"start":1768941150696,"stop":1768941151813,"duration":1117}},{"uid":"37f9d566caeeddba","reportUrl":"https://jagadeeshshetty.github.io/SeleniumMaven/183/#testresult/37f9d566caeeddba","status":"failed","statusDetails":"success message not present expected [false] but found [true]","time":{"start":1768851668792,"stop":1768851669458,"duration":666}},{"uid":"d276584dc7cdc269","reportUrl":"https://jagadeeshshetty.github.io/SeleniumMaven/182/#testresult/d276584dc7cdc269","status":"failed","statusDetails":"success message not present expected [false] but found [true]","time":{"start":1768764986882,"stop":1768764987511,"duration":629}},{"uid":"f4012ba588d78e35","reportUrl":"https://jagadeeshshetty.github.io/SeleniumMaven/181/#testresult/f4012ba588d78e35","status":"failed","statusDetails":"success message not present expected [false] but found [true]","time":{"start":1768678574915,"stop":1768678575781,"duration":866}},{"uid":"828e17c1fcacb675","reportUrl":"https://jagadeeshshetty.github.io/SeleniumMaven/180/#testresult/828e17c1fcacb675","status":"failed","statusDetails":"success message not present expected [false] but found [true]","time":{"start":1768592382484,"stop":1768592383828,"duration":1344}},{"uid":"b1e137789ff7c046","reportUrl":"https://jagadeeshshetty.github.io/SeleniumMaven/179/#testresult/b1e137789ff7c046","status":"failed","statusDetails":"success message not present expected [false] but found [true]","time":{"start":1768506486514,"stop":1768506487378,"duration":864}},{"uid":"13d699b40542cc51","reportUrl":"https://jagadeeshshetty.github.io/SeleniumMaven/178/#testresult/13d699b40542cc51","status":"failed","statusDetails":"success message not present expected [false] but found [true]","time":{"start":1768419591064,"stop":1768419591758,"duration":694}},{"uid":"dc3896a7160980e3","reportUrl":"https://jagadeeshshetty.github.io/SeleniumMaven/177/#testresult/dc3896a7160980e3","status":"failed","statusDetails":"success message not present expected [false] but found [true]","time":{"start":1768333147177,"stop":1768333147815,"duration":638}},{"uid":"a7a10051d572eefd","reportUrl":"https://jagadeeshshetty.github.io/SeleniumMaven/176/#testresult/a7a10051d572eefd","status":"failed","statusDetails":"success message not present expected [false] but found [true]","time":{"start":1768246835056,"stop":1768246835892,"duration":836}},{"uid":"57e06ccba07ac8e8","reportUrl":"https://jagadeeshshetty.github.io/SeleniumMaven/175/#testresult/57e06ccba07ac8e8","status":"failed","statusDetails":"success message not present expected [false] but found [true]","time":{"start":1768160208177,"stop":1768160209397,"duration":1220}},{"uid":"7746b6cfdb154976","reportUrl":"https://jagadeeshshetty.github.io/SeleniumMaven/174/#testresult/7746b6cfdb154976","status":"failed","statusDetails":"success message not present expected [false] but found [true]","time":{"start":1768073817785,"stop":1768073818492,"duration":707}},{"uid":"362f086e1a6670d2","reportUrl":"https://jagadeeshshetty.github.io/SeleniumMaven/173/#testresult/362f086e1a6670d2","status":"failed","statusDetails":"success message not present expected [false] but found [true]","time":{"start":1767987587826,"stop":1767987588474,"duration":648}},{"uid":"8b5d58493bb6d149","reportUrl":"https://jagadeeshshetty.github.io/SeleniumMaven/172/#testresult/8b5d58493bb6d149","status":"failed","statusDetails":"success message not present expected [false] but found [true]","time":{"start":1767901391481,"stop":1767901392840,"duration":1359}},{"uid":"6fb3e786d9e808c1","reportUrl":"https://jagadeeshshetty.github.io/SeleniumMaven/171/#testresult/6fb3e786d9e808c1","status":"failed","statusDetails":"success message not present expected [false] but found [true]","time":{"start":1767814827143,"stop":1767814827553,"duration":410}},{"uid":"158ddcd11103d74","reportUrl":"https://jagadeeshshetty.github.io/SeleniumMaven/170/#testresult/158ddcd11103d74","status":"failed","statusDetails":"success message not present expected [false] but found [true]","time":{"start":1767728328724,"stop":1767728329140,"duration":416}},{"uid":"89bf22e4c18471ec","reportUrl":"https://jagadeeshshetty.github.io/SeleniumMaven/169/#testresult/89bf22e4c18471ec","status":"failed","statusDetails":"success message not present expected [false] but found [true]","time":{"start":1767642036289,"stop":1767642037167,"duration":878}},{"uid":"b52d121b36875ef6","reportUrl":"https://jagadeeshshetty.github.io/SeleniumMaven/168/#testresult/b52d121b36875ef6","status":"failed","statusDetails":"success message not present expected [false] but found [true]","time":{"start":1767555386868,"stop":1767555387524,"duration":656}},{"uid":"e9700eab32efc936","reportUrl":"https://jagadeeshshetty.github.io/SeleniumMaven/167/#testresult/e9700eab32efc936","status":"failed","statusDetails":"success message not present expected [false] but found [true]","time":{"start":1767468981368,"stop":1767468982807,"duration":1439}},{"uid":"7773d0d15893c777","reportUrl":"https://jagadeeshshetty.github.io/SeleniumMaven/166/#testresult/7773d0d15893c777","status":"failed","statusDetails":"success message not present expected [false] but found [true]","time":{"start":1767382781207,"stop":1767382782781,"duration":1574}}]},"tags":[]},"source":"b908c14768bf2572.json","parameterValues":[]}