{"uid":"f251ce89095ac833","name":"testThreeExpectedFailure","fullName":"test.java.tests.theInternet.parallel.TestThree.testThreeExpectedFailure","historyId":"cad436207142227918581ae7912911d3","time":{"start":1769111080893,"stop":1769111081365,"duration":472},"description":"Verify the successful login with valid username and password.","descriptionHtml":"<p>Verify the successful login with valid username and password.</p>\n","status":"failed","statusMessage":"success message not present expected [false] but found [true]","statusTrace":"java.lang.AssertionError: success message not present expected [false] but found [true]\n\tat org.testng.Assert.fail(Assert.java:110)\n\tat org.testng.Assert.failNotEquals(Assert.java:1577)\n\tat org.testng.Assert.assertFalse(Assert.java:78)\n\tat test.java.tests.theInternet.parallel.TestThree.testThreeExpectedFailure(TestThree.java:77)\n\tat java.base/jdk.internal.reflect.NativeMethodAccessorImpl.invoke0(Native Method)\n\tat java.base/jdk.internal.reflect.NativeMethodAccessorImpl.invoke(NativeMethodAccessorImpl.java:77)\n\tat java.base/jdk.internal.reflect.DelegatingMethodAccessorImpl.invoke(DelegatingMethodAccessorImpl.java:43)\n\tat java.base/java.lang.reflect.Method.invoke(Method.java:569)\n\tat org.testng.internal.invokers.MethodInvocationHelper.invokeMethod(MethodInvocationHelper.java:139)\n\tat org.testng.internal.invokers.TestInvoker.invokeMethod(TestInvoker.java:677)\n\tat org.testng.internal.invokers.TestInvoker.retryFailed(TestInvoker.java:263)\n\tat org.testng.internal.invokers.MethodRunner.runInSequence(MethodRunner.java:62)\n\tat org.testng.internal.invokers.TestInvoker$MethodInvocationAgent.invoke(TestInvoker.java:969)\n\tat org.testng.internal.invokers.TestInvoker.invokeTestMethods(TestInvoker.java:194)\n\tat org.testng.internal.invokers.TestMethodWorker.invokeTestMethods(TestMethodWorker.java:148)\n\tat org.testng.internal.invokers.TestMethodWorker.run(TestMethodWorker.java:128)\n\tat java.base/java.util.concurrent.ThreadPoolExecutor.runWorker(ThreadPoolExecutor.java:1136)\n\tat java.base/java.util.concurrent.ThreadPoolExecutor$Worker.run(ThreadPoolExecutor.java:635)\n\tat java.base/java.lang.Thread.run(Thread.java:840)\n","flaky":true,"newFailed":true,"newBroken":false,"newPassed":false,"retriesCount":2,"retriesStatusChange":true,"beforeStages":[{"name":"setup","time":{"start":1769111080613,"stop":1769111080892,"duration":279},"description":"","status":"passed","steps":[{"name":"Start time: 22 Jan 2026 19:44:40","time":{"start":1769111080613,"stop":1769111080613,"duration":0},"status":"passed","steps":[],"attachments":[],"parameters":[],"stepsCount":0,"shouldDisplayMessage":false,"attachmentsCount":0,"hasContent":false,"attachmentStep":false},{"name":"Running Test on 'Linux' OS.","time":{"start":1769111080613,"stop":1769111080613,"duration":0},"status":"passed","steps":[],"attachments":[],"parameters":[],"stepsCount":0,"shouldDisplayMessage":false,"attachmentsCount":0,"hasContent":false,"attachmentStep":false},{"name":"JVM Version: 17.0.18","time":{"start":1769111080613,"stop":1769111080613,"duration":0},"status":"passed","steps":[],"attachments":[],"parameters":[],"stepsCount":0,"shouldDisplayMessage":false,"attachmentsCount":0,"hasContent":false,"attachmentStep":false},{"name":"Browser: CHROME 143.0.7499.192","time":{"start":1769111080889,"stop":1769111080889,"duration":0},"status":"passed","steps":[],"attachments":[],"parameters":[],"stepsCount":0,"shouldDisplayMessage":false,"attachmentsCount":0,"hasContent":false,"attachmentStep":false},{"name":"Driver instance: ChromeDriver: chrome on linux (dfc75d8cf461825d411470a6fe7b709b)","time":{"start":1769111080889,"stop":1769111080889,"duration":0},"status":"passed","steps":[],"attachments":[],"parameters":[],"stepsCount":0,"shouldDisplayMessage":false,"attachmentsCount":0,"hasContent":false,"attachmentStep":false}],"attachments":[],"parameters":[],"stepsCount":5,"shouldDisplayMessage":false,"attachmentsCount":0,"hasContent":true,"attachmentStep":false}],"testStage":{"description":"Verify the successful login with valid username and password.","status":"failed","statusMessage":"success message not present expected [false] but found [true]","statusTrace":"java.lang.AssertionError: success message not present expected [false] but found [true]\n\tat org.testng.Assert.fail(Assert.java:110)\n\tat org.testng.Assert.failNotEquals(Assert.java:1577)\n\tat org.testng.Assert.assertFalse(Assert.java:78)\n\tat test.java.tests.theInternet.parallel.TestThree.testThreeExpectedFailure(TestThree.java:77)\n\tat java.base/jdk.internal.reflect.NativeMethodAccessorImpl.invoke0(Native Method)\n\tat java.base/jdk.internal.reflect.NativeMethodAccessorImpl.invoke(NativeMethodAccessorImpl.java:77)\n\tat java.base/jdk.internal.reflect.DelegatingMethodAccessorImpl.invoke(DelegatingMethodAccessorImpl.java:43)\n\tat java.base/java.lang.reflect.Method.invoke(Method.java:569)\n\tat org.testng.internal.invokers.MethodInvocationHelper.invokeMethod(MethodInvocationHelper.java:139)\n\tat org.testng.internal.invokers.TestInvoker.invokeMethod(TestInvoker.java:677)\n\tat org.testng.internal.invokers.TestInvoker.retryFailed(TestInvoker.java:263)\n\tat org.testng.internal.invokers.MethodRunner.runInSequence(MethodRunner.java:62)\n\tat org.testng.internal.invokers.TestInvoker$MethodInvocationAgent.invoke(TestInvoker.java:969)\n\tat org.testng.internal.invokers.TestInvoker.invokeTestMethods(TestInvoker.java:194)\n\tat org.testng.internal.invokers.TestMethodWorker.invokeTestMethods(TestMethodWorker.java:148)\n\tat org.testng.internal.invokers.TestMethodWorker.run(TestMethodWorker.java:128)\n\tat java.base/java.util.concurrent.ThreadPoolExecutor.runWorker(ThreadPoolExecutor.java:1136)\n\tat java.base/java.util.concurrent.ThreadPoolExecutor$Worker.run(ThreadPoolExecutor.java:635)\n\tat java.base/java.lang.Thread.run(Thread.java:840)\n","steps":[{"name":"Access http://the-internet.herokuapp.com/login URL.","time":{"start":1769111080894,"stop":1769111080894,"duration":0},"status":"passed","steps":[],"attachments":[],"parameters":[],"stepsCount":0,"shouldDisplayMessage":false,"attachmentsCount":0,"hasContent":false,"attachmentStep":false},{"name":"Verify login form present or not.","time":{"start":1769111081085,"stop":1769111081085,"duration":0},"status":"passed","steps":[],"attachments":[],"parameters":[],"stepsCount":0,"shouldDisplayMessage":false,"attachmentsCount":0,"hasContent":false,"attachmentStep":false},{"name":"1. Login with valid username and password.","time":{"start":1769111081110,"stop":1769111081110,"duration":0},"status":"passed","steps":[],"attachments":[],"parameters":[],"stepsCount":0,"shouldDisplayMessage":false,"attachmentsCount":0,"hasContent":false,"attachmentStep":false},{"name":"Enter tomsmith username","time":{"start":1769111081110,"stop":1769111081110,"duration":0},"status":"passed","steps":[],"attachments":[],"parameters":[],"stepsCount":0,"shouldDisplayMessage":false,"attachmentsCount":0,"hasContent":false,"attachmentStep":false},{"name":"Enter SuperSecretPassword! password","time":{"start":1769111081167,"stop":1769111081167,"duration":0},"status":"passed","steps":[],"attachments":[],"parameters":[],"stepsCount":0,"shouldDisplayMessage":false,"attachmentsCount":0,"hasContent":false,"attachmentStep":false},{"name":"Click on Submit button","time":{"start":1769111081217,"stop":1769111081217,"duration":0},"status":"passed","steps":[],"attachments":[],"parameters":[],"stepsCount":0,"shouldDisplayMessage":false,"attachmentsCount":0,"hasContent":false,"attachmentStep":false},{"name":"2. Verify success message present","time":{"start":1769111081277,"stop":1769111081277,"duration":0},"status":"passed","steps":[],"attachments":[],"parameters":[],"stepsCount":0,"shouldDisplayMessage":false,"attachmentsCount":0,"hasContent":false,"attachmentStep":false},{"name":"Verify success message present or not.","time":{"start":1769111081277,"stop":1769111081277,"duration":0},"status":"passed","steps":[],"attachments":[],"parameters":[],"stepsCount":0,"shouldDisplayMessage":false,"attachmentsCount":0,"hasContent":false,"attachmentStep":false}],"attachments":[],"parameters":[],"stepsCount":8,"shouldDisplayMessage":true,"attachmentsCount":0,"hasContent":true,"attachmentStep":false},"afterStages":[{"name":"teardown","time":{"start":1769111081433,"stop":1769111081503,"duration":70},"description":"","status":"passed","steps":[{"name":"Cleaning up driver instance: ChromeDriver: chrome on linux (dfc75d8cf461825d411470a6fe7b709b)","time":{"start":1769111081433,"stop":1769111081433,"duration":0},"status":"passed","steps":[],"attachments":[],"parameters":[],"stepsCount":0,"shouldDisplayMessage":false,"attachmentsCount":0,"hasContent":false,"attachmentStep":false},{"name":"Complete time: 22 Jan 2026 19:44:41","time":{"start":1769111081503,"stop":1769111081503,"duration":0},"status":"passed","steps":[],"attachments":[],"parameters":[],"stepsCount":0,"shouldDisplayMessage":false,"attachmentsCount":0,"hasContent":false,"attachmentStep":false}],"attachments":[],"parameters":[],"stepsCount":2,"shouldDisplayMessage":false,"attachmentsCount":0,"hasContent":true,"attachmentStep":false}],"labels":[{"name":"package","value":"test.java.tests.theInternet.parallel.TestThree"},{"name":"testClass","value":"test.java.tests.theInternet.parallel.TestThree"},{"name":"testMethod","value":"testThreeExpectedFailure"},{"name":"parentSuite","value":"Suite - Parallel Execution"},{"name":"suite","value":"Test Parallel Execution"},{"name":"subSuite","value":"test.java.tests.theInternet.parallel.TestThree"},{"name":"host","value":"runnervmmtnos"},{"name":"thread","value":"2694@runnervmmtnos.TestNG-test=Test Parallel Execution-12(243)"},{"name":"framework","value":"testng"},{"name":"language","value":"java"},{"name":"severity","value":"blocker"},{"name":"resultFormat","value":"allure2"}],"parameters":[],"links":[],"hidden":false,"retry":false,"extra":{"severity":"blocker","retries":[{"uid":"d4b6e197ff963860","status":"skipped","statusDetails":"success message not present expected [false] but found [true]","time":{"start":1769111080053,"stop":1769111080540,"duration":487}},{"uid":"e4bf6cca7990996a","status":"skipped","statusDetails":"success message not present expected [false] but found [true]","time":{"start":1769111078098,"stop":1769111079085,"duration":987}}],"categories":[{"name":"Product defects","matchedStatuses":[],"flaky":false}],"history":{"statistic":{"failed":87,"broken":0,"skipped":2,"passed":6,"unknown":0,"total":95},"items":[{"uid":"3604b78e6b631482","reportUrl":"https://jagadeeshshetty.github.io/SeleniumMaven/185/#testresult/3604b78e6b631482","status":"passed","time":{"start":1769024958543,"stop":1769025104043,"duration":145500}},{"uid":"a2a58ccfd81b665f","reportUrl":"https://jagadeeshshetty.github.io/SeleniumMaven/184/#testresult/a2a58ccfd81b665f","status":"passed","time":{"start":1768941153368,"stop":1768941202692,"duration":49324}},{"uid":"2b518cae68b313cb","reportUrl":"https://jagadeeshshetty.github.io/SeleniumMaven/183/#testresult/2b518cae68b313cb","status":"failed","statusDetails":"success message not present expected [false] but found [true]","time":{"start":1768851672754,"stop":1768851673369,"duration":615}},{"uid":"ae8525d1ff87ba07","reportUrl":"https://jagadeeshshetty.github.io/SeleniumMaven/182/#testresult/ae8525d1ff87ba07","status":"failed","statusDetails":"success message not present expected [false] but found [true]","time":{"start":1768764990698,"stop":1768764991334,"duration":636}},{"uid":"1b6bf8bc3c0775ed","reportUrl":"https://jagadeeshshetty.github.io/SeleniumMaven/181/#testresult/1b6bf8bc3c0775ed","status":"failed","statusDetails":"success message not present expected [false] but found [true]","time":{"start":1768678579350,"stop":1768678580306,"duration":956}},{"uid":"9e9c2d4ae9dcf52c","reportUrl":"https://jagadeeshshetty.github.io/SeleniumMaven/180/#testresult/9e9c2d4ae9dcf52c","status":"failed","statusDetails":"success message not present expected [false] but found [true]","time":{"start":1768592388338,"stop":1768592389725,"duration":1387}},{"uid":"9e7f58ada2a68a44","reportUrl":"https://jagadeeshshetty.github.io/SeleniumMaven/179/#testresult/9e7f58ada2a68a44","status":"failed","statusDetails":"success message not present expected [false] but found [true]","time":{"start":1768506490959,"stop":1768506491823,"duration":864}},{"uid":"9fd4696b40a24f4","reportUrl":"https://jagadeeshshetty.github.io/SeleniumMaven/178/#testresult/9fd4696b40a24f4","status":"failed","statusDetails":"success message not present expected [false] but found [true]","time":{"start":1768419595410,"stop":1768419596092,"duration":682}},{"uid":"1ce31b7504bd85ae","reportUrl":"https://jagadeeshshetty.github.io/SeleniumMaven/177/#testresult/1ce31b7504bd85ae","status":"failed","statusDetails":"success message not present expected [false] but found [true]","time":{"start":1768333390866,"stop":1768333391513,"duration":647}},{"uid":"b43dd99673cb486f","reportUrl":"https://jagadeeshshetty.github.io/SeleniumMaven/176/#testresult/b43dd99673cb486f","status":"failed","statusDetails":"success message not present expected [false] but found [true]","time":{"start":1768246839353,"stop":1768246840261,"duration":908}},{"uid":"fc177cdac3b4c467","reportUrl":"https://jagadeeshshetty.github.io/SeleniumMaven/175/#testresult/fc177cdac3b4c467","status":"failed","statusDetails":"success message not present expected [false] but found [true]","time":{"start":1768160213686,"stop":1768160214920,"duration":1234}},{"uid":"6765344ddfd191a7","reportUrl":"https://jagadeeshshetty.github.io/SeleniumMaven/174/#testresult/6765344ddfd191a7","status":"failed","statusDetails":"success message not present expected [false] but found [true]","time":{"start":1768073821929,"stop":1768073822613,"duration":684}},{"uid":"8c8fc7858f37732e","reportUrl":"https://jagadeeshshetty.github.io/SeleniumMaven/173/#testresult/8c8fc7858f37732e","status":"failed","statusDetails":"success message not present expected [false] but found [true]","time":{"start":1767987591850,"stop":1767987592943,"duration":1093}},{"uid":"1baaca89029f81a9","reportUrl":"https://jagadeeshshetty.github.io/SeleniumMaven/172/#testresult/1baaca89029f81a9","status":"failed","statusDetails":"success message not present expected [false] but found [true]","time":{"start":1767901397516,"stop":1767901398873,"duration":1357}},{"uid":"1cdade1aad02b293","reportUrl":"https://jagadeeshshetty.github.io/SeleniumMaven/171/#testresult/1cdade1aad02b293","status":"failed","statusDetails":"success message not present expected [false] but found [true]","time":{"start":1767814830788,"stop":1767814831254,"duration":466}},{"uid":"c0942faae760b784","reportUrl":"https://jagadeeshshetty.github.io/SeleniumMaven/170/#testresult/c0942faae760b784","status":"failed","statusDetails":"success message not present expected [false] but found [true]","time":{"start":1767728331936,"stop":1767728332402,"duration":466}},{"uid":"d4ea07d2a2fc645b","reportUrl":"https://jagadeeshshetty.github.io/SeleniumMaven/169/#testresult/d4ea07d2a2fc645b","status":"failed","statusDetails":"success message not present expected [false] but found [true]","time":{"start":1767642071853,"stop":1767642072752,"duration":899}},{"uid":"5c8c96925196040d","reportUrl":"https://jagadeeshshetty.github.io/SeleniumMaven/168/#testresult/5c8c96925196040d","status":"failed","statusDetails":"success message not present expected [false] but found [true]","time":{"start":1767555390757,"stop":1767555391423,"duration":666}},{"uid":"c9a76a515254a818","reportUrl":"https://jagadeeshshetty.github.io/SeleniumMaven/167/#testresult/c9a76a515254a818","status":"failed","statusDetails":"success message not present expected [false] but found [true]","time":{"start":1767469083292,"stop":1767469084698,"duration":1406}},{"uid":"f6240215805afd10","reportUrl":"https://jagadeeshshetty.github.io/SeleniumMaven/166/#testresult/f6240215805afd10","status":"failed","statusDetails":"success message not present expected [false] but found [true]","time":{"start":1767383028225,"stop":1767383029613,"duration":1388}}]},"tags":[]},"source":"f251ce89095ac833.json","parameterValues":[]}