{"uid":"7b99e53409e1e1fe","name":"testOneExpectedFailure","fullName":"test.java.tests.theInternet.parallel.TestOne.testOneExpectedFailure","historyId":"ab6883056220de6a4dfa4936aa12b217","time":{"start":1765913943916,"stop":1765913945405,"duration":1489},"description":"Verify the successful login with valid username and password.","descriptionHtml":"<p>Verify the successful login with valid username and password.</p>\n","status":"failed","statusMessage":"success message not present expected [false] but found [true]","statusTrace":"java.lang.AssertionError: success message not present expected [false] but found [true]\n\tat org.testng.Assert.fail(Assert.java:110)\n\tat org.testng.Assert.failNotEquals(Assert.java:1577)\n\tat org.testng.Assert.assertFalse(Assert.java:78)\n\tat test.java.tests.theInternet.parallel.TestOne.testOneExpectedFailure(TestOne.java:77)\n\tat java.base/jdk.internal.reflect.NativeMethodAccessorImpl.invoke0(Native Method)\n\tat java.base/jdk.internal.reflect.NativeMethodAccessorImpl.invoke(NativeMethodAccessorImpl.java:77)\n\tat java.base/jdk.internal.reflect.DelegatingMethodAccessorImpl.invoke(DelegatingMethodAccessorImpl.java:43)\n\tat java.base/java.lang.reflect.Method.invoke(Method.java:569)\n\tat org.testng.internal.invokers.MethodInvocationHelper.invokeMethod(MethodInvocationHelper.java:139)\n\tat org.testng.internal.invokers.TestInvoker.invokeMethod(TestInvoker.java:677)\n\tat org.testng.internal.invokers.TestInvoker.retryFailed(TestInvoker.java:263)\n\tat org.testng.internal.invokers.MethodRunner.runInSequence(MethodRunner.java:62)\n\tat org.testng.internal.invokers.TestInvoker$MethodInvocationAgent.invoke(TestInvoker.java:969)\n\tat org.testng.internal.invokers.TestInvoker.invokeTestMethods(TestInvoker.java:194)\n\tat org.testng.internal.invokers.TestMethodWorker.invokeTestMethods(TestMethodWorker.java:148)\n\tat org.testng.internal.invokers.TestMethodWorker.run(TestMethodWorker.java:128)\n\tat java.base/java.util.concurrent.ThreadPoolExecutor.runWorker(ThreadPoolExecutor.java:1136)\n\tat java.base/java.util.concurrent.ThreadPoolExecutor$Worker.run(ThreadPoolExecutor.java:635)\n\tat java.base/java.lang.Thread.run(Thread.java:840)\n","flaky":false,"newFailed":false,"newBroken":false,"newPassed":false,"retriesCount":2,"retriesStatusChange":true,"beforeStages":[{"name":"setup","time":{"start":1765913943616,"stop":1765913943914,"duration":298},"description":"","status":"passed","steps":[{"name":"Start time: 16 Dec 2025 19:39:03","time":{"start":1765913943616,"stop":1765913943616,"duration":0},"status":"passed","steps":[],"attachments":[],"parameters":[],"stepsCount":0,"shouldDisplayMessage":false,"attachmentsCount":0,"hasContent":false,"attachmentStep":false},{"name":"Running Test on 'Linux' OS.","time":{"start":1765913943616,"stop":1765913943616,"duration":0},"status":"passed","steps":[],"attachments":[],"parameters":[],"stepsCount":0,"shouldDisplayMessage":false,"attachmentsCount":0,"hasContent":false,"attachmentStep":false},{"name":"JVM Version: 17.0.17","time":{"start":1765913943616,"stop":1765913943616,"duration":0},"status":"passed","steps":[],"attachments":[],"parameters":[],"stepsCount":0,"shouldDisplayMessage":false,"attachmentsCount":0,"hasContent":false,"attachmentStep":false},{"name":"Browser: CHROME 143.0.7499.40","time":{"start":1765913943909,"stop":1765913943909,"duration":0},"status":"passed","steps":[],"attachments":[],"parameters":[],"stepsCount":0,"shouldDisplayMessage":false,"attachmentsCount":0,"hasContent":false,"attachmentStep":false},{"name":"Driver instance: ChromeDriver: chrome on linux (e7761aa1cda0e7b5092f3094da5e9b63)","time":{"start":1765913943909,"stop":1765913943909,"duration":0},"status":"passed","steps":[],"attachments":[],"parameters":[],"stepsCount":0,"shouldDisplayMessage":false,"attachmentsCount":0,"hasContent":false,"attachmentStep":false}],"attachments":[],"parameters":[],"stepsCount":5,"shouldDisplayMessage":false,"attachmentsCount":0,"hasContent":true,"attachmentStep":false}],"testStage":{"description":"Verify the successful login with valid username and password.","status":"failed","statusMessage":"success message not present expected [false] but found [true]","statusTrace":"java.lang.AssertionError: success message not present expected [false] but found [true]\n\tat org.testng.Assert.fail(Assert.java:110)\n\tat org.testng.Assert.failNotEquals(Assert.java:1577)\n\tat org.testng.Assert.assertFalse(Assert.java:78)\n\tat test.java.tests.theInternet.parallel.TestOne.testOneExpectedFailure(TestOne.java:77)\n\tat java.base/jdk.internal.reflect.NativeMethodAccessorImpl.invoke0(Native Method)\n\tat java.base/jdk.internal.reflect.NativeMethodAccessorImpl.invoke(NativeMethodAccessorImpl.java:77)\n\tat java.base/jdk.internal.reflect.DelegatingMethodAccessorImpl.invoke(DelegatingMethodAccessorImpl.java:43)\n\tat java.base/java.lang.reflect.Method.invoke(Method.java:569)\n\tat org.testng.internal.invokers.MethodInvocationHelper.invokeMethod(MethodInvocationHelper.java:139)\n\tat org.testng.internal.invokers.TestInvoker.invokeMethod(TestInvoker.java:677)\n\tat org.testng.internal.invokers.TestInvoker.retryFailed(TestInvoker.java:263)\n\tat org.testng.internal.invokers.MethodRunner.runInSequence(MethodRunner.java:62)\n\tat org.testng.internal.invokers.TestInvoker$MethodInvocationAgent.invoke(TestInvoker.java:969)\n\tat org.testng.internal.invokers.TestInvoker.invokeTestMethods(TestInvoker.java:194)\n\tat org.testng.internal.invokers.TestMethodWorker.invokeTestMethods(TestMethodWorker.java:148)\n\tat org.testng.internal.invokers.TestMethodWorker.run(TestMethodWorker.java:128)\n\tat java.base/java.util.concurrent.ThreadPoolExecutor.runWorker(ThreadPoolExecutor.java:1136)\n\tat java.base/java.util.concurrent.ThreadPoolExecutor$Worker.run(ThreadPoolExecutor.java:635)\n\tat java.base/java.lang.Thread.run(Thread.java:840)\n","steps":[{"name":"Access http://the-internet.herokuapp.com/login URL.","time":{"start":1765913943916,"stop":1765913943916,"duration":0},"status":"passed","steps":[],"attachments":[],"parameters":[],"stepsCount":0,"shouldDisplayMessage":false,"attachmentsCount":0,"hasContent":false,"attachmentStep":false},{"name":"Verify login form present or not.","time":{"start":1765913944953,"stop":1765913944954,"duration":1},"status":"passed","steps":[],"attachments":[],"parameters":[],"stepsCount":0,"shouldDisplayMessage":false,"attachmentsCount":0,"hasContent":false,"attachmentStep":false},{"name":"1. Login with valid username and password.","time":{"start":1765913944985,"stop":1765913944985,"duration":0},"status":"passed","steps":[],"attachments":[],"parameters":[],"stepsCount":0,"shouldDisplayMessage":false,"attachmentsCount":0,"hasContent":false,"attachmentStep":false},{"name":"Enter tomsmith username","time":{"start":1765913944985,"stop":1765913944985,"duration":0},"status":"passed","steps":[],"attachments":[],"parameters":[],"stepsCount":0,"shouldDisplayMessage":false,"attachmentsCount":0,"hasContent":false,"attachmentStep":false},{"name":"Enter SuperSecretPassword! password","time":{"start":1765913945049,"stop":1765913945049,"duration":0},"status":"passed","steps":[],"attachments":[],"parameters":[],"stepsCount":0,"shouldDisplayMessage":false,"attachmentsCount":0,"hasContent":false,"attachmentStep":false},{"name":"Click on Submit button","time":{"start":1765913945107,"stop":1765913945107,"duration":0},"status":"passed","steps":[],"attachments":[],"parameters":[],"stepsCount":0,"shouldDisplayMessage":false,"attachmentsCount":0,"hasContent":false,"attachmentStep":false},{"name":"2. Verify success message present","time":{"start":1765913945177,"stop":1765913945177,"duration":0},"status":"passed","steps":[],"attachments":[],"parameters":[],"stepsCount":0,"shouldDisplayMessage":false,"attachmentsCount":0,"hasContent":false,"attachmentStep":false},{"name":"Verify success message present or not.","time":{"start":1765913945177,"stop":1765913945178,"duration":1},"status":"passed","steps":[],"attachments":[],"parameters":[],"stepsCount":0,"shouldDisplayMessage":false,"attachmentsCount":0,"hasContent":false,"attachmentStep":false}],"attachments":[],"parameters":[],"stepsCount":8,"shouldDisplayMessage":true,"attachmentsCount":0,"hasContent":true,"attachmentStep":false},"afterStages":[{"name":"teardown","time":{"start":1765913945511,"stop":1765913945589,"duration":78},"description":"","status":"passed","steps":[{"name":"Cleaning up driver instance: ChromeDriver: chrome on linux (e7761aa1cda0e7b5092f3094da5e9b63)","time":{"start":1765913945511,"stop":1765913945511,"duration":0},"status":"passed","steps":[],"attachments":[],"parameters":[],"stepsCount":0,"shouldDisplayMessage":false,"attachmentsCount":0,"hasContent":false,"attachmentStep":false},{"name":"Complete time: 16 Dec 2025 19:39:05","time":{"start":1765913945589,"stop":1765913945589,"duration":0},"status":"passed","steps":[],"attachments":[],"parameters":[],"stepsCount":0,"shouldDisplayMessage":false,"attachmentsCount":0,"hasContent":false,"attachmentStep":false}],"attachments":[],"parameters":[],"stepsCount":2,"shouldDisplayMessage":false,"attachmentsCount":0,"hasContent":true,"attachmentStep":false}],"labels":[{"name":"package","value":"test.java.tests.theInternet.parallel.TestOne"},{"name":"testClass","value":"test.java.tests.theInternet.parallel.TestOne"},{"name":"testMethod","value":"testOneExpectedFailure"},{"name":"parentSuite","value":"Suite - Parallel Execution"},{"name":"suite","value":"Test Parallel Execution"},{"name":"subSuite","value":"test.java.tests.theInternet.parallel.TestOne"},{"name":"host","value":"runnervm6qbrg"},{"name":"thread","value":"2697@runnervm6qbrg.TestNG-test=Test Parallel Execution-4(23)"},{"name":"framework","value":"testng"},{"name":"language","value":"java"},{"name":"severity","value":"blocker"},{"name":"resultFormat","value":"allure2"}],"parameters":[],"links":[],"hidden":false,"retry":false,"extra":{"severity":"blocker","retries":[{"uid":"27cc1f0a24d26ba2","status":"skipped","statusDetails":"success message not present expected [false] but found [true]","time":{"start":1765913942088,"stop":1765913943540,"duration":1452}},{"uid":"5750feb8fe3bac67","status":"skipped","statusDetails":"success message not present expected [false] but found [true]","time":{"start":1765913938843,"stop":1765913941601,"duration":2758}}],"categories":[{"name":"Product defects","matchedStatuses":[],"flaky":false}],"history":{"statistic":{"failed":42,"broken":2,"skipped":13,"passed":1,"unknown":0,"total":58},"items":[{"uid":"45189b731433622a","reportUrl":"https://jagadeeshshetty.github.io/SeleniumMaven/148/#testresult/45189b731433622a","status":"failed","statusDetails":"success message not present expected [false] but found [true]","time":{"start":1765827566403,"stop":1765827566857,"duration":454}},{"uid":"d496f77f87ea77b0","reportUrl":"https://jagadeeshshetty.github.io/SeleniumMaven/147/#testresult/d496f77f87ea77b0","status":"failed","statusDetails":"success message not present expected [false] but found [true]","time":{"start":1765741000541,"stop":1765741001933,"duration":1392}},{"uid":"8495ad773b524480","reportUrl":"https://jagadeeshshetty.github.io/SeleniumMaven/146/#testresult/8495ad773b524480","status":"failed","statusDetails":"success message not present expected [false] but found [true]","time":{"start":1765715972242,"stop":1765715972888,"duration":646}},{"uid":"94fbd234e473f067","reportUrl":"https://jagadeeshshetty.github.io/SeleniumMaven/145/#testresult/94fbd234e473f067","status":"failed","statusDetails":"success message not present expected [false] but found [true]","time":{"start":1765715090526,"stop":1765715091608,"duration":1082}},{"uid":"bd3281a0e48f311","reportUrl":"https://jagadeeshshetty.github.io/SeleniumMaven/144/#testresult/bd3281a0e48f311","status":"failed","statusDetails":"success message not present expected [false] but found [true]","time":{"start":1765711454486,"stop":1765711454971,"duration":485}},{"uid":"9070c3d23b058fba","reportUrl":"https://jagadeeshshetty.github.io/SeleniumMaven/143/#testresult/9070c3d23b058fba","status":"failed","statusDetails":"success message not present expected [false] but found [true]","time":{"start":1765710332701,"stop":1765710333802,"duration":1101}},{"uid":"f4b6c05fe52f2477","reportUrl":"https://jagadeeshshetty.github.io/SeleniumMaven/142/#testresult/f4b6c05fe52f2477","status":"failed","statusDetails":"success message not present expected [false] but found [true]","time":{"start":1765707403124,"stop":1765707404183,"duration":1059}},{"uid":"e1804b182b695cac","reportUrl":"https://jagadeeshshetty.github.io/SeleniumMaven/141/#testresult/e1804b182b695cac","status":"failed","statusDetails":"success message not present expected [false] but found [true]","time":{"start":1765701874184,"stop":1765701874821,"duration":637}},{"uid":"a62f595a7d35314c","reportUrl":"https://jagadeeshshetty.github.io/SeleniumMaven/140/#testresult/a62f595a7d35314c","status":"failed","statusDetails":"success message not present expected [false] but found [true]","time":{"start":1765701252558,"stop":1765701253696,"duration":1138}},{"uid":"1238dbda790da13e","reportUrl":"https://jagadeeshshetty.github.io/SeleniumMaven/140/#testresult/1238dbda790da13e","status":"failed","statusDetails":"success message not present expected [false] but found [true]","time":{"start":1765700350625,"stop":1765700351723,"duration":1098}},{"uid":"e34c7038b63d90af","reportUrl":"https://jagadeeshshetty.github.io/SeleniumMaven/139/#testresult/e34c7038b63d90af","status":"failed","statusDetails":"success message not present expected [false] but found [true]","time":{"start":1765699407592,"stop":1765699408431,"duration":839}},{"uid":"7709fc2f8c29c7e3","reportUrl":"https://jagadeeshshetty.github.io/SeleniumMaven/125//#testresult/7709fc2f8c29c7e3","status":"failed","statusDetails":"success message not present expected [false] but found [true]","time":{"start":1739606749154,"stop":1739606749630,"duration":476}},{"uid":"53f741f2920a0cb","reportUrl":"https://jagadeeshshetty.github.io/SeleniumMaven/124//#testresult/53f741f2920a0cb","status":"failed","statusDetails":"success message not present expected [false] but found [true]","time":{"start":1739606750359,"stop":1739606750825,"duration":466}},{"uid":"d4cb3da763d92dbd","reportUrl":"https://jagadeeshshetty.github.io/SeleniumMaven/123//#testresult/d4cb3da763d92dbd","status":"skipped","statusDetails":"java.util.ConcurrentModificationException","time":{"start":1736575351300,"stop":1736575351300,"duration":0}},{"uid":"68a0f4cfd368c29e","reportUrl":"https://jagadeeshshetty.github.io/SeleniumMaven/122//#testresult/68a0f4cfd368c29e","status":"skipped","statusDetails":"java.util.ConcurrentModificationException","time":{"start":1736575339901,"stop":1736575339901,"duration":0}},{"uid":"62e4de7e7b751625","reportUrl":"https://jagadeeshshetty.github.io/SeleniumMaven/121//#testresult/62e4de7e7b751625","status":"skipped","statusDetails":"java.util.ConcurrentModificationException","time":{"start":1732253791285,"stop":1732253791285,"duration":0}},{"uid":"2fe44ae69a06d5b4","reportUrl":"https://jagadeeshshetty.github.io/SeleniumMaven/120//#testresult/2fe44ae69a06d5b4","status":"failed","statusDetails":"success message not present expected [false] but found [true]","time":{"start":1732253794719,"stop":1732253795370,"duration":651}},{"uid":"9c4c4dec3258943b","reportUrl":"https://jagadeeshshetty.github.io/SeleniumMaven/118//#testresult/9c4c4dec3258943b","status":"failed","statusDetails":"success message not present expected [false] but found [true]","time":{"start":1728038022472,"stop":1728038023892,"duration":1420}},{"uid":"368d168b4236c75c","reportUrl":"https://jagadeeshshetty.github.io/SeleniumMaven/115//#testresult/368d168b4236c75c","status":"failed","statusDetails":"success message not present expected [false] but found [true]","time":{"start":1713139067805,"stop":1713139068477,"duration":672}},{"uid":"e53f4f2c7aa66ae8","reportUrl":"https://jagadeeshshetty.github.io/SeleniumMaven/116//#testresult/e53f4f2c7aa66ae8","status":"skipped","statusDetails":"java.util.ConcurrentModificationException","time":{"start":1713139052336,"stop":1713139052336,"duration":0}}]},"tags":[]},"source":"7b99e53409e1e1fe.json","parameterValues":[]}