{"uid":"7f2f9e67af393da9","name":"testTwoUnstableTest","fullName":"test.java.tests.theInternet.parallel.TestTwo.testTwoUnstableTest","historyId":"4e49df9e2225ae5cf9e671d7eea3868e","time":{"start":1765711457086,"stop":1765711457087,"duration":1},"description":"Verify the error message with invalid username and password.","descriptionHtml":"<p>Verify the error message with invalid username and password.</p>\n","status":"failed","statusMessage":"expected [true] but found [false]","statusTrace":"java.lang.AssertionError: expected [true] but found [false]\n\tat org.testng.Assert.fail(Assert.java:110)\n\tat org.testng.Assert.failNotEquals(Assert.java:1577)\n\tat org.testng.Assert.assertTrue(Assert.java:56)\n\tat org.testng.Assert.assertTrue(Assert.java:66)\n\tat test.java.tests.theInternet.parallel.TestTwo.testTwoUnstableTest(TestTwo.java:62)\n\tat java.base/jdk.internal.reflect.NativeMethodAccessorImpl.invoke0(Native Method)\n\tat java.base/jdk.internal.reflect.NativeMethodAccessorImpl.invoke(NativeMethodAccessorImpl.java:77)\n\tat java.base/jdk.internal.reflect.DelegatingMethodAccessorImpl.invoke(DelegatingMethodAccessorImpl.java:43)\n\tat java.base/java.lang.reflect.Method.invoke(Method.java:569)\n\tat org.testng.internal.invokers.MethodInvocationHelper.invokeMethod(MethodInvocationHelper.java:139)\n\tat org.testng.internal.invokers.TestInvoker.invokeMethod(TestInvoker.java:677)\n\tat org.testng.internal.invokers.TestInvoker.retryFailed(TestInvoker.java:263)\n\tat org.testng.internal.invokers.MethodRunner.runInSequence(MethodRunner.java:62)\n\tat org.testng.internal.invokers.TestInvoker$MethodInvocationAgent.invoke(TestInvoker.java:969)\n\tat org.testng.internal.invokers.TestInvoker.invokeTestMethods(TestInvoker.java:194)\n\tat org.testng.internal.invokers.TestMethodWorker.invokeTestMethods(TestMethodWorker.java:148)\n\tat org.testng.internal.invokers.TestMethodWorker.run(TestMethodWorker.java:128)\n\tat java.base/java.util.concurrent.ThreadPoolExecutor.runWorker(ThreadPoolExecutor.java:1136)\n\tat java.base/java.util.concurrent.ThreadPoolExecutor$Worker.run(ThreadPoolExecutor.java:635)\n\tat java.base/java.lang.Thread.run(Thread.java:840)\n","flaky":false,"newFailed":true,"newBroken":false,"newPassed":false,"retriesCount":2,"retriesStatusChange":true,"beforeStages":[{"name":"setup","time":{"start":1765711456654,"stop":1765711457081,"duration":427},"description":"","status":"passed","steps":[{"name":"Start time: 14 Dec 2025 11:24:16","time":{"start":1765711456654,"stop":1765711456654,"duration":0},"status":"passed","steps":[],"attachments":[],"parameters":[],"stepsCount":0,"shouldDisplayMessage":false,"attachmentsCount":0,"hasContent":false,"attachmentStep":false},{"name":"Running Test on 'Linux' OS.","time":{"start":1765711456654,"stop":1765711456654,"duration":0},"status":"passed","steps":[],"attachments":[],"parameters":[],"stepsCount":0,"shouldDisplayMessage":false,"attachmentsCount":0,"hasContent":false,"attachmentStep":false},{"name":"JVM Version: 17.0.17","time":{"start":1765711456654,"stop":1765711456654,"duration":0},"status":"passed","steps":[],"attachments":[],"parameters":[],"stepsCount":0,"shouldDisplayMessage":false,"attachmentsCount":0,"hasContent":false,"attachmentStep":false},{"name":"Browser: CHROME 143.0.7499.40","time":{"start":1765711457074,"stop":1765711457074,"duration":0},"status":"passed","steps":[],"attachments":[],"parameters":[],"stepsCount":0,"shouldDisplayMessage":false,"attachmentsCount":0,"hasContent":false,"attachmentStep":false},{"name":"Driver instance: ChromeDriver: chrome on linux (5ba0b11f91a0886f00eae4fb182d22de)","time":{"start":1765711457074,"stop":1765711457074,"duration":0},"status":"passed","steps":[],"attachments":[],"parameters":[],"stepsCount":0,"shouldDisplayMessage":false,"attachmentsCount":0,"hasContent":false,"attachmentStep":false}],"attachments":[],"parameters":[],"stepsCount":5,"shouldDisplayMessage":false,"attachmentsCount":0,"hasContent":true,"attachmentStep":false}],"testStage":{"description":"Verify the error message with invalid username and password.","status":"failed","statusMessage":"expected [true] but found [false]","statusTrace":"java.lang.AssertionError: expected [true] but found [false]\n\tat org.testng.Assert.fail(Assert.java:110)\n\tat org.testng.Assert.failNotEquals(Assert.java:1577)\n\tat org.testng.Assert.assertTrue(Assert.java:56)\n\tat org.testng.Assert.assertTrue(Assert.java:66)\n\tat test.java.tests.theInternet.parallel.TestTwo.testTwoUnstableTest(TestTwo.java:62)\n\tat java.base/jdk.internal.reflect.NativeMethodAccessorImpl.invoke0(Native Method)\n\tat java.base/jdk.internal.reflect.NativeMethodAccessorImpl.invoke(NativeMethodAccessorImpl.java:77)\n\tat java.base/jdk.internal.reflect.DelegatingMethodAccessorImpl.invoke(DelegatingMethodAccessorImpl.java:43)\n\tat java.base/java.lang.reflect.Method.invoke(Method.java:569)\n\tat org.testng.internal.invokers.MethodInvocationHelper.invokeMethod(MethodInvocationHelper.java:139)\n\tat org.testng.internal.invokers.TestInvoker.invokeMethod(TestInvoker.java:677)\n\tat org.testng.internal.invokers.TestInvoker.retryFailed(TestInvoker.java:263)\n\tat org.testng.internal.invokers.MethodRunner.runInSequence(MethodRunner.java:62)\n\tat org.testng.internal.invokers.TestInvoker$MethodInvocationAgent.invoke(TestInvoker.java:969)\n\tat org.testng.internal.invokers.TestInvoker.invokeTestMethods(TestInvoker.java:194)\n\tat org.testng.internal.invokers.TestMethodWorker.invokeTestMethods(TestMethodWorker.java:148)\n\tat org.testng.internal.invokers.TestMethodWorker.run(TestMethodWorker.java:128)\n\tat java.base/java.util.concurrent.ThreadPoolExecutor.runWorker(ThreadPoolExecutor.java:1136)\n\tat java.base/java.util.concurrent.ThreadPoolExecutor$Worker.run(ThreadPoolExecutor.java:635)\n\tat java.base/java.lang.Thread.run(Thread.java:840)\n","steps":[{"name":"1","time":{"start":1765711457087,"stop":1765711457087,"duration":0},"status":"passed","steps":[],"attachments":[],"parameters":[],"stepsCount":0,"shouldDisplayMessage":false,"attachmentsCount":0,"hasContent":false,"attachmentStep":false}],"attachments":[],"parameters":[],"stepsCount":1,"shouldDisplayMessage":true,"attachmentsCount":0,"hasContent":true,"attachmentStep":false},"afterStages":[{"name":"teardown","time":{"start":1765711457132,"stop":1765711457234,"duration":102},"description":"","status":"passed","steps":[{"name":"Cleaning up driver instance: ChromeDriver: chrome on linux (5ba0b11f91a0886f00eae4fb182d22de)","time":{"start":1765711457132,"stop":1765711457132,"duration":0},"status":"passed","steps":[],"attachments":[],"parameters":[],"stepsCount":0,"shouldDisplayMessage":false,"attachmentsCount":0,"hasContent":false,"attachmentStep":false},{"name":"Complete time: 14 Dec 2025 11:24:17","time":{"start":1765711457234,"stop":1765711457234,"duration":0},"status":"passed","steps":[],"attachments":[],"parameters":[],"stepsCount":0,"shouldDisplayMessage":false,"attachmentsCount":0,"hasContent":false,"attachmentStep":false}],"attachments":[],"parameters":[],"stepsCount":2,"shouldDisplayMessage":false,"attachmentsCount":0,"hasContent":true,"attachmentStep":false}],"labels":[{"name":"package","value":"test.java.tests.theInternet.parallel.TestTwo"},{"name":"testClass","value":"test.java.tests.theInternet.parallel.TestTwo"},{"name":"testMethod","value":"testTwoUnstableTest"},{"name":"parentSuite","value":"Suite - Parallel Execution"},{"name":"suite","value":"Test Parallel Execution"},{"name":"subSuite","value":"test.java.tests.theInternet.parallel.TestTwo"},{"name":"host","value":"runnervm6qbrg"},{"name":"thread","value":"2778@runnervm6qbrg.TestNG-test=Test Parallel Execution-7(124)"},{"name":"framework","value":"testng"},{"name":"language","value":"java"},{"name":"severity","value":"trivial"},{"name":"resultFormat","value":"allure2"}],"parameters":[],"links":[],"hidden":false,"retry":false,"extra":{"severity":"trivial","retries":[{"uid":"ba1ca4762d3cca0b","status":"skipped","statusDetails":"expected [true] but found [false]","time":{"start":1765711456569,"stop":1765711456571,"duration":2}},{"uid":"c8bca4d24d33ed60","status":"skipped","statusDetails":"expected [true] but found [false]","time":{"start":1765711455866,"stop":1765711455866,"duration":0}}],"categories":[{"name":"Product defects","matchedStatuses":[],"flaky":false}],"history":{"statistic":{"failed":9,"broken":0,"skipped":4,"passed":40,"unknown":0,"total":53},"items":[{"uid":"970bb88406060721","reportUrl":"https://jagadeeshshetty.github.io/SeleniumMaven/143/#testresult/970bb88406060721","status":"passed","time":{"start":1765710334733,"stop":1765710334733,"duration":0}},{"uid":"e9ff1a0109ee9a75","reportUrl":"https://jagadeeshshetty.github.io/SeleniumMaven/142/#testresult/e9ff1a0109ee9a75","status":"passed","time":{"start":1765707405114,"stop":1765707405118,"duration":4}},{"uid":"fa22ae89bed7e086","reportUrl":"https://jagadeeshshetty.github.io/SeleniumMaven/141/#testresult/fa22ae89bed7e086","status":"passed","time":{"start":1765701875631,"stop":1765701875637,"duration":6}},{"uid":"2d0c0f0c231f33b2","reportUrl":"https://jagadeeshshetty.github.io/SeleniumMaven/140/#testresult/2d0c0f0c231f33b2","status":"passed","time":{"start":1765701254690,"stop":1765701254691,"duration":1}},{"uid":"d77524ba05caeb87","reportUrl":"https://jagadeeshshetty.github.io/SeleniumMaven/140/#testresult/d77524ba05caeb87","status":"passed","time":{"start":1765700352759,"stop":1765700352760,"duration":1}},{"uid":"5caa63ba6ca52ed4","reportUrl":"https://jagadeeshshetty.github.io/SeleniumMaven/139/#testresult/5caa63ba6ca52ed4","status":"passed","time":{"start":1765699409427,"stop":1765699409428,"duration":1}},{"uid":"da173fdcf91295c9","reportUrl":"https://jagadeeshshetty.github.io/SeleniumMaven/125//#testresult/da173fdcf91295c9","status":"passed","time":{"start":1739606751728,"stop":1739606751728,"duration":0}},{"uid":"aa8f335f5b5f50a8","reportUrl":"https://jagadeeshshetty.github.io/SeleniumMaven/124//#testresult/aa8f335f5b5f50a8","status":"skipped","statusDetails":"java.util.ConcurrentModificationException","time":{"start":1739606751747,"stop":1739606751747,"duration":0}},{"uid":"863c53de2690939b","reportUrl":"https://jagadeeshshetty.github.io/SeleniumMaven/123//#testresult/863c53de2690939b","status":"failed","statusDetails":"expected [true] but found [false]","time":{"start":1736575353528,"stop":1736575353529,"duration":1}},{"uid":"e58eee688bcc34b8","reportUrl":"https://jagadeeshshetty.github.io/SeleniumMaven/122//#testresult/e58eee688bcc34b8","status":"failed","statusDetails":"expected [true] but found [false]","time":{"start":1736575342598,"stop":1736575342599,"duration":1}},{"uid":"ebbde149c6128cd1","reportUrl":"https://jagadeeshshetty.github.io/SeleniumMaven/121//#testresult/ebbde149c6128cd1","status":"passed","time":{"start":1732253792264,"stop":1732253792296,"duration":32}},{"uid":"54177b64a4381c72","reportUrl":"https://jagadeeshshetty.github.io/SeleniumMaven/120//#testresult/54177b64a4381c72","status":"skipped","statusDetails":"java.util.ConcurrentModificationException","time":{"start":1732253796203,"stop":1732253796204,"duration":1}},{"uid":"b22c0d2c883f60c5","reportUrl":"https://jagadeeshshetty.github.io/SeleniumMaven/118//#testresult/b22c0d2c883f60c5","status":"passed","time":{"start":1728038025838,"stop":1728038025839,"duration":1}},{"uid":"1cb615293d951401","reportUrl":"https://jagadeeshshetty.github.io/SeleniumMaven/115//#testresult/1cb615293d951401","status":"passed","time":{"start":1713139069144,"stop":1713139069145,"duration":1}},{"uid":"b9c7b440a53a9bb2","reportUrl":"https://jagadeeshshetty.github.io/SeleniumMaven/116//#testresult/b9c7b440a53a9bb2","status":"passed","time":{"start":1713139053773,"stop":1713139053773,"duration":0}},{"uid":"5289207552acd1e6","reportUrl":"https://jagadeeshshetty.github.io/SeleniumMaven/114//#testresult/5289207552acd1e6","status":"passed","time":{"start":1711476535563,"stop":1711476535563,"duration":0}},{"uid":"6e66e24e8518e31c","reportUrl":"https://jagadeeshshetty.github.io/SeleniumMaven/111//#testresult/6e66e24e8518e31c","status":"passed","time":{"start":1709564089634,"stop":1709564089634,"duration":0}},{"uid":"6126e3cebe958e27","reportUrl":"https://jagadeeshshetty.github.io/SeleniumMaven/112//#testresult/6126e3cebe958e27","status":"passed","time":{"start":1709564140957,"stop":1709564140959,"duration":2}},{"uid":"6079ee71cba23460","reportUrl":"https://jagadeeshshetty.github.io/SeleniumMaven/110//#testresult/6079ee71cba23460","status":"passed","time":{"start":1708490356609,"stop":1708490356609,"duration":0}},{"uid":"91f8b1e2f5d67e4a","reportUrl":"https://jagadeeshshetty.github.io/SeleniumMaven/109//#testresult/91f8b1e2f5d67e4a","status":"passed","time":{"start":1708490350420,"stop":1708490350451,"duration":31}}]},"tags":[]},"source":"7f2f9e67af393da9.json","parameterValues":[]}