{"uid":"6e8f7b8542de2681","name":"testTwoUnstableTest","fullName":"test.java.tests.theInternet.parallel.TestTwo.testTwoUnstableTest","historyId":"4e49df9e2225ae5cf9e671d7eea3868e","time":{"start":1766173054266,"stop":1766173054267,"duration":1},"description":"Verify the error message with invalid username and password.","descriptionHtml":"<p>Verify the error message with invalid username and password.</p>\n","status":"failed","statusMessage":"expected [true] but found [false]","statusTrace":"java.lang.AssertionError: expected [true] but found [false]\n\tat org.testng.Assert.fail(Assert.java:110)\n\tat org.testng.Assert.failNotEquals(Assert.java:1577)\n\tat org.testng.Assert.assertTrue(Assert.java:56)\n\tat org.testng.Assert.assertTrue(Assert.java:66)\n\tat test.java.tests.theInternet.parallel.TestTwo.testTwoUnstableTest(TestTwo.java:62)\n\tat java.base/jdk.internal.reflect.NativeMethodAccessorImpl.invoke0(Native Method)\n\tat java.base/jdk.internal.reflect.NativeMethodAccessorImpl.invoke(NativeMethodAccessorImpl.java:77)\n\tat java.base/jdk.internal.reflect.DelegatingMethodAccessorImpl.invoke(DelegatingMethodAccessorImpl.java:43)\n\tat java.base/java.lang.reflect.Method.invoke(Method.java:569)\n\tat org.testng.internal.invokers.MethodInvocationHelper.invokeMethod(MethodInvocationHelper.java:139)\n\tat org.testng.internal.invokers.TestInvoker.invokeMethod(TestInvoker.java:677)\n\tat org.testng.internal.invokers.TestInvoker.retryFailed(TestInvoker.java:263)\n\tat org.testng.internal.invokers.MethodRunner.runInSequence(MethodRunner.java:62)\n\tat org.testng.internal.invokers.TestInvoker$MethodInvocationAgent.invoke(TestInvoker.java:969)\n\tat org.testng.internal.invokers.TestInvoker.invokeTestMethods(TestInvoker.java:194)\n\tat org.testng.internal.invokers.TestMethodWorker.invokeTestMethods(TestMethodWorker.java:148)\n\tat org.testng.internal.invokers.TestMethodWorker.run(TestMethodWorker.java:128)\n\tat java.base/java.util.concurrent.ThreadPoolExecutor.runWorker(ThreadPoolExecutor.java:1136)\n\tat java.base/java.util.concurrent.ThreadPoolExecutor$Worker.run(ThreadPoolExecutor.java:635)\n\tat java.base/java.lang.Thread.run(Thread.java:840)\n","flaky":false,"newFailed":true,"newBroken":false,"newPassed":false,"retriesCount":2,"retriesStatusChange":true,"beforeStages":[{"name":"setup","time":{"start":1766173053736,"stop":1766173054264,"duration":528},"description":"","status":"passed","steps":[{"name":"Start time: 19 Dec 2025 19:37:33","time":{"start":1766173053736,"stop":1766173053736,"duration":0},"status":"passed","steps":[],"attachments":[],"parameters":[],"stepsCount":0,"shouldDisplayMessage":false,"attachmentsCount":0,"hasContent":false,"attachmentStep":false},{"name":"Running Test on 'Linux' OS.","time":{"start":1766173053737,"stop":1766173053737,"duration":0},"status":"passed","steps":[],"attachments":[],"parameters":[],"stepsCount":0,"shouldDisplayMessage":false,"attachmentsCount":0,"hasContent":false,"attachmentStep":false},{"name":"JVM Version: 17.0.17","time":{"start":1766173053737,"stop":1766173053737,"duration":0},"status":"passed","steps":[],"attachments":[],"parameters":[],"stepsCount":0,"shouldDisplayMessage":false,"attachmentsCount":0,"hasContent":false,"attachmentStep":false},{"name":"Browser: CHROME 143.0.7499.109","time":{"start":1766173054256,"stop":1766173054256,"duration":0},"status":"passed","steps":[],"attachments":[],"parameters":[],"stepsCount":0,"shouldDisplayMessage":false,"attachmentsCount":0,"hasContent":false,"attachmentStep":false},{"name":"Driver instance: ChromeDriver: chrome on linux (23bd9c770055ab7bc926d933561e20f9)","time":{"start":1766173054256,"stop":1766173054256,"duration":0},"status":"passed","steps":[],"attachments":[],"parameters":[],"stepsCount":0,"shouldDisplayMessage":false,"attachmentsCount":0,"hasContent":false,"attachmentStep":false}],"attachments":[],"parameters":[],"stepsCount":5,"shouldDisplayMessage":false,"attachmentsCount":0,"hasContent":true,"attachmentStep":false}],"testStage":{"description":"Verify the error message with invalid username and password.","status":"failed","statusMessage":"expected [true] but found [false]","statusTrace":"java.lang.AssertionError: expected [true] but found [false]\n\tat org.testng.Assert.fail(Assert.java:110)\n\tat org.testng.Assert.failNotEquals(Assert.java:1577)\n\tat org.testng.Assert.assertTrue(Assert.java:56)\n\tat org.testng.Assert.assertTrue(Assert.java:66)\n\tat test.java.tests.theInternet.parallel.TestTwo.testTwoUnstableTest(TestTwo.java:62)\n\tat java.base/jdk.internal.reflect.NativeMethodAccessorImpl.invoke0(Native Method)\n\tat java.base/jdk.internal.reflect.NativeMethodAccessorImpl.invoke(NativeMethodAccessorImpl.java:77)\n\tat java.base/jdk.internal.reflect.DelegatingMethodAccessorImpl.invoke(DelegatingMethodAccessorImpl.java:43)\n\tat java.base/java.lang.reflect.Method.invoke(Method.java:569)\n\tat org.testng.internal.invokers.MethodInvocationHelper.invokeMethod(MethodInvocationHelper.java:139)\n\tat org.testng.internal.invokers.TestInvoker.invokeMethod(TestInvoker.java:677)\n\tat org.testng.internal.invokers.TestInvoker.retryFailed(TestInvoker.java:263)\n\tat org.testng.internal.invokers.MethodRunner.runInSequence(MethodRunner.java:62)\n\tat org.testng.internal.invokers.TestInvoker$MethodInvocationAgent.invoke(TestInvoker.java:969)\n\tat org.testng.internal.invokers.TestInvoker.invokeTestMethods(TestInvoker.java:194)\n\tat org.testng.internal.invokers.TestMethodWorker.invokeTestMethods(TestMethodWorker.java:148)\n\tat org.testng.internal.invokers.TestMethodWorker.run(TestMethodWorker.java:128)\n\tat java.base/java.util.concurrent.ThreadPoolExecutor.runWorker(ThreadPoolExecutor.java:1136)\n\tat java.base/java.util.concurrent.ThreadPoolExecutor$Worker.run(ThreadPoolExecutor.java:635)\n\tat java.base/java.lang.Thread.run(Thread.java:840)\n","steps":[{"name":"1","time":{"start":1766173054266,"stop":1766173054266,"duration":0},"status":"passed","steps":[],"attachments":[],"parameters":[],"stepsCount":0,"shouldDisplayMessage":false,"attachmentsCount":0,"hasContent":false,"attachmentStep":false}],"attachments":[],"parameters":[],"stepsCount":1,"shouldDisplayMessage":true,"attachmentsCount":0,"hasContent":true,"attachmentStep":false},"afterStages":[{"name":"teardown","time":{"start":1766173054313,"stop":1766173054389,"duration":76},"description":"","status":"passed","steps":[{"name":"Cleaning up driver instance: ChromeDriver: chrome on linux (23bd9c770055ab7bc926d933561e20f9)","time":{"start":1766173054313,"stop":1766173054313,"duration":0},"status":"passed","steps":[],"attachments":[],"parameters":[],"stepsCount":0,"shouldDisplayMessage":false,"attachmentsCount":0,"hasContent":false,"attachmentStep":false},{"name":"Complete time: 19 Dec 2025 19:37:34","time":{"start":1766173054389,"stop":1766173054389,"duration":0},"status":"passed","steps":[],"attachments":[],"parameters":[],"stepsCount":0,"shouldDisplayMessage":false,"attachmentsCount":0,"hasContent":false,"attachmentStep":false}],"attachments":[],"parameters":[],"stepsCount":2,"shouldDisplayMessage":false,"attachmentsCount":0,"hasContent":true,"attachmentStep":false}],"labels":[{"name":"package","value":"test.java.tests.theInternet.parallel.TestTwo"},{"name":"testClass","value":"test.java.tests.theInternet.parallel.TestTwo"},{"name":"testMethod","value":"testTwoUnstableTest"},{"name":"parentSuite","value":"Suite - Parallel Execution"},{"name":"suite","value":"Test Parallel Execution"},{"name":"subSuite","value":"test.java.tests.theInternet.parallel.TestTwo"},{"name":"host","value":"runnervmh13bl"},{"name":"thread","value":"2702@runnervmh13bl.TestNG-test=Test Parallel Execution-7(127)"},{"name":"framework","value":"testng"},{"name":"language","value":"java"},{"name":"severity","value":"trivial"},{"name":"resultFormat","value":"allure2"}],"parameters":[],"links":[],"hidden":false,"retry":false,"extra":{"severity":"trivial","retries":[{"uid":"af6d91db3afcad8f","status":"skipped","statusDetails":"expected [true] but found [false]","time":{"start":1766173053645,"stop":1766173053645,"duration":0}},{"uid":"6fc64bf30f766d73","status":"skipped","statusDetails":"expected [true] but found [false]","time":{"start":1766173052866,"stop":1766173052871,"duration":5}}],"categories":[{"name":"Product defects","matchedStatuses":[],"flaky":false}],"history":{"statistic":{"failed":10,"broken":0,"skipped":4,"passed":47,"unknown":0,"total":61},"items":[{"uid":"ace6af61d17a5595","reportUrl":"https://jagadeeshshetty.github.io/SeleniumMaven/151/#testresult/ace6af61d17a5595","status":"passed","time":{"start":1766086744180,"stop":1766086744181,"duration":1}},{"uid":"f60b0954e0d1708e","reportUrl":"https://jagadeeshshetty.github.io/SeleniumMaven/150/#testresult/f60b0954e0d1708e","status":"passed","time":{"start":1766000368357,"stop":1766000368368,"duration":11}},{"uid":"b1418dc29c4a09c2","reportUrl":"https://jagadeeshshetty.github.io/SeleniumMaven/149/#testresult/b1418dc29c4a09c2","status":"passed","time":{"start":1765913946772,"stop":1765913946774,"duration":2}},{"uid":"56b7d84abc7ef32e","reportUrl":"https://jagadeeshshetty.github.io/SeleniumMaven/148/#testresult/56b7d84abc7ef32e","status":"passed","time":{"start":1765827567766,"stop":1765827567770,"duration":4}},{"uid":"603c2d11b852f43","reportUrl":"https://jagadeeshshetty.github.io/SeleniumMaven/147/#testresult/603c2d11b852f43","status":"passed","time":{"start":1765741003121,"stop":1765741003129,"duration":8}},{"uid":"708da8070550c54d","reportUrl":"https://jagadeeshshetty.github.io/SeleniumMaven/146/#testresult/708da8070550c54d","status":"passed","time":{"start":1765715973666,"stop":1765715973667,"duration":1}},{"uid":"5695231caf955df2","reportUrl":"https://jagadeeshshetty.github.io/SeleniumMaven/145/#testresult/5695231caf955df2","status":"passed","time":{"start":1765715092497,"stop":1765715092500,"duration":3}},{"uid":"7f2f9e67af393da9","reportUrl":"https://jagadeeshshetty.github.io/SeleniumMaven/144/#testresult/7f2f9e67af393da9","status":"failed","statusDetails":"expected [true] but found [false]","time":{"start":1765711457086,"stop":1765711457087,"duration":1}},{"uid":"970bb88406060721","reportUrl":"https://jagadeeshshetty.github.io/SeleniumMaven/143/#testresult/970bb88406060721","status":"passed","time":{"start":1765710334733,"stop":1765710334733,"duration":0}},{"uid":"e9ff1a0109ee9a75","reportUrl":"https://jagadeeshshetty.github.io/SeleniumMaven/142/#testresult/e9ff1a0109ee9a75","status":"passed","time":{"start":1765707405114,"stop":1765707405118,"duration":4}},{"uid":"fa22ae89bed7e086","reportUrl":"https://jagadeeshshetty.github.io/SeleniumMaven/141/#testresult/fa22ae89bed7e086","status":"passed","time":{"start":1765701875631,"stop":1765701875637,"duration":6}},{"uid":"2d0c0f0c231f33b2","reportUrl":"https://jagadeeshshetty.github.io/SeleniumMaven/140/#testresult/2d0c0f0c231f33b2","status":"passed","time":{"start":1765701254690,"stop":1765701254691,"duration":1}},{"uid":"d77524ba05caeb87","reportUrl":"https://jagadeeshshetty.github.io/SeleniumMaven/140/#testresult/d77524ba05caeb87","status":"passed","time":{"start":1765700352759,"stop":1765700352760,"duration":1}},{"uid":"5caa63ba6ca52ed4","reportUrl":"https://jagadeeshshetty.github.io/SeleniumMaven/139/#testresult/5caa63ba6ca52ed4","status":"passed","time":{"start":1765699409427,"stop":1765699409428,"duration":1}},{"uid":"da173fdcf91295c9","reportUrl":"https://jagadeeshshetty.github.io/SeleniumMaven/125//#testresult/da173fdcf91295c9","status":"passed","time":{"start":1739606751728,"stop":1739606751728,"duration":0}},{"uid":"aa8f335f5b5f50a8","reportUrl":"https://jagadeeshshetty.github.io/SeleniumMaven/124//#testresult/aa8f335f5b5f50a8","status":"skipped","statusDetails":"java.util.ConcurrentModificationException","time":{"start":1739606751747,"stop":1739606751747,"duration":0}},{"uid":"863c53de2690939b","reportUrl":"https://jagadeeshshetty.github.io/SeleniumMaven/123//#testresult/863c53de2690939b","status":"failed","statusDetails":"expected [true] but found [false]","time":{"start":1736575353528,"stop":1736575353529,"duration":1}},{"uid":"e58eee688bcc34b8","reportUrl":"https://jagadeeshshetty.github.io/SeleniumMaven/122//#testresult/e58eee688bcc34b8","status":"failed","statusDetails":"expected [true] but found [false]","time":{"start":1736575342598,"stop":1736575342599,"duration":1}},{"uid":"ebbde149c6128cd1","reportUrl":"https://jagadeeshshetty.github.io/SeleniumMaven/121//#testresult/ebbde149c6128cd1","status":"passed","time":{"start":1732253792264,"stop":1732253792296,"duration":32}},{"uid":"54177b64a4381c72","reportUrl":"https://jagadeeshshetty.github.io/SeleniumMaven/120//#testresult/54177b64a4381c72","status":"skipped","statusDetails":"java.util.ConcurrentModificationException","time":{"start":1732253796203,"stop":1732253796204,"duration":1}}]},"tags":[]},"source":"6e8f7b8542de2681.json","parameterValues":[]}