{"uid":"368d168b4236c75c","name":"testOneExpectedFailure","fullName":"test.java.tests.theInternet.parallel.TestOne.testOneExpectedFailure","historyId":"ab6883056220de6a4dfa4936aa12b217","time":{"start":1713139067805,"stop":1713139068477,"duration":672},"description":"Verify the successful login with valid username and password.","descriptionHtml":"<p>Verify the successful login with valid username and password.</p>\n","status":"failed","statusMessage":"success message not present expected [false] but found [true]","statusTrace":"java.lang.AssertionError: success message not present expected [false] but found [true]\n\tat org.testng.Assert.fail(Assert.java:110)\n\tat org.testng.Assert.failNotEquals(Assert.java:1577)\n\tat org.testng.Assert.assertFalse(Assert.java:78)\n\tat test.java.tests.theInternet.parallel.TestOne.testOneExpectedFailure(TestOne.java:77)\n\tat java.base/jdk.internal.reflect.NativeMethodAccessorImpl.invoke0(Native Method)\n\tat java.base/jdk.internal.reflect.NativeMethodAccessorImpl.invoke(NativeMethodAccessorImpl.java:77)\n\tat java.base/jdk.internal.reflect.DelegatingMethodAccessorImpl.invoke(DelegatingMethodAccessorImpl.java:43)\n\tat java.base/java.lang.reflect.Method.invoke(Method.java:568)\n\tat org.testng.internal.invokers.MethodInvocationHelper.invokeMethod(MethodInvocationHelper.java:139)\n\tat org.testng.internal.invokers.TestInvoker.invokeMethod(TestInvoker.java:677)\n\tat org.testng.internal.invokers.TestInvoker.retryFailed(TestInvoker.java:263)\n\tat org.testng.internal.invokers.MethodRunner.runInSequence(MethodRunner.java:62)\n\tat org.testng.internal.invokers.TestInvoker$MethodInvocationAgent.invoke(TestInvoker.java:969)\n\tat org.testng.internal.invokers.TestInvoker.invokeTestMethods(TestInvoker.java:194)\n\tat org.testng.internal.invokers.TestMethodWorker.invokeTestMethods(TestMethodWorker.java:148)\n\tat org.testng.internal.invokers.TestMethodWorker.run(TestMethodWorker.java:128)\n\tat java.base/java.util.concurrent.ThreadPoolExecutor.runWorker(ThreadPoolExecutor.java:1136)\n\tat java.base/java.util.concurrent.ThreadPoolExecutor$Worker.run(ThreadPoolExecutor.java:635)\n\tat java.base/java.lang.Thread.run(Thread.java:840)\n","flaky":false,"newFailed":false,"newBroken":false,"newPassed":false,"retriesCount":2,"retriesStatusChange":true,"beforeStages":[{"name":"setup","time":{"start":1713139067562,"stop":1713139067803,"duration":241},"description":"","status":"passed","steps":[{"name":"Start time: 14 Apr 2024 23:57:47","time":{"start":1713139067563,"stop":1713139067563,"duration":0},"status":"passed","steps":[],"attachments":[],"parameters":[],"shouldDisplayMessage":false,"stepsCount":0,"attachmentsCount":0,"hasContent":false,"attachmentStep":false},{"name":"Running Test on 'Linux' OS.","time":{"start":1713139067563,"stop":1713139067563,"duration":0},"status":"passed","steps":[],"attachments":[],"parameters":[],"shouldDisplayMessage":false,"stepsCount":0,"attachmentsCount":0,"hasContent":false,"attachmentStep":false},{"name":"JVM Version: 17.0.10","time":{"start":1713139067563,"stop":1713139067563,"duration":0},"status":"passed","steps":[],"attachments":[],"parameters":[],"shouldDisplayMessage":false,"stepsCount":0,"attachmentsCount":0,"hasContent":false,"attachmentStep":false},{"name":"Browser: CHROME-HEADLESS-SHELL 123.0.6312.105","time":{"start":1713139067799,"stop":1713139067799,"duration":0},"status":"passed","steps":[],"attachments":[],"parameters":[],"shouldDisplayMessage":false,"stepsCount":0,"attachmentsCount":0,"hasContent":false,"attachmentStep":false},{"name":"Driver instance: ChromeDriver: chrome-headless-shell on linux (45d3f0535af9088a51df48beb047f358)","time":{"start":1713139067799,"stop":1713139067799,"duration":0},"status":"passed","steps":[],"attachments":[],"parameters":[],"shouldDisplayMessage":false,"stepsCount":0,"attachmentsCount":0,"hasContent":false,"attachmentStep":false}],"attachments":[],"parameters":[],"shouldDisplayMessage":false,"stepsCount":5,"attachmentsCount":0,"hasContent":true,"attachmentStep":false}],"testStage":{"description":"Verify the successful login with valid username and password.","status":"failed","statusMessage":"success message not present expected [false] but found [true]","statusTrace":"java.lang.AssertionError: success message not present expected [false] but found [true]\n\tat org.testng.Assert.fail(Assert.java:110)\n\tat org.testng.Assert.failNotEquals(Assert.java:1577)\n\tat org.testng.Assert.assertFalse(Assert.java:78)\n\tat test.java.tests.theInternet.parallel.TestOne.testOneExpectedFailure(TestOne.java:77)\n\tat java.base/jdk.internal.reflect.NativeMethodAccessorImpl.invoke0(Native Method)\n\tat java.base/jdk.internal.reflect.NativeMethodAccessorImpl.invoke(NativeMethodAccessorImpl.java:77)\n\tat java.base/jdk.internal.reflect.DelegatingMethodAccessorImpl.invoke(DelegatingMethodAccessorImpl.java:43)\n\tat java.base/java.lang.reflect.Method.invoke(Method.java:568)\n\tat org.testng.internal.invokers.MethodInvocationHelper.invokeMethod(MethodInvocationHelper.java:139)\n\tat org.testng.internal.invokers.TestInvoker.invokeMethod(TestInvoker.java:677)\n\tat org.testng.internal.invokers.TestInvoker.retryFailed(TestInvoker.java:263)\n\tat org.testng.internal.invokers.MethodRunner.runInSequence(MethodRunner.java:62)\n\tat org.testng.internal.invokers.TestInvoker$MethodInvocationAgent.invoke(TestInvoker.java:969)\n\tat org.testng.internal.invokers.TestInvoker.invokeTestMethods(TestInvoker.java:194)\n\tat org.testng.internal.invokers.TestMethodWorker.invokeTestMethods(TestMethodWorker.java:148)\n\tat org.testng.internal.invokers.TestMethodWorker.run(TestMethodWorker.java:128)\n\tat java.base/java.util.concurrent.ThreadPoolExecutor.runWorker(ThreadPoolExecutor.java:1136)\n\tat java.base/java.util.concurrent.ThreadPoolExecutor$Worker.run(ThreadPoolExecutor.java:635)\n\tat java.base/java.lang.Thread.run(Thread.java:840)\n","steps":[{"name":"Access http://the-internet.herokuapp.com/login URL.","time":{"start":1713139067805,"stop":1713139067805,"duration":0},"status":"passed","steps":[],"attachments":[],"parameters":[],"shouldDisplayMessage":false,"stepsCount":0,"attachmentsCount":0,"hasContent":false,"attachmentStep":false},{"name":"Verify login form present or not.","time":{"start":1713139068169,"stop":1713139068169,"duration":0},"status":"passed","steps":[],"attachments":[],"parameters":[],"shouldDisplayMessage":false,"stepsCount":0,"attachmentsCount":0,"hasContent":false,"attachmentStep":false},{"name":"1. Login with valid username and password.","time":{"start":1713139068201,"stop":1713139068201,"duration":0},"status":"passed","steps":[],"attachments":[],"parameters":[],"shouldDisplayMessage":false,"stepsCount":0,"attachmentsCount":0,"hasContent":false,"attachmentStep":false},{"name":"Enter tomsmith username","time":{"start":1713139068201,"stop":1713139068201,"duration":0},"status":"passed","steps":[],"attachments":[],"parameters":[],"shouldDisplayMessage":false,"stepsCount":0,"attachmentsCount":0,"hasContent":false,"attachmentStep":false},{"name":"Enter SuperSecretPassword! password","time":{"start":1713139068254,"stop":1713139068254,"duration":0},"status":"passed","steps":[],"attachments":[],"parameters":[],"shouldDisplayMessage":false,"stepsCount":0,"attachmentsCount":0,"hasContent":false,"attachmentStep":false},{"name":"Click on Submit button","time":{"start":1713139068303,"stop":1713139068303,"duration":0},"status":"passed","steps":[],"attachments":[],"parameters":[],"shouldDisplayMessage":false,"stepsCount":0,"attachmentsCount":0,"hasContent":false,"attachmentStep":false},{"name":"2. Verify success message present","time":{"start":1713139068447,"stop":1713139068447,"duration":0},"status":"passed","steps":[],"attachments":[],"parameters":[],"shouldDisplayMessage":false,"stepsCount":0,"attachmentsCount":0,"hasContent":false,"attachmentStep":false},{"name":"Verify success message present or not.","time":{"start":1713139068447,"stop":1713139068447,"duration":0},"status":"passed","steps":[],"attachments":[],"parameters":[],"shouldDisplayMessage":false,"stepsCount":0,"attachmentsCount":0,"hasContent":false,"attachmentStep":false}],"attachments":[],"parameters":[],"shouldDisplayMessage":true,"stepsCount":8,"attachmentsCount":0,"hasContent":true,"attachmentStep":false},"afterStages":[{"name":"teardown","time":{"start":1713139068582,"stop":1713139068685,"duration":103},"description":"","status":"passed","steps":[{"name":"Cleaning up driver instance: ChromeDriver: chrome-headless-shell on linux (45d3f0535af9088a51df48beb047f358)","time":{"start":1713139068582,"stop":1713139068582,"duration":0},"status":"passed","steps":[],"attachments":[],"parameters":[],"shouldDisplayMessage":false,"stepsCount":0,"attachmentsCount":0,"hasContent":false,"attachmentStep":false},{"name":"Complete time: 14 Apr 2024 23:57:48","time":{"start":1713139068685,"stop":1713139068685,"duration":0},"status":"passed","steps":[],"attachments":[],"parameters":[],"shouldDisplayMessage":false,"stepsCount":0,"attachmentsCount":0,"hasContent":false,"attachmentStep":false}],"attachments":[],"parameters":[],"shouldDisplayMessage":false,"stepsCount":2,"attachmentsCount":0,"hasContent":true,"attachmentStep":false}],"labels":[{"name":"package","value":"test.java.tests.theInternet.parallel.TestOne"},{"name":"testClass","value":"test.java.tests.theInternet.parallel.TestOne"},{"name":"testMethod","value":"testOneExpectedFailure"},{"name":"parentSuite","value":"Suite - Parallel Execution"},{"name":"suite","value":"Test Parallel Execution"},{"name":"subSuite","value":"test.java.tests.theInternet.parallel.TestOne"},{"name":"host","value":"fv-az1532-673"},{"name":"thread","value":"2475@fv-az1532-673.TestNG-test=Test Parallel Execution-4(23)"},{"name":"framework","value":"testng"},{"name":"language","value":"java"},{"name":"severity","value":"blocker"},{"name":"resultFormat","value":"allure2"}],"parameters":[],"links":[],"hidden":false,"retry":false,"extra":{"severity":"blocker","retries":[{"uid":"9ccfdde988ef9b5e","status":"skipped","statusDetails":"success message not present expected [false] but found [true]","time":{"start":1713139066794,"stop":1713139067453,"duration":659}},{"uid":"1d843b302cb6b26b","status":"skipped","statusDetails":"success message not present expected [false] but found [true]","time":{"start":1713139064290,"stop":1713139066442,"duration":2152}}],"categories":[{"name":"Product defects","matchedStatuses":[],"flaky":false}],"history":{"statistic":{"failed":26,"broken":2,"skipped":10,"passed":1,"unknown":0,"total":39},"items":[{"uid":"e53f4f2c7aa66ae8","reportUrl":"https://jagadeeshshetty.github.io/SeleniumMaven/116//#testresult/e53f4f2c7aa66ae8","status":"skipped","statusDetails":"java.util.ConcurrentModificationException","time":{"start":1713139052336,"stop":1713139052336,"duration":0}},{"uid":"7fd20633b171ad50","reportUrl":"https://jagadeeshshetty.github.io/SeleniumMaven/114//#testresult/7fd20633b171ad50","status":"failed","statusDetails":"success message not present expected [false] but found [true]","time":{"start":1711476533308,"stop":1711476533944,"duration":636}},{"uid":"4e5df05c897b2d42","reportUrl":"https://jagadeeshshetty.github.io/SeleniumMaven/111//#testresult/4e5df05c897b2d42","status":"broken","statusDetails":"Session ID is null. Using WebDriver after calling quit()?\nBuild info: version: '4.11.0', revision: '040bc5406b'\nSystem info: os.name: 'Linux', os.arch: 'amd64', os.version: '6.5.0-1015-azure', java.version: '17.0.10'\nDriver info: org.openqa.selenium.chrome.ChromeDriver\nCommand: [null, screenshot {}]\nCapabilities {acceptInsecureCerts: false, browserName: chrome-headless-shell, browserVersion: 122.0.6261.69, chrome: {chromedriverVersion: 122.0.6261.69 (81bc525b6a36..., userDataDir: /tmp/.org.chromium.Chromium...}, fedcm:accounts: true, goog:chromeOptions: {debuggerAddress: localhost:39639}, networkConnectionEnabled: false, pageLoadStrategy: normal, platformName: linux, proxy: Proxy(), se:cdp: ws://localhost:39639/devtoo..., se:cdpVersion: 122.0.6261.69, setWindowRect: true, strictFileInteractability: false, timeouts: {implicit: 0, pageLoad: 300000, script: 30000}, unhandledPromptBehavior: dismiss and notify, webauthn:extension:credBlob: true, webauthn:extension:largeBlob: true, webauthn:extension:minPinLength: true, webauthn:extension:prf: true, webauthn:virtualAuthenticators: true}","time":{"start":1709564088788,"stop":1709564088788,"duration":0}},{"uid":"c70e0cd7ef6abdaa","reportUrl":"https://jagadeeshshetty.github.io/SeleniumMaven/112//#testresult/c70e0cd7ef6abdaa","status":"failed","statusDetails":"success message not present expected [false] but found [true]","time":{"start":1709564044299,"stop":1709564044741,"duration":442}},{"uid":"464183f789c67d57","reportUrl":"https://jagadeeshshetty.github.io/SeleniumMaven/110//#testresult/464183f789c67d57","status":"skipped","statusDetails":"java.util.ConcurrentModificationException","time":{"start":1708490346335,"stop":1708490346336,"duration":1}},{"uid":"6debe69f7bab56f6","reportUrl":"https://jagadeeshshetty.github.io/SeleniumMaven/109//#testresult/6debe69f7bab56f6","status":"skipped","statusDetails":"java.util.ConcurrentModificationException","time":{"start":1708490349718,"stop":1708490349718,"duration":0}},{"uid":"6a6b8e14d29e5ec3","reportUrl":"https://jagadeeshshetty.github.io/SeleniumMaven/107//#testresult/6a6b8e14d29e5ec3","status":"failed","statusDetails":"success message not present expected [false] but found [true]","time":{"start":1708401130471,"stop":1708401131105,"duration":634}},{"uid":"2f602ecfc41a6459","reportUrl":"https://jagadeeshshetty.github.io/SeleniumMaven/108//#testresult/2f602ecfc41a6459","status":"skipped","statusDetails":"java.util.ConcurrentModificationException","time":{"start":1708401118995,"stop":1708401118995,"duration":0}},{"uid":"284eb2955d194631","reportUrl":"https://jagadeeshshetty.github.io/SeleniumMaven/105//#testresult/284eb2955d194631","status":"failed","statusDetails":"success message not present expected [false] but found [true]","time":{"start":1700842805338,"stop":1700842805728,"duration":390}},{"uid":"abe97061373f43b3","reportUrl":"https://jagadeeshshetty.github.io/SeleniumMaven/106//#testresult/abe97061373f43b3","status":"failed","statusDetails":"success message not present expected [false] but found [true]","time":{"start":1700842799711,"stop":1700842800079,"duration":368}},{"uid":"c6ac2f06c2a80e1c","reportUrl":"https://jagadeeshshetty.github.io/SeleniumMaven/103//#testresult/c6ac2f06c2a80e1c","status":"skipped","statusDetails":"java.util.ConcurrentModificationException","time":{"start":1700164985833,"stop":1700164985834,"duration":1}},{"uid":"416ee5e94f826630","reportUrl":"https://jagadeeshshetty.github.io/SeleniumMaven/102//#testresult/416ee5e94f826630","status":"failed","statusDetails":"success message not present expected [false] but found [true]","time":{"start":1697041571410,"stop":1697041572522,"duration":1112}},{"uid":"f088c02ebf73c74d","reportUrl":"https://jagadeeshshetty.github.io/SeleniumMaven/101//#testresult/f088c02ebf73c74d","status":"skipped","statusDetails":"java.util.ConcurrentModificationException","time":{"start":1697041567370,"stop":1697041567370,"duration":0}},{"uid":"3507068b85fa4c36","reportUrl":"https://jagadeeshshetty.github.io/SeleniumMaven/100//#testresult/3507068b85fa4c36","status":"failed","statusDetails":"success message not present expected [false] but found [true]","time":{"start":1696312372841,"stop":1696312373454,"duration":613}},{"uid":"c9f0de0cd4bab1a0","reportUrl":"https://jagadeeshshetty.github.io/SeleniumMaven/99//#testresult/c9f0de0cd4bab1a0","status":"skipped","statusDetails":"java.util.ConcurrentModificationException","time":{"start":1696312361777,"stop":1696312361777,"duration":0}},{"uid":"4b75ca5c28fdcb8a","reportUrl":"https://jagadeeshshetty.github.io/SeleniumMaven/97//#testresult/4b75ca5c28fdcb8a","status":"failed","statusDetails":"success message not present expected [false] but found [true]","time":{"start":1693581927361,"stop":1693581927868,"duration":507}},{"uid":"13a49d86645f7603","reportUrl":"https://jagadeeshshetty.github.io/SeleniumMaven/98//#testresult/13a49d86645f7603","status":"failed","statusDetails":"success message not present expected [false] but found [true]","time":{"start":1693581965904,"stop":1693581966574,"duration":670}},{"uid":"8be78598ea9944e9","reportUrl":"https://jagadeeshshetty.github.io/SeleniumMaven/95//#testresult/8be78598ea9944e9","status":"failed","statusDetails":"success message not present expected [false] but found [true]","time":{"start":1692841242393,"stop":1692841242907,"duration":514}},{"uid":"8f5cb250dfb20a97","reportUrl":"https://jagadeeshshetty.github.io/SeleniumMaven/96//#testresult/8f5cb250dfb20a97","status":"failed","statusDetails":"success message not present expected [false] but found [true]","time":{"start":1692841237294,"stop":1692841237783,"duration":489}},{"uid":"946f62d7f511f3f7","reportUrl":"https://jagadeeshshetty.github.io/SeleniumMaven/94//#testresult/946f62d7f511f3f7","status":"skipped","statusDetails":"java.util.ConcurrentModificationException","time":{"start":1692723006987,"stop":1692723006987,"duration":0}}]},"tags":[]},"source":"368d168b4236c75c.json","parameterValues":[]}