{"uid":"94340d6bc2aad99b","name":"testThreeExpectedFailure","fullName":"test.java.tests.theInternet.parallel.TestThree.testThreeExpectedFailure","historyId":"cad436207142227918581ae7912911d3","time":{"start":1767296278108,"stop":1767296278970,"duration":862},"description":"Verify the successful login with valid username and password.","descriptionHtml":"<p>Verify the successful login with valid username and password.</p>\n","status":"failed","statusMessage":"success message not present expected [false] but found [true]","statusTrace":"java.lang.AssertionError: success message not present expected [false] but found [true]\n\tat org.testng.Assert.fail(Assert.java:110)\n\tat org.testng.Assert.failNotEquals(Assert.java:1577)\n\tat org.testng.Assert.assertFalse(Assert.java:78)\n\tat test.java.tests.theInternet.parallel.TestThree.testThreeExpectedFailure(TestThree.java:77)\n\tat java.base/jdk.internal.reflect.NativeMethodAccessorImpl.invoke0(Native Method)\n\tat java.base/jdk.internal.reflect.NativeMethodAccessorImpl.invoke(NativeMethodAccessorImpl.java:77)\n\tat java.base/jdk.internal.reflect.DelegatingMethodAccessorImpl.invoke(DelegatingMethodAccessorImpl.java:43)\n\tat java.base/java.lang.reflect.Method.invoke(Method.java:569)\n\tat org.testng.internal.invokers.MethodInvocationHelper.invokeMethod(MethodInvocationHelper.java:139)\n\tat org.testng.internal.invokers.TestInvoker.invokeMethod(TestInvoker.java:677)\n\tat org.testng.internal.invokers.TestInvoker.retryFailed(TestInvoker.java:263)\n\tat org.testng.internal.invokers.MethodRunner.runInSequence(MethodRunner.java:62)\n\tat org.testng.internal.invokers.TestInvoker$MethodInvocationAgent.invoke(TestInvoker.java:969)\n\tat org.testng.internal.invokers.TestInvoker.invokeTestMethods(TestInvoker.java:194)\n\tat org.testng.internal.invokers.TestMethodWorker.invokeTestMethods(TestMethodWorker.java:148)\n\tat org.testng.internal.invokers.TestMethodWorker.run(TestMethodWorker.java:128)\n\tat java.base/java.util.concurrent.ThreadPoolExecutor.runWorker(ThreadPoolExecutor.java:1136)\n\tat java.base/java.util.concurrent.ThreadPoolExecutor$Worker.run(ThreadPoolExecutor.java:635)\n\tat java.base/java.lang.Thread.run(Thread.java:840)\n","flaky":false,"newFailed":false,"newBroken":false,"newPassed":false,"retriesCount":2,"retriesStatusChange":true,"beforeStages":[{"name":"setup","time":{"start":1767296277840,"stop":1767296278104,"duration":264},"description":"","status":"passed","steps":[{"name":"Start time: 1 Jan 2026 19:37:57","time":{"start":1767296277841,"stop":1767296277841,"duration":0},"status":"passed","steps":[],"attachments":[],"parameters":[],"stepsCount":0,"shouldDisplayMessage":false,"attachmentsCount":0,"hasContent":false,"attachmentStep":false},{"name":"Running Test on 'Linux' OS.","time":{"start":1767296277841,"stop":1767296277841,"duration":0},"status":"passed","steps":[],"attachments":[],"parameters":[],"stepsCount":0,"shouldDisplayMessage":false,"attachmentsCount":0,"hasContent":false,"attachmentStep":false},{"name":"JVM Version: 17.0.17","time":{"start":1767296277841,"stop":1767296277841,"duration":0},"status":"passed","steps":[],"attachments":[],"parameters":[],"stepsCount":0,"shouldDisplayMessage":false,"attachmentsCount":0,"hasContent":false,"attachmentStep":false},{"name":"Browser: CHROME 143.0.7499.109","time":{"start":1767296278102,"stop":1767296278102,"duration":0},"status":"passed","steps":[],"attachments":[],"parameters":[],"stepsCount":0,"shouldDisplayMessage":false,"attachmentsCount":0,"hasContent":false,"attachmentStep":false},{"name":"Driver instance: ChromeDriver: chrome on linux (dad8a559c8ac3aa605399dcf4c7d0c25)","time":{"start":1767296278102,"stop":1767296278102,"duration":0},"status":"passed","steps":[],"attachments":[],"parameters":[],"stepsCount":0,"shouldDisplayMessage":false,"attachmentsCount":0,"hasContent":false,"attachmentStep":false}],"attachments":[],"parameters":[],"stepsCount":5,"shouldDisplayMessage":false,"attachmentsCount":0,"hasContent":true,"attachmentStep":false}],"testStage":{"description":"Verify the successful login with valid username and password.","status":"failed","statusMessage":"success message not present expected [false] but found [true]","statusTrace":"java.lang.AssertionError: success message not present expected [false] but found [true]\n\tat org.testng.Assert.fail(Assert.java:110)\n\tat org.testng.Assert.failNotEquals(Assert.java:1577)\n\tat org.testng.Assert.assertFalse(Assert.java:78)\n\tat test.java.tests.theInternet.parallel.TestThree.testThreeExpectedFailure(TestThree.java:77)\n\tat java.base/jdk.internal.reflect.NativeMethodAccessorImpl.invoke0(Native Method)\n\tat java.base/jdk.internal.reflect.NativeMethodAccessorImpl.invoke(NativeMethodAccessorImpl.java:77)\n\tat java.base/jdk.internal.reflect.DelegatingMethodAccessorImpl.invoke(DelegatingMethodAccessorImpl.java:43)\n\tat java.base/java.lang.reflect.Method.invoke(Method.java:569)\n\tat org.testng.internal.invokers.MethodInvocationHelper.invokeMethod(MethodInvocationHelper.java:139)\n\tat org.testng.internal.invokers.TestInvoker.invokeMethod(TestInvoker.java:677)\n\tat org.testng.internal.invokers.TestInvoker.retryFailed(TestInvoker.java:263)\n\tat org.testng.internal.invokers.MethodRunner.runInSequence(MethodRunner.java:62)\n\tat org.testng.internal.invokers.TestInvoker$MethodInvocationAgent.invoke(TestInvoker.java:969)\n\tat org.testng.internal.invokers.TestInvoker.invokeTestMethods(TestInvoker.java:194)\n\tat org.testng.internal.invokers.TestMethodWorker.invokeTestMethods(TestMethodWorker.java:148)\n\tat org.testng.internal.invokers.TestMethodWorker.run(TestMethodWorker.java:128)\n\tat java.base/java.util.concurrent.ThreadPoolExecutor.runWorker(ThreadPoolExecutor.java:1136)\n\tat java.base/java.util.concurrent.ThreadPoolExecutor$Worker.run(ThreadPoolExecutor.java:635)\n\tat java.base/java.lang.Thread.run(Thread.java:840)\n","steps":[{"name":"Access http://the-internet.herokuapp.com/login URL.","time":{"start":1767296278108,"stop":1767296278108,"duration":0},"status":"passed","steps":[],"attachments":[],"parameters":[],"stepsCount":0,"shouldDisplayMessage":false,"attachmentsCount":0,"hasContent":false,"attachmentStep":false},{"name":"Verify login form present or not.","time":{"start":1767296278642,"stop":1767296278642,"duration":0},"status":"passed","steps":[],"attachments":[],"parameters":[],"stepsCount":0,"shouldDisplayMessage":false,"attachmentsCount":0,"hasContent":false,"attachmentStep":false},{"name":"1. Login with valid username and password.","time":{"start":1767296278669,"stop":1767296278669,"duration":0},"status":"passed","steps":[],"attachments":[],"parameters":[],"stepsCount":0,"shouldDisplayMessage":false,"attachmentsCount":0,"hasContent":false,"attachmentStep":false},{"name":"Enter tomsmith username","time":{"start":1767296278669,"stop":1767296278669,"duration":0},"status":"passed","steps":[],"attachments":[],"parameters":[],"stepsCount":0,"shouldDisplayMessage":false,"attachmentsCount":0,"hasContent":false,"attachmentStep":false},{"name":"Enter SuperSecretPassword! password","time":{"start":1767296278724,"stop":1767296278724,"duration":0},"status":"passed","steps":[],"attachments":[],"parameters":[],"stepsCount":0,"shouldDisplayMessage":false,"attachmentsCount":0,"hasContent":false,"attachmentStep":false},{"name":"Click on Submit button","time":{"start":1767296278775,"stop":1767296278775,"duration":0},"status":"passed","steps":[],"attachments":[],"parameters":[],"stepsCount":0,"shouldDisplayMessage":false,"attachmentsCount":0,"hasContent":false,"attachmentStep":false},{"name":"2. Verify success message present","time":{"start":1767296278947,"stop":1767296278947,"duration":0},"status":"passed","steps":[],"attachments":[],"parameters":[],"stepsCount":0,"shouldDisplayMessage":false,"attachmentsCount":0,"hasContent":false,"attachmentStep":false},{"name":"Verify success message present or not.","time":{"start":1767296278947,"stop":1767296278947,"duration":0},"status":"passed","steps":[],"attachments":[],"parameters":[],"stepsCount":0,"shouldDisplayMessage":false,"attachmentsCount":0,"hasContent":false,"attachmentStep":false}],"attachments":[],"parameters":[],"stepsCount":8,"shouldDisplayMessage":true,"attachmentsCount":0,"hasContent":true,"attachmentStep":false},"afterStages":[{"name":"teardown","time":{"start":1767296279029,"stop":1767296279100,"duration":71},"description":"","status":"passed","steps":[{"name":"Cleaning up driver instance: ChromeDriver: chrome on linux (dad8a559c8ac3aa605399dcf4c7d0c25)","time":{"start":1767296279029,"stop":1767296279029,"duration":0},"status":"passed","steps":[],"attachments":[],"parameters":[],"stepsCount":0,"shouldDisplayMessage":false,"attachmentsCount":0,"hasContent":false,"attachmentStep":false},{"name":"Complete time: 1 Jan 2026 19:37:59","time":{"start":1767296279100,"stop":1767296279100,"duration":0},"status":"passed","steps":[],"attachments":[],"parameters":[],"stepsCount":0,"shouldDisplayMessage":false,"attachmentsCount":0,"hasContent":false,"attachmentStep":false}],"attachments":[],"parameters":[],"stepsCount":2,"shouldDisplayMessage":false,"attachmentsCount":0,"hasContent":true,"attachmentStep":false}],"labels":[{"name":"package","value":"test.java.tests.theInternet.parallel.TestThree"},{"name":"testClass","value":"test.java.tests.theInternet.parallel.TestThree"},{"name":"testMethod","value":"testThreeExpectedFailure"},{"name":"parentSuite","value":"Suite - Parallel Execution"},{"name":"suite","value":"Test Parallel Execution"},{"name":"subSuite","value":"test.java.tests.theInternet.parallel.TestThree"},{"name":"host","value":"runnervmh13bl"},{"name":"thread","value":"2708@runnervmh13bl.TestNG-test=Test Parallel Execution-12(222)"},{"name":"framework","value":"testng"},{"name":"language","value":"java"},{"name":"severity","value":"blocker"},{"name":"resultFormat","value":"allure2"}],"parameters":[],"links":[],"hidden":false,"retry":false,"extra":{"severity":"blocker","retries":[{"uid":"be76915f270b0608","status":"skipped","statusDetails":"success message not present expected [false] but found [true]","time":{"start":1767296276897,"stop":1767296277767,"duration":870}},{"uid":"919a36e4f41dfa2d","status":"skipped","statusDetails":"success message not present expected [false] but found [true]","time":{"start":1767296275418,"stop":1767296276550,"duration":1132}}],"categories":[{"name":"Product defects","matchedStatuses":[],"flaky":false}],"history":{"statistic":{"failed":68,"broken":0,"skipped":2,"passed":4,"unknown":0,"total":74},"items":[{"uid":"bedf8f97ac101180","reportUrl":"https://jagadeeshshetty.github.io/SeleniumMaven/164/#testresult/bedf8f97ac101180","status":"failed","statusDetails":"success message not present expected [false] but found [true]","time":{"start":1767209835547,"stop":1767209836995,"duration":1448}},{"uid":"703b1ac4ec998fa","reportUrl":"https://jagadeeshshetty.github.io/SeleniumMaven/163/#testresult/703b1ac4ec998fa","status":"failed","statusDetails":"success message not present expected [false] but found [true]","time":{"start":1767123443134,"stop":1767123444204,"duration":1070}},{"uid":"2107a2870d20bb0b","reportUrl":"https://jagadeeshshetty.github.io/SeleniumMaven/162/#testresult/2107a2870d20bb0b","status":"failed","statusDetails":"success message not present expected [false] but found [true]","time":{"start":1767037035269,"stop":1767037036087,"duration":818}},{"uid":"2b813d2b3b0d94","reportUrl":"https://jagadeeshshetty.github.io/SeleniumMaven/161/#testresult/2b813d2b3b0d94","status":"failed","statusDetails":"success message not present expected [false] but found [true]","time":{"start":1766950617469,"stop":1766950618602,"duration":1133}},{"uid":"6b7e7614b90c4d9e","reportUrl":"https://jagadeeshshetty.github.io/SeleniumMaven/160/#testresult/6b7e7614b90c4d9e","status":"failed","statusDetails":"success message not present expected [false] but found [true]","time":{"start":1766864246009,"stop":1766864246638,"duration":629}},{"uid":"797f56474d1d4c30","reportUrl":"https://jagadeeshshetty.github.io/SeleniumMaven/159/#testresult/797f56474d1d4c30","status":"failed","statusDetails":"success message not present expected [false] but found [true]","time":{"start":1766777816477,"stop":1766777817896,"duration":1419}},{"uid":"91eccbc9219e2fd7","reportUrl":"https://jagadeeshshetty.github.io/SeleniumMaven/158/#testresult/91eccbc9219e2fd7","status":"failed","statusDetails":"success message not present expected [false] but found [true]","time":{"start":1766691517212,"stop":1766691517649,"duration":437}},{"uid":"f695b90856caa118","reportUrl":"https://jagadeeshshetty.github.io/SeleniumMaven/157/#testresult/f695b90856caa118","status":"passed","time":{"start":1766605255429,"stop":1766605304786,"duration":49357}},{"uid":"75aa3faeb61f3d17","reportUrl":"https://jagadeeshshetty.github.io/SeleniumMaven/156/#testresult/75aa3faeb61f3d17","status":"failed","statusDetails":"success message not present expected [false] but found [true]","time":{"start":1766518642456,"stop":1766518642907,"duration":451}},{"uid":"3b48dab069c29383","reportUrl":"https://jagadeeshshetty.github.io/SeleniumMaven/155/#testresult/3b48dab069c29383","status":"failed","statusDetails":"success message not present expected [false] but found [true]","time":{"start":1766432236413,"stop":1766432237272,"duration":859}},{"uid":"b9dc4d199946d935","reportUrl":"https://jagadeeshshetty.github.io/SeleniumMaven/154/#testresult/b9dc4d199946d935","status":"failed","statusDetails":"success message not present expected [false] but found [true]","time":{"start":1766345807440,"stop":1766345808120,"duration":680}},{"uid":"bad2d808b4425b8a","reportUrl":"https://jagadeeshshetty.github.io/SeleniumMaven/153/#testresult/bad2d808b4425b8a","status":"failed","statusDetails":"success message not present expected [false] but found [true]","time":{"start":1766259501782,"stop":1766259503205,"duration":1423}},{"uid":"987aa2d36f08c8ac","reportUrl":"https://jagadeeshshetty.github.io/SeleniumMaven/152/#testresult/987aa2d36f08c8ac","status":"failed","statusDetails":"success message not present expected [false] but found [true]","time":{"start":1766173058739,"stop":1766173059190,"duration":451}},{"uid":"a41f0a74860bb476","reportUrl":"https://jagadeeshshetty.github.io/SeleniumMaven/151/#testresult/a41f0a74860bb476","status":"failed","statusDetails":"success message not present expected [false] but found [true]","time":{"start":1766087089987,"stop":1766087091455,"duration":1468}},{"uid":"218c0f7a1620a06b","reportUrl":"https://jagadeeshshetty.github.io/SeleniumMaven/150/#testresult/218c0f7a1620a06b","status":"failed","statusDetails":"success message not present expected [false] but found [true]","time":{"start":1766000522640,"stop":1766000524054,"duration":1414}},{"uid":"7e0808c87e33bb97","reportUrl":"https://jagadeeshshetty.github.io/SeleniumMaven/149/#testresult/7e0808c87e33bb97","status":"failed","statusDetails":"success message not present expected [false] but found [true]","time":{"start":1765913957141,"stop":1765913958568,"duration":1427}},{"uid":"d09dc58f350f890f","reportUrl":"https://jagadeeshshetty.github.io/SeleniumMaven/148/#testresult/d09dc58f350f890f","status":"failed","statusDetails":"success message not present expected [false] but found [true]","time":{"start":1765827573108,"stop":1765827573574,"duration":466}},{"uid":"6103d0223cebad1c","reportUrl":"https://jagadeeshshetty.github.io/SeleniumMaven/147/#testresult/6103d0223cebad1c","status":"failed","statusDetails":"success message not present expected [false] but found [true]","time":{"start":1765741107870,"stop":1765741110304,"duration":2434}},{"uid":"75db81d0a239e685","reportUrl":"https://jagadeeshshetty.github.io/SeleniumMaven/146/#testresult/75db81d0a239e685","status":"failed","statusDetails":"success message not present expected [false] but found [true]","time":{"start":1765715980000,"stop":1765715980649,"duration":649}},{"uid":"d8e6f28e9468541","reportUrl":"https://jagadeeshshetty.github.io/SeleniumMaven/145/#testresult/d8e6f28e9468541","status":"failed","statusDetails":"success message not present expected [false] but found [true]","time":{"start":1765715245086,"stop":1765715246159,"duration":1073}}]},"tags":[]},"source":"94340d6bc2aad99b.json","parameterValues":[]}