{"uid":"8c8fc7858f37732e","name":"testThreeExpectedFailure","fullName":"test.java.tests.theInternet.parallel.TestThree.testThreeExpectedFailure","historyId":"cad436207142227918581ae7912911d3","time":{"start":1767987591850,"stop":1767987592943,"duration":1093},"description":"Verify the successful login with valid username and password.","descriptionHtml":"<p>Verify the successful login with valid username and password.</p>\n","status":"failed","statusMessage":"success message not present expected [false] but found [true]","statusTrace":"java.lang.AssertionError: success message not present expected [false] but found [true]\n\tat org.testng.Assert.fail(Assert.java:110)\n\tat org.testng.Assert.failNotEquals(Assert.java:1577)\n\tat org.testng.Assert.assertFalse(Assert.java:78)\n\tat test.java.tests.theInternet.parallel.TestThree.testThreeExpectedFailure(TestThree.java:77)\n\tat java.base/jdk.internal.reflect.NativeMethodAccessorImpl.invoke0(Native Method)\n\tat java.base/jdk.internal.reflect.NativeMethodAccessorImpl.invoke(NativeMethodAccessorImpl.java:77)\n\tat java.base/jdk.internal.reflect.DelegatingMethodAccessorImpl.invoke(DelegatingMethodAccessorImpl.java:43)\n\tat java.base/java.lang.reflect.Method.invoke(Method.java:569)\n\tat org.testng.internal.invokers.MethodInvocationHelper.invokeMethod(MethodInvocationHelper.java:139)\n\tat org.testng.internal.invokers.TestInvoker.invokeMethod(TestInvoker.java:677)\n\tat org.testng.internal.invokers.TestInvoker.retryFailed(TestInvoker.java:263)\n\tat org.testng.internal.invokers.MethodRunner.runInSequence(MethodRunner.java:62)\n\tat org.testng.internal.invokers.TestInvoker$MethodInvocationAgent.invoke(TestInvoker.java:969)\n\tat org.testng.internal.invokers.TestInvoker.invokeTestMethods(TestInvoker.java:194)\n\tat org.testng.internal.invokers.TestMethodWorker.invokeTestMethods(TestMethodWorker.java:148)\n\tat org.testng.internal.invokers.TestMethodWorker.run(TestMethodWorker.java:128)\n\tat java.base/java.util.concurrent.ThreadPoolExecutor.runWorker(ThreadPoolExecutor.java:1136)\n\tat java.base/java.util.concurrent.ThreadPoolExecutor$Worker.run(ThreadPoolExecutor.java:635)\n\tat java.base/java.lang.Thread.run(Thread.java:840)\n","flaky":false,"newFailed":false,"newBroken":false,"newPassed":false,"retriesCount":2,"retriesStatusChange":true,"beforeStages":[{"name":"setup","time":{"start":1767987591568,"stop":1767987591849,"duration":281},"description":"","status":"passed","steps":[{"name":"Start time: 9 Jan 2026 19:39:51","time":{"start":1767987591568,"stop":1767987591568,"duration":0},"status":"passed","steps":[],"attachments":[],"parameters":[],"stepsCount":0,"shouldDisplayMessage":false,"attachmentsCount":0,"hasContent":false,"attachmentStep":false},{"name":"Running Test on 'Linux' OS.","time":{"start":1767987591568,"stop":1767987591568,"duration":0},"status":"passed","steps":[],"attachments":[],"parameters":[],"stepsCount":0,"shouldDisplayMessage":false,"attachmentsCount":0,"hasContent":false,"attachmentStep":false},{"name":"JVM Version: 17.0.17","time":{"start":1767987591568,"stop":1767987591568,"duration":0},"status":"passed","steps":[],"attachments":[],"parameters":[],"stepsCount":0,"shouldDisplayMessage":false,"attachmentsCount":0,"hasContent":false,"attachmentStep":false},{"name":"Browser: CHROME 143.0.7499.169","time":{"start":1767987591844,"stop":1767987591844,"duration":0},"status":"passed","steps":[],"attachments":[],"parameters":[],"stepsCount":0,"shouldDisplayMessage":false,"attachmentsCount":0,"hasContent":false,"attachmentStep":false},{"name":"Driver instance: ChromeDriver: chrome on linux (a1540e7ded34f4b577b97049349e1d47)","time":{"start":1767987591844,"stop":1767987591844,"duration":0},"status":"passed","steps":[],"attachments":[],"parameters":[],"stepsCount":0,"shouldDisplayMessage":false,"attachmentsCount":0,"hasContent":false,"attachmentStep":false}],"attachments":[],"parameters":[],"stepsCount":5,"shouldDisplayMessage":false,"attachmentsCount":0,"hasContent":true,"attachmentStep":false}],"testStage":{"description":"Verify the successful login with valid username and password.","status":"failed","statusMessage":"success message not present expected [false] but found [true]","statusTrace":"java.lang.AssertionError: success message not present expected [false] but found [true]\n\tat org.testng.Assert.fail(Assert.java:110)\n\tat org.testng.Assert.failNotEquals(Assert.java:1577)\n\tat org.testng.Assert.assertFalse(Assert.java:78)\n\tat test.java.tests.theInternet.parallel.TestThree.testThreeExpectedFailure(TestThree.java:77)\n\tat java.base/jdk.internal.reflect.NativeMethodAccessorImpl.invoke0(Native Method)\n\tat java.base/jdk.internal.reflect.NativeMethodAccessorImpl.invoke(NativeMethodAccessorImpl.java:77)\n\tat java.base/jdk.internal.reflect.DelegatingMethodAccessorImpl.invoke(DelegatingMethodAccessorImpl.java:43)\n\tat java.base/java.lang.reflect.Method.invoke(Method.java:569)\n\tat org.testng.internal.invokers.MethodInvocationHelper.invokeMethod(MethodInvocationHelper.java:139)\n\tat org.testng.internal.invokers.TestInvoker.invokeMethod(TestInvoker.java:677)\n\tat org.testng.internal.invokers.TestInvoker.retryFailed(TestInvoker.java:263)\n\tat org.testng.internal.invokers.MethodRunner.runInSequence(MethodRunner.java:62)\n\tat org.testng.internal.invokers.TestInvoker$MethodInvocationAgent.invoke(TestInvoker.java:969)\n\tat org.testng.internal.invokers.TestInvoker.invokeTestMethods(TestInvoker.java:194)\n\tat org.testng.internal.invokers.TestMethodWorker.invokeTestMethods(TestMethodWorker.java:148)\n\tat org.testng.internal.invokers.TestMethodWorker.run(TestMethodWorker.java:128)\n\tat java.base/java.util.concurrent.ThreadPoolExecutor.runWorker(ThreadPoolExecutor.java:1136)\n\tat java.base/java.util.concurrent.ThreadPoolExecutor$Worker.run(ThreadPoolExecutor.java:635)\n\tat java.base/java.lang.Thread.run(Thread.java:840)\n","steps":[{"name":"Access http://the-internet.herokuapp.com/login URL.","time":{"start":1767987591850,"stop":1767987591850,"duration":0},"status":"passed","steps":[],"attachments":[],"parameters":[],"stepsCount":0,"shouldDisplayMessage":false,"attachmentsCount":0,"hasContent":false,"attachmentStep":false},{"name":"Verify login form present or not.","time":{"start":1767987592455,"stop":1767987592455,"duration":0},"status":"passed","steps":[],"attachments":[],"parameters":[],"stepsCount":0,"shouldDisplayMessage":false,"attachmentsCount":0,"hasContent":false,"attachmentStep":false},{"name":"1. Login with valid username and password.","time":{"start":1767987592675,"stop":1767987592675,"duration":0},"status":"passed","steps":[],"attachments":[],"parameters":[],"stepsCount":0,"shouldDisplayMessage":false,"attachmentsCount":0,"hasContent":false,"attachmentStep":false},{"name":"Enter tomsmith username","time":{"start":1767987592675,"stop":1767987592675,"duration":0},"status":"passed","steps":[],"attachments":[],"parameters":[],"stepsCount":0,"shouldDisplayMessage":false,"attachmentsCount":0,"hasContent":false,"attachmentStep":false},{"name":"Enter SuperSecretPassword! password","time":{"start":1767987592727,"stop":1767987592727,"duration":0},"status":"passed","steps":[],"attachments":[],"parameters":[],"stepsCount":0,"shouldDisplayMessage":false,"attachmentsCount":0,"hasContent":false,"attachmentStep":false},{"name":"Click on Submit button","time":{"start":1767987592774,"stop":1767987592774,"duration":0},"status":"passed","steps":[],"attachments":[],"parameters":[],"stepsCount":0,"shouldDisplayMessage":false,"attachmentsCount":0,"hasContent":false,"attachmentStep":false},{"name":"2. Verify success message present","time":{"start":1767987592921,"stop":1767987592921,"duration":0},"status":"passed","steps":[],"attachments":[],"parameters":[],"stepsCount":0,"shouldDisplayMessage":false,"attachmentsCount":0,"hasContent":false,"attachmentStep":false},{"name":"Verify success message present or not.","time":{"start":1767987592921,"stop":1767987592921,"duration":0},"status":"passed","steps":[],"attachments":[],"parameters":[],"stepsCount":0,"shouldDisplayMessage":false,"attachmentsCount":0,"hasContent":false,"attachmentStep":false}],"attachments":[],"parameters":[],"stepsCount":8,"shouldDisplayMessage":true,"attachmentsCount":0,"hasContent":true,"attachmentStep":false},"afterStages":[{"name":"teardown","time":{"start":1767987593012,"stop":1767987593082,"duration":70},"description":"","status":"passed","steps":[{"name":"Cleaning up driver instance: ChromeDriver: chrome on linux (a1540e7ded34f4b577b97049349e1d47)","time":{"start":1767987593012,"stop":1767987593012,"duration":0},"status":"passed","steps":[],"attachments":[],"parameters":[],"stepsCount":0,"shouldDisplayMessage":false,"attachmentsCount":0,"hasContent":false,"attachmentStep":false},{"name":"Complete time: 9 Jan 2026 19:39:53","time":{"start":1767987593082,"stop":1767987593082,"duration":0},"status":"passed","steps":[],"attachments":[],"parameters":[],"stepsCount":0,"shouldDisplayMessage":false,"attachmentsCount":0,"hasContent":false,"attachmentStep":false}],"attachments":[],"parameters":[],"stepsCount":2,"shouldDisplayMessage":false,"attachmentsCount":0,"hasContent":true,"attachmentStep":false}],"labels":[{"name":"package","value":"test.java.tests.theInternet.parallel.TestThree"},{"name":"testClass","value":"test.java.tests.theInternet.parallel.TestThree"},{"name":"testMethod","value":"testThreeExpectedFailure"},{"name":"parentSuite","value":"Suite - Parallel Execution"},{"name":"suite","value":"Test Parallel Execution"},{"name":"subSuite","value":"test.java.tests.theInternet.parallel.TestThree"},{"name":"host","value":"runnervmi13qx"},{"name":"thread","value":"2770@runnervmi13qx.TestNG-test=Test Parallel Execution-12(258)"},{"name":"framework","value":"testng"},{"name":"language","value":"java"},{"name":"severity","value":"blocker"},{"name":"resultFormat","value":"allure2"}],"parameters":[],"links":[],"hidden":false,"retry":false,"extra":{"severity":"blocker","retries":[{"uid":"baae116ab87ba517","status":"skipped","statusDetails":"success message not present expected [false] but found [true]","time":{"start":1767987590832,"stop":1767987591497,"duration":665}},{"uid":"1679dd5e4a31868c","status":"skipped","statusDetails":"success message not present expected [false] but found [true]","time":{"start":1767987589242,"stop":1767987590448,"duration":1206}}],"categories":[{"name":"Product defects","matchedStatuses":[],"flaky":false}],"history":{"statistic":{"failed":76,"broken":0,"skipped":2,"passed":4,"unknown":0,"total":82},"items":[{"uid":"1baaca89029f81a9","reportUrl":"https://jagadeeshshetty.github.io/SeleniumMaven/172/#testresult/1baaca89029f81a9","status":"failed","statusDetails":"success message not present expected [false] but found [true]","time":{"start":1767901397516,"stop":1767901398873,"duration":1357}},{"uid":"1cdade1aad02b293","reportUrl":"https://jagadeeshshetty.github.io/SeleniumMaven/171/#testresult/1cdade1aad02b293","status":"failed","statusDetails":"success message not present expected [false] but found [true]","time":{"start":1767814830788,"stop":1767814831254,"duration":466}},{"uid":"c0942faae760b784","reportUrl":"https://jagadeeshshetty.github.io/SeleniumMaven/170/#testresult/c0942faae760b784","status":"failed","statusDetails":"success message not present expected [false] but found [true]","time":{"start":1767728331936,"stop":1767728332402,"duration":466}},{"uid":"d4ea07d2a2fc645b","reportUrl":"https://jagadeeshshetty.github.io/SeleniumMaven/169/#testresult/d4ea07d2a2fc645b","status":"failed","statusDetails":"success message not present expected [false] but found [true]","time":{"start":1767642071853,"stop":1767642072752,"duration":899}},{"uid":"5c8c96925196040d","reportUrl":"https://jagadeeshshetty.github.io/SeleniumMaven/168/#testresult/5c8c96925196040d","status":"failed","statusDetails":"success message not present expected [false] but found [true]","time":{"start":1767555390757,"stop":1767555391423,"duration":666}},{"uid":"c9a76a515254a818","reportUrl":"https://jagadeeshshetty.github.io/SeleniumMaven/167/#testresult/c9a76a515254a818","status":"failed","statusDetails":"success message not present expected [false] but found [true]","time":{"start":1767469083292,"stop":1767469084698,"duration":1406}},{"uid":"f6240215805afd10","reportUrl":"https://jagadeeshshetty.github.io/SeleniumMaven/166/#testresult/f6240215805afd10","status":"failed","statusDetails":"success message not present expected [false] but found [true]","time":{"start":1767383028225,"stop":1767383029613,"duration":1388}},{"uid":"94340d6bc2aad99b","reportUrl":"https://jagadeeshshetty.github.io/SeleniumMaven/165/#testresult/94340d6bc2aad99b","status":"failed","statusDetails":"success message not present expected [false] but found [true]","time":{"start":1767296278108,"stop":1767296278970,"duration":862}},{"uid":"bedf8f97ac101180","reportUrl":"https://jagadeeshshetty.github.io/SeleniumMaven/164/#testresult/bedf8f97ac101180","status":"failed","statusDetails":"success message not present expected [false] but found [true]","time":{"start":1767209835547,"stop":1767209836995,"duration":1448}},{"uid":"703b1ac4ec998fa","reportUrl":"https://jagadeeshshetty.github.io/SeleniumMaven/163/#testresult/703b1ac4ec998fa","status":"failed","statusDetails":"success message not present expected [false] but found [true]","time":{"start":1767123443134,"stop":1767123444204,"duration":1070}},{"uid":"2107a2870d20bb0b","reportUrl":"https://jagadeeshshetty.github.io/SeleniumMaven/162/#testresult/2107a2870d20bb0b","status":"failed","statusDetails":"success message not present expected [false] but found [true]","time":{"start":1767037035269,"stop":1767037036087,"duration":818}},{"uid":"2b813d2b3b0d94","reportUrl":"https://jagadeeshshetty.github.io/SeleniumMaven/161/#testresult/2b813d2b3b0d94","status":"failed","statusDetails":"success message not present expected [false] but found [true]","time":{"start":1766950617469,"stop":1766950618602,"duration":1133}},{"uid":"6b7e7614b90c4d9e","reportUrl":"https://jagadeeshshetty.github.io/SeleniumMaven/160/#testresult/6b7e7614b90c4d9e","status":"failed","statusDetails":"success message not present expected [false] but found [true]","time":{"start":1766864246009,"stop":1766864246638,"duration":629}},{"uid":"797f56474d1d4c30","reportUrl":"https://jagadeeshshetty.github.io/SeleniumMaven/159/#testresult/797f56474d1d4c30","status":"failed","statusDetails":"success message not present expected [false] but found [true]","time":{"start":1766777816477,"stop":1766777817896,"duration":1419}},{"uid":"91eccbc9219e2fd7","reportUrl":"https://jagadeeshshetty.github.io/SeleniumMaven/158/#testresult/91eccbc9219e2fd7","status":"failed","statusDetails":"success message not present expected [false] but found [true]","time":{"start":1766691517212,"stop":1766691517649,"duration":437}},{"uid":"f695b90856caa118","reportUrl":"https://jagadeeshshetty.github.io/SeleniumMaven/157/#testresult/f695b90856caa118","status":"passed","time":{"start":1766605255429,"stop":1766605304786,"duration":49357}},{"uid":"75aa3faeb61f3d17","reportUrl":"https://jagadeeshshetty.github.io/SeleniumMaven/156/#testresult/75aa3faeb61f3d17","status":"failed","statusDetails":"success message not present expected [false] but found [true]","time":{"start":1766518642456,"stop":1766518642907,"duration":451}},{"uid":"3b48dab069c29383","reportUrl":"https://jagadeeshshetty.github.io/SeleniumMaven/155/#testresult/3b48dab069c29383","status":"failed","statusDetails":"success message not present expected [false] but found [true]","time":{"start":1766432236413,"stop":1766432237272,"duration":859}},{"uid":"b9dc4d199946d935","reportUrl":"https://jagadeeshshetty.github.io/SeleniumMaven/154/#testresult/b9dc4d199946d935","status":"failed","statusDetails":"success message not present expected [false] but found [true]","time":{"start":1766345807440,"stop":1766345808120,"duration":680}},{"uid":"bad2d808b4425b8a","reportUrl":"https://jagadeeshshetty.github.io/SeleniumMaven/153/#testresult/bad2d808b4425b8a","status":"failed","statusDetails":"success message not present expected [false] but found [true]","time":{"start":1766259501782,"stop":1766259503205,"duration":1423}}]},"tags":[]},"source":"8c8fc7858f37732e.json","parameterValues":[]}