{"uid":"482c34304f2aa33d","name":"testTwoExpectedFailure","fullName":"test.java.tests.theInternet.parallel.TestTwo.testTwoExpectedFailure","historyId":"4efe4554ba541344b9f422311a9a859c","time":{"start":1766000372125,"stop":1766000373532,"duration":1407},"description":"Verify the successful login with valid username and password.","descriptionHtml":"<p>Verify the successful login with valid username and password.</p>\n","status":"failed","statusMessage":"success message not present expected [false] but found [true]","statusTrace":"java.lang.AssertionError: success message not present expected [false] but found [true]\n\tat org.testng.Assert.fail(Assert.java:110)\n\tat org.testng.Assert.failNotEquals(Assert.java:1577)\n\tat org.testng.Assert.assertFalse(Assert.java:78)\n\tat test.java.tests.theInternet.parallel.TestTwo.testTwoExpectedFailure(TestTwo.java:77)\n\tat java.base/jdk.internal.reflect.NativeMethodAccessorImpl.invoke0(Native Method)\n\tat java.base/jdk.internal.reflect.NativeMethodAccessorImpl.invoke(NativeMethodAccessorImpl.java:77)\n\tat java.base/jdk.internal.reflect.DelegatingMethodAccessorImpl.invoke(DelegatingMethodAccessorImpl.java:43)\n\tat java.base/java.lang.reflect.Method.invoke(Method.java:569)\n\tat org.testng.internal.invokers.MethodInvocationHelper.invokeMethod(MethodInvocationHelper.java:139)\n\tat org.testng.internal.invokers.TestInvoker.invokeMethod(TestInvoker.java:677)\n\tat org.testng.internal.invokers.TestInvoker.retryFailed(TestInvoker.java:263)\n\tat org.testng.internal.invokers.MethodRunner.runInSequence(MethodRunner.java:62)\n\tat org.testng.internal.invokers.TestInvoker$MethodInvocationAgent.invoke(TestInvoker.java:969)\n\tat org.testng.internal.invokers.TestInvoker.invokeTestMethods(TestInvoker.java:194)\n\tat org.testng.internal.invokers.TestMethodWorker.invokeTestMethods(TestMethodWorker.java:148)\n\tat org.testng.internal.invokers.TestMethodWorker.run(TestMethodWorker.java:128)\n\tat java.base/java.util.concurrent.ThreadPoolExecutor.runWorker(ThreadPoolExecutor.java:1136)\n\tat java.base/java.util.concurrent.ThreadPoolExecutor$Worker.run(ThreadPoolExecutor.java:635)\n\tat java.base/java.lang.Thread.run(Thread.java:840)\n","flaky":false,"newFailed":false,"newBroken":false,"newPassed":false,"retriesCount":2,"retriesStatusChange":true,"beforeStages":[{"name":"setup","time":{"start":1766000371852,"stop":1766000372123,"duration":271},"description":"","status":"passed","steps":[{"name":"Start time: 17 Dec 2025 19:39:31","time":{"start":1766000371852,"stop":1766000371852,"duration":0},"status":"passed","steps":[],"attachments":[],"parameters":[],"stepsCount":0,"shouldDisplayMessage":false,"attachmentsCount":0,"hasContent":false,"attachmentStep":false},{"name":"Running Test on 'Linux' OS.","time":{"start":1766000371852,"stop":1766000371852,"duration":0},"status":"passed","steps":[],"attachments":[],"parameters":[],"stepsCount":0,"shouldDisplayMessage":false,"attachmentsCount":0,"hasContent":false,"attachmentStep":false},{"name":"JVM Version: 17.0.17","time":{"start":1766000371852,"stop":1766000371852,"duration":0},"status":"passed","steps":[],"attachments":[],"parameters":[],"stepsCount":0,"shouldDisplayMessage":false,"attachmentsCount":0,"hasContent":false,"attachmentStep":false},{"name":"Browser: CHROME 143.0.7499.109","time":{"start":1766000372119,"stop":1766000372119,"duration":0},"status":"passed","steps":[],"attachments":[],"parameters":[],"stepsCount":0,"shouldDisplayMessage":false,"attachmentsCount":0,"hasContent":false,"attachmentStep":false},{"name":"Driver instance: ChromeDriver: chrome on linux (865c065705328a45a71c47dac785dc2f)","time":{"start":1766000372120,"stop":1766000372120,"duration":0},"status":"passed","steps":[],"attachments":[],"parameters":[],"stepsCount":0,"shouldDisplayMessage":false,"attachmentsCount":0,"hasContent":false,"attachmentStep":false}],"attachments":[],"parameters":[],"stepsCount":5,"shouldDisplayMessage":false,"attachmentsCount":0,"hasContent":true,"attachmentStep":false}],"testStage":{"description":"Verify the successful login with valid username and password.","status":"failed","statusMessage":"success message not present expected [false] but found [true]","statusTrace":"java.lang.AssertionError: success message not present expected [false] but found [true]\n\tat org.testng.Assert.fail(Assert.java:110)\n\tat org.testng.Assert.failNotEquals(Assert.java:1577)\n\tat org.testng.Assert.assertFalse(Assert.java:78)\n\tat test.java.tests.theInternet.parallel.TestTwo.testTwoExpectedFailure(TestTwo.java:77)\n\tat java.base/jdk.internal.reflect.NativeMethodAccessorImpl.invoke0(Native Method)\n\tat java.base/jdk.internal.reflect.NativeMethodAccessorImpl.invoke(NativeMethodAccessorImpl.java:77)\n\tat java.base/jdk.internal.reflect.DelegatingMethodAccessorImpl.invoke(DelegatingMethodAccessorImpl.java:43)\n\tat java.base/java.lang.reflect.Method.invoke(Method.java:569)\n\tat org.testng.internal.invokers.MethodInvocationHelper.invokeMethod(MethodInvocationHelper.java:139)\n\tat org.testng.internal.invokers.TestInvoker.invokeMethod(TestInvoker.java:677)\n\tat org.testng.internal.invokers.TestInvoker.retryFailed(TestInvoker.java:263)\n\tat org.testng.internal.invokers.MethodRunner.runInSequence(MethodRunner.java:62)\n\tat org.testng.internal.invokers.TestInvoker$MethodInvocationAgent.invoke(TestInvoker.java:969)\n\tat org.testng.internal.invokers.TestInvoker.invokeTestMethods(TestInvoker.java:194)\n\tat org.testng.internal.invokers.TestMethodWorker.invokeTestMethods(TestMethodWorker.java:148)\n\tat org.testng.internal.invokers.TestMethodWorker.run(TestMethodWorker.java:128)\n\tat java.base/java.util.concurrent.ThreadPoolExecutor.runWorker(ThreadPoolExecutor.java:1136)\n\tat java.base/java.util.concurrent.ThreadPoolExecutor$Worker.run(ThreadPoolExecutor.java:635)\n\tat java.base/java.lang.Thread.run(Thread.java:840)\n","steps":[{"name":"Access http://the-internet.herokuapp.com/login URL.","time":{"start":1766000372125,"stop":1766000372125,"duration":0},"status":"passed","steps":[],"attachments":[],"parameters":[],"stepsCount":0,"shouldDisplayMessage":false,"attachmentsCount":0,"hasContent":false,"attachmentStep":false},{"name":"Verify login form present or not.","time":{"start":1766000373127,"stop":1766000373127,"duration":0},"status":"passed","steps":[],"attachments":[],"parameters":[],"stepsCount":0,"shouldDisplayMessage":false,"attachmentsCount":0,"hasContent":false,"attachmentStep":false},{"name":"1. Login with valid username and password.","time":{"start":1766000373154,"stop":1766000373154,"duration":0},"status":"passed","steps":[],"attachments":[],"parameters":[],"stepsCount":0,"shouldDisplayMessage":false,"attachmentsCount":0,"hasContent":false,"attachmentStep":false},{"name":"Enter tomsmith username","time":{"start":1766000373154,"stop":1766000373154,"duration":0},"status":"passed","steps":[],"attachments":[],"parameters":[],"stepsCount":0,"shouldDisplayMessage":false,"attachmentsCount":0,"hasContent":false,"attachmentStep":false},{"name":"Enter SuperSecretPassword! password","time":{"start":1766000373207,"stop":1766000373207,"duration":0},"status":"passed","steps":[],"attachments":[],"parameters":[],"stepsCount":0,"shouldDisplayMessage":false,"attachmentsCount":0,"hasContent":false,"attachmentStep":false},{"name":"Click on Submit button","time":{"start":1766000373257,"stop":1766000373257,"duration":0},"status":"passed","steps":[],"attachments":[],"parameters":[],"stepsCount":0,"shouldDisplayMessage":false,"attachmentsCount":0,"hasContent":false,"attachmentStep":false},{"name":"2. Verify success message present","time":{"start":1766000373315,"stop":1766000373315,"duration":0},"status":"passed","steps":[],"attachments":[],"parameters":[],"stepsCount":0,"shouldDisplayMessage":false,"attachmentsCount":0,"hasContent":false,"attachmentStep":false},{"name":"Verify success message present or not.","time":{"start":1766000373315,"stop":1766000373315,"duration":0},"status":"passed","steps":[],"attachments":[],"parameters":[],"stepsCount":0,"shouldDisplayMessage":false,"attachmentsCount":0,"hasContent":false,"attachmentStep":false}],"attachments":[],"parameters":[],"stepsCount":8,"shouldDisplayMessage":true,"attachmentsCount":0,"hasContent":true,"attachmentStep":false},"afterStages":[{"name":"teardown","time":{"start":1766000373587,"stop":1766000373658,"duration":71},"description":"","status":"passed","steps":[{"name":"Cleaning up driver instance: ChromeDriver: chrome on linux (865c065705328a45a71c47dac785dc2f)","time":{"start":1766000373587,"stop":1766000373587,"duration":0},"status":"passed","steps":[],"attachments":[],"parameters":[],"stepsCount":0,"shouldDisplayMessage":false,"attachmentsCount":0,"hasContent":false,"attachmentStep":false},{"name":"Complete time: 17 Dec 2025 19:39:33","time":{"start":1766000373658,"stop":1766000373658,"duration":0},"status":"passed","steps":[],"attachments":[],"parameters":[],"stepsCount":0,"shouldDisplayMessage":false,"attachmentsCount":0,"hasContent":false,"attachmentStep":false}],"attachments":[],"parameters":[],"stepsCount":2,"shouldDisplayMessage":false,"attachmentsCount":0,"hasContent":true,"attachmentStep":false}],"labels":[{"name":"package","value":"test.java.tests.theInternet.parallel.TestTwo"},{"name":"testClass","value":"test.java.tests.theInternet.parallel.TestTwo"},{"name":"testMethod","value":"testTwoExpectedFailure"},{"name":"parentSuite","value":"Suite - Parallel Execution"},{"name":"suite","value":"Test Parallel Execution"},{"name":"subSuite","value":"test.java.tests.theInternet.parallel.TestTwo"},{"name":"host","value":"runnervmh13bl"},{"name":"thread","value":"2706@runnervmh13bl.TestNG-test=Test Parallel Execution-8(125)"},{"name":"framework","value":"testng"},{"name":"language","value":"java"},{"name":"severity","value":"blocker"},{"name":"resultFormat","value":"allure2"}],"parameters":[],"links":[],"hidden":false,"retry":false,"extra":{"severity":"blocker","retries":[{"uid":"8f07c92130c6a8e3","status":"skipped","statusDetails":"success message not present expected [false] but found [true]","time":{"start":1766000370369,"stop":1766000371780,"duration":1411}},{"uid":"5b07c26ff46872b6","status":"skipped","statusDetails":"success message not present expected [false] but found [true]","time":{"start":1766000368408,"stop":1766000370030,"duration":1622}}],"categories":[{"name":"Product defects","matchedStatuses":[],"flaky":false}],"history":{"statistic":{"failed":52,"broken":1,"skipped":4,"passed":2,"unknown":0,"total":59},"items":[{"uid":"277badea001b0172","reportUrl":"https://jagadeeshshetty.github.io/SeleniumMaven/149/#testresult/277badea001b0172","status":"failed","statusDetails":"success message not present expected [false] but found [true]","time":{"start":1765913950762,"stop":1765913952271,"duration":1509}},{"uid":"f6e0dc6a431a9007","reportUrl":"https://jagadeeshshetty.github.io/SeleniumMaven/148/#testresult/f6e0dc6a431a9007","status":"failed","statusDetails":"success message not present expected [false] but found [true]","time":{"start":1765827569692,"stop":1765827570150,"duration":458}},{"uid":"5ee1dcbfb71b2b29","reportUrl":"https://jagadeeshshetty.github.io/SeleniumMaven/147/#testresult/5ee1dcbfb71b2b29","status":"failed","statusDetails":"success message not present expected [false] but found [true]","time":{"start":1765741008298,"stop":1765741009749,"duration":1451}},{"uid":"3814868f8e4fb0b9","reportUrl":"https://jagadeeshshetty.github.io/SeleniumMaven/146/#testresult/3814868f8e4fb0b9","status":"failed","statusDetails":"success message not present expected [false] but found [true]","time":{"start":1765715976003,"stop":1765715976654,"duration":651}},{"uid":"6fc9b781c2147d19","reportUrl":"https://jagadeeshshetty.github.io/SeleniumMaven/145/#testresult/6fc9b781c2147d19","status":"failed","statusDetails":"success message not present expected [false] but found [true]","time":{"start":1765715240139,"stop":1765715241212,"duration":1073}},{"uid":"d5700cfed282f6fa","reportUrl":"https://jagadeeshshetty.github.io/SeleniumMaven/144/#testresult/d5700cfed282f6fa","status":"failed","statusDetails":"success message not present expected [false] but found [true]","time":{"start":1765711458398,"stop":1765711458862,"duration":464}},{"uid":"17521c11daf6f9d7","reportUrl":"https://jagadeeshshetty.github.io/SeleniumMaven/143/#testresult/17521c11daf6f9d7","status":"failed","statusDetails":"success message not present expected [false] but found [true]","time":{"start":1765710337779,"stop":1765710338840,"duration":1061}},{"uid":"f184930f4a52821b","reportUrl":"https://jagadeeshshetty.github.io/SeleniumMaven/142/#testresult/f184930f4a52821b","status":"failed","statusDetails":"success message not present expected [false] but found [true]","time":{"start":1765707552620,"stop":1765707553696,"duration":1076}},{"uid":"90e95ec3ed0ede1b","reportUrl":"https://jagadeeshshetty.github.io/SeleniumMaven/141/#testresult/90e95ec3ed0ede1b","status":"failed","statusDetails":"success message not present expected [false] but found [true]","time":{"start":1765701877762,"stop":1765701878409,"duration":647}},{"uid":"cacde73881bbfa7b","reportUrl":"https://jagadeeshshetty.github.io/SeleniumMaven/140/#testresult/cacde73881bbfa7b","status":"failed","statusDetails":"success message not present expected [false] but found [true]","time":{"start":1765701450128,"stop":1765701451328,"duration":1200}},{"uid":"ca39868d30d4a4cd","reportUrl":"https://jagadeeshshetty.github.io/SeleniumMaven/140/#testresult/ca39868d30d4a4cd","status":"failed","statusDetails":"success message not present expected [false] but found [true]","time":{"start":1765700355744,"stop":1765700356833,"duration":1089}},{"uid":"921f41b94c7347d1","reportUrl":"https://jagadeeshshetty.github.io/SeleniumMaven/139/#testresult/921f41b94c7347d1","status":"failed","statusDetails":"success message not present expected [false] but found [true]","time":{"start":1765699460263,"stop":1765699461094,"duration":831}},{"uid":"9259f514ee92ad37","reportUrl":"https://jagadeeshshetty.github.io/SeleniumMaven/125//#testresult/9259f514ee92ad37","status":"failed","statusDetails":"success message not present expected [false] but found [true]","time":{"start":1739606753831,"stop":1739606754318,"duration":487}},{"uid":"160cea3c719f045d","reportUrl":"https://jagadeeshshetty.github.io/SeleniumMaven/124//#testresult/160cea3c719f045d","status":"skipped","statusDetails":"java.util.ConcurrentModificationException","time":{"start":1739606751783,"stop":1739606751783,"duration":0}},{"uid":"57d70c7d887aae78","reportUrl":"https://jagadeeshshetty.github.io/SeleniumMaven/123//#testresult/57d70c7d887aae78","status":"failed","statusDetails":"success message not present expected [false] but found [true]","time":{"start":1736575356538,"stop":1736575357705,"duration":1167}},{"uid":"f5f28c83260f8639","reportUrl":"https://jagadeeshshetty.github.io/SeleniumMaven/122//#testresult/f5f28c83260f8639","status":"failed","statusDetails":"success message not present expected [false] but found [true]","time":{"start":1736575343823,"stop":1736575344335,"duration":512}},{"uid":"a0853412c624cfa3","reportUrl":"https://jagadeeshshetty.github.io/SeleniumMaven/121//#testresult/a0853412c624cfa3","status":"failed","statusDetails":"success message not present expected [false] but found [true]","time":{"start":1732253795028,"stop":1732253795692,"duration":664}},{"uid":"a7728179b7d71cef","reportUrl":"https://jagadeeshshetty.github.io/SeleniumMaven/120//#testresult/a7728179b7d71cef","status":"skipped","statusDetails":"java.util.ConcurrentModificationException","time":{"start":1732253796178,"stop":1732253796178,"duration":0}},{"uid":"926532caf8666037","reportUrl":"https://jagadeeshshetty.github.io/SeleniumMaven/118//#testresult/926532caf8666037","status":"failed","statusDetails":"success message not present expected [false] but found [true]","time":{"start":1728038028865,"stop":1728038030346,"duration":1481}},{"uid":"b90bca418ea6a9ab","reportUrl":"https://jagadeeshshetty.github.io/SeleniumMaven/115//#testresult/b90bca418ea6a9ab","status":"failed","statusDetails":"success message not present expected [false] but found [true]","time":{"start":1713139071343,"stop":1713139071998,"duration":655}}]},"tags":[]},"source":"482c34304f2aa33d.json","parameterValues":[]}