{"uid":"88a4ed3de5890fe8","name":"testFourExpectedFailure","fullName":"test.java.tests.theInternet.parallel.TestFour.testFourExpectedFailure","historyId":"ce09e92ae2bcb1db5e1b8af8fb14a997","time":{"start":1768073825803,"stop":1768073826495,"duration":692},"description":"Verify the successful login with valid username and password.","descriptionHtml":"<p>Verify the successful login with valid username and password.</p>\n","status":"failed","statusMessage":"success message not present expected [false] but found [true]","statusTrace":"java.lang.AssertionError: success message not present expected [false] but found [true]\n\tat org.testng.Assert.fail(Assert.java:110)\n\tat org.testng.Assert.failNotEquals(Assert.java:1577)\n\tat org.testng.Assert.assertFalse(Assert.java:78)\n\tat test.java.tests.theInternet.parallel.TestFour.testFourExpectedFailure(TestFour.java:77)\n\tat java.base/jdk.internal.reflect.NativeMethodAccessorImpl.invoke0(Native Method)\n\tat java.base/jdk.internal.reflect.NativeMethodAccessorImpl.invoke(NativeMethodAccessorImpl.java:77)\n\tat java.base/jdk.internal.reflect.DelegatingMethodAccessorImpl.invoke(DelegatingMethodAccessorImpl.java:43)\n\tat java.base/java.lang.reflect.Method.invoke(Method.java:569)\n\tat org.testng.internal.invokers.MethodInvocationHelper.invokeMethod(MethodInvocationHelper.java:139)\n\tat org.testng.internal.invokers.TestInvoker.invokeMethod(TestInvoker.java:677)\n\tat org.testng.internal.invokers.TestInvoker.retryFailed(TestInvoker.java:263)\n\tat org.testng.internal.invokers.MethodRunner.runInSequence(MethodRunner.java:62)\n\tat org.testng.internal.invokers.TestInvoker$MethodInvocationAgent.invoke(TestInvoker.java:969)\n\tat org.testng.internal.invokers.TestInvoker.invokeTestMethods(TestInvoker.java:194)\n\tat org.testng.internal.invokers.TestMethodWorker.invokeTestMethods(TestMethodWorker.java:148)\n\tat org.testng.internal.invokers.TestMethodWorker.run(TestMethodWorker.java:128)\n\tat java.base/java.util.concurrent.ThreadPoolExecutor.runWorker(ThreadPoolExecutor.java:1136)\n\tat java.base/java.util.concurrent.ThreadPoolExecutor$Worker.run(ThreadPoolExecutor.java:635)\n\tat java.base/java.lang.Thread.run(Thread.java:840)\n","flaky":false,"newFailed":false,"newBroken":false,"newPassed":false,"retriesCount":2,"retriesStatusChange":true,"beforeStages":[{"name":"setup","time":{"start":1768073825528,"stop":1768073825801,"duration":273},"description":"","status":"passed","steps":[{"name":"Start time: 10 Jan 2026 19:37:05","time":{"start":1768073825528,"stop":1768073825528,"duration":0},"status":"passed","steps":[],"attachments":[],"parameters":[],"stepsCount":0,"shouldDisplayMessage":false,"attachmentsCount":0,"hasContent":false,"attachmentStep":false},{"name":"Running Test on 'Linux' OS.","time":{"start":1768073825528,"stop":1768073825528,"duration":0},"status":"passed","steps":[],"attachments":[],"parameters":[],"stepsCount":0,"shouldDisplayMessage":false,"attachmentsCount":0,"hasContent":false,"attachmentStep":false},{"name":"JVM Version: 17.0.17","time":{"start":1768073825528,"stop":1768073825528,"duration":0},"status":"passed","steps":[],"attachments":[],"parameters":[],"stepsCount":0,"shouldDisplayMessage":false,"attachmentsCount":0,"hasContent":false,"attachmentStep":false},{"name":"Browser: CHROME 143.0.7499.169","time":{"start":1768073825799,"stop":1768073825799,"duration":0},"status":"passed","steps":[],"attachments":[],"parameters":[],"stepsCount":0,"shouldDisplayMessage":false,"attachmentsCount":0,"hasContent":false,"attachmentStep":false},{"name":"Driver instance: ChromeDriver: chrome on linux (216eb2a1c358ee120e3d13341efe3d81)","time":{"start":1768073825799,"stop":1768073825799,"duration":0},"status":"passed","steps":[],"attachments":[],"parameters":[],"stepsCount":0,"shouldDisplayMessage":false,"attachmentsCount":0,"hasContent":false,"attachmentStep":false}],"attachments":[],"parameters":[],"stepsCount":5,"shouldDisplayMessage":false,"attachmentsCount":0,"hasContent":true,"attachmentStep":false}],"testStage":{"description":"Verify the successful login with valid username and password.","status":"failed","statusMessage":"success message not present expected [false] but found [true]","statusTrace":"java.lang.AssertionError: success message not present expected [false] but found [true]\n\tat org.testng.Assert.fail(Assert.java:110)\n\tat org.testng.Assert.failNotEquals(Assert.java:1577)\n\tat org.testng.Assert.assertFalse(Assert.java:78)\n\tat test.java.tests.theInternet.parallel.TestFour.testFourExpectedFailure(TestFour.java:77)\n\tat java.base/jdk.internal.reflect.NativeMethodAccessorImpl.invoke0(Native Method)\n\tat java.base/jdk.internal.reflect.NativeMethodAccessorImpl.invoke(NativeMethodAccessorImpl.java:77)\n\tat java.base/jdk.internal.reflect.DelegatingMethodAccessorImpl.invoke(DelegatingMethodAccessorImpl.java:43)\n\tat java.base/java.lang.reflect.Method.invoke(Method.java:569)\n\tat org.testng.internal.invokers.MethodInvocationHelper.invokeMethod(MethodInvocationHelper.java:139)\n\tat org.testng.internal.invokers.TestInvoker.invokeMethod(TestInvoker.java:677)\n\tat org.testng.internal.invokers.TestInvoker.retryFailed(TestInvoker.java:263)\n\tat org.testng.internal.invokers.MethodRunner.runInSequence(MethodRunner.java:62)\n\tat org.testng.internal.invokers.TestInvoker$MethodInvocationAgent.invoke(TestInvoker.java:969)\n\tat org.testng.internal.invokers.TestInvoker.invokeTestMethods(TestInvoker.java:194)\n\tat org.testng.internal.invokers.TestMethodWorker.invokeTestMethods(TestMethodWorker.java:148)\n\tat org.testng.internal.invokers.TestMethodWorker.run(TestMethodWorker.java:128)\n\tat java.base/java.util.concurrent.ThreadPoolExecutor.runWorker(ThreadPoolExecutor.java:1136)\n\tat java.base/java.util.concurrent.ThreadPoolExecutor$Worker.run(ThreadPoolExecutor.java:635)\n\tat java.base/java.lang.Thread.run(Thread.java:840)\n","steps":[{"name":"Access http://the-internet.herokuapp.com/login URL.","time":{"start":1768073825803,"stop":1768073825803,"duration":0},"status":"passed","steps":[],"attachments":[],"parameters":[],"stepsCount":0,"shouldDisplayMessage":false,"attachmentsCount":0,"hasContent":false,"attachmentStep":false},{"name":"Verify login form present or not.","time":{"start":1768073826152,"stop":1768073826152,"duration":0},"status":"passed","steps":[],"attachments":[],"parameters":[],"stepsCount":0,"shouldDisplayMessage":false,"attachmentsCount":0,"hasContent":false,"attachmentStep":false},{"name":"1. Login with valid username and password.","time":{"start":1768073826182,"stop":1768073826182,"duration":0},"status":"passed","steps":[],"attachments":[],"parameters":[],"stepsCount":0,"shouldDisplayMessage":false,"attachmentsCount":0,"hasContent":false,"attachmentStep":false},{"name":"Enter tomsmith username","time":{"start":1768073826182,"stop":1768073826182,"duration":0},"status":"passed","steps":[],"attachments":[],"parameters":[],"stepsCount":0,"shouldDisplayMessage":false,"attachmentsCount":0,"hasContent":false,"attachmentStep":false},{"name":"Enter SuperSecretPassword! password","time":{"start":1768073826244,"stop":1768073826244,"duration":0},"status":"passed","steps":[],"attachments":[],"parameters":[],"stepsCount":0,"shouldDisplayMessage":false,"attachmentsCount":0,"hasContent":false,"attachmentStep":false},{"name":"Click on Submit button","time":{"start":1768073826307,"stop":1768073826307,"duration":0},"status":"passed","steps":[],"attachments":[],"parameters":[],"stepsCount":0,"shouldDisplayMessage":false,"attachmentsCount":0,"hasContent":false,"attachmentStep":false},{"name":"2. Verify success message present","time":{"start":1768073826469,"stop":1768073826469,"duration":0},"status":"passed","steps":[],"attachments":[],"parameters":[],"stepsCount":0,"shouldDisplayMessage":false,"attachmentsCount":0,"hasContent":false,"attachmentStep":false},{"name":"Verify success message present or not.","time":{"start":1768073826469,"stop":1768073826469,"duration":0},"status":"passed","steps":[],"attachments":[],"parameters":[],"stepsCount":0,"shouldDisplayMessage":false,"attachmentsCount":0,"hasContent":false,"attachmentStep":false}],"attachments":[],"parameters":[],"stepsCount":8,"shouldDisplayMessage":true,"attachmentsCount":0,"hasContent":true,"attachmentStep":false},"afterStages":[{"name":"teardown","time":{"start":1768073826555,"stop":1768073826626,"duration":71},"description":"","status":"passed","steps":[{"name":"Cleaning up driver instance: ChromeDriver: chrome on linux (216eb2a1c358ee120e3d13341efe3d81)","time":{"start":1768073826555,"stop":1768073826555,"duration":0},"status":"passed","steps":[],"attachments":[],"parameters":[],"stepsCount":0,"shouldDisplayMessage":false,"attachmentsCount":0,"hasContent":false,"attachmentStep":false},{"name":"Complete time: 10 Jan 2026 19:37:06","time":{"start":1768073826626,"stop":1768073826626,"duration":0},"status":"passed","steps":[],"attachments":[],"parameters":[],"stepsCount":0,"shouldDisplayMessage":false,"attachmentsCount":0,"hasContent":false,"attachmentStep":false}],"attachments":[],"parameters":[],"stepsCount":2,"shouldDisplayMessage":false,"attachmentsCount":0,"hasContent":true,"attachmentStep":false}],"labels":[{"name":"package","value":"test.java.tests.theInternet.parallel.TestFour"},{"name":"testClass","value":"test.java.tests.theInternet.parallel.TestFour"},{"name":"testMethod","value":"testFourExpectedFailure"},{"name":"parentSuite","value":"Suite - Parallel Execution"},{"name":"suite","value":"Test Parallel Execution"},{"name":"subSuite","value":"test.java.tests.theInternet.parallel.TestFour"},{"name":"host","value":"runnervmi13qx"},{"name":"thread","value":"2694@runnervmi13qx.TestNG-test=Test Parallel Execution-16(348)"},{"name":"framework","value":"testng"},{"name":"language","value":"java"},{"name":"severity","value":"blocker"},{"name":"resultFormat","value":"allure2"}],"parameters":[],"links":[],"hidden":false,"retry":false,"extra":{"severity":"blocker","retries":[{"uid":"5b26987b5322238e","status":"skipped","statusDetails":"success message not present expected [false] but found [true]","time":{"start":1768073824782,"stop":1768073825455,"duration":673}},{"uid":"75182a80b2c2519c","status":"skipped","statusDetails":"success message not present expected [false] but found [true]","time":{"start":1768073823480,"stop":1768073824405,"duration":925}}],"categories":[{"name":"Product defects","matchedStatuses":[],"flaky":false}],"history":{"statistic":{"failed":70,"broken":0,"skipped":3,"passed":10,"unknown":0,"total":83},"items":[{"uid":"dbed36a6515386e5","reportUrl":"https://jagadeeshshetty.github.io/SeleniumMaven/173/#testresult/dbed36a6515386e5","status":"failed","statusDetails":"success message not present expected [false] but found [true]","time":{"start":1767987596013,"stop":1767987596643,"duration":630}},{"uid":"846e41dfd0a0d487","reportUrl":"https://jagadeeshshetty.github.io/SeleniumMaven/172/#testresult/846e41dfd0a0d487","status":"failed","statusDetails":"success message not present expected [false] but found [true]","time":{"start":1767901403420,"stop":1767901404796,"duration":1376}},{"uid":"14feaffd6bff824c","reportUrl":"https://jagadeeshshetty.github.io/SeleniumMaven/171/#testresult/14feaffd6bff824c","status":"failed","statusDetails":"success message not present expected [false] but found [true]","time":{"start":1767815074391,"stop":1767815074795,"duration":404}},{"uid":"35bbdcaf5f98edd7","reportUrl":"https://jagadeeshshetty.github.io/SeleniumMaven/170/#testresult/35bbdcaf5f98edd7","status":"failed","statusDetails":"success message not present expected [false] but found [true]","time":{"start":1767728335161,"stop":1767728335584,"duration":423}},{"uid":"2402d4e8f656a1a0","reportUrl":"https://jagadeeshshetty.github.io/SeleniumMaven/169/#testresult/2402d4e8f656a1a0","status":"failed","statusDetails":"success message not present expected [false] but found [true]","time":{"start":1767642278011,"stop":1767642278870,"duration":859}},{"uid":"6a25517e251a2c4","reportUrl":"https://jagadeeshshetty.github.io/SeleniumMaven/168/#testresult/6a25517e251a2c4","status":"failed","statusDetails":"success message not present expected [false] but found [true]","time":{"start":1767555394554,"stop":1767555395221,"duration":667}},{"uid":"7e382cbf09035640","reportUrl":"https://jagadeeshshetty.github.io/SeleniumMaven/167/#testresult/7e382cbf09035640","status":"failed","statusDetails":"success message not present expected [false] but found [true]","time":{"start":1767469183969,"stop":1767469185317,"duration":1348}},{"uid":"18f6fd92b7b69b35","reportUrl":"https://jagadeeshshetty.github.io/SeleniumMaven/166/#testresult/18f6fd92b7b69b35","status":"failed","statusDetails":"success message not present expected [false] but found [true]","time":{"start":1767383034143,"stop":1767383035519,"duration":1376}},{"uid":"1ded6cb9dd0d9740","reportUrl":"https://jagadeeshshetty.github.io/SeleniumMaven/165/#testresult/1ded6cb9dd0d9740","status":"failed","statusDetails":"success message not present expected [false] but found [true]","time":{"start":1767296282745,"stop":1767296283545,"duration":800}},{"uid":"837f2f4c89ee9066","reportUrl":"https://jagadeeshshetty.github.io/SeleniumMaven/164/#testresult/837f2f4c89ee9066","status":"failed","statusDetails":"success message not present expected [false] but found [true]","time":{"start":1767209840420,"stop":1767209841071,"duration":651}},{"uid":"76db179bcdea6c26","reportUrl":"https://jagadeeshshetty.github.io/SeleniumMaven/163/#testresult/76db179bcdea6c26","status":"failed","statusDetails":"success message not present expected [false] but found [true]","time":{"start":1767123447529,"stop":1767123448215,"duration":686}},{"uid":"cfd58da11b7aab1f","reportUrl":"https://jagadeeshshetty.github.io/SeleniumMaven/162/#testresult/cfd58da11b7aab1f","status":"passed","time":{"start":1767037036774,"stop":1767037085741,"duration":48967}},{"uid":"118f28d78a6801b6","reportUrl":"https://jagadeeshshetty.github.io/SeleniumMaven/161/#testresult/118f28d78a6801b6","status":"passed","time":{"start":1766950619474,"stop":1766950765028,"duration":145554}},{"uid":"845bd14f333134df","reportUrl":"https://jagadeeshshetty.github.io/SeleniumMaven/160/#testresult/845bd14f333134df","status":"failed","statusDetails":"success message not present expected [false] but found [true]","time":{"start":1766864249784,"stop":1766864250423,"duration":639}},{"uid":"215a3e5a4fdeb8fa","reportUrl":"https://jagadeeshshetty.github.io/SeleniumMaven/159/#testresult/215a3e5a4fdeb8fa","status":"failed","statusDetails":"success message not present expected [false] but found [true]","time":{"start":1766777822524,"stop":1766777823943,"duration":1419}},{"uid":"a967707bf66ffed6","reportUrl":"https://jagadeeshshetty.github.io/SeleniumMaven/158/#testresult/a967707bf66ffed6","status":"failed","statusDetails":"success message not present expected [false] but found [true]","time":{"start":1766691520425,"stop":1766691520882,"duration":457}},{"uid":"7f55f7f4cd6c063c","reportUrl":"https://jagadeeshshetty.github.io/SeleniumMaven/157/#testresult/7f55f7f4cd6c063c","status":"failed","statusDetails":"success message not present expected [false] but found [true]","time":{"start":1766605453335,"stop":1766605454419,"duration":1084}},{"uid":"f8e6ceede3f2f58c","reportUrl":"https://jagadeeshshetty.github.io/SeleniumMaven/156/#testresult/f8e6ceede3f2f58c","status":"failed","statusDetails":"success message not present expected [false] but found [true]","time":{"start":1766518646016,"stop":1766518646465,"duration":449}},{"uid":"802ae43592ac99c7","reportUrl":"https://jagadeeshshetty.github.io/SeleniumMaven/155/#testresult/802ae43592ac99c7","status":"failed","statusDetails":"success message not present expected [false] but found [true]","time":{"start":1766432241096,"stop":1766432242371,"duration":1275}},{"uid":"3e91dbce26be8e9","reportUrl":"https://jagadeeshshetty.github.io/SeleniumMaven/154/#testresult/3e91dbce26be8e9","status":"failed","statusDetails":"success message not present expected [false] but found [true]","time":{"start":1766345811628,"stop":1766345812308,"duration":680}}]},"tags":[]},"source":"88a4ed3de5890fe8.json","parameterValues":[]}