{"uid":"17521c11daf6f9d7","name":"testTwoExpectedFailure","fullName":"test.java.tests.theInternet.parallel.TestTwo.testTwoExpectedFailure","historyId":"4efe4554ba541344b9f422311a9a859c","time":{"start":1765710337779,"stop":1765710338840,"duration":1061},"description":"Verify the successful login with valid username and password.","descriptionHtml":"<p>Verify the successful login with valid username and password.</p>\n","status":"failed","statusMessage":"success message not present expected [false] but found [true]","statusTrace":"java.lang.AssertionError: success message not present expected [false] but found [true]\n\tat org.testng.Assert.fail(Assert.java:110)\n\tat org.testng.Assert.failNotEquals(Assert.java:1577)\n\tat org.testng.Assert.assertFalse(Assert.java:78)\n\tat test.java.tests.theInternet.parallel.TestTwo.testTwoExpectedFailure(TestTwo.java:77)\n\tat java.base/jdk.internal.reflect.NativeMethodAccessorImpl.invoke0(Native Method)\n\tat java.base/jdk.internal.reflect.NativeMethodAccessorImpl.invoke(NativeMethodAccessorImpl.java:77)\n\tat java.base/jdk.internal.reflect.DelegatingMethodAccessorImpl.invoke(DelegatingMethodAccessorImpl.java:43)\n\tat java.base/java.lang.reflect.Method.invoke(Method.java:569)\n\tat org.testng.internal.invokers.MethodInvocationHelper.invokeMethod(MethodInvocationHelper.java:139)\n\tat org.testng.internal.invokers.TestInvoker.invokeMethod(TestInvoker.java:677)\n\tat org.testng.internal.invokers.TestInvoker.retryFailed(TestInvoker.java:263)\n\tat org.testng.internal.invokers.MethodRunner.runInSequence(MethodRunner.java:62)\n\tat org.testng.internal.invokers.TestInvoker$MethodInvocationAgent.invoke(TestInvoker.java:969)\n\tat org.testng.internal.invokers.TestInvoker.invokeTestMethods(TestInvoker.java:194)\n\tat org.testng.internal.invokers.TestMethodWorker.invokeTestMethods(TestMethodWorker.java:148)\n\tat org.testng.internal.invokers.TestMethodWorker.run(TestMethodWorker.java:128)\n\tat java.base/java.util.concurrent.ThreadPoolExecutor.runWorker(ThreadPoolExecutor.java:1136)\n\tat java.base/java.util.concurrent.ThreadPoolExecutor$Worker.run(ThreadPoolExecutor.java:635)\n\tat java.base/java.lang.Thread.run(Thread.java:840)\n","flaky":false,"newFailed":false,"newBroken":false,"newPassed":false,"retriesCount":2,"retriesStatusChange":true,"beforeStages":[{"name":"setup","time":{"start":1765710337507,"stop":1765710337777,"duration":270},"description":"","status":"passed","steps":[{"name":"Start time: 14 Dec 2025 11:05:37","time":{"start":1765710337507,"stop":1765710337507,"duration":0},"status":"passed","steps":[],"attachments":[],"parameters":[],"stepsCount":0,"shouldDisplayMessage":false,"attachmentsCount":0,"hasContent":false,"attachmentStep":false},{"name":"Running Test on 'Linux' OS.","time":{"start":1765710337507,"stop":1765710337507,"duration":0},"status":"passed","steps":[],"attachments":[],"parameters":[],"stepsCount":0,"shouldDisplayMessage":false,"attachmentsCount":0,"hasContent":false,"attachmentStep":false},{"name":"JVM Version: 17.0.17","time":{"start":1765710337507,"stop":1765710337507,"duration":0},"status":"passed","steps":[],"attachments":[],"parameters":[],"stepsCount":0,"shouldDisplayMessage":false,"attachmentsCount":0,"hasContent":false,"attachmentStep":false},{"name":"Browser: CHROME 143.0.7499.40","time":{"start":1765710337774,"stop":1765710337774,"duration":0},"status":"passed","steps":[],"attachments":[],"parameters":[],"stepsCount":0,"shouldDisplayMessage":false,"attachmentsCount":0,"hasContent":false,"attachmentStep":false},{"name":"Driver instance: ChromeDriver: chrome on linux (d80f5b46abd2132956a825b286a7fb78)","time":{"start":1765710337774,"stop":1765710337774,"duration":0},"status":"passed","steps":[],"attachments":[],"parameters":[],"stepsCount":0,"shouldDisplayMessage":false,"attachmentsCount":0,"hasContent":false,"attachmentStep":false}],"attachments":[],"parameters":[],"stepsCount":5,"shouldDisplayMessage":false,"attachmentsCount":0,"hasContent":true,"attachmentStep":false}],"testStage":{"description":"Verify the successful login with valid username and password.","status":"failed","statusMessage":"success message not present expected [false] but found [true]","statusTrace":"java.lang.AssertionError: success message not present expected [false] but found [true]\n\tat org.testng.Assert.fail(Assert.java:110)\n\tat org.testng.Assert.failNotEquals(Assert.java:1577)\n\tat org.testng.Assert.assertFalse(Assert.java:78)\n\tat test.java.tests.theInternet.parallel.TestTwo.testTwoExpectedFailure(TestTwo.java:77)\n\tat java.base/jdk.internal.reflect.NativeMethodAccessorImpl.invoke0(Native Method)\n\tat java.base/jdk.internal.reflect.NativeMethodAccessorImpl.invoke(NativeMethodAccessorImpl.java:77)\n\tat java.base/jdk.internal.reflect.DelegatingMethodAccessorImpl.invoke(DelegatingMethodAccessorImpl.java:43)\n\tat java.base/java.lang.reflect.Method.invoke(Method.java:569)\n\tat org.testng.internal.invokers.MethodInvocationHelper.invokeMethod(MethodInvocationHelper.java:139)\n\tat org.testng.internal.invokers.TestInvoker.invokeMethod(TestInvoker.java:677)\n\tat org.testng.internal.invokers.TestInvoker.retryFailed(TestInvoker.java:263)\n\tat org.testng.internal.invokers.MethodRunner.runInSequence(MethodRunner.java:62)\n\tat org.testng.internal.invokers.TestInvoker$MethodInvocationAgent.invoke(TestInvoker.java:969)\n\tat org.testng.internal.invokers.TestInvoker.invokeTestMethods(TestInvoker.java:194)\n\tat org.testng.internal.invokers.TestMethodWorker.invokeTestMethods(TestMethodWorker.java:148)\n\tat org.testng.internal.invokers.TestMethodWorker.run(TestMethodWorker.java:128)\n\tat java.base/java.util.concurrent.ThreadPoolExecutor.runWorker(ThreadPoolExecutor.java:1136)\n\tat java.base/java.util.concurrent.ThreadPoolExecutor$Worker.run(ThreadPoolExecutor.java:635)\n\tat java.base/java.lang.Thread.run(Thread.java:840)\n","steps":[{"name":"Access http://the-internet.herokuapp.com/login URL.","time":{"start":1765710337779,"stop":1765710337779,"duration":0},"status":"passed","steps":[],"attachments":[],"parameters":[],"stepsCount":0,"shouldDisplayMessage":false,"attachmentsCount":0,"hasContent":false,"attachmentStep":false},{"name":"Verify login form present or not.","time":{"start":1765710338464,"stop":1765710338464,"duration":0},"status":"passed","steps":[],"attachments":[],"parameters":[],"stepsCount":0,"shouldDisplayMessage":false,"attachmentsCount":0,"hasContent":false,"attachmentStep":false},{"name":"1. Login with valid username and password.","time":{"start":1765710338492,"stop":1765710338492,"duration":0},"status":"passed","steps":[],"attachments":[],"parameters":[],"stepsCount":0,"shouldDisplayMessage":false,"attachmentsCount":0,"hasContent":false,"attachmentStep":false},{"name":"Enter tomsmith username","time":{"start":1765710338492,"stop":1765710338492,"duration":0},"status":"passed","steps":[],"attachments":[],"parameters":[],"stepsCount":0,"shouldDisplayMessage":false,"attachmentsCount":0,"hasContent":false,"attachmentStep":false},{"name":"Enter SuperSecretPassword! password","time":{"start":1765710338547,"stop":1765710338547,"duration":0},"status":"passed","steps":[],"attachments":[],"parameters":[],"stepsCount":0,"shouldDisplayMessage":false,"attachmentsCount":0,"hasContent":false,"attachmentStep":false},{"name":"Click on Submit button","time":{"start":1765710338602,"stop":1765710338602,"duration":0},"status":"passed","steps":[],"attachments":[],"parameters":[],"stepsCount":0,"shouldDisplayMessage":false,"attachmentsCount":0,"hasContent":false,"attachmentStep":false},{"name":"2. Verify success message present","time":{"start":1765710338663,"stop":1765710338663,"duration":0},"status":"passed","steps":[],"attachments":[],"parameters":[],"stepsCount":0,"shouldDisplayMessage":false,"attachmentsCount":0,"hasContent":false,"attachmentStep":false},{"name":"Verify success message present or not.","time":{"start":1765710338663,"stop":1765710338663,"duration":0},"status":"passed","steps":[],"attachments":[],"parameters":[],"stepsCount":0,"shouldDisplayMessage":false,"attachmentsCount":0,"hasContent":false,"attachmentStep":false}],"attachments":[],"parameters":[],"stepsCount":8,"shouldDisplayMessage":true,"attachmentsCount":0,"hasContent":true,"attachmentStep":false},"afterStages":[{"name":"teardown","time":{"start":1765710338905,"stop":1765710338976,"duration":71},"description":"","status":"passed","steps":[{"name":"Cleaning up driver instance: ChromeDriver: chrome on linux (d80f5b46abd2132956a825b286a7fb78)","time":{"start":1765710338905,"stop":1765710338905,"duration":0},"status":"passed","steps":[],"attachments":[],"parameters":[],"stepsCount":0,"shouldDisplayMessage":false,"attachmentsCount":0,"hasContent":false,"attachmentStep":false},{"name":"Complete time: 14 Dec 2025 11:05:38","time":{"start":1765710338976,"stop":1765710338976,"duration":0},"status":"passed","steps":[],"attachments":[],"parameters":[],"stepsCount":0,"shouldDisplayMessage":false,"attachmentsCount":0,"hasContent":false,"attachmentStep":false}],"attachments":[],"parameters":[],"stepsCount":2,"shouldDisplayMessage":false,"attachmentsCount":0,"hasContent":true,"attachmentStep":false}],"labels":[{"name":"package","value":"test.java.tests.theInternet.parallel.TestTwo"},{"name":"testClass","value":"test.java.tests.theInternet.parallel.TestTwo"},{"name":"testMethod","value":"testTwoExpectedFailure"},{"name":"parentSuite","value":"Suite - Parallel Execution"},{"name":"suite","value":"Test Parallel Execution"},{"name":"subSuite","value":"test.java.tests.theInternet.parallel.TestTwo"},{"name":"host","value":"runnervm6qbrg"},{"name":"thread","value":"2819@runnervm6qbrg.TestNG-test=Test Parallel Execution-8(141)"},{"name":"framework","value":"testng"},{"name":"language","value":"java"},{"name":"severity","value":"blocker"},{"name":"resultFormat","value":"allure2"}],"parameters":[],"links":[],"hidden":false,"retry":false,"extra":{"severity":"blocker","retries":[{"uid":"5fc594dc7f849de6","status":"skipped","statusDetails":"success message not present expected [false] but found [true]","time":{"start":1765710336349,"stop":1765710337434,"duration":1085}},{"uid":"2e1e5c00251aac0d","status":"skipped","statusDetails":"success message not present expected [false] but found [true]","time":{"start":1765710334702,"stop":1765710336001,"duration":1299}}],"categories":[{"name":"Product defects","matchedStatuses":[],"flaky":false}],"history":{"statistic":{"failed":45,"broken":1,"skipped":4,"passed":2,"unknown":0,"total":52},"items":[{"uid":"f184930f4a52821b","reportUrl":"https://jagadeeshshetty.github.io/SeleniumMaven/142/#testresult/f184930f4a52821b","status":"failed","statusDetails":"success message not present expected [false] but found [true]","time":{"start":1765707552620,"stop":1765707553696,"duration":1076}},{"uid":"90e95ec3ed0ede1b","reportUrl":"https://jagadeeshshetty.github.io/SeleniumMaven/141/#testresult/90e95ec3ed0ede1b","status":"failed","statusDetails":"success message not present expected [false] but found [true]","time":{"start":1765701877762,"stop":1765701878409,"duration":647}},{"uid":"cacde73881bbfa7b","reportUrl":"https://jagadeeshshetty.github.io/SeleniumMaven/140/#testresult/cacde73881bbfa7b","status":"failed","statusDetails":"success message not present expected [false] but found [true]","time":{"start":1765701450128,"stop":1765701451328,"duration":1200}},{"uid":"ca39868d30d4a4cd","reportUrl":"https://jagadeeshshetty.github.io/SeleniumMaven/140/#testresult/ca39868d30d4a4cd","status":"failed","statusDetails":"success message not present expected [false] but found [true]","time":{"start":1765700355744,"stop":1765700356833,"duration":1089}},{"uid":"921f41b94c7347d1","reportUrl":"https://jagadeeshshetty.github.io/SeleniumMaven/139/#testresult/921f41b94c7347d1","status":"failed","statusDetails":"success message not present expected [false] but found [true]","time":{"start":1765699460263,"stop":1765699461094,"duration":831}},{"uid":"9259f514ee92ad37","reportUrl":"https://jagadeeshshetty.github.io/SeleniumMaven/125//#testresult/9259f514ee92ad37","status":"failed","statusDetails":"success message not present expected [false] but found [true]","time":{"start":1739606753831,"stop":1739606754318,"duration":487}},{"uid":"160cea3c719f045d","reportUrl":"https://jagadeeshshetty.github.io/SeleniumMaven/124//#testresult/160cea3c719f045d","status":"skipped","statusDetails":"java.util.ConcurrentModificationException","time":{"start":1739606751783,"stop":1739606751783,"duration":0}},{"uid":"57d70c7d887aae78","reportUrl":"https://jagadeeshshetty.github.io/SeleniumMaven/123//#testresult/57d70c7d887aae78","status":"failed","statusDetails":"success message not present expected [false] but found [true]","time":{"start":1736575356538,"stop":1736575357705,"duration":1167}},{"uid":"f5f28c83260f8639","reportUrl":"https://jagadeeshshetty.github.io/SeleniumMaven/122//#testresult/f5f28c83260f8639","status":"failed","statusDetails":"success message not present expected [false] but found [true]","time":{"start":1736575343823,"stop":1736575344335,"duration":512}},{"uid":"a0853412c624cfa3","reportUrl":"https://jagadeeshshetty.github.io/SeleniumMaven/121//#testresult/a0853412c624cfa3","status":"failed","statusDetails":"success message not present expected [false] but found [true]","time":{"start":1732253795028,"stop":1732253795692,"duration":664}},{"uid":"a7728179b7d71cef","reportUrl":"https://jagadeeshshetty.github.io/SeleniumMaven/120//#testresult/a7728179b7d71cef","status":"skipped","statusDetails":"java.util.ConcurrentModificationException","time":{"start":1732253796178,"stop":1732253796178,"duration":0}},{"uid":"926532caf8666037","reportUrl":"https://jagadeeshshetty.github.io/SeleniumMaven/118//#testresult/926532caf8666037","status":"failed","statusDetails":"success message not present expected [false] but found [true]","time":{"start":1728038028865,"stop":1728038030346,"duration":1481}},{"uid":"b90bca418ea6a9ab","reportUrl":"https://jagadeeshshetty.github.io/SeleniumMaven/115//#testresult/b90bca418ea6a9ab","status":"failed","statusDetails":"success message not present expected [false] but found [true]","time":{"start":1713139071343,"stop":1713139071998,"duration":655}},{"uid":"94a8784d2de79fc6","reportUrl":"https://jagadeeshshetty.github.io/SeleniumMaven/116//#testresult/94a8784d2de79fc6","status":"failed","statusDetails":"success message not present expected [false] but found [true]","time":{"start":1713139055347,"stop":1713139055963,"duration":616}},{"uid":"9ffe2caad8378f4e","reportUrl":"https://jagadeeshshetty.github.io/SeleniumMaven/114//#testresult/9ffe2caad8378f4e","status":"failed","statusDetails":"success message not present expected [false] but found [true]","time":{"start":1711476536941,"stop":1711476537573,"duration":632}},{"uid":"cd2b5b910163655a","reportUrl":"https://jagadeeshshetty.github.io/SeleniumMaven/111//#testresult/cd2b5b910163655a","status":"failed","statusDetails":"success message not present expected [false] but found [true]","time":{"start":1709564236840,"stop":1709564237970,"duration":1130}},{"uid":"9381d8e8f28cf7ae","reportUrl":"https://jagadeeshshetty.github.io/SeleniumMaven/112//#testresult/9381d8e8f28cf7ae","status":"failed","statusDetails":"success message not present expected [false] but found [true]","time":{"start":1709564142169,"stop":1709564142561,"duration":392}},{"uid":"9d04fd75d6de2621","reportUrl":"https://jagadeeshshetty.github.io/SeleniumMaven/110//#testresult/9d04fd75d6de2621","status":"failed","statusDetails":"success message not present expected [false] but found [true]","time":{"start":1708490358778,"stop":1708490359158,"duration":380}},{"uid":"386e27a0ddfc243a","reportUrl":"https://jagadeeshshetty.github.io/SeleniumMaven/109//#testresult/386e27a0ddfc243a","status":"failed","statusDetails":"success message not present expected [false] but found [true]","time":{"start":1708490352280,"stop":1708490352642,"duration":362}},{"uid":"67f1b7f1cdfaf164","reportUrl":"https://jagadeeshshetty.github.io/SeleniumMaven/107//#testresult/67f1b7f1cdfaf164","status":"failed","statusDetails":"success message not present expected [false] but found [true]","time":{"start":1708401134053,"stop":1708401134677,"duration":624}}]},"tags":[]},"source":"17521c11daf6f9d7.json","parameterValues":[]}