{"uid":"492f9f254b9fc18c","name":"testFourUnstableTest","fullName":"test.java.tests.theInternet.parallel.TestFour.testFourUnstableTest","historyId":"dcd78623fadf0a79af5144e8dea6f0d","time":{"start":1766605306511,"stop":1766605306511,"duration":0},"description":"Verify the error message with invalid username and password.","descriptionHtml":"<p>Verify the error message with invalid username and password.</p>\n","status":"failed","statusMessage":"expected [true] but found [false]","statusTrace":"java.lang.AssertionError: expected [true] but found [false]\n\tat org.testng.Assert.fail(Assert.java:110)\n\tat org.testng.Assert.failNotEquals(Assert.java:1577)\n\tat org.testng.Assert.assertTrue(Assert.java:56)\n\tat org.testng.Assert.assertTrue(Assert.java:66)\n\tat test.java.tests.theInternet.parallel.TestFour.testFourUnstableTest(TestFour.java:62)\n\tat java.base/jdk.internal.reflect.NativeMethodAccessorImpl.invoke0(Native Method)\n\tat java.base/jdk.internal.reflect.NativeMethodAccessorImpl.invoke(NativeMethodAccessorImpl.java:77)\n\tat java.base/jdk.internal.reflect.DelegatingMethodAccessorImpl.invoke(DelegatingMethodAccessorImpl.java:43)\n\tat java.base/java.lang.reflect.Method.invoke(Method.java:569)\n\tat org.testng.internal.invokers.MethodInvocationHelper.invokeMethod(MethodInvocationHelper.java:139)\n\tat org.testng.internal.invokers.TestInvoker.invokeMethod(TestInvoker.java:677)\n\tat org.testng.internal.invokers.TestInvoker.retryFailed(TestInvoker.java:263)\n\tat org.testng.internal.invokers.MethodRunner.runInSequence(MethodRunner.java:62)\n\tat org.testng.internal.invokers.TestInvoker$MethodInvocationAgent.invoke(TestInvoker.java:969)\n\tat org.testng.internal.invokers.TestInvoker.invokeTestMethods(TestInvoker.java:194)\n\tat org.testng.internal.invokers.TestMethodWorker.invokeTestMethods(TestMethodWorker.java:148)\n\tat org.testng.internal.invokers.TestMethodWorker.run(TestMethodWorker.java:128)\n\tat java.base/java.util.concurrent.ThreadPoolExecutor.runWorker(ThreadPoolExecutor.java:1136)\n\tat java.base/java.util.concurrent.ThreadPoolExecutor$Worker.run(ThreadPoolExecutor.java:635)\n\tat java.base/java.lang.Thread.run(Thread.java:840)\n","flaky":false,"newFailed":true,"newBroken":false,"newPassed":false,"retriesCount":2,"retriesStatusChange":true,"beforeStages":[{"name":"setup","time":{"start":1766605306112,"stop":1766605306509,"duration":397},"description":"","status":"passed","steps":[{"name":"Start time: 24 Dec 2025 19:41:46","time":{"start":1766605306112,"stop":1766605306112,"duration":0},"status":"passed","steps":[],"attachments":[],"parameters":[],"stepsCount":0,"shouldDisplayMessage":false,"attachmentsCount":0,"hasContent":false,"attachmentStep":false},{"name":"Running Test on 'Linux' OS.","time":{"start":1766605306112,"stop":1766605306112,"duration":0},"status":"passed","steps":[],"attachments":[],"parameters":[],"stepsCount":0,"shouldDisplayMessage":false,"attachmentsCount":0,"hasContent":false,"attachmentStep":false},{"name":"JVM Version: 17.0.17","time":{"start":1766605306112,"stop":1766605306112,"duration":0},"status":"passed","steps":[],"attachments":[],"parameters":[],"stepsCount":0,"shouldDisplayMessage":false,"attachmentsCount":0,"hasContent":false,"attachmentStep":false},{"name":"Browser: CHROME 143.0.7499.109","time":{"start":1766605306507,"stop":1766605306507,"duration":0},"status":"passed","steps":[],"attachments":[],"parameters":[],"stepsCount":0,"shouldDisplayMessage":false,"attachmentsCount":0,"hasContent":false,"attachmentStep":false},{"name":"Driver instance: ChromeDriver: chrome on linux (ef4e8f44929c63d98593d2b4af402f39)","time":{"start":1766605306507,"stop":1766605306507,"duration":0},"status":"passed","steps":[],"attachments":[],"parameters":[],"stepsCount":0,"shouldDisplayMessage":false,"attachmentsCount":0,"hasContent":false,"attachmentStep":false}],"attachments":[],"parameters":[],"stepsCount":5,"shouldDisplayMessage":false,"attachmentsCount":0,"hasContent":true,"attachmentStep":false}],"testStage":{"description":"Verify the error message with invalid username and password.","status":"failed","statusMessage":"expected [true] but found [false]","statusTrace":"java.lang.AssertionError: expected [true] but found [false]\n\tat org.testng.Assert.fail(Assert.java:110)\n\tat org.testng.Assert.failNotEquals(Assert.java:1577)\n\tat org.testng.Assert.assertTrue(Assert.java:56)\n\tat org.testng.Assert.assertTrue(Assert.java:66)\n\tat test.java.tests.theInternet.parallel.TestFour.testFourUnstableTest(TestFour.java:62)\n\tat java.base/jdk.internal.reflect.NativeMethodAccessorImpl.invoke0(Native Method)\n\tat java.base/jdk.internal.reflect.NativeMethodAccessorImpl.invoke(NativeMethodAccessorImpl.java:77)\n\tat java.base/jdk.internal.reflect.DelegatingMethodAccessorImpl.invoke(DelegatingMethodAccessorImpl.java:43)\n\tat java.base/java.lang.reflect.Method.invoke(Method.java:569)\n\tat org.testng.internal.invokers.MethodInvocationHelper.invokeMethod(MethodInvocationHelper.java:139)\n\tat org.testng.internal.invokers.TestInvoker.invokeMethod(TestInvoker.java:677)\n\tat org.testng.internal.invokers.TestInvoker.retryFailed(TestInvoker.java:263)\n\tat org.testng.internal.invokers.MethodRunner.runInSequence(MethodRunner.java:62)\n\tat org.testng.internal.invokers.TestInvoker$MethodInvocationAgent.invoke(TestInvoker.java:969)\n\tat org.testng.internal.invokers.TestInvoker.invokeTestMethods(TestInvoker.java:194)\n\tat org.testng.internal.invokers.TestMethodWorker.invokeTestMethods(TestMethodWorker.java:148)\n\tat org.testng.internal.invokers.TestMethodWorker.run(TestMethodWorker.java:128)\n\tat java.base/java.util.concurrent.ThreadPoolExecutor.runWorker(ThreadPoolExecutor.java:1136)\n\tat java.base/java.util.concurrent.ThreadPoolExecutor$Worker.run(ThreadPoolExecutor.java:635)\n\tat java.base/java.lang.Thread.run(Thread.java:840)\n","steps":[{"name":"1","time":{"start":1766605306511,"stop":1766605306511,"duration":0},"status":"passed","steps":[],"attachments":[],"parameters":[],"stepsCount":0,"shouldDisplayMessage":false,"attachmentsCount":0,"hasContent":false,"attachmentStep":false}],"attachments":[],"parameters":[],"stepsCount":1,"shouldDisplayMessage":true,"attachmentsCount":0,"hasContent":true,"attachmentStep":false},"afterStages":[{"name":"teardown","time":{"start":1766605306550,"stop":1766605306640,"duration":90},"description":"","status":"passed","steps":[{"name":"Cleaning up driver instance: ChromeDriver: chrome on linux (ef4e8f44929c63d98593d2b4af402f39)","time":{"start":1766605306550,"stop":1766605306550,"duration":0},"status":"passed","steps":[],"attachments":[],"parameters":[],"stepsCount":0,"shouldDisplayMessage":false,"attachmentsCount":0,"hasContent":false,"attachmentStep":false},{"name":"Complete time: 24 Dec 2025 19:41:46","time":{"start":1766605306640,"stop":1766605306640,"duration":0},"status":"passed","steps":[],"attachments":[],"parameters":[],"stepsCount":0,"shouldDisplayMessage":false,"attachmentsCount":0,"hasContent":false,"attachmentStep":false}],"attachments":[],"parameters":[],"stepsCount":2,"shouldDisplayMessage":false,"attachmentsCount":0,"hasContent":true,"attachmentStep":false}],"labels":[{"name":"package","value":"test.java.tests.theInternet.parallel.TestFour"},{"name":"testClass","value":"test.java.tests.theInternet.parallel.TestFour"},{"name":"testMethod","value":"testFourUnstableTest"},{"name":"parentSuite","value":"Suite - Parallel Execution"},{"name":"suite","value":"Test Parallel Execution"},{"name":"subSuite","value":"test.java.tests.theInternet.parallel.TestFour"},{"name":"host","value":"runnervmh13bl"},{"name":"thread","value":"2759@runnervmh13bl.TestNG-test=Test Parallel Execution-15(363)"},{"name":"framework","value":"testng"},{"name":"language","value":"java"},{"name":"severity","value":"trivial"},{"name":"resultFormat","value":"allure2"}],"parameters":[],"links":[],"hidden":false,"retry":false,"extra":{"severity":"trivial","retries":[{"uid":"35c72e91903da5e8","status":"skipped","statusDetails":"expected [true] but found [false]","time":{"start":1766605306029,"stop":1766605306030,"duration":1}},{"uid":"39db054501731f5a","status":"skipped","statusDetails":"expected [true] but found [false]","time":{"start":1766605305579,"stop":1766605305580,"duration":1}}],"categories":[{"name":"Product defects","matchedStatuses":[],"flaky":false}],"history":{"statistic":{"failed":10,"broken":0,"skipped":3,"passed":53,"unknown":0,"total":66},"items":[{"uid":"58b15a4c23173f7e","reportUrl":"https://jagadeeshshetty.github.io/SeleniumMaven/156/#testresult/58b15a4c23173f7e","status":"passed","time":{"start":1766518645064,"stop":1766518645064,"duration":0}},{"uid":"c709935fcf79f6fc","reportUrl":"https://jagadeeshshetty.github.io/SeleniumMaven/155/#testresult/c709935fcf79f6fc","status":"passed","time":{"start":1766432239381,"stop":1766432239381,"duration":0}},{"uid":"d6956955e3b7522d","reportUrl":"https://jagadeeshshetty.github.io/SeleniumMaven/154/#testresult/d6956955e3b7522d","status":"passed","time":{"start":1766345810299,"stop":1766345810299,"duration":0}},{"uid":"d2cfae9583ca0e48","reportUrl":"https://jagadeeshshetty.github.io/SeleniumMaven/153/#testresult/d2cfae9583ca0e48","status":"passed","time":{"start":1766259504432,"stop":1766259504432,"duration":0}},{"uid":"9a62a20caa43ee6b","reportUrl":"https://jagadeeshshetty.github.io/SeleniumMaven/152/#testresult/9a62a20caa43ee6b","status":"passed","time":{"start":1766173060770,"stop":1766173060771,"duration":1}},{"uid":"8be4f1787402bf15","reportUrl":"https://jagadeeshshetty.github.io/SeleniumMaven/151/#testresult/8be4f1787402bf15","status":"passed","time":{"start":1766087139020,"stop":1766087139020,"duration":0}},{"uid":"eb35ce84f002a610","reportUrl":"https://jagadeeshshetty.github.io/SeleniumMaven/150/#testresult/eb35ce84f002a610","status":"passed","time":{"start":1766000524957,"stop":1766000524958,"duration":1}},{"uid":"423361c9172ff03d","reportUrl":"https://jagadeeshshetty.github.io/SeleniumMaven/149/#testresult/423361c9172ff03d","status":"passed","time":{"start":1765913959533,"stop":1765913959537,"duration":4}},{"uid":"8cb643f8cfa80016","reportUrl":"https://jagadeeshshetty.github.io/SeleniumMaven/148/#testresult/8cb643f8cfa80016","status":"failed","statusDetails":"expected [true] but found [false]","time":{"start":1765827575940,"stop":1765827575941,"duration":1}},{"uid":"436045361003edc3","reportUrl":"https://jagadeeshshetty.github.io/SeleniumMaven/147/#testresult/436045361003edc3","status":"passed","time":{"start":1765741111617,"stop":1765741111618,"duration":1}},{"uid":"197e2cddef6c0126","reportUrl":"https://jagadeeshshetty.github.io/SeleniumMaven/146/#testresult/197e2cddef6c0126","status":"passed","time":{"start":1765715981462,"stop":1765715981463,"duration":1}},{"uid":"b155f009f2db9291","reportUrl":"https://jagadeeshshetty.github.io/SeleniumMaven/145/#testresult/b155f009f2db9291","status":"passed","time":{"start":1765715247013,"stop":1765715247013,"duration":0}},{"uid":"3e78cff18dfbad3e","reportUrl":"https://jagadeeshshetty.github.io/SeleniumMaven/144/#testresult/3e78cff18dfbad3e","status":"passed","time":{"start":1765711463431,"stop":1765711463432,"duration":1}},{"uid":"a13155c4932460a4","reportUrl":"https://jagadeeshshetty.github.io/SeleniumMaven/143/#testresult/a13155c4932460a4","status":"failed","statusDetails":"expected [true] but found [false]","time":{"start":1765710345830,"stop":1765710345832,"duration":2}},{"uid":"c0e339c403b2a7a5","reportUrl":"https://jagadeeshshetty.github.io/SeleniumMaven/142/#testresult/c0e339c403b2a7a5","status":"passed","time":{"start":1765707559499,"stop":1765707559499,"duration":0}},{"uid":"b6e472196852790","reportUrl":"https://jagadeeshshetty.github.io/SeleniumMaven/141/#testresult/b6e472196852790","status":"passed","time":{"start":1765701883524,"stop":1765701883525,"duration":1}},{"uid":"d75e2d1ab7166bc0","reportUrl":"https://jagadeeshshetty.github.io/SeleniumMaven/140/#testresult/d75e2d1ab7166bc0","status":"passed","time":{"start":1765701457844,"stop":1765701457845,"duration":1}},{"uid":"198ae8831f4a496e","reportUrl":"https://jagadeeshshetty.github.io/SeleniumMaven/140/#testresult/198ae8831f4a496e","status":"passed","time":{"start":1765700459003,"stop":1765700459004,"duration":1}},{"uid":"6c8417eb8b070d52","reportUrl":"https://jagadeeshshetty.github.io/SeleniumMaven/139/#testresult/6c8417eb8b070d52","status":"passed","time":{"start":1765699466860,"stop":1765699466860,"duration":0}},{"uid":"600dcec83646d8b6","reportUrl":"https://jagadeeshshetty.github.io/SeleniumMaven/125//#testresult/600dcec83646d8b6","status":"passed","time":{"start":1739606937829,"stop":1739606937829,"duration":0}}]},"tags":[]},"source":"492f9f254b9fc18c.json","parameterValues":[]}