{"uid":"d3cdb8272cdb0f43","name":"testTwoExpectedFailure","fullName":"test.java.tests.theInternet.parallel.TestTwo.testTwoExpectedFailure","historyId":"4efe4554ba541344b9f422311a9a859c","time":{"start":1766605253469,"stop":1766605254580,"duration":1111},"description":"Verify the successful login with valid username and password.","descriptionHtml":"<p>Verify the successful login with valid username and password.</p>\n","status":"failed","statusMessage":"success message not present expected [false] but found [true]","statusTrace":"java.lang.AssertionError: success message not present expected [false] but found [true]\n\tat org.testng.Assert.fail(Assert.java:110)\n\tat org.testng.Assert.failNotEquals(Assert.java:1577)\n\tat org.testng.Assert.assertFalse(Assert.java:78)\n\tat test.java.tests.theInternet.parallel.TestTwo.testTwoExpectedFailure(TestTwo.java:77)\n\tat java.base/jdk.internal.reflect.NativeMethodAccessorImpl.invoke0(Native Method)\n\tat java.base/jdk.internal.reflect.NativeMethodAccessorImpl.invoke(NativeMethodAccessorImpl.java:77)\n\tat java.base/jdk.internal.reflect.DelegatingMethodAccessorImpl.invoke(DelegatingMethodAccessorImpl.java:43)\n\tat java.base/java.lang.reflect.Method.invoke(Method.java:569)\n\tat org.testng.internal.invokers.MethodInvocationHelper.invokeMethod(MethodInvocationHelper.java:139)\n\tat org.testng.internal.invokers.TestInvoker.invokeMethod(TestInvoker.java:677)\n\tat org.testng.internal.invokers.TestInvoker.retryFailed(TestInvoker.java:263)\n\tat org.testng.internal.invokers.MethodRunner.runInSequence(MethodRunner.java:62)\n\tat org.testng.internal.invokers.TestInvoker$MethodInvocationAgent.invoke(TestInvoker.java:969)\n\tat org.testng.internal.invokers.TestInvoker.invokeTestMethods(TestInvoker.java:194)\n\tat org.testng.internal.invokers.TestMethodWorker.invokeTestMethods(TestMethodWorker.java:148)\n\tat org.testng.internal.invokers.TestMethodWorker.run(TestMethodWorker.java:128)\n\tat java.base/java.util.concurrent.ThreadPoolExecutor.runWorker(ThreadPoolExecutor.java:1136)\n\tat java.base/java.util.concurrent.ThreadPoolExecutor$Worker.run(ThreadPoolExecutor.java:635)\n\tat java.base/java.lang.Thread.run(Thread.java:840)\n","flaky":false,"newFailed":false,"newBroken":false,"newPassed":false,"retriesCount":2,"retriesStatusChange":true,"beforeStages":[{"name":"setup","time":{"start":1766605253180,"stop":1766605253467,"duration":287},"description":"","status":"passed","steps":[{"name":"Start time: 24 Dec 2025 19:40:53","time":{"start":1766605253180,"stop":1766605253180,"duration":0},"status":"passed","steps":[],"attachments":[],"parameters":[],"stepsCount":0,"shouldDisplayMessage":false,"attachmentsCount":0,"hasContent":false,"attachmentStep":false},{"name":"Running Test on 'Linux' OS.","time":{"start":1766605253180,"stop":1766605253180,"duration":0},"status":"passed","steps":[],"attachments":[],"parameters":[],"stepsCount":0,"shouldDisplayMessage":false,"attachmentsCount":0,"hasContent":false,"attachmentStep":false},{"name":"JVM Version: 17.0.17","time":{"start":1766605253180,"stop":1766605253180,"duration":0},"status":"passed","steps":[],"attachments":[],"parameters":[],"stepsCount":0,"shouldDisplayMessage":false,"attachmentsCount":0,"hasContent":false,"attachmentStep":false},{"name":"Browser: CHROME 143.0.7499.109","time":{"start":1766605253463,"stop":1766605253463,"duration":0},"status":"passed","steps":[],"attachments":[],"parameters":[],"stepsCount":0,"shouldDisplayMessage":false,"attachmentsCount":0,"hasContent":false,"attachmentStep":false},{"name":"Driver instance: ChromeDriver: chrome on linux (01d56f44c82d9e09e14c7654e31597b0)","time":{"start":1766605253463,"stop":1766605253463,"duration":0},"status":"passed","steps":[],"attachments":[],"parameters":[],"stepsCount":0,"shouldDisplayMessage":false,"attachmentsCount":0,"hasContent":false,"attachmentStep":false}],"attachments":[],"parameters":[],"stepsCount":5,"shouldDisplayMessage":false,"attachmentsCount":0,"hasContent":true,"attachmentStep":false}],"testStage":{"description":"Verify the successful login with valid username and password.","status":"failed","statusMessage":"success message not present expected [false] but found [true]","statusTrace":"java.lang.AssertionError: success message not present expected [false] but found [true]\n\tat org.testng.Assert.fail(Assert.java:110)\n\tat org.testng.Assert.failNotEquals(Assert.java:1577)\n\tat org.testng.Assert.assertFalse(Assert.java:78)\n\tat test.java.tests.theInternet.parallel.TestTwo.testTwoExpectedFailure(TestTwo.java:77)\n\tat java.base/jdk.internal.reflect.NativeMethodAccessorImpl.invoke0(Native Method)\n\tat java.base/jdk.internal.reflect.NativeMethodAccessorImpl.invoke(NativeMethodAccessorImpl.java:77)\n\tat java.base/jdk.internal.reflect.DelegatingMethodAccessorImpl.invoke(DelegatingMethodAccessorImpl.java:43)\n\tat java.base/java.lang.reflect.Method.invoke(Method.java:569)\n\tat org.testng.internal.invokers.MethodInvocationHelper.invokeMethod(MethodInvocationHelper.java:139)\n\tat org.testng.internal.invokers.TestInvoker.invokeMethod(TestInvoker.java:677)\n\tat org.testng.internal.invokers.TestInvoker.retryFailed(TestInvoker.java:263)\n\tat org.testng.internal.invokers.MethodRunner.runInSequence(MethodRunner.java:62)\n\tat org.testng.internal.invokers.TestInvoker$MethodInvocationAgent.invoke(TestInvoker.java:969)\n\tat org.testng.internal.invokers.TestInvoker.invokeTestMethods(TestInvoker.java:194)\n\tat org.testng.internal.invokers.TestMethodWorker.invokeTestMethods(TestMethodWorker.java:148)\n\tat org.testng.internal.invokers.TestMethodWorker.run(TestMethodWorker.java:128)\n\tat java.base/java.util.concurrent.ThreadPoolExecutor.runWorker(ThreadPoolExecutor.java:1136)\n\tat java.base/java.util.concurrent.ThreadPoolExecutor$Worker.run(ThreadPoolExecutor.java:635)\n\tat java.base/java.lang.Thread.run(Thread.java:840)\n","steps":[{"name":"Access http://the-internet.herokuapp.com/login URL.","time":{"start":1766605253469,"stop":1766605253469,"duration":0},"status":"passed","steps":[],"attachments":[],"parameters":[],"stepsCount":0,"shouldDisplayMessage":false,"attachmentsCount":0,"hasContent":false,"attachmentStep":false},{"name":"Verify login form present or not.","time":{"start":1766605254166,"stop":1766605254166,"duration":0},"status":"passed","steps":[],"attachments":[],"parameters":[],"stepsCount":0,"shouldDisplayMessage":false,"attachmentsCount":0,"hasContent":false,"attachmentStep":false},{"name":"1. Login with valid username and password.","time":{"start":1766605254205,"stop":1766605254205,"duration":0},"status":"passed","steps":[],"attachments":[],"parameters":[],"stepsCount":0,"shouldDisplayMessage":false,"attachmentsCount":0,"hasContent":false,"attachmentStep":false},{"name":"Enter tomsmith username","time":{"start":1766605254205,"stop":1766605254205,"duration":0},"status":"passed","steps":[],"attachments":[],"parameters":[],"stepsCount":0,"shouldDisplayMessage":false,"attachmentsCount":0,"hasContent":false,"attachmentStep":false},{"name":"Enter SuperSecretPassword! password","time":{"start":1766605254267,"stop":1766605254267,"duration":0},"status":"passed","steps":[],"attachments":[],"parameters":[],"stepsCount":0,"shouldDisplayMessage":false,"attachmentsCount":0,"hasContent":false,"attachmentStep":false},{"name":"Click on Submit button","time":{"start":1766605254316,"stop":1766605254316,"duration":0},"status":"passed","steps":[],"attachments":[],"parameters":[],"stepsCount":0,"shouldDisplayMessage":false,"attachmentsCount":0,"hasContent":false,"attachmentStep":false},{"name":"2. Verify success message present","time":{"start":1766605254374,"stop":1766605254374,"duration":0},"status":"passed","steps":[],"attachments":[],"parameters":[],"stepsCount":0,"shouldDisplayMessage":false,"attachmentsCount":0,"hasContent":false,"attachmentStep":false},{"name":"Verify success message present or not.","time":{"start":1766605254374,"stop":1766605254374,"duration":0},"status":"passed","steps":[],"attachments":[],"parameters":[],"stepsCount":0,"shouldDisplayMessage":false,"attachmentsCount":0,"hasContent":false,"attachmentStep":false}],"attachments":[],"parameters":[],"stepsCount":8,"shouldDisplayMessage":true,"attachmentsCount":0,"hasContent":true,"attachmentStep":false},"afterStages":[{"name":"teardown","time":{"start":1766605254649,"stop":1766605254720,"duration":71},"description":"","status":"passed","steps":[{"name":"Cleaning up driver instance: ChromeDriver: chrome on linux (01d56f44c82d9e09e14c7654e31597b0)","time":{"start":1766605254649,"stop":1766605254649,"duration":0},"status":"passed","steps":[],"attachments":[],"parameters":[],"stepsCount":0,"shouldDisplayMessage":false,"attachmentsCount":0,"hasContent":false,"attachmentStep":false},{"name":"Complete time: 24 Dec 2025 19:40:54","time":{"start":1766605254720,"stop":1766605254720,"duration":0},"status":"passed","steps":[],"attachments":[],"parameters":[],"stepsCount":0,"shouldDisplayMessage":false,"attachmentsCount":0,"hasContent":false,"attachmentStep":false}],"attachments":[],"parameters":[],"stepsCount":2,"shouldDisplayMessage":false,"attachmentsCount":0,"hasContent":true,"attachmentStep":false}],"labels":[{"name":"package","value":"test.java.tests.theInternet.parallel.TestTwo"},{"name":"testClass","value":"test.java.tests.theInternet.parallel.TestTwo"},{"name":"testMethod","value":"testTwoExpectedFailure"},{"name":"parentSuite","value":"Suite - Parallel Execution"},{"name":"suite","value":"Test Parallel Execution"},{"name":"subSuite","value":"test.java.tests.theInternet.parallel.TestTwo"},{"name":"host","value":"runnervmh13bl"},{"name":"thread","value":"2759@runnervmh13bl.TestNG-test=Test Parallel Execution-8(126)"},{"name":"framework","value":"testng"},{"name":"language","value":"java"},{"name":"severity","value":"blocker"},{"name":"resultFormat","value":"allure2"}],"parameters":[],"links":[],"hidden":false,"retry":false,"extra":{"severity":"blocker","retries":[{"uid":"ee58251d49b66d00","status":"skipped","statusDetails":"success message not present expected [false] but found [true]","time":{"start":1766605155664,"stop":1766605253072,"duration":97408}},{"uid":"1920cd01b29f5742","status":"skipped","statusDetails":"success message not present expected [false] but found [true]","time":{"start":1766605009538,"stop":1766605155123,"duration":145585}}],"categories":[{"name":"Product defects","matchedStatuses":[],"flaky":false}],"history":{"statistic":{"failed":59,"broken":1,"skipped":4,"passed":2,"unknown":0,"total":66},"items":[{"uid":"9f577d1041b068b4","reportUrl":"https://jagadeeshshetty.github.io/SeleniumMaven/156/#testresult/9f577d1041b068b4","status":"failed","statusDetails":"success message not present expected [false] but found [true]","time":{"start":1766518638707,"stop":1766518639213,"duration":506}},{"uid":"890c2db5996861c6","reportUrl":"https://jagadeeshshetty.github.io/SeleniumMaven/155/#testresult/890c2db5996861c6","status":"failed","statusDetails":"success message not present expected [false] but found [true]","time":{"start":1766432231925,"stop":1766432232817,"duration":892}},{"uid":"b78c61f83a32cb34","reportUrl":"https://jagadeeshshetty.github.io/SeleniumMaven/154/#testresult/b78c61f83a32cb34","status":"failed","statusDetails":"success message not present expected [false] but found [true]","time":{"start":1766345803055,"stop":1766345803755,"duration":700}},{"uid":"8ee354da840eae6b","reportUrl":"https://jagadeeshshetty.github.io/SeleniumMaven/153/#testresult/8ee354da840eae6b","status":"failed","statusDetails":"success message not present expected [false] but found [true]","time":{"start":1766259495769,"stop":1766259497228,"duration":1459}},{"uid":"e27deed6c79be05b","reportUrl":"https://jagadeeshshetty.github.io/SeleniumMaven/152/#testresult/e27deed6c79be05b","status":"failed","statusDetails":"success message not present expected [false] but found [true]","time":{"start":1766173055353,"stop":1766173055823,"duration":470}},{"uid":"8194755d71fd2173","reportUrl":"https://jagadeeshshetty.github.io/SeleniumMaven/151/#testresult/8194755d71fd2173","status":"failed","statusDetails":"success message not present expected [false] but found [true]","time":{"start":1766086940202,"stop":1766086941602,"duration":1400}},{"uid":"482c34304f2aa33d","reportUrl":"https://jagadeeshshetty.github.io/SeleniumMaven/150/#testresult/482c34304f2aa33d","status":"failed","statusDetails":"success message not present expected [false] but found [true]","time":{"start":1766000372125,"stop":1766000373532,"duration":1407}},{"uid":"277badea001b0172","reportUrl":"https://jagadeeshshetty.github.io/SeleniumMaven/149/#testresult/277badea001b0172","status":"failed","statusDetails":"success message not present expected [false] but found [true]","time":{"start":1765913950762,"stop":1765913952271,"duration":1509}},{"uid":"f6e0dc6a431a9007","reportUrl":"https://jagadeeshshetty.github.io/SeleniumMaven/148/#testresult/f6e0dc6a431a9007","status":"failed","statusDetails":"success message not present expected [false] but found [true]","time":{"start":1765827569692,"stop":1765827570150,"duration":458}},{"uid":"5ee1dcbfb71b2b29","reportUrl":"https://jagadeeshshetty.github.io/SeleniumMaven/147/#testresult/5ee1dcbfb71b2b29","status":"failed","statusDetails":"success message not present expected [false] but found [true]","time":{"start":1765741008298,"stop":1765741009749,"duration":1451}},{"uid":"3814868f8e4fb0b9","reportUrl":"https://jagadeeshshetty.github.io/SeleniumMaven/146/#testresult/3814868f8e4fb0b9","status":"failed","statusDetails":"success message not present expected [false] but found [true]","time":{"start":1765715976003,"stop":1765715976654,"duration":651}},{"uid":"6fc9b781c2147d19","reportUrl":"https://jagadeeshshetty.github.io/SeleniumMaven/145/#testresult/6fc9b781c2147d19","status":"failed","statusDetails":"success message not present expected [false] but found [true]","time":{"start":1765715240139,"stop":1765715241212,"duration":1073}},{"uid":"d5700cfed282f6fa","reportUrl":"https://jagadeeshshetty.github.io/SeleniumMaven/144/#testresult/d5700cfed282f6fa","status":"failed","statusDetails":"success message not present expected [false] but found [true]","time":{"start":1765711458398,"stop":1765711458862,"duration":464}},{"uid":"17521c11daf6f9d7","reportUrl":"https://jagadeeshshetty.github.io/SeleniumMaven/143/#testresult/17521c11daf6f9d7","status":"failed","statusDetails":"success message not present expected [false] but found [true]","time":{"start":1765710337779,"stop":1765710338840,"duration":1061}},{"uid":"f184930f4a52821b","reportUrl":"https://jagadeeshshetty.github.io/SeleniumMaven/142/#testresult/f184930f4a52821b","status":"failed","statusDetails":"success message not present expected [false] but found [true]","time":{"start":1765707552620,"stop":1765707553696,"duration":1076}},{"uid":"90e95ec3ed0ede1b","reportUrl":"https://jagadeeshshetty.github.io/SeleniumMaven/141/#testresult/90e95ec3ed0ede1b","status":"failed","statusDetails":"success message not present expected [false] but found [true]","time":{"start":1765701877762,"stop":1765701878409,"duration":647}},{"uid":"cacde73881bbfa7b","reportUrl":"https://jagadeeshshetty.github.io/SeleniumMaven/140/#testresult/cacde73881bbfa7b","status":"failed","statusDetails":"success message not present expected [false] but found [true]","time":{"start":1765701450128,"stop":1765701451328,"duration":1200}},{"uid":"ca39868d30d4a4cd","reportUrl":"https://jagadeeshshetty.github.io/SeleniumMaven/140/#testresult/ca39868d30d4a4cd","status":"failed","statusDetails":"success message not present expected [false] but found [true]","time":{"start":1765700355744,"stop":1765700356833,"duration":1089}},{"uid":"921f41b94c7347d1","reportUrl":"https://jagadeeshshetty.github.io/SeleniumMaven/139/#testresult/921f41b94c7347d1","status":"failed","statusDetails":"success message not present expected [false] but found [true]","time":{"start":1765699460263,"stop":1765699461094,"duration":831}},{"uid":"9259f514ee92ad37","reportUrl":"https://jagadeeshshetty.github.io/SeleniumMaven/125//#testresult/9259f514ee92ad37","status":"failed","statusDetails":"success message not present expected [false] but found [true]","time":{"start":1739606753831,"stop":1739606754318,"duration":487}}]},"tags":[]},"source":"d3cdb8272cdb0f43.json","parameterValues":[]}