{"uid":"f8eacb02230d9452","name":"testFourExpectedFailure","fullName":"test.java.tests.theInternet.parallel.TestFour.testFourExpectedFailure","historyId":"ce09e92ae2bcb1db5e1b8af8fb14a997","time":{"start":1728038036995,"stop":1728038038395,"duration":1400},"description":"Verify the successful login with valid username and password.","descriptionHtml":"<p>Verify the successful login with valid username and password.</p>\n","status":"failed","statusMessage":"success message not present expected [false] but found [true]","statusTrace":"java.lang.AssertionError: success message not present expected [false] but found [true]\n\tat org.testng.Assert.fail(Assert.java:110)\n\tat org.testng.Assert.failNotEquals(Assert.java:1577)\n\tat org.testng.Assert.assertFalse(Assert.java:78)\n\tat test.java.tests.theInternet.parallel.TestFour.testFourExpectedFailure(TestFour.java:77)\n\tat java.base/jdk.internal.reflect.NativeMethodAccessorImpl.invoke0(Native Method)\n\tat java.base/jdk.internal.reflect.NativeMethodAccessorImpl.invoke(NativeMethodAccessorImpl.java:77)\n\tat java.base/jdk.internal.reflect.DelegatingMethodAccessorImpl.invoke(DelegatingMethodAccessorImpl.java:43)\n\tat java.base/java.lang.reflect.Method.invoke(Method.java:569)\n\tat org.testng.internal.invokers.MethodInvocationHelper.invokeMethod(MethodInvocationHelper.java:139)\n\tat org.testng.internal.invokers.TestInvoker.invokeMethod(TestInvoker.java:677)\n\tat org.testng.internal.invokers.TestInvoker.retryFailed(TestInvoker.java:263)\n\tat org.testng.internal.invokers.MethodRunner.runInSequence(MethodRunner.java:62)\n\tat org.testng.internal.invokers.TestInvoker$MethodInvocationAgent.invoke(TestInvoker.java:969)\n\tat org.testng.internal.invokers.TestInvoker.invokeTestMethods(TestInvoker.java:194)\n\tat org.testng.internal.invokers.TestMethodWorker.invokeTestMethods(TestMethodWorker.java:148)\n\tat org.testng.internal.invokers.TestMethodWorker.run(TestMethodWorker.java:128)\n\tat java.base/java.util.concurrent.ThreadPoolExecutor.runWorker(ThreadPoolExecutor.java:1136)\n\tat java.base/java.util.concurrent.ThreadPoolExecutor$Worker.run(ThreadPoolExecutor.java:635)\n\tat java.base/java.lang.Thread.run(Thread.java:840)\n","flaky":false,"newFailed":false,"newBroken":false,"newPassed":false,"retriesCount":2,"retriesStatusChange":true,"beforeStages":[{"name":"setup","time":{"start":1728038036688,"stop":1728038036993,"duration":305},"description":"","status":"passed","steps":[{"name":"Start time: 4 Oct 2024 10:33:56","time":{"start":1728038036688,"stop":1728038036688,"duration":0},"status":"passed","steps":[],"attachments":[],"parameters":[],"shouldDisplayMessage":false,"stepsCount":0,"attachmentsCount":0,"hasContent":false,"attachmentStep":false},{"name":"Running Test on 'Linux' OS.","time":{"start":1728038036688,"stop":1728038036688,"duration":0},"status":"passed","steps":[],"attachments":[],"parameters":[],"shouldDisplayMessage":false,"stepsCount":0,"attachmentsCount":0,"hasContent":false,"attachmentStep":false},{"name":"JVM Version: 17.0.12","time":{"start":1728038036688,"stop":1728038036688,"duration":0},"status":"passed","steps":[],"attachments":[],"parameters":[],"shouldDisplayMessage":false,"stepsCount":0,"attachmentsCount":0,"hasContent":false,"attachmentStep":false},{"name":"Browser: CHROME 129.0.6668.58","time":{"start":1728038036990,"stop":1728038036990,"duration":0},"status":"passed","steps":[],"attachments":[],"parameters":[],"shouldDisplayMessage":false,"stepsCount":0,"attachmentsCount":0,"hasContent":false,"attachmentStep":false},{"name":"Driver instance: ChromeDriver: chrome on linux (c8d7c107e1ea71897be328c0c252fc30)","time":{"start":1728038036990,"stop":1728038036990,"duration":0},"status":"passed","steps":[],"attachments":[],"parameters":[],"shouldDisplayMessage":false,"stepsCount":0,"attachmentsCount":0,"hasContent":false,"attachmentStep":false}],"attachments":[],"parameters":[],"shouldDisplayMessage":false,"stepsCount":5,"attachmentsCount":0,"hasContent":true,"attachmentStep":false}],"testStage":{"description":"Verify the successful login with valid username and password.","status":"failed","statusMessage":"success message not present expected [false] but found [true]","statusTrace":"java.lang.AssertionError: success message not present expected [false] but found [true]\n\tat org.testng.Assert.fail(Assert.java:110)\n\tat org.testng.Assert.failNotEquals(Assert.java:1577)\n\tat org.testng.Assert.assertFalse(Assert.java:78)\n\tat test.java.tests.theInternet.parallel.TestFour.testFourExpectedFailure(TestFour.java:77)\n\tat java.base/jdk.internal.reflect.NativeMethodAccessorImpl.invoke0(Native Method)\n\tat java.base/jdk.internal.reflect.NativeMethodAccessorImpl.invoke(NativeMethodAccessorImpl.java:77)\n\tat java.base/jdk.internal.reflect.DelegatingMethodAccessorImpl.invoke(DelegatingMethodAccessorImpl.java:43)\n\tat java.base/java.lang.reflect.Method.invoke(Method.java:569)\n\tat org.testng.internal.invokers.MethodInvocationHelper.invokeMethod(MethodInvocationHelper.java:139)\n\tat org.testng.internal.invokers.TestInvoker.invokeMethod(TestInvoker.java:677)\n\tat org.testng.internal.invokers.TestInvoker.retryFailed(TestInvoker.java:263)\n\tat org.testng.internal.invokers.MethodRunner.runInSequence(MethodRunner.java:62)\n\tat org.testng.internal.invokers.TestInvoker$MethodInvocationAgent.invoke(TestInvoker.java:969)\n\tat org.testng.internal.invokers.TestInvoker.invokeTestMethods(TestInvoker.java:194)\n\tat org.testng.internal.invokers.TestMethodWorker.invokeTestMethods(TestMethodWorker.java:148)\n\tat org.testng.internal.invokers.TestMethodWorker.run(TestMethodWorker.java:128)\n\tat java.base/java.util.concurrent.ThreadPoolExecutor.runWorker(ThreadPoolExecutor.java:1136)\n\tat java.base/java.util.concurrent.ThreadPoolExecutor$Worker.run(ThreadPoolExecutor.java:635)\n\tat java.base/java.lang.Thread.run(Thread.java:840)\n","steps":[{"name":"Access http://the-internet.herokuapp.com/login URL.","time":{"start":1728038036995,"stop":1728038036995,"duration":0},"status":"passed","steps":[],"attachments":[],"parameters":[],"shouldDisplayMessage":false,"stepsCount":0,"attachmentsCount":0,"hasContent":false,"attachmentStep":false},{"name":"Verify login form present or not.","time":{"start":1728038038007,"stop":1728038038007,"duration":0},"status":"passed","steps":[],"attachments":[],"parameters":[],"shouldDisplayMessage":false,"stepsCount":0,"attachmentsCount":0,"hasContent":false,"attachmentStep":false},{"name":"1. Login with valid username and password.","time":{"start":1728038038034,"stop":1728038038034,"duration":0},"status":"passed","steps":[],"attachments":[],"parameters":[],"shouldDisplayMessage":false,"stepsCount":0,"attachmentsCount":0,"hasContent":false,"attachmentStep":false},{"name":"Enter tomsmith username","time":{"start":1728038038034,"stop":1728038038034,"duration":0},"status":"passed","steps":[],"attachments":[],"parameters":[],"shouldDisplayMessage":false,"stepsCount":0,"attachmentsCount":0,"hasContent":false,"attachmentStep":false},{"name":"Enter SuperSecretPassword! password","time":{"start":1728038038087,"stop":1728038038087,"duration":0},"status":"passed","steps":[],"attachments":[],"parameters":[],"shouldDisplayMessage":false,"stepsCount":0,"attachmentsCount":0,"hasContent":false,"attachmentStep":false},{"name":"Click on Submit button","time":{"start":1728038038135,"stop":1728038038135,"duration":0},"status":"passed","steps":[],"attachments":[],"parameters":[],"shouldDisplayMessage":false,"stepsCount":0,"attachmentsCount":0,"hasContent":false,"attachmentStep":false},{"name":"2. Verify success message present","time":{"start":1728038038368,"stop":1728038038368,"duration":0},"status":"passed","steps":[],"attachments":[],"parameters":[],"shouldDisplayMessage":false,"stepsCount":0,"attachmentsCount":0,"hasContent":false,"attachmentStep":false},{"name":"Verify success message present or not.","time":{"start":1728038038368,"stop":1728038038368,"duration":0},"status":"passed","steps":[],"attachments":[],"parameters":[],"shouldDisplayMessage":false,"stepsCount":0,"attachmentsCount":0,"hasContent":false,"attachmentStep":false}],"attachments":[],"parameters":[],"shouldDisplayMessage":true,"stepsCount":8,"attachmentsCount":0,"hasContent":true,"attachmentStep":false},"afterStages":[{"name":"teardown","time":{"start":1728038038442,"stop":1728038038543,"duration":101},"description":"","status":"passed","steps":[{"name":"Cleaning up driver instance: ChromeDriver: chrome on linux (c8d7c107e1ea71897be328c0c252fc30)","time":{"start":1728038038442,"stop":1728038038442,"duration":0},"status":"passed","steps":[],"attachments":[],"parameters":[],"shouldDisplayMessage":false,"stepsCount":0,"attachmentsCount":0,"hasContent":false,"attachmentStep":false},{"name":"Complete time: 4 Oct 2024 10:33:58","time":{"start":1728038038543,"stop":1728038038543,"duration":0},"status":"passed","steps":[],"attachments":[],"parameters":[],"shouldDisplayMessage":false,"stepsCount":0,"attachmentsCount":0,"hasContent":false,"attachmentStep":false}],"attachments":[],"parameters":[],"shouldDisplayMessage":false,"stepsCount":2,"attachmentsCount":0,"hasContent":true,"attachmentStep":false}],"labels":[{"name":"package","value":"test.java.tests.theInternet.parallel.TestFour"},{"name":"testClass","value":"test.java.tests.theInternet.parallel.TestFour"},{"name":"testMethod","value":"testFourExpectedFailure"},{"name":"parentSuite","value":"Suite - Parallel Execution"},{"name":"suite","value":"Test Parallel Execution"},{"name":"subSuite","value":"test.java.tests.theInternet.parallel.TestFour"},{"name":"host","value":"fv-az695-449"},{"name":"thread","value":"2400@fv-az695-449.TestNG-test=Test Parallel Execution-16(152)"},{"name":"framework","value":"testng"},{"name":"language","value":"java"},{"name":"severity","value":"blocker"},{"name":"resultFormat","value":"allure2"}],"parameters":[],"links":[],"hidden":false,"retry":false,"extra":{"severity":"blocker","retries":[{"uid":"801109973fa38a68","status":"skipped","statusDetails":"success message not present expected [false] but found [true]","time":{"start":1728038035174,"stop":1728038036578,"duration":1404}},{"uid":"995e772cba144046","status":"skipped","statusDetails":"success message not present expected [false] but found [true]","time":{"start":1728038033170,"stop":1728038034783,"duration":1613}}],"categories":[{"name":"Product defects","matchedStatuses":[],"flaky":false}],"history":{"statistic":{"failed":32,"broken":0,"skipped":2,"passed":6,"unknown":0,"total":40},"items":[{"uid":"c39c7341ef9d695d","reportUrl":"https://jagadeeshshetty.github.io/SeleniumMaven/115//#testresult/c39c7341ef9d695d","status":"failed","statusDetails":"success message not present expected [false] but found [true]","time":{"start":1713139078198,"stop":1713139078833,"duration":635}},{"uid":"eeec05cbfcfedb3","reportUrl":"https://jagadeeshshetty.github.io/SeleniumMaven/116//#testresult/eeec05cbfcfedb3","status":"failed","statusDetails":"success message not present expected [false] but found [true]","time":{"start":1713139062128,"stop":1713139062761,"duration":633}},{"uid":"c2b99308635c6736","reportUrl":"https://jagadeeshshetty.github.io/SeleniumMaven/114//#testresult/c2b99308635c6736","status":"failed","statusDetails":"success message not present expected [false] but found [true]","time":{"start":1711476543894,"stop":1711476544525,"duration":631}},{"uid":"5e9d6094eca9d2a","reportUrl":"https://jagadeeshshetty.github.io/SeleniumMaven/111//#testresult/5e9d6094eca9d2a","status":"failed","statusDetails":"success message not present expected [false] but found [true]","time":{"start":1709564246467,"stop":1709564247587,"duration":1120}},{"uid":"12d18defc1abb257","reportUrl":"https://jagadeeshshetty.github.io/SeleniumMaven/112//#testresult/12d18defc1abb257","status":"failed","statusDetails":"success message not present expected [false] but found [true]","time":{"start":1709564147467,"stop":1709564147860,"duration":393}},{"uid":"5d78f4c6b3aad4db","reportUrl":"https://jagadeeshshetty.github.io/SeleniumMaven/110//#testresult/5d78f4c6b3aad4db","status":"failed","statusDetails":"success message not present expected [false] but found [true]","time":{"start":1708490364333,"stop":1708490364710,"duration":377}},{"uid":"1b2e91e9cf9a030","reportUrl":"https://jagadeeshshetty.github.io/SeleniumMaven/109//#testresult/1b2e91e9cf9a030","status":"failed","statusDetails":"success message not present expected [false] but found [true]","time":{"start":1708490357492,"stop":1708490357834,"duration":342}},{"uid":"9f6c7459edeae3ba","reportUrl":"https://jagadeeshshetty.github.io/SeleniumMaven/107//#testresult/9f6c7459edeae3ba","status":"failed","statusDetails":"success message not present expected [false] but found [true]","time":{"start":1708401140910,"stop":1708401141522,"duration":612}},{"uid":"83ee343ad0ffc8c","reportUrl":"https://jagadeeshshetty.github.io/SeleniumMaven/108//#testresult/83ee343ad0ffc8c","status":"skipped","statusDetails":"java.util.ConcurrentModificationException","time":{"start":1708401130944,"stop":1708401130945,"duration":1}},{"uid":"f83e52484da98b45","reportUrl":"https://jagadeeshshetty.github.io/SeleniumMaven/105//#testresult/f83e52484da98b45","status":"failed","statusDetails":"success message not present expected [false] but found [true]","time":{"start":1700842813633,"stop":1700842814011,"duration":378}},{"uid":"79fdff3a67ecbd26","reportUrl":"https://jagadeeshshetty.github.io/SeleniumMaven/106//#testresult/79fdff3a67ecbd26","status":"failed","statusDetails":"success message not present expected [false] but found [true]","time":{"start":1700842805381,"stop":1700842805735,"duration":354}},{"uid":"6965011a3e730713","reportUrl":"https://jagadeeshshetty.github.io/SeleniumMaven/103//#testresult/6965011a3e730713","status":"failed","statusDetails":"success message not present expected [false] but found [true]","time":{"start":1700164995392,"stop":1700164995927,"duration":535}},{"uid":"e1abb4d17bd06a9d","reportUrl":"https://jagadeeshshetty.github.io/SeleniumMaven/102//#testresult/e1abb4d17bd06a9d","status":"failed","statusDetails":"success message not present expected [false] but found [true]","time":{"start":1697041765944,"stop":1697041767038,"duration":1094}},{"uid":"5f2ed120bca523bb","reportUrl":"https://jagadeeshshetty.github.io/SeleniumMaven/101//#testresult/5f2ed120bca523bb","status":"failed","statusDetails":"success message not present expected [false] but found [true]","time":{"start":1697041723773,"stop":1697041724628,"duration":855}},{"uid":"413005256b57de0","reportUrl":"https://jagadeeshshetty.github.io/SeleniumMaven/100//#testresult/413005256b57de0","status":"failed","statusDetails":"success message not present expected [false] but found [true]","time":{"start":1696313059911,"stop":1696313060426,"duration":515}},{"uid":"5eb790a24e134190","reportUrl":"https://jagadeeshshetty.github.io/SeleniumMaven/99//#testresult/5eb790a24e134190","status":"failed","statusDetails":"success message not present expected [false] but found [true]","time":{"start":1696312806216,"stop":1696312806722,"duration":506}},{"uid":"8915681bff4525ef","reportUrl":"https://jagadeeshshetty.github.io/SeleniumMaven/97//#testresult/8915681bff4525ef","status":"failed","statusDetails":"success message not present expected [false] but found [true]","time":{"start":1693582708912,"stop":1693582709394,"duration":482}},{"uid":"81a343443fac235c","reportUrl":"https://jagadeeshshetty.github.io/SeleniumMaven/98//#testresult/81a343443fac235c","status":"failed","statusDetails":"success message not present expected [false] but found [true]","time":{"start":1693582412634,"stop":1693582413323,"duration":689}},{"uid":"4fa43b630fe0c569","reportUrl":"https://jagadeeshshetty.github.io/SeleniumMaven/95//#testresult/4fa43b630fe0c569","status":"failed","statusDetails":"success message not present expected [false] but found [true]","time":{"start":1692841590628,"stop":1692841591135,"duration":507}},{"uid":"bfd4a19f8f96d6d8","reportUrl":"https://jagadeeshshetty.github.io/SeleniumMaven/96//#testresult/bfd4a19f8f96d6d8","status":"failed","statusDetails":"success message not present expected [false] but found [true]","time":{"start":1692841534414,"stop":1692841534895,"duration":481}}]},"tags":[]},"source":"f8eacb02230d9452.json","parameterValues":[]}