{"uid":"d276584dc7cdc269","name":"testTwoExpectedFailure","fullName":"test.java.tests.theInternet.parallel.TestTwo.testTwoExpectedFailure","historyId":"4efe4554ba541344b9f422311a9a859c","time":{"start":1768764986882,"stop":1768764987511,"duration":629},"description":"Verify the successful login with valid username and password.","descriptionHtml":"<p>Verify the successful login with valid username and password.</p>\n","status":"failed","statusMessage":"success message not present expected [false] but found [true]","statusTrace":"java.lang.AssertionError: success message not present expected [false] but found [true]\n\tat org.testng.Assert.fail(Assert.java:110)\n\tat org.testng.Assert.failNotEquals(Assert.java:1577)\n\tat org.testng.Assert.assertFalse(Assert.java:78)\n\tat test.java.tests.theInternet.parallel.TestTwo.testTwoExpectedFailure(TestTwo.java:77)\n\tat java.base/jdk.internal.reflect.NativeMethodAccessorImpl.invoke0(Native Method)\n\tat java.base/jdk.internal.reflect.NativeMethodAccessorImpl.invoke(NativeMethodAccessorImpl.java:77)\n\tat java.base/jdk.internal.reflect.DelegatingMethodAccessorImpl.invoke(DelegatingMethodAccessorImpl.java:43)\n\tat java.base/java.lang.reflect.Method.invoke(Method.java:569)\n\tat org.testng.internal.invokers.MethodInvocationHelper.invokeMethod(MethodInvocationHelper.java:139)\n\tat org.testng.internal.invokers.TestInvoker.invokeMethod(TestInvoker.java:677)\n\tat org.testng.internal.invokers.TestInvoker.retryFailed(TestInvoker.java:263)\n\tat org.testng.internal.invokers.MethodRunner.runInSequence(MethodRunner.java:62)\n\tat org.testng.internal.invokers.TestInvoker$MethodInvocationAgent.invoke(TestInvoker.java:969)\n\tat org.testng.internal.invokers.TestInvoker.invokeTestMethods(TestInvoker.java:194)\n\tat org.testng.internal.invokers.TestMethodWorker.invokeTestMethods(TestMethodWorker.java:148)\n\tat org.testng.internal.invokers.TestMethodWorker.run(TestMethodWorker.java:128)\n\tat java.base/java.util.concurrent.ThreadPoolExecutor.runWorker(ThreadPoolExecutor.java:1136)\n\tat java.base/java.util.concurrent.ThreadPoolExecutor$Worker.run(ThreadPoolExecutor.java:635)\n\tat java.base/java.lang.Thread.run(Thread.java:840)\n","flaky":false,"newFailed":false,"newBroken":false,"newPassed":false,"retriesCount":2,"retriesStatusChange":true,"beforeStages":[{"name":"setup","time":{"start":1768764986601,"stop":1768764986881,"duration":280},"description":"","status":"passed","steps":[{"name":"Start time: 18 Jan 2026 19:36:26","time":{"start":1768764986601,"stop":1768764986601,"duration":0},"status":"passed","steps":[],"attachments":[],"parameters":[],"stepsCount":0,"shouldDisplayMessage":false,"attachmentsCount":0,"hasContent":false,"attachmentStep":false},{"name":"Running Test on 'Linux' OS.","time":{"start":1768764986601,"stop":1768764986601,"duration":0},"status":"passed","steps":[],"attachments":[],"parameters":[],"stepsCount":0,"shouldDisplayMessage":false,"attachmentsCount":0,"hasContent":false,"attachmentStep":false},{"name":"JVM Version: 17.0.17","time":{"start":1768764986601,"stop":1768764986601,"duration":0},"status":"passed","steps":[],"attachments":[],"parameters":[],"stepsCount":0,"shouldDisplayMessage":false,"attachmentsCount":0,"hasContent":false,"attachmentStep":false},{"name":"Browser: CHROME 143.0.7499.192","time":{"start":1768764986879,"stop":1768764986879,"duration":0},"status":"passed","steps":[],"attachments":[],"parameters":[],"stepsCount":0,"shouldDisplayMessage":false,"attachmentsCount":0,"hasContent":false,"attachmentStep":false},{"name":"Driver instance: ChromeDriver: chrome on linux (e75428538dd201cf5780d1a983fa61ad)","time":{"start":1768764986879,"stop":1768764986879,"duration":0},"status":"passed","steps":[],"attachments":[],"parameters":[],"stepsCount":0,"shouldDisplayMessage":false,"attachmentsCount":0,"hasContent":false,"attachmentStep":false}],"attachments":[],"parameters":[],"stepsCount":5,"shouldDisplayMessage":false,"attachmentsCount":0,"hasContent":true,"attachmentStep":false}],"testStage":{"description":"Verify the successful login with valid username and password.","status":"failed","statusMessage":"success message not present expected [false] but found [true]","statusTrace":"java.lang.AssertionError: success message not present expected [false] but found [true]\n\tat org.testng.Assert.fail(Assert.java:110)\n\tat org.testng.Assert.failNotEquals(Assert.java:1577)\n\tat org.testng.Assert.assertFalse(Assert.java:78)\n\tat test.java.tests.theInternet.parallel.TestTwo.testTwoExpectedFailure(TestTwo.java:77)\n\tat java.base/jdk.internal.reflect.NativeMethodAccessorImpl.invoke0(Native Method)\n\tat java.base/jdk.internal.reflect.NativeMethodAccessorImpl.invoke(NativeMethodAccessorImpl.java:77)\n\tat java.base/jdk.internal.reflect.DelegatingMethodAccessorImpl.invoke(DelegatingMethodAccessorImpl.java:43)\n\tat java.base/java.lang.reflect.Method.invoke(Method.java:569)\n\tat org.testng.internal.invokers.MethodInvocationHelper.invokeMethod(MethodInvocationHelper.java:139)\n\tat org.testng.internal.invokers.TestInvoker.invokeMethod(TestInvoker.java:677)\n\tat org.testng.internal.invokers.TestInvoker.retryFailed(TestInvoker.java:263)\n\tat org.testng.internal.invokers.MethodRunner.runInSequence(MethodRunner.java:62)\n\tat org.testng.internal.invokers.TestInvoker$MethodInvocationAgent.invoke(TestInvoker.java:969)\n\tat org.testng.internal.invokers.TestInvoker.invokeTestMethods(TestInvoker.java:194)\n\tat org.testng.internal.invokers.TestMethodWorker.invokeTestMethods(TestMethodWorker.java:148)\n\tat org.testng.internal.invokers.TestMethodWorker.run(TestMethodWorker.java:128)\n\tat java.base/java.util.concurrent.ThreadPoolExecutor.runWorker(ThreadPoolExecutor.java:1136)\n\tat java.base/java.util.concurrent.ThreadPoolExecutor$Worker.run(ThreadPoolExecutor.java:635)\n\tat java.base/java.lang.Thread.run(Thread.java:840)\n","steps":[{"name":"Access http://the-internet.herokuapp.com/login URL.","time":{"start":1768764986882,"stop":1768764986882,"duration":0},"status":"passed","steps":[],"attachments":[],"parameters":[],"stepsCount":0,"shouldDisplayMessage":false,"attachmentsCount":0,"hasContent":false,"attachmentStep":false},{"name":"Verify login form present or not.","time":{"start":1768764987202,"stop":1768764987202,"duration":0},"status":"passed","steps":[],"attachments":[],"parameters":[],"stepsCount":0,"shouldDisplayMessage":false,"attachmentsCount":0,"hasContent":false,"attachmentStep":false},{"name":"1. Login with valid username and password.","time":{"start":1768764987229,"stop":1768764987229,"duration":0},"status":"passed","steps":[],"attachments":[],"parameters":[],"stepsCount":0,"shouldDisplayMessage":false,"attachmentsCount":0,"hasContent":false,"attachmentStep":false},{"name":"Enter tomsmith username","time":{"start":1768764987229,"stop":1768764987229,"duration":0},"status":"passed","steps":[],"attachments":[],"parameters":[],"stepsCount":0,"shouldDisplayMessage":false,"attachmentsCount":0,"hasContent":false,"attachmentStep":false},{"name":"Enter SuperSecretPassword! password","time":{"start":1768764987284,"stop":1768764987284,"duration":0},"status":"passed","steps":[],"attachments":[],"parameters":[],"stepsCount":0,"shouldDisplayMessage":false,"attachmentsCount":0,"hasContent":false,"attachmentStep":false},{"name":"Click on Submit button","time":{"start":1768764987334,"stop":1768764987334,"duration":0},"status":"passed","steps":[],"attachments":[],"parameters":[],"stepsCount":0,"shouldDisplayMessage":false,"attachmentsCount":0,"hasContent":false,"attachmentStep":false},{"name":"2. Verify success message present","time":{"start":1768764987394,"stop":1768764987394,"duration":0},"status":"passed","steps":[],"attachments":[],"parameters":[],"stepsCount":0,"shouldDisplayMessage":false,"attachmentsCount":0,"hasContent":false,"attachmentStep":false},{"name":"Verify success message present or not.","time":{"start":1768764987394,"stop":1768764987394,"duration":0},"status":"passed","steps":[],"attachments":[],"parameters":[],"stepsCount":0,"shouldDisplayMessage":false,"attachmentsCount":0,"hasContent":false,"attachmentStep":false}],"attachments":[],"parameters":[],"stepsCount":8,"shouldDisplayMessage":true,"attachmentsCount":0,"hasContent":true,"attachmentStep":false},"afterStages":[{"name":"teardown","time":{"start":1768764987568,"stop":1768764987639,"duration":71},"description":"","status":"passed","steps":[{"name":"Cleaning up driver instance: ChromeDriver: chrome on linux (e75428538dd201cf5780d1a983fa61ad)","time":{"start":1768764987568,"stop":1768764987568,"duration":0},"status":"passed","steps":[],"attachments":[],"parameters":[],"stepsCount":0,"shouldDisplayMessage":false,"attachmentsCount":0,"hasContent":false,"attachmentStep":false},{"name":"Complete time: 18 Jan 2026 19:36:27","time":{"start":1768764987639,"stop":1768764987639,"duration":0},"status":"passed","steps":[],"attachments":[],"parameters":[],"stepsCount":0,"shouldDisplayMessage":false,"attachmentsCount":0,"hasContent":false,"attachmentStep":false}],"attachments":[],"parameters":[],"stepsCount":2,"shouldDisplayMessage":false,"attachmentsCount":0,"hasContent":true,"attachmentStep":false}],"labels":[{"name":"package","value":"test.java.tests.theInternet.parallel.TestTwo"},{"name":"testClass","value":"test.java.tests.theInternet.parallel.TestTwo"},{"name":"testMethod","value":"testTwoExpectedFailure"},{"name":"parentSuite","value":"Suite - Parallel Execution"},{"name":"suite","value":"Test Parallel Execution"},{"name":"subSuite","value":"test.java.tests.theInternet.parallel.TestTwo"},{"name":"host","value":"runnervmmtnos"},{"name":"thread","value":"2702@runnervmmtnos.TestNG-test=Test Parallel Execution-8(155)"},{"name":"framework","value":"testng"},{"name":"language","value":"java"},{"name":"severity","value":"blocker"},{"name":"resultFormat","value":"allure2"}],"parameters":[],"links":[],"hidden":false,"retry":false,"extra":{"severity":"blocker","retries":[{"uid":"d3cecbe44383ecf7","status":"skipped","statusDetails":"success message not present expected [false] but found [true]","time":{"start":1768764985864,"stop":1768764986525,"duration":661}},{"uid":"6b9e1e2c1e7eed4c","status":"skipped","statusDetails":"success message not present expected [false] but found [true]","time":{"start":1768764984247,"stop":1768764985465,"duration":1218}}],"categories":[{"name":"Product defects","matchedStatuses":[],"flaky":false}],"history":{"statistic":{"failed":83,"broken":1,"skipped":4,"passed":3,"unknown":0,"total":91},"items":[{"uid":"f4012ba588d78e35","reportUrl":"https://jagadeeshshetty.github.io/SeleniumMaven/181/#testresult/f4012ba588d78e35","status":"failed","statusDetails":"success message not present expected [false] but found [true]","time":{"start":1768678574915,"stop":1768678575781,"duration":866}},{"uid":"828e17c1fcacb675","reportUrl":"https://jagadeeshshetty.github.io/SeleniumMaven/180/#testresult/828e17c1fcacb675","status":"failed","statusDetails":"success message not present expected [false] but found [true]","time":{"start":1768592382484,"stop":1768592383828,"duration":1344}},{"uid":"b1e137789ff7c046","reportUrl":"https://jagadeeshshetty.github.io/SeleniumMaven/179/#testresult/b1e137789ff7c046","status":"failed","statusDetails":"success message not present expected [false] but found [true]","time":{"start":1768506486514,"stop":1768506487378,"duration":864}},{"uid":"13d699b40542cc51","reportUrl":"https://jagadeeshshetty.github.io/SeleniumMaven/178/#testresult/13d699b40542cc51","status":"failed","statusDetails":"success message not present expected [false] but found [true]","time":{"start":1768419591064,"stop":1768419591758,"duration":694}},{"uid":"dc3896a7160980e3","reportUrl":"https://jagadeeshshetty.github.io/SeleniumMaven/177/#testresult/dc3896a7160980e3","status":"failed","statusDetails":"success message not present expected [false] but found [true]","time":{"start":1768333147177,"stop":1768333147815,"duration":638}},{"uid":"a7a10051d572eefd","reportUrl":"https://jagadeeshshetty.github.io/SeleniumMaven/176/#testresult/a7a10051d572eefd","status":"failed","statusDetails":"success message not present expected [false] but found [true]","time":{"start":1768246835056,"stop":1768246835892,"duration":836}},{"uid":"57e06ccba07ac8e8","reportUrl":"https://jagadeeshshetty.github.io/SeleniumMaven/175/#testresult/57e06ccba07ac8e8","status":"failed","statusDetails":"success message not present expected [false] but found [true]","time":{"start":1768160208177,"stop":1768160209397,"duration":1220}},{"uid":"7746b6cfdb154976","reportUrl":"https://jagadeeshshetty.github.io/SeleniumMaven/174/#testresult/7746b6cfdb154976","status":"failed","statusDetails":"success message not present expected [false] but found [true]","time":{"start":1768073817785,"stop":1768073818492,"duration":707}},{"uid":"362f086e1a6670d2","reportUrl":"https://jagadeeshshetty.github.io/SeleniumMaven/173/#testresult/362f086e1a6670d2","status":"failed","statusDetails":"success message not present expected [false] but found [true]","time":{"start":1767987587826,"stop":1767987588474,"duration":648}},{"uid":"8b5d58493bb6d149","reportUrl":"https://jagadeeshshetty.github.io/SeleniumMaven/172/#testresult/8b5d58493bb6d149","status":"failed","statusDetails":"success message not present expected [false] but found [true]","time":{"start":1767901391481,"stop":1767901392840,"duration":1359}},{"uid":"6fb3e786d9e808c1","reportUrl":"https://jagadeeshshetty.github.io/SeleniumMaven/171/#testresult/6fb3e786d9e808c1","status":"failed","statusDetails":"success message not present expected [false] but found [true]","time":{"start":1767814827143,"stop":1767814827553,"duration":410}},{"uid":"158ddcd11103d74","reportUrl":"https://jagadeeshshetty.github.io/SeleniumMaven/170/#testresult/158ddcd11103d74","status":"failed","statusDetails":"success message not present expected [false] but found [true]","time":{"start":1767728328724,"stop":1767728329140,"duration":416}},{"uid":"89bf22e4c18471ec","reportUrl":"https://jagadeeshshetty.github.io/SeleniumMaven/169/#testresult/89bf22e4c18471ec","status":"failed","statusDetails":"success message not present expected [false] but found [true]","time":{"start":1767642036289,"stop":1767642037167,"duration":878}},{"uid":"b52d121b36875ef6","reportUrl":"https://jagadeeshshetty.github.io/SeleniumMaven/168/#testresult/b52d121b36875ef6","status":"failed","statusDetails":"success message not present expected [false] but found [true]","time":{"start":1767555386868,"stop":1767555387524,"duration":656}},{"uid":"e9700eab32efc936","reportUrl":"https://jagadeeshshetty.github.io/SeleniumMaven/167/#testresult/e9700eab32efc936","status":"failed","statusDetails":"success message not present expected [false] but found [true]","time":{"start":1767468981368,"stop":1767468982807,"duration":1439}},{"uid":"7773d0d15893c777","reportUrl":"https://jagadeeshshetty.github.io/SeleniumMaven/166/#testresult/7773d0d15893c777","status":"failed","statusDetails":"success message not present expected [false] but found [true]","time":{"start":1767382781207,"stop":1767382782781,"duration":1574}},{"uid":"6b54be2ab821f1c8","reportUrl":"https://jagadeeshshetty.github.io/SeleniumMaven/165/#testresult/6b54be2ab821f1c8","status":"passed","time":{"start":1767296225388,"stop":1767296274618,"duration":49230}},{"uid":"f91b9f68420f2ddd","reportUrl":"https://jagadeeshshetty.github.io/SeleniumMaven/164/#testresult/f91b9f68420f2ddd","status":"failed","statusDetails":"success message not present expected [false] but found [true]","time":{"start":1767209831772,"stop":1767209832475,"duration":703}},{"uid":"7990495621b430ee","reportUrl":"https://jagadeeshshetty.github.io/SeleniumMaven/163/#testresult/7990495621b430ee","status":"failed","statusDetails":"success message not present expected [false] but found [true]","time":{"start":1767123439344,"stop":1767123440007,"duration":663}},{"uid":"1214165798c76b72","reportUrl":"https://jagadeeshshetty.github.io/SeleniumMaven/162/#testresult/1214165798c76b72","status":"failed","statusDetails":"success message not present expected [false] but found [true]","time":{"start":1767037031282,"stop":1767037031941,"duration":659}}]},"tags":[]},"source":"d276584dc7cdc269.json","parameterValues":[]}