{"uid":"921f41b94c7347d1","name":"testTwoExpectedFailure","fullName":"test.java.tests.theInternet.parallel.TestTwo.testTwoExpectedFailure","historyId":"4efe4554ba541344b9f422311a9a859c","time":{"start":1765699460263,"stop":1765699461094,"duration":831},"description":"Verify the successful login with valid username and password.","descriptionHtml":"<p>Verify the successful login with valid username and password.</p>\n","status":"failed","statusMessage":"success message not present expected [false] but found [true]","statusTrace":"java.lang.AssertionError: success message not present expected [false] but found [true]\n\tat org.testng.Assert.fail(Assert.java:110)\n\tat org.testng.Assert.failNotEquals(Assert.java:1577)\n\tat org.testng.Assert.assertFalse(Assert.java:78)\n\tat test.java.tests.theInternet.parallel.TestTwo.testTwoExpectedFailure(TestTwo.java:77)\n\tat java.base/jdk.internal.reflect.NativeMethodAccessorImpl.invoke0(Native Method)\n\tat java.base/jdk.internal.reflect.NativeMethodAccessorImpl.invoke(NativeMethodAccessorImpl.java:77)\n\tat java.base/jdk.internal.reflect.DelegatingMethodAccessorImpl.invoke(DelegatingMethodAccessorImpl.java:43)\n\tat java.base/java.lang.reflect.Method.invoke(Method.java:569)\n\tat org.testng.internal.invokers.MethodInvocationHelper.invokeMethod(MethodInvocationHelper.java:139)\n\tat org.testng.internal.invokers.TestInvoker.invokeMethod(TestInvoker.java:677)\n\tat org.testng.internal.invokers.TestInvoker.retryFailed(TestInvoker.java:263)\n\tat org.testng.internal.invokers.MethodRunner.runInSequence(MethodRunner.java:62)\n\tat org.testng.internal.invokers.TestInvoker$MethodInvocationAgent.invoke(TestInvoker.java:969)\n\tat org.testng.internal.invokers.TestInvoker.invokeTestMethods(TestInvoker.java:194)\n\tat org.testng.internal.invokers.TestMethodWorker.invokeTestMethods(TestMethodWorker.java:148)\n\tat org.testng.internal.invokers.TestMethodWorker.run(TestMethodWorker.java:128)\n\tat java.base/java.util.concurrent.ThreadPoolExecutor.runWorker(ThreadPoolExecutor.java:1136)\n\tat java.base/java.util.concurrent.ThreadPoolExecutor$Worker.run(ThreadPoolExecutor.java:635)\n\tat java.base/java.lang.Thread.run(Thread.java:840)\n","flaky":false,"newFailed":false,"newBroken":false,"newPassed":false,"retriesCount":2,"retriesStatusChange":true,"beforeStages":[{"name":"setup","time":{"start":1765699459992,"stop":1765699460262,"duration":270},"description":"","status":"passed","steps":[{"name":"Start time: 14 Dec 2025 08:04:19","time":{"start":1765699459992,"stop":1765699459992,"duration":0},"status":"passed","steps":[],"attachments":[],"parameters":[],"stepsCount":0,"shouldDisplayMessage":false,"attachmentsCount":0,"hasContent":false,"attachmentStep":false},{"name":"Running Test on 'Linux' OS.","time":{"start":1765699459993,"stop":1765699459993,"duration":0},"status":"passed","steps":[],"attachments":[],"parameters":[],"stepsCount":0,"shouldDisplayMessage":false,"attachmentsCount":0,"hasContent":false,"attachmentStep":false},{"name":"JVM Version: 17.0.17","time":{"start":1765699459993,"stop":1765699459993,"duration":0},"status":"passed","steps":[],"attachments":[],"parameters":[],"stepsCount":0,"shouldDisplayMessage":false,"attachmentsCount":0,"hasContent":false,"attachmentStep":false},{"name":"Browser: CHROME 143.0.7499.40","time":{"start":1765699460259,"stop":1765699460259,"duration":0},"status":"passed","steps":[],"attachments":[],"parameters":[],"stepsCount":0,"shouldDisplayMessage":false,"attachmentsCount":0,"hasContent":false,"attachmentStep":false},{"name":"Driver instance: ChromeDriver: chrome on linux (ce157132ecc049d7b4159872a163e16f)","time":{"start":1765699460259,"stop":1765699460259,"duration":0},"status":"passed","steps":[],"attachments":[],"parameters":[],"stepsCount":0,"shouldDisplayMessage":false,"attachmentsCount":0,"hasContent":false,"attachmentStep":false}],"attachments":[],"parameters":[],"stepsCount":5,"shouldDisplayMessage":false,"attachmentsCount":0,"hasContent":true,"attachmentStep":false}],"testStage":{"description":"Verify the successful login with valid username and password.","status":"failed","statusMessage":"success message not present expected [false] but found [true]","statusTrace":"java.lang.AssertionError: success message not present expected [false] but found [true]\n\tat org.testng.Assert.fail(Assert.java:110)\n\tat org.testng.Assert.failNotEquals(Assert.java:1577)\n\tat org.testng.Assert.assertFalse(Assert.java:78)\n\tat test.java.tests.theInternet.parallel.TestTwo.testTwoExpectedFailure(TestTwo.java:77)\n\tat java.base/jdk.internal.reflect.NativeMethodAccessorImpl.invoke0(Native Method)\n\tat java.base/jdk.internal.reflect.NativeMethodAccessorImpl.invoke(NativeMethodAccessorImpl.java:77)\n\tat java.base/jdk.internal.reflect.DelegatingMethodAccessorImpl.invoke(DelegatingMethodAccessorImpl.java:43)\n\tat java.base/java.lang.reflect.Method.invoke(Method.java:569)\n\tat org.testng.internal.invokers.MethodInvocationHelper.invokeMethod(MethodInvocationHelper.java:139)\n\tat org.testng.internal.invokers.TestInvoker.invokeMethod(TestInvoker.java:677)\n\tat org.testng.internal.invokers.TestInvoker.retryFailed(TestInvoker.java:263)\n\tat org.testng.internal.invokers.MethodRunner.runInSequence(MethodRunner.java:62)\n\tat org.testng.internal.invokers.TestInvoker$MethodInvocationAgent.invoke(TestInvoker.java:969)\n\tat org.testng.internal.invokers.TestInvoker.invokeTestMethods(TestInvoker.java:194)\n\tat org.testng.internal.invokers.TestMethodWorker.invokeTestMethods(TestMethodWorker.java:148)\n\tat org.testng.internal.invokers.TestMethodWorker.run(TestMethodWorker.java:128)\n\tat java.base/java.util.concurrent.ThreadPoolExecutor.runWorker(ThreadPoolExecutor.java:1136)\n\tat java.base/java.util.concurrent.ThreadPoolExecutor$Worker.run(ThreadPoolExecutor.java:635)\n\tat java.base/java.lang.Thread.run(Thread.java:840)\n","steps":[{"name":"Access http://the-internet.herokuapp.com/login URL.","time":{"start":1765699460264,"stop":1765699460264,"duration":0},"status":"passed","steps":[],"attachments":[],"parameters":[],"stepsCount":0,"shouldDisplayMessage":false,"attachmentsCount":0,"hasContent":false,"attachmentStep":false},{"name":"Verify login form present or not.","time":{"start":1765699460757,"stop":1765699460757,"duration":0},"status":"passed","steps":[],"attachments":[],"parameters":[],"stepsCount":0,"shouldDisplayMessage":false,"attachmentsCount":0,"hasContent":false,"attachmentStep":false},{"name":"1. Login with valid username and password.","time":{"start":1765699460783,"stop":1765699460784,"duration":1},"status":"passed","steps":[],"attachments":[],"parameters":[],"stepsCount":0,"shouldDisplayMessage":false,"attachmentsCount":0,"hasContent":false,"attachmentStep":false},{"name":"Enter tomsmith username","time":{"start":1765699460784,"stop":1765699460784,"duration":0},"status":"passed","steps":[],"attachments":[],"parameters":[],"stepsCount":0,"shouldDisplayMessage":false,"attachmentsCount":0,"hasContent":false,"attachmentStep":false},{"name":"Enter SuperSecretPassword! password","time":{"start":1765699460837,"stop":1765699460837,"duration":0},"status":"passed","steps":[],"attachments":[],"parameters":[],"stepsCount":0,"shouldDisplayMessage":false,"attachmentsCount":0,"hasContent":false,"attachmentStep":false},{"name":"Click on Submit button","time":{"start":1765699460885,"stop":1765699460885,"duration":0},"status":"passed","steps":[],"attachments":[],"parameters":[],"stepsCount":0,"shouldDisplayMessage":false,"attachmentsCount":0,"hasContent":false,"attachmentStep":false},{"name":"2. Verify success message present","time":{"start":1765699460949,"stop":1765699460949,"duration":0},"status":"passed","steps":[],"attachments":[],"parameters":[],"stepsCount":0,"shouldDisplayMessage":false,"attachmentsCount":0,"hasContent":false,"attachmentStep":false},{"name":"Verify success message present or not.","time":{"start":1765699460949,"stop":1765699460949,"duration":0},"status":"passed","steps":[],"attachments":[],"parameters":[],"stepsCount":0,"shouldDisplayMessage":false,"attachmentsCount":0,"hasContent":false,"attachmentStep":false}],"attachments":[],"parameters":[],"stepsCount":8,"shouldDisplayMessage":true,"attachmentsCount":0,"hasContent":true,"attachmentStep":false},"afterStages":[{"name":"teardown","time":{"start":1765699461157,"stop":1765699461227,"duration":70},"description":"","status":"passed","steps":[{"name":"Cleaning up driver instance: ChromeDriver: chrome on linux (ce157132ecc049d7b4159872a163e16f)","time":{"start":1765699461157,"stop":1765699461157,"duration":0},"status":"passed","steps":[],"attachments":[],"parameters":[],"stepsCount":0,"shouldDisplayMessage":false,"attachmentsCount":0,"hasContent":false,"attachmentStep":false},{"name":"Complete time: 14 Dec 2025 08:04:21","time":{"start":1765699461227,"stop":1765699461227,"duration":0},"status":"passed","steps":[],"attachments":[],"parameters":[],"stepsCount":0,"shouldDisplayMessage":false,"attachmentsCount":0,"hasContent":false,"attachmentStep":false}],"attachments":[],"parameters":[],"stepsCount":2,"shouldDisplayMessage":false,"attachmentsCount":0,"hasContent":true,"attachmentStep":false}],"labels":[{"name":"package","value":"test.java.tests.theInternet.parallel.TestTwo"},{"name":"testClass","value":"test.java.tests.theInternet.parallel.TestTwo"},{"name":"testMethod","value":"testTwoExpectedFailure"},{"name":"parentSuite","value":"Suite - Parallel Execution"},{"name":"suite","value":"Test Parallel Execution"},{"name":"subSuite","value":"test.java.tests.theInternet.parallel.TestTwo"},{"name":"host","value":"runnervm6qbrg"},{"name":"thread","value":"2751@runnervm6qbrg.TestNG-test=Test Parallel Execution-8(127)"},{"name":"framework","value":"testng"},{"name":"language","value":"java"},{"name":"severity","value":"blocker"},{"name":"resultFormat","value":"allure2"}],"parameters":[],"links":[],"hidden":false,"retry":false,"extra":{"severity":"blocker","retries":[{"uid":"8833a6921f74db55","status":"skipped","statusDetails":"success message not present expected [false] but found [true]","time":{"start":1765699458966,"stop":1765699459917,"duration":951}},{"uid":"1039d00b4718a058","status":"skipped","statusDetails":"success message not present expected [false] but found [true]","time":{"start":1765699409415,"stop":1765699458512,"duration":49097}}],"categories":[{"name":"Product defects","matchedStatuses":[],"flaky":false}],"history":{"statistic":{"failed":40,"broken":1,"skipped":4,"passed":2,"unknown":0,"total":47},"items":[{"uid":"9259f514ee92ad37","reportUrl":"https://jagadeeshshetty.github.io/SeleniumMaven/125//#testresult/9259f514ee92ad37","status":"failed","statusDetails":"success message not present expected [false] but found [true]","time":{"start":1739606753831,"stop":1739606754318,"duration":487}},{"uid":"160cea3c719f045d","reportUrl":"https://jagadeeshshetty.github.io/SeleniumMaven/124//#testresult/160cea3c719f045d","status":"skipped","statusDetails":"java.util.ConcurrentModificationException","time":{"start":1739606751783,"stop":1739606751783,"duration":0}},{"uid":"57d70c7d887aae78","reportUrl":"https://jagadeeshshetty.github.io/SeleniumMaven/123//#testresult/57d70c7d887aae78","status":"failed","statusDetails":"success message not present expected [false] but found [true]","time":{"start":1736575356538,"stop":1736575357705,"duration":1167}},{"uid":"f5f28c83260f8639","reportUrl":"https://jagadeeshshetty.github.io/SeleniumMaven/122//#testresult/f5f28c83260f8639","status":"failed","statusDetails":"success message not present expected [false] but found [true]","time":{"start":1736575343823,"stop":1736575344335,"duration":512}},{"uid":"a0853412c624cfa3","reportUrl":"https://jagadeeshshetty.github.io/SeleniumMaven/121//#testresult/a0853412c624cfa3","status":"failed","statusDetails":"success message not present expected [false] but found [true]","time":{"start":1732253795028,"stop":1732253795692,"duration":664}},{"uid":"a7728179b7d71cef","reportUrl":"https://jagadeeshshetty.github.io/SeleniumMaven/120//#testresult/a7728179b7d71cef","status":"skipped","statusDetails":"java.util.ConcurrentModificationException","time":{"start":1732253796178,"stop":1732253796178,"duration":0}},{"uid":"926532caf8666037","reportUrl":"https://jagadeeshshetty.github.io/SeleniumMaven/118//#testresult/926532caf8666037","status":"failed","statusDetails":"success message not present expected [false] but found [true]","time":{"start":1728038028865,"stop":1728038030346,"duration":1481}},{"uid":"b90bca418ea6a9ab","reportUrl":"https://jagadeeshshetty.github.io/SeleniumMaven/115//#testresult/b90bca418ea6a9ab","status":"failed","statusDetails":"success message not present expected [false] but found [true]","time":{"start":1713139071343,"stop":1713139071998,"duration":655}},{"uid":"94a8784d2de79fc6","reportUrl":"https://jagadeeshshetty.github.io/SeleniumMaven/116//#testresult/94a8784d2de79fc6","status":"failed","statusDetails":"success message not present expected [false] but found [true]","time":{"start":1713139055347,"stop":1713139055963,"duration":616}},{"uid":"9ffe2caad8378f4e","reportUrl":"https://jagadeeshshetty.github.io/SeleniumMaven/114//#testresult/9ffe2caad8378f4e","status":"failed","statusDetails":"success message not present expected [false] but found [true]","time":{"start":1711476536941,"stop":1711476537573,"duration":632}},{"uid":"cd2b5b910163655a","reportUrl":"https://jagadeeshshetty.github.io/SeleniumMaven/111//#testresult/cd2b5b910163655a","status":"failed","statusDetails":"success message not present expected [false] but found [true]","time":{"start":1709564236840,"stop":1709564237970,"duration":1130}},{"uid":"9381d8e8f28cf7ae","reportUrl":"https://jagadeeshshetty.github.io/SeleniumMaven/112//#testresult/9381d8e8f28cf7ae","status":"failed","statusDetails":"success message not present expected [false] but found [true]","time":{"start":1709564142169,"stop":1709564142561,"duration":392}},{"uid":"9d04fd75d6de2621","reportUrl":"https://jagadeeshshetty.github.io/SeleniumMaven/110//#testresult/9d04fd75d6de2621","status":"failed","statusDetails":"success message not present expected [false] but found [true]","time":{"start":1708490358778,"stop":1708490359158,"duration":380}},{"uid":"386e27a0ddfc243a","reportUrl":"https://jagadeeshshetty.github.io/SeleniumMaven/109//#testresult/386e27a0ddfc243a","status":"failed","statusDetails":"success message not present expected [false] but found [true]","time":{"start":1708490352280,"stop":1708490352642,"duration":362}},{"uid":"67f1b7f1cdfaf164","reportUrl":"https://jagadeeshshetty.github.io/SeleniumMaven/107//#testresult/67f1b7f1cdfaf164","status":"failed","statusDetails":"success message not present expected [false] but found [true]","time":{"start":1708401134053,"stop":1708401134677,"duration":624}},{"uid":"ba672e808e2c9545","reportUrl":"https://jagadeeshshetty.github.io/SeleniumMaven/108//#testresult/ba672e808e2c9545","status":"failed","statusDetails":"success message not present expected [false] but found [true]","time":{"start":1708401124527,"stop":1708401125657,"duration":1130}},{"uid":"dde022d684b81662","reportUrl":"https://jagadeeshshetty.github.io/SeleniumMaven/105//#testresult/dde022d684b81662","status":"failed","statusDetails":"success message not present expected [false] but found [true]","time":{"start":1700842808203,"stop":1700842808576,"duration":373}},{"uid":"515607a37bea58b7","reportUrl":"https://jagadeeshshetty.github.io/SeleniumMaven/106//#testresult/515607a37bea58b7","status":"skipped","statusDetails":"java.util.ConcurrentModificationException","time":{"start":1700842800303,"stop":1700842800305,"duration":2}},{"uid":"9f342daf63ff92da","reportUrl":"https://jagadeeshshetty.github.io/SeleniumMaven/103//#testresult/9f342daf63ff92da","status":"failed","statusDetails":"success message not present expected [false] but found [true]","time":{"start":1700164988738,"stop":1700164989318,"duration":580}},{"uid":"3917194c9a881615","reportUrl":"https://jagadeeshshetty.github.io/SeleniumMaven/102//#testresult/3917194c9a881615","status":"failed","statusDetails":"success message not present expected [false] but found [true]","time":{"start":1697041755138,"stop":1697041756215,"duration":1077}}]},"tags":[]},"source":"921f41b94c7347d1.json","parameterValues":[]}