{"uid":"e34c7038b63d90af","name":"testOneExpectedFailure","fullName":"test.java.tests.theInternet.parallel.TestOne.testOneExpectedFailure","historyId":"ab6883056220de6a4dfa4936aa12b217","time":{"start":1765699407592,"stop":1765699408431,"duration":839},"description":"Verify the successful login with valid username and password.","descriptionHtml":"<p>Verify the successful login with valid username and password.</p>\n","status":"failed","statusMessage":"success message not present expected [false] but found [true]","statusTrace":"java.lang.AssertionError: success message not present expected [false] but found [true]\n\tat org.testng.Assert.fail(Assert.java:110)\n\tat org.testng.Assert.failNotEquals(Assert.java:1577)\n\tat org.testng.Assert.assertFalse(Assert.java:78)\n\tat test.java.tests.theInternet.parallel.TestOne.testOneExpectedFailure(TestOne.java:77)\n\tat java.base/jdk.internal.reflect.NativeMethodAccessorImpl.invoke0(Native Method)\n\tat java.base/jdk.internal.reflect.NativeMethodAccessorImpl.invoke(NativeMethodAccessorImpl.java:77)\n\tat java.base/jdk.internal.reflect.DelegatingMethodAccessorImpl.invoke(DelegatingMethodAccessorImpl.java:43)\n\tat java.base/java.lang.reflect.Method.invoke(Method.java:569)\n\tat org.testng.internal.invokers.MethodInvocationHelper.invokeMethod(MethodInvocationHelper.java:139)\n\tat org.testng.internal.invokers.TestInvoker.invokeMethod(TestInvoker.java:677)\n\tat org.testng.internal.invokers.TestInvoker.retryFailed(TestInvoker.java:263)\n\tat org.testng.internal.invokers.MethodRunner.runInSequence(MethodRunner.java:62)\n\tat org.testng.internal.invokers.TestInvoker$MethodInvocationAgent.invoke(TestInvoker.java:969)\n\tat org.testng.internal.invokers.TestInvoker.invokeTestMethods(TestInvoker.java:194)\n\tat org.testng.internal.invokers.TestMethodWorker.invokeTestMethods(TestMethodWorker.java:148)\n\tat org.testng.internal.invokers.TestMethodWorker.run(TestMethodWorker.java:128)\n\tat java.base/java.util.concurrent.ThreadPoolExecutor.runWorker(ThreadPoolExecutor.java:1136)\n\tat java.base/java.util.concurrent.ThreadPoolExecutor$Worker.run(ThreadPoolExecutor.java:635)\n\tat java.base/java.lang.Thread.run(Thread.java:840)\n","flaky":false,"newFailed":false,"newBroken":false,"newPassed":false,"retriesCount":2,"retriesStatusChange":true,"beforeStages":[{"name":"setup","time":{"start":1765699407309,"stop":1765699407590,"duration":281},"description":"","status":"passed","steps":[{"name":"Start time: 14 Dec 2025 08:03:27","time":{"start":1765699407310,"stop":1765699407310,"duration":0},"status":"passed","steps":[],"attachments":[],"parameters":[],"stepsCount":0,"shouldDisplayMessage":false,"attachmentsCount":0,"hasContent":false,"attachmentStep":false},{"name":"Running Test on 'Linux' OS.","time":{"start":1765699407310,"stop":1765699407310,"duration":0},"status":"passed","steps":[],"attachments":[],"parameters":[],"stepsCount":0,"shouldDisplayMessage":false,"attachmentsCount":0,"hasContent":false,"attachmentStep":false},{"name":"JVM Version: 17.0.17","time":{"start":1765699407310,"stop":1765699407310,"duration":0},"status":"passed","steps":[],"attachments":[],"parameters":[],"stepsCount":0,"shouldDisplayMessage":false,"attachmentsCount":0,"hasContent":false,"attachmentStep":false},{"name":"Browser: CHROME 143.0.7499.40","time":{"start":1765699407586,"stop":1765699407586,"duration":0},"status":"passed","steps":[],"attachments":[],"parameters":[],"stepsCount":0,"shouldDisplayMessage":false,"attachmentsCount":0,"hasContent":false,"attachmentStep":false},{"name":"Driver instance: ChromeDriver: chrome on linux (84a40601d87f39ea0de8b509c308ebd2)","time":{"start":1765699407586,"stop":1765699407586,"duration":0},"status":"passed","steps":[],"attachments":[],"parameters":[],"stepsCount":0,"shouldDisplayMessage":false,"attachmentsCount":0,"hasContent":false,"attachmentStep":false}],"attachments":[],"parameters":[],"stepsCount":5,"shouldDisplayMessage":false,"attachmentsCount":0,"hasContent":true,"attachmentStep":false}],"testStage":{"description":"Verify the successful login with valid username and password.","status":"failed","statusMessage":"success message not present expected [false] but found [true]","statusTrace":"java.lang.AssertionError: success message not present expected [false] but found [true]\n\tat org.testng.Assert.fail(Assert.java:110)\n\tat org.testng.Assert.failNotEquals(Assert.java:1577)\n\tat org.testng.Assert.assertFalse(Assert.java:78)\n\tat test.java.tests.theInternet.parallel.TestOne.testOneExpectedFailure(TestOne.java:77)\n\tat java.base/jdk.internal.reflect.NativeMethodAccessorImpl.invoke0(Native Method)\n\tat java.base/jdk.internal.reflect.NativeMethodAccessorImpl.invoke(NativeMethodAccessorImpl.java:77)\n\tat java.base/jdk.internal.reflect.DelegatingMethodAccessorImpl.invoke(DelegatingMethodAccessorImpl.java:43)\n\tat java.base/java.lang.reflect.Method.invoke(Method.java:569)\n\tat org.testng.internal.invokers.MethodInvocationHelper.invokeMethod(MethodInvocationHelper.java:139)\n\tat org.testng.internal.invokers.TestInvoker.invokeMethod(TestInvoker.java:677)\n\tat org.testng.internal.invokers.TestInvoker.retryFailed(TestInvoker.java:263)\n\tat org.testng.internal.invokers.MethodRunner.runInSequence(MethodRunner.java:62)\n\tat org.testng.internal.invokers.TestInvoker$MethodInvocationAgent.invoke(TestInvoker.java:969)\n\tat org.testng.internal.invokers.TestInvoker.invokeTestMethods(TestInvoker.java:194)\n\tat org.testng.internal.invokers.TestMethodWorker.invokeTestMethods(TestMethodWorker.java:148)\n\tat org.testng.internal.invokers.TestMethodWorker.run(TestMethodWorker.java:128)\n\tat java.base/java.util.concurrent.ThreadPoolExecutor.runWorker(ThreadPoolExecutor.java:1136)\n\tat java.base/java.util.concurrent.ThreadPoolExecutor$Worker.run(ThreadPoolExecutor.java:635)\n\tat java.base/java.lang.Thread.run(Thread.java:840)\n","steps":[{"name":"Access http://the-internet.herokuapp.com/login URL.","time":{"start":1765699407592,"stop":1765699407592,"duration":0},"status":"passed","steps":[],"attachments":[],"parameters":[],"stepsCount":0,"shouldDisplayMessage":false,"attachmentsCount":0,"hasContent":false,"attachmentStep":false},{"name":"Verify login form present or not.","time":{"start":1765699408093,"stop":1765699408093,"duration":0},"status":"passed","steps":[],"attachments":[],"parameters":[],"stepsCount":0,"shouldDisplayMessage":false,"attachmentsCount":0,"hasContent":false,"attachmentStep":false},{"name":"1. Login with valid username and password.","time":{"start":1765699408119,"stop":1765699408119,"duration":0},"status":"passed","steps":[],"attachments":[],"parameters":[],"stepsCount":0,"shouldDisplayMessage":false,"attachmentsCount":0,"hasContent":false,"attachmentStep":false},{"name":"Enter tomsmith username","time":{"start":1765699408119,"stop":1765699408119,"duration":0},"status":"passed","steps":[],"attachments":[],"parameters":[],"stepsCount":0,"shouldDisplayMessage":false,"attachmentsCount":0,"hasContent":false,"attachmentStep":false},{"name":"Enter SuperSecretPassword! password","time":{"start":1765699408175,"stop":1765699408175,"duration":0},"status":"passed","steps":[],"attachments":[],"parameters":[],"stepsCount":0,"shouldDisplayMessage":false,"attachmentsCount":0,"hasContent":false,"attachmentStep":false},{"name":"Click on Submit button","time":{"start":1765699408224,"stop":1765699408224,"duration":0},"status":"passed","steps":[],"attachments":[],"parameters":[],"stepsCount":0,"shouldDisplayMessage":false,"attachmentsCount":0,"hasContent":false,"attachmentStep":false},{"name":"2. Verify success message present","time":{"start":1765699408283,"stop":1765699408283,"duration":0},"status":"passed","steps":[],"attachments":[],"parameters":[],"stepsCount":0,"shouldDisplayMessage":false,"attachmentsCount":0,"hasContent":false,"attachmentStep":false},{"name":"Verify success message present or not.","time":{"start":1765699408283,"stop":1765699408283,"duration":0},"status":"passed","steps":[],"attachments":[],"parameters":[],"stepsCount":0,"shouldDisplayMessage":false,"attachmentsCount":0,"hasContent":false,"attachmentStep":false}],"attachments":[],"parameters":[],"stepsCount":8,"shouldDisplayMessage":true,"attachmentsCount":0,"hasContent":true,"attachmentStep":false},"afterStages":[{"name":"teardown","time":{"start":1765699408528,"stop":1765699408600,"duration":72},"description":"","status":"passed","steps":[{"name":"Cleaning up driver instance: ChromeDriver: chrome on linux (84a40601d87f39ea0de8b509c308ebd2)","time":{"start":1765699408528,"stop":1765699408528,"duration":0},"status":"passed","steps":[],"attachments":[],"parameters":[],"stepsCount":0,"shouldDisplayMessage":false,"attachmentsCount":0,"hasContent":false,"attachmentStep":false},{"name":"Complete time: 14 Dec 2025 08:03:28","time":{"start":1765699408600,"stop":1765699408600,"duration":0},"status":"passed","steps":[],"attachments":[],"parameters":[],"stepsCount":0,"shouldDisplayMessage":false,"attachmentsCount":0,"hasContent":false,"attachmentStep":false}],"attachments":[],"parameters":[],"stepsCount":2,"shouldDisplayMessage":false,"attachmentsCount":0,"hasContent":true,"attachmentStep":false}],"labels":[{"name":"package","value":"test.java.tests.theInternet.parallel.TestOne"},{"name":"testClass","value":"test.java.tests.theInternet.parallel.TestOne"},{"name":"testMethod","value":"testOneExpectedFailure"},{"name":"parentSuite","value":"Suite - Parallel Execution"},{"name":"suite","value":"Test Parallel Execution"},{"name":"subSuite","value":"test.java.tests.theInternet.parallel.TestOne"},{"name":"host","value":"runnervm6qbrg"},{"name":"thread","value":"2751@runnervm6qbrg.TestNG-test=Test Parallel Execution-4(23)"},{"name":"framework","value":"testng"},{"name":"language","value":"java"},{"name":"severity","value":"blocker"},{"name":"resultFormat","value":"allure2"}],"parameters":[],"links":[],"hidden":false,"retry":false,"extra":{"severity":"blocker","retries":[{"uid":"d41a059bd1a0b349","status":"skipped","statusDetails":"success message not present expected [false] but found [true]","time":{"start":1765699406356,"stop":1765699407236,"duration":880}},{"uid":"8a5e430d5299655e","status":"skipped","statusDetails":"success message not present expected [false] but found [true]","time":{"start":1765699404249,"stop":1765699405931,"duration":1682}}],"categories":[{"name":"Product defects","matchedStatuses":[],"flaky":false}],"history":{"statistic":{"failed":31,"broken":2,"skipped":13,"passed":1,"unknown":0,"total":47},"items":[{"uid":"7709fc2f8c29c7e3","reportUrl":"https://jagadeeshshetty.github.io/SeleniumMaven/125//#testresult/7709fc2f8c29c7e3","status":"failed","statusDetails":"success message not present expected [false] but found [true]","time":{"start":1739606749154,"stop":1739606749630,"duration":476}},{"uid":"53f741f2920a0cb","reportUrl":"https://jagadeeshshetty.github.io/SeleniumMaven/124//#testresult/53f741f2920a0cb","status":"failed","statusDetails":"success message not present expected [false] but found [true]","time":{"start":1739606750359,"stop":1739606750825,"duration":466}},{"uid":"d4cb3da763d92dbd","reportUrl":"https://jagadeeshshetty.github.io/SeleniumMaven/123//#testresult/d4cb3da763d92dbd","status":"skipped","statusDetails":"java.util.ConcurrentModificationException","time":{"start":1736575351300,"stop":1736575351300,"duration":0}},{"uid":"68a0f4cfd368c29e","reportUrl":"https://jagadeeshshetty.github.io/SeleniumMaven/122//#testresult/68a0f4cfd368c29e","status":"skipped","statusDetails":"java.util.ConcurrentModificationException","time":{"start":1736575339901,"stop":1736575339901,"duration":0}},{"uid":"62e4de7e7b751625","reportUrl":"https://jagadeeshshetty.github.io/SeleniumMaven/121//#testresult/62e4de7e7b751625","status":"skipped","statusDetails":"java.util.ConcurrentModificationException","time":{"start":1732253791285,"stop":1732253791285,"duration":0}},{"uid":"2fe44ae69a06d5b4","reportUrl":"https://jagadeeshshetty.github.io/SeleniumMaven/120//#testresult/2fe44ae69a06d5b4","status":"failed","statusDetails":"success message not present expected [false] but found [true]","time":{"start":1732253794719,"stop":1732253795370,"duration":651}},{"uid":"9c4c4dec3258943b","reportUrl":"https://jagadeeshshetty.github.io/SeleniumMaven/118//#testresult/9c4c4dec3258943b","status":"failed","statusDetails":"success message not present expected [false] but found [true]","time":{"start":1728038022472,"stop":1728038023892,"duration":1420}},{"uid":"368d168b4236c75c","reportUrl":"https://jagadeeshshetty.github.io/SeleniumMaven/115//#testresult/368d168b4236c75c","status":"failed","statusDetails":"success message not present expected [false] but found [true]","time":{"start":1713139067805,"stop":1713139068477,"duration":672}},{"uid":"e53f4f2c7aa66ae8","reportUrl":"https://jagadeeshshetty.github.io/SeleniumMaven/116//#testresult/e53f4f2c7aa66ae8","status":"skipped","statusDetails":"java.util.ConcurrentModificationException","time":{"start":1713139052336,"stop":1713139052336,"duration":0}},{"uid":"7fd20633b171ad50","reportUrl":"https://jagadeeshshetty.github.io/SeleniumMaven/114//#testresult/7fd20633b171ad50","status":"failed","statusDetails":"success message not present expected [false] but found [true]","time":{"start":1711476533308,"stop":1711476533944,"duration":636}},{"uid":"4e5df05c897b2d42","reportUrl":"https://jagadeeshshetty.github.io/SeleniumMaven/111//#testresult/4e5df05c897b2d42","status":"broken","statusDetails":"Session ID is null. Using WebDriver after calling quit()?\nBuild info: version: '4.11.0', revision: '040bc5406b'\nSystem info: os.name: 'Linux', os.arch: 'amd64', os.version: '6.5.0-1015-azure', java.version: '17.0.10'\nDriver info: org.openqa.selenium.chrome.ChromeDriver\nCommand: [null, screenshot {}]\nCapabilities {acceptInsecureCerts: false, browserName: chrome-headless-shell, browserVersion: 122.0.6261.69, chrome: {chromedriverVersion: 122.0.6261.69 (81bc525b6a36..., userDataDir: /tmp/.org.chromium.Chromium...}, fedcm:accounts: true, goog:chromeOptions: {debuggerAddress: localhost:39639}, networkConnectionEnabled: false, pageLoadStrategy: normal, platformName: linux, proxy: Proxy(), se:cdp: ws://localhost:39639/devtoo..., se:cdpVersion: 122.0.6261.69, setWindowRect: true, strictFileInteractability: false, timeouts: {implicit: 0, pageLoad: 300000, script: 30000}, unhandledPromptBehavior: dismiss and notify, webauthn:extension:credBlob: true, webauthn:extension:largeBlob: true, webauthn:extension:minPinLength: true, webauthn:extension:prf: true, webauthn:virtualAuthenticators: true}","time":{"start":1709564088788,"stop":1709564088788,"duration":0}},{"uid":"c70e0cd7ef6abdaa","reportUrl":"https://jagadeeshshetty.github.io/SeleniumMaven/112//#testresult/c70e0cd7ef6abdaa","status":"failed","statusDetails":"success message not present expected [false] but found [true]","time":{"start":1709564044299,"stop":1709564044741,"duration":442}},{"uid":"464183f789c67d57","reportUrl":"https://jagadeeshshetty.github.io/SeleniumMaven/110//#testresult/464183f789c67d57","status":"skipped","statusDetails":"java.util.ConcurrentModificationException","time":{"start":1708490346335,"stop":1708490346336,"duration":1}},{"uid":"6debe69f7bab56f6","reportUrl":"https://jagadeeshshetty.github.io/SeleniumMaven/109//#testresult/6debe69f7bab56f6","status":"skipped","statusDetails":"java.util.ConcurrentModificationException","time":{"start":1708490349718,"stop":1708490349718,"duration":0}},{"uid":"6a6b8e14d29e5ec3","reportUrl":"https://jagadeeshshetty.github.io/SeleniumMaven/107//#testresult/6a6b8e14d29e5ec3","status":"failed","statusDetails":"success message not present expected [false] but found [true]","time":{"start":1708401130471,"stop":1708401131105,"duration":634}},{"uid":"2f602ecfc41a6459","reportUrl":"https://jagadeeshshetty.github.io/SeleniumMaven/108//#testresult/2f602ecfc41a6459","status":"skipped","statusDetails":"java.util.ConcurrentModificationException","time":{"start":1708401118995,"stop":1708401118995,"duration":0}},{"uid":"284eb2955d194631","reportUrl":"https://jagadeeshshetty.github.io/SeleniumMaven/105//#testresult/284eb2955d194631","status":"failed","statusDetails":"success message not present expected [false] but found [true]","time":{"start":1700842805338,"stop":1700842805728,"duration":390}},{"uid":"abe97061373f43b3","reportUrl":"https://jagadeeshshetty.github.io/SeleniumMaven/106//#testresult/abe97061373f43b3","status":"failed","statusDetails":"success message not present expected [false] but found [true]","time":{"start":1700842799711,"stop":1700842800079,"duration":368}},{"uid":"c6ac2f06c2a80e1c","reportUrl":"https://jagadeeshshetty.github.io/SeleniumMaven/103//#testresult/c6ac2f06c2a80e1c","status":"skipped","statusDetails":"java.util.ConcurrentModificationException","time":{"start":1700164985833,"stop":1700164985834,"duration":1}},{"uid":"416ee5e94f826630","reportUrl":"https://jagadeeshshetty.github.io/SeleniumMaven/102//#testresult/416ee5e94f826630","status":"failed","statusDetails":"success message not present expected [false] but found [true]","time":{"start":1697041571410,"stop":1697041572522,"duration":1112}}]},"tags":[]},"source":"e34c7038b63d90af.json","parameterValues":[]}