{"uid":"8f2d8c5e44b04abc","name":"testThreeExpectedFailure","fullName":"test.java.tests.theInternet.parallel.TestThree.testThreeExpectedFailure","historyId":"cad436207142227918581ae7912911d3","time":{"start":1732253977903,"stop":1732253978561,"duration":658},"description":"Verify the successful login with valid username and password.","descriptionHtml":"<p>Verify the successful login with valid username and password.</p>\n","status":"failed","statusMessage":"success message not present expected [false] but found [true]","statusTrace":"java.lang.AssertionError: success message not present expected [false] but found [true]\n\tat org.testng.Assert.fail(Assert.java:110)\n\tat org.testng.Assert.failNotEquals(Assert.java:1577)\n\tat org.testng.Assert.assertFalse(Assert.java:78)\n\tat test.java.tests.theInternet.parallel.TestThree.testThreeExpectedFailure(TestThree.java:77)\n\tat java.base/jdk.internal.reflect.NativeMethodAccessorImpl.invoke0(Native Method)\n\tat java.base/jdk.internal.reflect.NativeMethodAccessorImpl.invoke(NativeMethodAccessorImpl.java:77)\n\tat java.base/jdk.internal.reflect.DelegatingMethodAccessorImpl.invoke(DelegatingMethodAccessorImpl.java:43)\n\tat java.base/java.lang.reflect.Method.invoke(Method.java:569)\n\tat org.testng.internal.invokers.MethodInvocationHelper.invokeMethod(MethodInvocationHelper.java:139)\n\tat org.testng.internal.invokers.TestInvoker.invokeMethod(TestInvoker.java:677)\n\tat org.testng.internal.invokers.TestInvoker.retryFailed(TestInvoker.java:263)\n\tat org.testng.internal.invokers.MethodRunner.runInSequence(MethodRunner.java:62)\n\tat org.testng.internal.invokers.TestInvoker$MethodInvocationAgent.invoke(TestInvoker.java:969)\n\tat org.testng.internal.invokers.TestInvoker.invokeTestMethods(TestInvoker.java:194)\n\tat org.testng.internal.invokers.TestMethodWorker.invokeTestMethods(TestMethodWorker.java:148)\n\tat org.testng.internal.invokers.TestMethodWorker.run(TestMethodWorker.java:128)\n\tat java.base/java.util.concurrent.ThreadPoolExecutor.runWorker(ThreadPoolExecutor.java:1136)\n\tat java.base/java.util.concurrent.ThreadPoolExecutor$Worker.run(ThreadPoolExecutor.java:635)\n\tat java.base/java.lang.Thread.run(Thread.java:840)\n","flaky":false,"newFailed":false,"newBroken":false,"newPassed":false,"retriesCount":2,"retriesStatusChange":true,"beforeStages":[{"name":"setup","time":{"start":1732253977514,"stop":1732253977901,"duration":387},"description":"","status":"passed","steps":[{"name":"Start time: 22 Nov 2024 05:39:37","time":{"start":1732253977514,"stop":1732253977514,"duration":0},"status":"passed","steps":[],"attachments":[],"parameters":[],"shouldDisplayMessage":false,"stepsCount":0,"attachmentsCount":0,"hasContent":false,"attachmentStep":false},{"name":"Running Test on 'Linux' OS.","time":{"start":1732253977514,"stop":1732253977514,"duration":0},"status":"passed","steps":[],"attachments":[],"parameters":[],"shouldDisplayMessage":false,"stepsCount":0,"attachmentsCount":0,"hasContent":false,"attachmentStep":false},{"name":"JVM Version: 17.0.13","time":{"start":1732253977514,"stop":1732253977514,"duration":0},"status":"passed","steps":[],"attachments":[],"parameters":[],"shouldDisplayMessage":false,"stepsCount":0,"attachmentsCount":0,"hasContent":false,"attachmentStep":false},{"name":"Browser: CHROME 131.0.6778.69","time":{"start":1732253977896,"stop":1732253977896,"duration":0},"status":"passed","steps":[],"attachments":[],"parameters":[],"shouldDisplayMessage":false,"stepsCount":0,"attachmentsCount":0,"hasContent":false,"attachmentStep":false},{"name":"Driver instance: ChromeDriver: chrome on linux (8fd803b4df5406366d614009c89a8a46)","time":{"start":1732253977896,"stop":1732253977896,"duration":0},"status":"passed","steps":[],"attachments":[],"parameters":[],"shouldDisplayMessage":false,"stepsCount":0,"attachmentsCount":0,"hasContent":false,"attachmentStep":false}],"attachments":[],"parameters":[],"shouldDisplayMessage":false,"stepsCount":5,"attachmentsCount":0,"hasContent":true,"attachmentStep":false}],"testStage":{"description":"Verify the successful login with valid username and password.","status":"failed","statusMessage":"success message not present expected [false] but found [true]","statusTrace":"java.lang.AssertionError: success message not present expected [false] but found [true]\n\tat org.testng.Assert.fail(Assert.java:110)\n\tat org.testng.Assert.failNotEquals(Assert.java:1577)\n\tat org.testng.Assert.assertFalse(Assert.java:78)\n\tat test.java.tests.theInternet.parallel.TestThree.testThreeExpectedFailure(TestThree.java:77)\n\tat java.base/jdk.internal.reflect.NativeMethodAccessorImpl.invoke0(Native Method)\n\tat java.base/jdk.internal.reflect.NativeMethodAccessorImpl.invoke(NativeMethodAccessorImpl.java:77)\n\tat java.base/jdk.internal.reflect.DelegatingMethodAccessorImpl.invoke(DelegatingMethodAccessorImpl.java:43)\n\tat java.base/java.lang.reflect.Method.invoke(Method.java:569)\n\tat org.testng.internal.invokers.MethodInvocationHelper.invokeMethod(MethodInvocationHelper.java:139)\n\tat org.testng.internal.invokers.TestInvoker.invokeMethod(TestInvoker.java:677)\n\tat org.testng.internal.invokers.TestInvoker.retryFailed(TestInvoker.java:263)\n\tat org.testng.internal.invokers.MethodRunner.runInSequence(MethodRunner.java:62)\n\tat org.testng.internal.invokers.TestInvoker$MethodInvocationAgent.invoke(TestInvoker.java:969)\n\tat org.testng.internal.invokers.TestInvoker.invokeTestMethods(TestInvoker.java:194)\n\tat org.testng.internal.invokers.TestMethodWorker.invokeTestMethods(TestMethodWorker.java:148)\n\tat org.testng.internal.invokers.TestMethodWorker.run(TestMethodWorker.java:128)\n\tat java.base/java.util.concurrent.ThreadPoolExecutor.runWorker(ThreadPoolExecutor.java:1136)\n\tat java.base/java.util.concurrent.ThreadPoolExecutor$Worker.run(ThreadPoolExecutor.java:635)\n\tat java.base/java.lang.Thread.run(Thread.java:840)\n","steps":[{"name":"Access http://the-internet.herokuapp.com/login URL.","time":{"start":1732253977903,"stop":1732253977903,"duration":0},"status":"passed","steps":[],"attachments":[],"parameters":[],"shouldDisplayMessage":false,"stepsCount":0,"attachmentsCount":0,"hasContent":false,"attachmentStep":false},{"name":"Verify login form present or not.","time":{"start":1732253978244,"stop":1732253978244,"duration":0},"status":"passed","steps":[],"attachments":[],"parameters":[],"shouldDisplayMessage":false,"stepsCount":0,"attachmentsCount":0,"hasContent":false,"attachmentStep":false},{"name":"1. Login with valid username and password.","time":{"start":1732253978275,"stop":1732253978275,"duration":0},"status":"passed","steps":[],"attachments":[],"parameters":[],"shouldDisplayMessage":false,"stepsCount":0,"attachmentsCount":0,"hasContent":false,"attachmentStep":false},{"name":"Enter tomsmith username","time":{"start":1732253978275,"stop":1732253978275,"duration":0},"status":"passed","steps":[],"attachments":[],"parameters":[],"shouldDisplayMessage":false,"stepsCount":0,"attachmentsCount":0,"hasContent":false,"attachmentStep":false},{"name":"Enter SuperSecretPassword! password","time":{"start":1732253978330,"stop":1732253978330,"duration":0},"status":"passed","steps":[],"attachments":[],"parameters":[],"shouldDisplayMessage":false,"stepsCount":0,"attachmentsCount":0,"hasContent":false,"attachmentStep":false},{"name":"Click on Submit button","time":{"start":1732253978379,"stop":1732253978379,"duration":0},"status":"passed","steps":[],"attachments":[],"parameters":[],"shouldDisplayMessage":false,"stepsCount":0,"attachmentsCount":0,"hasContent":false,"attachmentStep":false},{"name":"2. Verify success message present","time":{"start":1732253978534,"stop":1732253978534,"duration":0},"status":"passed","steps":[],"attachments":[],"parameters":[],"shouldDisplayMessage":false,"stepsCount":0,"attachmentsCount":0,"hasContent":false,"attachmentStep":false},{"name":"Verify success message present or not.","time":{"start":1732253978534,"stop":1732253978534,"duration":0},"status":"passed","steps":[],"attachments":[],"parameters":[],"shouldDisplayMessage":false,"stepsCount":0,"attachmentsCount":0,"hasContent":false,"attachmentStep":false}],"attachments":[],"parameters":[],"shouldDisplayMessage":true,"stepsCount":8,"attachmentsCount":0,"hasContent":true,"attachmentStep":false},"afterStages":[{"name":"teardown","time":{"start":1732253978637,"stop":1732253978739,"duration":102},"description":"","status":"passed","steps":[{"name":"Cleaning up driver instance: ChromeDriver: chrome on linux (8fd803b4df5406366d614009c89a8a46)","time":{"start":1732253978637,"stop":1732253978637,"duration":0},"status":"passed","steps":[],"attachments":[],"parameters":[],"shouldDisplayMessage":false,"stepsCount":0,"attachmentsCount":0,"hasContent":false,"attachmentStep":false},{"name":"Complete time: 22 Nov 2024 05:39:38","time":{"start":1732253978738,"stop":1732253978738,"duration":0},"status":"passed","steps":[],"attachments":[],"parameters":[],"shouldDisplayMessage":false,"stepsCount":0,"attachmentsCount":0,"hasContent":false,"attachmentStep":false}],"attachments":[],"parameters":[],"shouldDisplayMessage":false,"stepsCount":2,"attachmentsCount":0,"hasContent":true,"attachmentStep":false}],"labels":[{"name":"package","value":"test.java.tests.theInternet.parallel.TestThree"},{"name":"testClass","value":"test.java.tests.theInternet.parallel.TestThree"},{"name":"testMethod","value":"testThreeExpectedFailure"},{"name":"parentSuite","value":"Suite - Parallel Execution"},{"name":"suite","value":"Test Parallel Execution"},{"name":"subSuite","value":"test.java.tests.theInternet.parallel.TestThree"},{"name":"host","value":"fv-az770-590"},{"name":"thread","value":"2436@fv-az770-590.TestNG-test=Test Parallel Execution-12(221)"},{"name":"framework","value":"testng"},{"name":"language","value":"java"},{"name":"severity","value":"blocker"},{"name":"resultFormat","value":"allure2"}],"parameters":[],"links":[],"hidden":false,"retry":false,"extra":{"severity":"blocker","retries":[{"uid":"2183efdb9c67d71","status":"skipped","statusDetails":"success message not present expected [false] but found [true]","time":{"start":1732253976789,"stop":1732253977410,"duration":621}},{"uid":"ed66426e144a6580","status":"skipped","statusDetails":"success message not present expected [false] but found [true]","time":{"start":1732253975315,"stop":1732253976291,"duration":976}}],"categories":[{"name":"Product defects","matchedStatuses":[],"flaky":false}],"history":{"statistic":{"failed":38,"broken":0,"skipped":1,"passed":3,"unknown":0,"total":42},"items":[{"uid":"44d53b365d81b4a3","reportUrl":"https://jagadeeshshetty.github.io/SeleniumMaven/120//#testresult/44d53b365d81b4a3","status":"failed","statusDetails":"success message not present expected [false] but found [true]","time":{"start":1732253799515,"stop":1732253800160,"duration":645}},{"uid":"3510e72ceecfc1f6","reportUrl":"https://jagadeeshshetty.github.io/SeleniumMaven/118//#testresult/3510e72ceecfc1f6","status":"failed","statusDetails":"success message not present expected [false] but found [true]","time":{"start":1728038035099,"stop":1728038036498,"duration":1399}},{"uid":"3b814bfa9856260f","reportUrl":"https://jagadeeshshetty.github.io/SeleniumMaven/115//#testresult/3b814bfa9856260f","status":"failed","statusDetails":"success message not present expected [false] but found [true]","time":{"start":1713139074753,"stop":1713139075409,"duration":656}},{"uid":"35989ea28430e75a","reportUrl":"https://jagadeeshshetty.github.io/SeleniumMaven/116//#testresult/35989ea28430e75a","status":"failed","statusDetails":"success message not present expected [false] but found [true]","time":{"start":1713139058701,"stop":1713139059319,"duration":618}},{"uid":"cac8e10899c99a75","reportUrl":"https://jagadeeshshetty.github.io/SeleniumMaven/114//#testresult/cac8e10899c99a75","status":"failed","statusDetails":"success message not present expected [false] but found [true]","time":{"start":1711476540489,"stop":1711476541173,"duration":684}},{"uid":"8814a30d844c17f7","reportUrl":"https://jagadeeshshetty.github.io/SeleniumMaven/111//#testresult/8814a30d844c17f7","status":"failed","statusDetails":"success message not present expected [false] but found [true]","time":{"start":1709564241673,"stop":1709564242801,"duration":1128}},{"uid":"b7a426e34e745beb","reportUrl":"https://jagadeeshshetty.github.io/SeleniumMaven/112//#testresult/b7a426e34e745beb","status":"failed","statusDetails":"success message not present expected [false] but found [true]","time":{"start":1709564144842,"stop":1709564145222,"duration":380}},{"uid":"8be5f7bd09b86bab","reportUrl":"https://jagadeeshshetty.github.io/SeleniumMaven/110//#testresult/8be5f7bd09b86bab","status":"failed","statusDetails":"success message not present expected [false] but found [true]","time":{"start":1708490361466,"stop":1708490361835,"duration":369}},{"uid":"e62644e9cba284d","reportUrl":"https://jagadeeshshetty.github.io/SeleniumMaven/109//#testresult/e62644e9cba284d","status":"failed","statusDetails":"success message not present expected [false] but found [true]","time":{"start":1708490354967,"stop":1708490355315,"duration":348}},{"uid":"be8d36bd21590a9a","reportUrl":"https://jagadeeshshetty.github.io/SeleniumMaven/107//#testresult/be8d36bd21590a9a","status":"failed","statusDetails":"success message not present expected [false] but found [true]","time":{"start":1708401137448,"stop":1708401138029,"duration":581}},{"uid":"ddbd1ef7181c8463","reportUrl":"https://jagadeeshshetty.github.io/SeleniumMaven/108//#testresult/ddbd1ef7181c8463","status":"failed","statusDetails":"success message not present expected [false] but found [true]","time":{"start":1708401129375,"stop":1708401130514,"duration":1139}},{"uid":"2dc8ac4fbac5aa0b","reportUrl":"https://jagadeeshshetty.github.io/SeleniumMaven/105//#testresult/2dc8ac4fbac5aa0b","status":"failed","statusDetails":"success message not present expected [false] but found [true]","time":{"start":1700842810930,"stop":1700842811301,"duration":371}},{"uid":"24d75821222ba816","reportUrl":"https://jagadeeshshetty.github.io/SeleniumMaven/106//#testresult/24d75821222ba816","status":"failed","statusDetails":"success message not present expected [false] but found [true]","time":{"start":1700842802751,"stop":1700842803108,"duration":357}},{"uid":"cd99e2a1e07e4957","reportUrl":"https://jagadeeshshetty.github.io/SeleniumMaven/103//#testresult/cd99e2a1e07e4957","status":"failed","statusDetails":"success message not present expected [false] but found [true]","time":{"start":1700164992138,"stop":1700164992688,"duration":550}},{"uid":"50f9083631f81de4","reportUrl":"https://jagadeeshshetty.github.io/SeleniumMaven/102//#testresult/50f9083631f81de4","status":"failed","statusDetails":"success message not present expected [false] but found [true]","time":{"start":1697041760600,"stop":1697041761668,"duration":1068}},{"uid":"4f7ccf97a0ee1c6a","reportUrl":"https://jagadeeshshetty.github.io/SeleniumMaven/101//#testresult/4f7ccf97a0ee1c6a","status":"passed","time":{"start":1697041573399,"stop":1697041718733,"duration":145334}},{"uid":"74496955d21c2343","reportUrl":"https://jagadeeshshetty.github.io/SeleniumMaven/100//#testresult/74496955d21c2343","status":"failed","statusDetails":"success message not present expected [false] but found [true]","time":{"start":1696312863238,"stop":1696313056378,"duration":193140}},{"uid":"14887fd19cd36421","reportUrl":"https://jagadeeshshetty.github.io/SeleniumMaven/99//#testresult/14887fd19cd36421","status":"failed","statusDetails":"success message not present expected [false] but found [true]","time":{"start":1696312658217,"stop":1696312658692,"duration":475}},{"uid":"e50878633719623a","reportUrl":"https://jagadeeshshetty.github.io/SeleniumMaven/97//#testresult/e50878633719623a","status":"failed","statusDetails":"success message not present expected [false] but found [true]","time":{"start":1693582415882,"stop":1693582416434,"duration":552}},{"uid":"e2cf30ec14de31e1","reportUrl":"https://jagadeeshshetty.github.io/SeleniumMaven/98//#testresult/e2cf30ec14de31e1","status":"failed","statusDetails":"success message not present expected [false] but found [true]","time":{"start":1693582264091,"stop":1693582264757,"duration":666}}]},"tags":[]},"source":"8f2d8c5e44b04abc.json","parameterValues":[]}