{"uid":"a0853412c624cfa3","name":"testTwoExpectedFailure","fullName":"test.java.tests.theInternet.parallel.TestTwo.testTwoExpectedFailure","historyId":"4efe4554ba541344b9f422311a9a859c","time":{"start":1732253795028,"stop":1732253795692,"duration":664},"description":"Verify the successful login with valid username and password.","descriptionHtml":"<p>Verify the successful login with valid username and password.</p>\n","status":"failed","statusMessage":"success message not present expected [false] but found [true]","statusTrace":"java.lang.AssertionError: success message not present expected [false] but found [true]\n\tat org.testng.Assert.fail(Assert.java:110)\n\tat org.testng.Assert.failNotEquals(Assert.java:1577)\n\tat org.testng.Assert.assertFalse(Assert.java:78)\n\tat test.java.tests.theInternet.parallel.TestTwo.testTwoExpectedFailure(TestTwo.java:77)\n\tat java.base/jdk.internal.reflect.NativeMethodAccessorImpl.invoke0(Native Method)\n\tat java.base/jdk.internal.reflect.NativeMethodAccessorImpl.invoke(NativeMethodAccessorImpl.java:77)\n\tat java.base/jdk.internal.reflect.DelegatingMethodAccessorImpl.invoke(DelegatingMethodAccessorImpl.java:43)\n\tat java.base/java.lang.reflect.Method.invoke(Method.java:569)\n\tat org.testng.internal.invokers.MethodInvocationHelper.invokeMethod(MethodInvocationHelper.java:139)\n\tat org.testng.internal.invokers.TestInvoker.invokeMethod(TestInvoker.java:677)\n\tat org.testng.internal.invokers.TestInvoker.retryFailed(TestInvoker.java:263)\n\tat org.testng.internal.invokers.MethodRunner.runInSequence(MethodRunner.java:62)\n\tat org.testng.internal.invokers.TestInvoker$MethodInvocationAgent.invoke(TestInvoker.java:969)\n\tat org.testng.internal.invokers.TestInvoker.invokeTestMethods(TestInvoker.java:194)\n\tat org.testng.internal.invokers.TestMethodWorker.invokeTestMethods(TestMethodWorker.java:148)\n\tat org.testng.internal.invokers.TestMethodWorker.run(TestMethodWorker.java:128)\n\tat java.base/java.util.concurrent.ThreadPoolExecutor.runWorker(ThreadPoolExecutor.java:1136)\n\tat java.base/java.util.concurrent.ThreadPoolExecutor$Worker.run(ThreadPoolExecutor.java:635)\n\tat java.base/java.lang.Thread.run(Thread.java:840)\n","flaky":false,"newFailed":false,"newBroken":false,"newPassed":false,"retriesCount":2,"retriesStatusChange":true,"beforeStages":[{"name":"setup","time":{"start":1732253794636,"stop":1732253795025,"duration":389},"description":"","status":"passed","steps":[{"name":"Start time: 22 Nov 2024 05:36:34","time":{"start":1732253794637,"stop":1732253794637,"duration":0},"status":"passed","steps":[],"attachments":[],"parameters":[],"shouldDisplayMessage":false,"stepsCount":0,"attachmentsCount":0,"hasContent":false,"attachmentStep":false},{"name":"Running Test on 'Linux' OS.","time":{"start":1732253794637,"stop":1732253794637,"duration":0},"status":"passed","steps":[],"attachments":[],"parameters":[],"shouldDisplayMessage":false,"stepsCount":0,"attachmentsCount":0,"hasContent":false,"attachmentStep":false},{"name":"JVM Version: 17.0.13","time":{"start":1732253794637,"stop":1732253794637,"duration":0},"status":"passed","steps":[],"attachments":[],"parameters":[],"shouldDisplayMessage":false,"stepsCount":0,"attachmentsCount":0,"hasContent":false,"attachmentStep":false},{"name":"Browser: CHROME 131.0.6778.69","time":{"start":1732253795020,"stop":1732253795021,"duration":1},"status":"passed","steps":[],"attachments":[],"parameters":[],"shouldDisplayMessage":false,"stepsCount":0,"attachmentsCount":0,"hasContent":false,"attachmentStep":false},{"name":"Driver instance: ChromeDriver: chrome on linux (f2656a0953caad2f4841dbd706252996)","time":{"start":1732253795021,"stop":1732253795021,"duration":0},"status":"passed","steps":[],"attachments":[],"parameters":[],"shouldDisplayMessage":false,"stepsCount":0,"attachmentsCount":0,"hasContent":false,"attachmentStep":false}],"attachments":[],"parameters":[],"shouldDisplayMessage":false,"stepsCount":5,"attachmentsCount":0,"hasContent":true,"attachmentStep":false}],"testStage":{"description":"Verify the successful login with valid username and password.","status":"failed","statusMessage":"success message not present expected [false] but found [true]","statusTrace":"java.lang.AssertionError: success message not present expected [false] but found [true]\n\tat org.testng.Assert.fail(Assert.java:110)\n\tat org.testng.Assert.failNotEquals(Assert.java:1577)\n\tat org.testng.Assert.assertFalse(Assert.java:78)\n\tat test.java.tests.theInternet.parallel.TestTwo.testTwoExpectedFailure(TestTwo.java:77)\n\tat java.base/jdk.internal.reflect.NativeMethodAccessorImpl.invoke0(Native Method)\n\tat java.base/jdk.internal.reflect.NativeMethodAccessorImpl.invoke(NativeMethodAccessorImpl.java:77)\n\tat java.base/jdk.internal.reflect.DelegatingMethodAccessorImpl.invoke(DelegatingMethodAccessorImpl.java:43)\n\tat java.base/java.lang.reflect.Method.invoke(Method.java:569)\n\tat org.testng.internal.invokers.MethodInvocationHelper.invokeMethod(MethodInvocationHelper.java:139)\n\tat org.testng.internal.invokers.TestInvoker.invokeMethod(TestInvoker.java:677)\n\tat org.testng.internal.invokers.TestInvoker.retryFailed(TestInvoker.java:263)\n\tat org.testng.internal.invokers.MethodRunner.runInSequence(MethodRunner.java:62)\n\tat org.testng.internal.invokers.TestInvoker$MethodInvocationAgent.invoke(TestInvoker.java:969)\n\tat org.testng.internal.invokers.TestInvoker.invokeTestMethods(TestInvoker.java:194)\n\tat org.testng.internal.invokers.TestMethodWorker.invokeTestMethods(TestMethodWorker.java:148)\n\tat org.testng.internal.invokers.TestMethodWorker.run(TestMethodWorker.java:128)\n\tat java.base/java.util.concurrent.ThreadPoolExecutor.runWorker(ThreadPoolExecutor.java:1136)\n\tat java.base/java.util.concurrent.ThreadPoolExecutor$Worker.run(ThreadPoolExecutor.java:635)\n\tat java.base/java.lang.Thread.run(Thread.java:840)\n","steps":[{"name":"Access http://the-internet.herokuapp.com/login URL.","time":{"start":1732253795028,"stop":1732253795028,"duration":0},"status":"passed","steps":[],"attachments":[],"parameters":[],"shouldDisplayMessage":false,"stepsCount":0,"attachmentsCount":0,"hasContent":false,"attachmentStep":false},{"name":"Verify login form present or not.","time":{"start":1732253795368,"stop":1732253795368,"duration":0},"status":"passed","steps":[],"attachments":[],"parameters":[],"shouldDisplayMessage":false,"stepsCount":0,"attachmentsCount":0,"hasContent":false,"attachmentStep":false},{"name":"1. Login with valid username and password.","time":{"start":1732253795403,"stop":1732253795403,"duration":0},"status":"passed","steps":[],"attachments":[],"parameters":[],"shouldDisplayMessage":false,"stepsCount":0,"attachmentsCount":0,"hasContent":false,"attachmentStep":false},{"name":"Enter tomsmith username","time":{"start":1732253795403,"stop":1732253795403,"duration":0},"status":"passed","steps":[],"attachments":[],"parameters":[],"shouldDisplayMessage":false,"stepsCount":0,"attachmentsCount":0,"hasContent":false,"attachmentStep":false},{"name":"Enter SuperSecretPassword! password","time":{"start":1732253795459,"stop":1732253795459,"duration":0},"status":"passed","steps":[],"attachments":[],"parameters":[],"shouldDisplayMessage":false,"stepsCount":0,"attachmentsCount":0,"hasContent":false,"attachmentStep":false},{"name":"Click on Submit button","time":{"start":1732253795509,"stop":1732253795509,"duration":0},"status":"passed","steps":[],"attachments":[],"parameters":[],"shouldDisplayMessage":false,"stepsCount":0,"attachmentsCount":0,"hasContent":false,"attachmentStep":false},{"name":"2. Verify success message present","time":{"start":1732253795662,"stop":1732253795662,"duration":0},"status":"passed","steps":[],"attachments":[],"parameters":[],"shouldDisplayMessage":false,"stepsCount":0,"attachmentsCount":0,"hasContent":false,"attachmentStep":false},{"name":"Verify success message present or not.","time":{"start":1732253795662,"stop":1732253795662,"duration":0},"status":"passed","steps":[],"attachments":[],"parameters":[],"shouldDisplayMessage":false,"stepsCount":0,"attachmentsCount":0,"hasContent":false,"attachmentStep":false}],"attachments":[],"parameters":[],"shouldDisplayMessage":true,"stepsCount":8,"attachmentsCount":0,"hasContent":true,"attachmentStep":false},"afterStages":[{"name":"teardown","time":{"start":1732253795774,"stop":1732253795880,"duration":106},"description":"","status":"passed","steps":[{"name":"Cleaning up driver instance: ChromeDriver: chrome on linux (f2656a0953caad2f4841dbd706252996)","time":{"start":1732253795774,"stop":1732253795774,"duration":0},"status":"passed","steps":[],"attachments":[],"parameters":[],"shouldDisplayMessage":false,"stepsCount":0,"attachmentsCount":0,"hasContent":false,"attachmentStep":false},{"name":"Complete time: 22 Nov 2024 05:36:35","time":{"start":1732253795880,"stop":1732253795880,"duration":0},"status":"passed","steps":[],"attachments":[],"parameters":[],"shouldDisplayMessage":false,"stepsCount":0,"attachmentsCount":0,"hasContent":false,"attachmentStep":false}],"attachments":[],"parameters":[],"shouldDisplayMessage":false,"stepsCount":2,"attachmentsCount":0,"hasContent":true,"attachmentStep":false}],"labels":[{"name":"package","value":"test.java.tests.theInternet.parallel.TestTwo"},{"name":"testClass","value":"test.java.tests.theInternet.parallel.TestTwo"},{"name":"testMethod","value":"testTwoExpectedFailure"},{"name":"parentSuite","value":"Suite - Parallel Execution"},{"name":"suite","value":"Test Parallel Execution"},{"name":"subSuite","value":"test.java.tests.theInternet.parallel.TestTwo"},{"name":"host","value":"fv-az770-590"},{"name":"thread","value":"2436@fv-az770-590.TestNG-test=Test Parallel Execution-8(84)"},{"name":"framework","value":"testng"},{"name":"language","value":"java"},{"name":"severity","value":"blocker"},{"name":"resultFormat","value":"allure2"}],"parameters":[],"links":[],"hidden":false,"retry":false,"extra":{"severity":"blocker","retries":[{"uid":"d900f7df23f755b5","status":"skipped","statusDetails":"success message not present expected [false] but found [true]","time":{"start":1732253793798,"stop":1732253794532,"duration":734}},{"uid":"585ba64b8d64183d","status":"skipped","statusDetails":"stale element reference: stale element not found\n  (Session info: chrome=131.0.6778.69)\nFor documentation on this error, please visit: https://www.selenium.dev/documentation/webdriver/troubleshooting/errors#stale-element-reference-exception\nBuild info: version: '4.14.0', revision: 'e5a96349ce'\nSystem info: os.name: 'Linux', os.arch: 'amd64', os.version: '6.5.0-1025-azure', java.version: '17.0.13'\nDriver info: org.openqa.selenium.chrome.ChromeDriver\nCommand: [b7894d8b17cf502107b190caeda0b279, clickElement {id=f.5DEA0737496B2DD41D87CC20EB94D67A.d.81212AFA5CBD28191BBF1E8DBDB40602.e.4}]\nCapabilities {acceptInsecureCerts: false, browserName: chrome, browserVersion: 131.0.6778.69, chrome: {chromedriverVersion: 131.0.6778.69 (77e2244bbcda..., userDataDir: /tmp/.org.chromium.Chromium...}, fedcm:accounts: true, goog:chromeOptions: {debuggerAddress: localhost:39193}, networkConnectionEnabled: false, pageLoadStrategy: normal, platformName: linux, proxy: Proxy(), se:cdp: ws://localhost:39193/devtoo..., se:cdpVersion: 131.0.6778.69, setWindowRect: true, strictFileInteractability: false, timeouts: {implicit: 0, pageLoad: 300000, script: 30000}, unhandledPromptBehavior: dismiss and notify, webauthn:extension:credBlob: true, webauthn:extension:largeBlob: true, webauthn:extension:minPinLength: true, webauthn:extension:prf: true, webauthn:virtualAuthenticators: true}\nElement: [[ChromeDriver: chrome on linux (b7894d8b17cf502107b190caeda0b279)] -> css selector: button]\nSession ID: b7894d8b17cf502107b190caeda0b279","time":{"start":1732253792217,"stop":1732253793269,"duration":1052}}],"categories":[{"name":"Product defects","matchedStatuses":[],"flaky":false}],"history":{"statistic":{"failed":36,"broken":1,"skipped":3,"passed":2,"unknown":0,"total":42},"items":[{"uid":"a7728179b7d71cef","reportUrl":"https://jagadeeshshetty.github.io/SeleniumMaven/120//#testresult/a7728179b7d71cef","status":"skipped","statusDetails":"java.util.ConcurrentModificationException","time":{"start":1732253796178,"stop":1732253796178,"duration":0}},{"uid":"926532caf8666037","reportUrl":"https://jagadeeshshetty.github.io/SeleniumMaven/118//#testresult/926532caf8666037","status":"failed","statusDetails":"success message not present expected [false] but found [true]","time":{"start":1728038028865,"stop":1728038030346,"duration":1481}},{"uid":"b90bca418ea6a9ab","reportUrl":"https://jagadeeshshetty.github.io/SeleniumMaven/115//#testresult/b90bca418ea6a9ab","status":"failed","statusDetails":"success message not present expected [false] but found [true]","time":{"start":1713139071343,"stop":1713139071998,"duration":655}},{"uid":"94a8784d2de79fc6","reportUrl":"https://jagadeeshshetty.github.io/SeleniumMaven/116//#testresult/94a8784d2de79fc6","status":"failed","statusDetails":"success message not present expected [false] but found [true]","time":{"start":1713139055347,"stop":1713139055963,"duration":616}},{"uid":"9ffe2caad8378f4e","reportUrl":"https://jagadeeshshetty.github.io/SeleniumMaven/114//#testresult/9ffe2caad8378f4e","status":"failed","statusDetails":"success message not present expected [false] but found [true]","time":{"start":1711476536941,"stop":1711476537573,"duration":632}},{"uid":"cd2b5b910163655a","reportUrl":"https://jagadeeshshetty.github.io/SeleniumMaven/111//#testresult/cd2b5b910163655a","status":"failed","statusDetails":"success message not present expected [false] but found [true]","time":{"start":1709564236840,"stop":1709564237970,"duration":1130}},{"uid":"9381d8e8f28cf7ae","reportUrl":"https://jagadeeshshetty.github.io/SeleniumMaven/112//#testresult/9381d8e8f28cf7ae","status":"failed","statusDetails":"success message not present expected [false] but found [true]","time":{"start":1709564142169,"stop":1709564142561,"duration":392}},{"uid":"9d04fd75d6de2621","reportUrl":"https://jagadeeshshetty.github.io/SeleniumMaven/110//#testresult/9d04fd75d6de2621","status":"failed","statusDetails":"success message not present expected [false] but found [true]","time":{"start":1708490358778,"stop":1708490359158,"duration":380}},{"uid":"386e27a0ddfc243a","reportUrl":"https://jagadeeshshetty.github.io/SeleniumMaven/109//#testresult/386e27a0ddfc243a","status":"failed","statusDetails":"success message not present expected [false] but found [true]","time":{"start":1708490352280,"stop":1708490352642,"duration":362}},{"uid":"67f1b7f1cdfaf164","reportUrl":"https://jagadeeshshetty.github.io/SeleniumMaven/107//#testresult/67f1b7f1cdfaf164","status":"failed","statusDetails":"success message not present expected [false] but found [true]","time":{"start":1708401134053,"stop":1708401134677,"duration":624}},{"uid":"ba672e808e2c9545","reportUrl":"https://jagadeeshshetty.github.io/SeleniumMaven/108//#testresult/ba672e808e2c9545","status":"failed","statusDetails":"success message not present expected [false] but found [true]","time":{"start":1708401124527,"stop":1708401125657,"duration":1130}},{"uid":"dde022d684b81662","reportUrl":"https://jagadeeshshetty.github.io/SeleniumMaven/105//#testresult/dde022d684b81662","status":"failed","statusDetails":"success message not present expected [false] but found [true]","time":{"start":1700842808203,"stop":1700842808576,"duration":373}},{"uid":"515607a37bea58b7","reportUrl":"https://jagadeeshshetty.github.io/SeleniumMaven/106//#testresult/515607a37bea58b7","status":"skipped","statusDetails":"java.util.ConcurrentModificationException","time":{"start":1700842800303,"stop":1700842800305,"duration":2}},{"uid":"9f342daf63ff92da","reportUrl":"https://jagadeeshshetty.github.io/SeleniumMaven/103//#testresult/9f342daf63ff92da","status":"failed","statusDetails":"success message not present expected [false] but found [true]","time":{"start":1700164988738,"stop":1700164989318,"duration":580}},{"uid":"3917194c9a881615","reportUrl":"https://jagadeeshshetty.github.io/SeleniumMaven/102//#testresult/3917194c9a881615","status":"failed","statusDetails":"success message not present expected [false] but found [true]","time":{"start":1697041755138,"stop":1697041756215,"duration":1077}},{"uid":"1c55dbf682d13778","reportUrl":"https://jagadeeshshetty.github.io/SeleniumMaven/101//#testresult/1c55dbf682d13778","status":"failed","statusDetails":"success message not present expected [false] but found [true]","time":{"start":1697041571428,"stop":1697041572329,"duration":901}},{"uid":"74b5cc6237d2f976","reportUrl":"https://jagadeeshshetty.github.io/SeleniumMaven/100//#testresult/74b5cc6237d2f976","status":"failed","statusDetails":"success message not present expected [false] but found [true]","time":{"start":1696312569432,"stop":1696312569946,"duration":514}},{"uid":"b17499f907e839ce","reportUrl":"https://jagadeeshshetty.github.io/SeleniumMaven/99//#testresult/b17499f907e839ce","status":"failed","statusDetails":"success message not present expected [false] but found [true]","time":{"start":1696312653957,"stop":1696312654527,"duration":570}},{"uid":"cd3df34df9e0f542","reportUrl":"https://jagadeeshshetty.github.io/SeleniumMaven/97//#testresult/cd3df34df9e0f542","status":"failed","statusDetails":"success message not present expected [false] but found [true]","time":{"start":1693582075832,"stop":1693582076337,"duration":505}},{"uid":"74ae3b06a14b8220","reportUrl":"https://jagadeeshshetty.github.io/SeleniumMaven/98//#testresult/74ae3b06a14b8220","status":"failed","statusDetails":"success message not present expected [false] but found [true]","time":{"start":1693582259379,"stop":1693582260035,"duration":656}}]},"tags":[]},"source":"a0853412c624cfa3.json","parameterValues":[]}