{"uid":"a018401e7bec74a9","name":"testThreeUnstableTest","fullName":"test.java.tests.theInternet.parallel.TestThree.testThreeUnstableTest","historyId":"dc2a2636bf926c66fb76da458eb86862","time":{"start":1768419594028,"stop":1768419594029,"duration":1},"description":"Verify the error message with invalid username and password.","descriptionHtml":"<p>Verify the error message with invalid username and password.</p>\n","status":"failed","statusMessage":"expected [true] but found [false]","statusTrace":"java.lang.AssertionError: expected [true] but found [false]\n\tat org.testng.Assert.fail(Assert.java:110)\n\tat org.testng.Assert.failNotEquals(Assert.java:1577)\n\tat org.testng.Assert.assertTrue(Assert.java:56)\n\tat org.testng.Assert.assertTrue(Assert.java:66)\n\tat test.java.tests.theInternet.parallel.TestThree.testThreeUnstableTest(TestThree.java:62)\n\tat java.base/jdk.internal.reflect.NativeMethodAccessorImpl.invoke0(Native Method)\n\tat java.base/jdk.internal.reflect.NativeMethodAccessorImpl.invoke(NativeMethodAccessorImpl.java:77)\n\tat java.base/jdk.internal.reflect.DelegatingMethodAccessorImpl.invoke(DelegatingMethodAccessorImpl.java:43)\n\tat java.base/java.lang.reflect.Method.invoke(Method.java:569)\n\tat org.testng.internal.invokers.MethodInvocationHelper.invokeMethod(MethodInvocationHelper.java:139)\n\tat org.testng.internal.invokers.TestInvoker.invokeMethod(TestInvoker.java:677)\n\tat org.testng.internal.invokers.TestInvoker.retryFailed(TestInvoker.java:263)\n\tat org.testng.internal.invokers.MethodRunner.runInSequence(MethodRunner.java:62)\n\tat org.testng.internal.invokers.TestInvoker$MethodInvocationAgent.invoke(TestInvoker.java:969)\n\tat org.testng.internal.invokers.TestInvoker.invokeTestMethods(TestInvoker.java:194)\n\tat org.testng.internal.invokers.TestMethodWorker.invokeTestMethods(TestMethodWorker.java:148)\n\tat org.testng.internal.invokers.TestMethodWorker.run(TestMethodWorker.java:128)\n\tat java.base/java.util.concurrent.ThreadPoolExecutor.runWorker(ThreadPoolExecutor.java:1136)\n\tat java.base/java.util.concurrent.ThreadPoolExecutor$Worker.run(ThreadPoolExecutor.java:635)\n\tat java.base/java.lang.Thread.run(Thread.java:840)\n","flaky":true,"newFailed":true,"newBroken":false,"newPassed":false,"retriesCount":2,"retriesStatusChange":true,"beforeStages":[{"name":"setup","time":{"start":1768419593415,"stop":1768419594023,"duration":608},"description":"","status":"passed","steps":[{"name":"Start time: 14 Jan 2026 19:39:53","time":{"start":1768419593415,"stop":1768419593415,"duration":0},"status":"passed","steps":[],"attachments":[],"parameters":[],"stepsCount":0,"shouldDisplayMessage":false,"attachmentsCount":0,"hasContent":false,"attachmentStep":false},{"name":"Running Test on 'Linux' OS.","time":{"start":1768419593415,"stop":1768419593415,"duration":0},"status":"passed","steps":[],"attachments":[],"parameters":[],"stepsCount":0,"shouldDisplayMessage":false,"attachmentsCount":0,"hasContent":false,"attachmentStep":false},{"name":"JVM Version: 17.0.17","time":{"start":1768419593415,"stop":1768419593415,"duration":0},"status":"passed","steps":[],"attachments":[],"parameters":[],"stepsCount":0,"shouldDisplayMessage":false,"attachmentsCount":0,"hasContent":false,"attachmentStep":false},{"name":"Browser: CHROME 143.0.7499.169","time":{"start":1768419594017,"stop":1768419594017,"duration":0},"status":"passed","steps":[],"attachments":[],"parameters":[],"stepsCount":0,"shouldDisplayMessage":false,"attachmentsCount":0,"hasContent":false,"attachmentStep":false},{"name":"Driver instance: ChromeDriver: chrome on linux (cd6a835324c0bc47f38462aa75eb64f3)","time":{"start":1768419594017,"stop":1768419594017,"duration":0},"status":"passed","steps":[],"attachments":[],"parameters":[],"stepsCount":0,"shouldDisplayMessage":false,"attachmentsCount":0,"hasContent":false,"attachmentStep":false}],"attachments":[],"parameters":[],"stepsCount":5,"shouldDisplayMessage":false,"attachmentsCount":0,"hasContent":true,"attachmentStep":false}],"testStage":{"description":"Verify the error message with invalid username and password.","status":"failed","statusMessage":"expected [true] but found [false]","statusTrace":"java.lang.AssertionError: expected [true] but found [false]\n\tat org.testng.Assert.fail(Assert.java:110)\n\tat org.testng.Assert.failNotEquals(Assert.java:1577)\n\tat org.testng.Assert.assertTrue(Assert.java:56)\n\tat org.testng.Assert.assertTrue(Assert.java:66)\n\tat test.java.tests.theInternet.parallel.TestThree.testThreeUnstableTest(TestThree.java:62)\n\tat java.base/jdk.internal.reflect.NativeMethodAccessorImpl.invoke0(Native Method)\n\tat java.base/jdk.internal.reflect.NativeMethodAccessorImpl.invoke(NativeMethodAccessorImpl.java:77)\n\tat java.base/jdk.internal.reflect.DelegatingMethodAccessorImpl.invoke(DelegatingMethodAccessorImpl.java:43)\n\tat java.base/java.lang.reflect.Method.invoke(Method.java:569)\n\tat org.testng.internal.invokers.MethodInvocationHelper.invokeMethod(MethodInvocationHelper.java:139)\n\tat org.testng.internal.invokers.TestInvoker.invokeMethod(TestInvoker.java:677)\n\tat org.testng.internal.invokers.TestInvoker.retryFailed(TestInvoker.java:263)\n\tat org.testng.internal.invokers.MethodRunner.runInSequence(MethodRunner.java:62)\n\tat org.testng.internal.invokers.TestInvoker$MethodInvocationAgent.invoke(TestInvoker.java:969)\n\tat org.testng.internal.invokers.TestInvoker.invokeTestMethods(TestInvoker.java:194)\n\tat org.testng.internal.invokers.TestMethodWorker.invokeTestMethods(TestMethodWorker.java:148)\n\tat org.testng.internal.invokers.TestMethodWorker.run(TestMethodWorker.java:128)\n\tat java.base/java.util.concurrent.ThreadPoolExecutor.runWorker(ThreadPoolExecutor.java:1136)\n\tat java.base/java.util.concurrent.ThreadPoolExecutor$Worker.run(ThreadPoolExecutor.java:635)\n\tat java.base/java.lang.Thread.run(Thread.java:840)\n","steps":[{"name":"1","time":{"start":1768419594028,"stop":1768419594028,"duration":0},"status":"passed","steps":[],"attachments":[],"parameters":[],"stepsCount":0,"shouldDisplayMessage":false,"attachmentsCount":0,"hasContent":false,"attachmentStep":false}],"attachments":[],"parameters":[],"stepsCount":1,"shouldDisplayMessage":true,"attachmentsCount":0,"hasContent":true,"attachmentStep":false},"afterStages":[{"name":"teardown","time":{"start":1768419594071,"stop":1768419594146,"duration":75},"description":"","status":"passed","steps":[{"name":"Cleaning up driver instance: ChromeDriver: chrome on linux (cd6a835324c0bc47f38462aa75eb64f3)","time":{"start":1768419594072,"stop":1768419594072,"duration":0},"status":"passed","steps":[],"attachments":[],"parameters":[],"stepsCount":0,"shouldDisplayMessage":false,"attachmentsCount":0,"hasContent":false,"attachmentStep":false},{"name":"Complete time: 14 Jan 2026 19:39:54","time":{"start":1768419594146,"stop":1768419594146,"duration":0},"status":"passed","steps":[],"attachments":[],"parameters":[],"stepsCount":0,"shouldDisplayMessage":false,"attachmentsCount":0,"hasContent":false,"attachmentStep":false}],"attachments":[],"parameters":[],"stepsCount":2,"shouldDisplayMessage":false,"attachmentsCount":0,"hasContent":true,"attachmentStep":false}],"labels":[{"name":"package","value":"test.java.tests.theInternet.parallel.TestThree"},{"name":"testClass","value":"test.java.tests.theInternet.parallel.TestThree"},{"name":"testMethod","value":"testThreeUnstableTest"},{"name":"parentSuite","value":"Suite - Parallel Execution"},{"name":"suite","value":"Test Parallel Execution"},{"name":"subSuite","value":"test.java.tests.theInternet.parallel.TestThree"},{"name":"host","value":"runnervmi13qx"},{"name":"thread","value":"2770@runnervmi13qx.TestNG-test=Test Parallel Execution-11(217)"},{"name":"framework","value":"testng"},{"name":"language","value":"java"},{"name":"severity","value":"trivial"},{"name":"resultFormat","value":"allure2"}],"parameters":[],"links":[],"hidden":false,"retry":false,"extra":{"severity":"trivial","retries":[{"uid":"3f7cd9f37a77f02b","status":"skipped","statusDetails":"expected [true] but found [false]","time":{"start":1768419593326,"stop":1768419593327,"duration":1}},{"uid":"e7c0082d59ccd340","status":"skipped","statusDetails":"expected [true] but found [false]","time":{"start":1768419592716,"stop":1768419592718,"duration":2}}],"categories":[{"name":"Product defects","matchedStatuses":[],"flaky":false}],"history":{"statistic":{"failed":11,"broken":0,"skipped":2,"passed":74,"unknown":0,"total":87},"items":[{"uid":"6c78696a0adcd0f2","reportUrl":"https://jagadeeshshetty.github.io/SeleniumMaven/177/#testresult/6c78696a0adcd0f2","status":"passed","time":{"start":1768333148624,"stop":1768333148624,"duration":0}},{"uid":"eb905009f3f0170c","reportUrl":"https://jagadeeshshetty.github.io/SeleniumMaven/176/#testresult/eb905009f3f0170c","status":"passed","time":{"start":1768246836727,"stop":1768246836737,"duration":10}},{"uid":"8cd0080ffb8cb853","reportUrl":"https://jagadeeshshetty.github.io/SeleniumMaven/175/#testresult/8cd0080ffb8cb853","status":"failed","statusDetails":"expected [true] but found [false]","time":{"start":1768160211171,"stop":1768160211171,"duration":0}},{"uid":"cf49d5edab6a84c","reportUrl":"https://jagadeeshshetty.github.io/SeleniumMaven/174/#testresult/cf49d5edab6a84c","status":"passed","time":{"start":1768073820100,"stop":1768073820102,"duration":2}},{"uid":"7d5f1fa48fea018","reportUrl":"https://jagadeeshshetty.github.io/SeleniumMaven/173/#testresult/7d5f1fa48fea018","status":"failed","statusDetails":"expected [true] but found [false]","time":{"start":1767987590478,"stop":1767987590479,"duration":1}},{"uid":"864e196a16c5d9de","reportUrl":"https://jagadeeshshetty.github.io/SeleniumMaven/172/#testresult/864e196a16c5d9de","status":"passed","time":{"start":1767901393782,"stop":1767901393782,"duration":0}},{"uid":"eb994aee76776058","reportUrl":"https://jagadeeshshetty.github.io/SeleniumMaven/171/#testresult/eb994aee76776058","status":"passed","time":{"start":1767814828449,"stop":1767814828449,"duration":0}},{"uid":"ba24a2e2c57e20a3","reportUrl":"https://jagadeeshshetty.github.io/SeleniumMaven/170/#testresult/ba24a2e2c57e20a3","status":"passed","time":{"start":1767728329972,"stop":1767728329974,"duration":2}},{"uid":"f9a1912394a1d9c2","reportUrl":"https://jagadeeshshetty.github.io/SeleniumMaven/169/#testresult/f9a1912394a1d9c2","status":"failed","statusDetails":"expected [true] but found [false]","time":{"start":1767642039785,"stop":1767642039785,"duration":0}},{"uid":"b864bace447780e6","reportUrl":"https://jagadeeshshetty.github.io/SeleniumMaven/168/#testresult/b864bace447780e6","status":"passed","time":{"start":1767555388348,"stop":1767555388348,"duration":0}},{"uid":"aaf492ab25fabf8","reportUrl":"https://jagadeeshshetty.github.io/SeleniumMaven/167/#testresult/aaf492ab25fabf8","status":"passed","time":{"start":1767468984114,"stop":1767468984114,"duration":0}},{"uid":"9fb83e84e2bf1432","reportUrl":"https://jagadeeshshetty.github.io/SeleniumMaven/166/#testresult/9fb83e84e2bf1432","status":"passed","time":{"start":1767382783655,"stop":1767382783659,"duration":4}},{"uid":"80f9ba892a5a7a82","reportUrl":"https://jagadeeshshetty.github.io/SeleniumMaven/165/#testresult/80f9ba892a5a7a82","status":"passed","time":{"start":1767296276004,"stop":1767296276004,"duration":0}},{"uid":"beab6bc17b7a3edd","reportUrl":"https://jagadeeshshetty.github.io/SeleniumMaven/164/#testresult/beab6bc17b7a3edd","status":"passed","time":{"start":1767209833303,"stop":1767209833304,"duration":1}},{"uid":"5ff466c955699ee4","reportUrl":"https://jagadeeshshetty.github.io/SeleniumMaven/163/#testresult/5ff466c955699ee4","status":"passed","time":{"start":1767123440910,"stop":1767123440911,"duration":1}},{"uid":"bc474973b94e7963","reportUrl":"https://jagadeeshshetty.github.io/SeleniumMaven/162/#testresult/bc474973b94e7963","status":"passed","time":{"start":1767037033762,"stop":1767037033762,"duration":0}},{"uid":"b395ae4b4a2181bc","reportUrl":"https://jagadeeshshetty.github.io/SeleniumMaven/161/#testresult/b395ae4b4a2181bc","status":"passed","time":{"start":1766950614735,"stop":1766950614736,"duration":1}},{"uid":"fce00cb3bba6a23f","reportUrl":"https://jagadeeshshetty.github.io/SeleniumMaven/160/#testresult/fce00cb3bba6a23f","status":"passed","time":{"start":1766864196095,"stop":1766864196095,"duration":0}},{"uid":"3b24bdd3f7ce5227","reportUrl":"https://jagadeeshshetty.github.io/SeleniumMaven/159/#testresult/3b24bdd3f7ce5227","status":"passed","time":{"start":1766777812737,"stop":1766777812738,"duration":1}},{"uid":"fbd206c1b77aaec4","reportUrl":"https://jagadeeshshetty.github.io/SeleniumMaven/158/#testresult/fbd206c1b77aaec4","status":"failed","statusDetails":"expected [true] but found [false]","time":{"start":1766691420038,"stop":1766691420038,"duration":0}}]},"tags":[]},"source":"a018401e7bec74a9.json","parameterValues":[]}