{"uid":"8495ad773b524480","name":"testOneExpectedFailure","fullName":"test.java.tests.theInternet.parallel.TestOne.testOneExpectedFailure","historyId":"ab6883056220de6a4dfa4936aa12b217","time":{"start":1765715972242,"stop":1765715972888,"duration":646},"description":"Verify the successful login with valid username and password.","descriptionHtml":"<p>Verify the successful login with valid username and password.</p>\n","status":"failed","statusMessage":"success message not present expected [false] but found [true]","statusTrace":"java.lang.AssertionError: success message not present expected [false] but found [true]\n\tat org.testng.Assert.fail(Assert.java:110)\n\tat org.testng.Assert.failNotEquals(Assert.java:1577)\n\tat org.testng.Assert.assertFalse(Assert.java:78)\n\tat test.java.tests.theInternet.parallel.TestOne.testOneExpectedFailure(TestOne.java:77)\n\tat java.base/jdk.internal.reflect.NativeMethodAccessorImpl.invoke0(Native Method)\n\tat java.base/jdk.internal.reflect.NativeMethodAccessorImpl.invoke(NativeMethodAccessorImpl.java:77)\n\tat java.base/jdk.internal.reflect.DelegatingMethodAccessorImpl.invoke(DelegatingMethodAccessorImpl.java:43)\n\tat java.base/java.lang.reflect.Method.invoke(Method.java:569)\n\tat org.testng.internal.invokers.MethodInvocationHelper.invokeMethod(MethodInvocationHelper.java:139)\n\tat org.testng.internal.invokers.TestInvoker.invokeMethod(TestInvoker.java:677)\n\tat org.testng.internal.invokers.TestInvoker.retryFailed(TestInvoker.java:263)\n\tat org.testng.internal.invokers.MethodRunner.runInSequence(MethodRunner.java:62)\n\tat org.testng.internal.invokers.TestInvoker$MethodInvocationAgent.invoke(TestInvoker.java:969)\n\tat org.testng.internal.invokers.TestInvoker.invokeTestMethods(TestInvoker.java:194)\n\tat org.testng.internal.invokers.TestMethodWorker.invokeTestMethods(TestMethodWorker.java:148)\n\tat org.testng.internal.invokers.TestMethodWorker.run(TestMethodWorker.java:128)\n\tat java.base/java.util.concurrent.ThreadPoolExecutor.runWorker(ThreadPoolExecutor.java:1136)\n\tat java.base/java.util.concurrent.ThreadPoolExecutor$Worker.run(ThreadPoolExecutor.java:635)\n\tat java.base/java.lang.Thread.run(Thread.java:840)\n","flaky":false,"newFailed":false,"newBroken":false,"newPassed":false,"retriesCount":2,"retriesStatusChange":true,"beforeStages":[{"name":"setup","time":{"start":1765715971970,"stop":1765715972240,"duration":270},"description":"","status":"passed","steps":[{"name":"Start time: 14 Dec 2025 12:39:31","time":{"start":1765715971970,"stop":1765715971970,"duration":0},"status":"passed","steps":[],"attachments":[],"parameters":[],"stepsCount":0,"shouldDisplayMessage":false,"attachmentsCount":0,"hasContent":false,"attachmentStep":false},{"name":"Running Test on 'Linux' OS.","time":{"start":1765715971970,"stop":1765715971970,"duration":0},"status":"passed","steps":[],"attachments":[],"parameters":[],"stepsCount":0,"shouldDisplayMessage":false,"attachmentsCount":0,"hasContent":false,"attachmentStep":false},{"name":"JVM Version: 17.0.17","time":{"start":1765715971970,"stop":1765715971970,"duration":0},"status":"passed","steps":[],"attachments":[],"parameters":[],"stepsCount":0,"shouldDisplayMessage":false,"attachmentsCount":0,"hasContent":false,"attachmentStep":false},{"name":"Browser: CHROME 143.0.7499.40","time":{"start":1765715972236,"stop":1765715972236,"duration":0},"status":"passed","steps":[],"attachments":[],"parameters":[],"stepsCount":0,"shouldDisplayMessage":false,"attachmentsCount":0,"hasContent":false,"attachmentStep":false},{"name":"Driver instance: ChromeDriver: chrome on linux (e2690fdfcc2665b151a37f2dbffed6a4)","time":{"start":1765715972236,"stop":1765715972236,"duration":0},"status":"passed","steps":[],"attachments":[],"parameters":[],"stepsCount":0,"shouldDisplayMessage":false,"attachmentsCount":0,"hasContent":false,"attachmentStep":false}],"attachments":[],"parameters":[],"stepsCount":5,"shouldDisplayMessage":false,"attachmentsCount":0,"hasContent":true,"attachmentStep":false}],"testStage":{"description":"Verify the successful login with valid username and password.","status":"failed","statusMessage":"success message not present expected [false] but found [true]","statusTrace":"java.lang.AssertionError: success message not present expected [false] but found [true]\n\tat org.testng.Assert.fail(Assert.java:110)\n\tat org.testng.Assert.failNotEquals(Assert.java:1577)\n\tat org.testng.Assert.assertFalse(Assert.java:78)\n\tat test.java.tests.theInternet.parallel.TestOne.testOneExpectedFailure(TestOne.java:77)\n\tat java.base/jdk.internal.reflect.NativeMethodAccessorImpl.invoke0(Native Method)\n\tat java.base/jdk.internal.reflect.NativeMethodAccessorImpl.invoke(NativeMethodAccessorImpl.java:77)\n\tat java.base/jdk.internal.reflect.DelegatingMethodAccessorImpl.invoke(DelegatingMethodAccessorImpl.java:43)\n\tat java.base/java.lang.reflect.Method.invoke(Method.java:569)\n\tat org.testng.internal.invokers.MethodInvocationHelper.invokeMethod(MethodInvocationHelper.java:139)\n\tat org.testng.internal.invokers.TestInvoker.invokeMethod(TestInvoker.java:677)\n\tat org.testng.internal.invokers.TestInvoker.retryFailed(TestInvoker.java:263)\n\tat org.testng.internal.invokers.MethodRunner.runInSequence(MethodRunner.java:62)\n\tat org.testng.internal.invokers.TestInvoker$MethodInvocationAgent.invoke(TestInvoker.java:969)\n\tat org.testng.internal.invokers.TestInvoker.invokeTestMethods(TestInvoker.java:194)\n\tat org.testng.internal.invokers.TestMethodWorker.invokeTestMethods(TestMethodWorker.java:148)\n\tat org.testng.internal.invokers.TestMethodWorker.run(TestMethodWorker.java:128)\n\tat java.base/java.util.concurrent.ThreadPoolExecutor.runWorker(ThreadPoolExecutor.java:1136)\n\tat java.base/java.util.concurrent.ThreadPoolExecutor$Worker.run(ThreadPoolExecutor.java:635)\n\tat java.base/java.lang.Thread.run(Thread.java:840)\n","steps":[{"name":"Access http://the-internet.herokuapp.com/login URL.","time":{"start":1765715972242,"stop":1765715972242,"duration":0},"status":"passed","steps":[],"attachments":[],"parameters":[],"stepsCount":0,"shouldDisplayMessage":false,"attachmentsCount":0,"hasContent":false,"attachmentStep":false},{"name":"Verify login form present or not.","time":{"start":1765715972583,"stop":1765715972583,"duration":0},"status":"passed","steps":[],"attachments":[],"parameters":[],"stepsCount":0,"shouldDisplayMessage":false,"attachmentsCount":0,"hasContent":false,"attachmentStep":false},{"name":"1. Login with valid username and password.","time":{"start":1765715972612,"stop":1765715972613,"duration":1},"status":"passed","steps":[],"attachments":[],"parameters":[],"stepsCount":0,"shouldDisplayMessage":false,"attachmentsCount":0,"hasContent":false,"attachmentStep":false},{"name":"Enter tomsmith username","time":{"start":1765715972613,"stop":1765715972613,"duration":0},"status":"passed","steps":[],"attachments":[],"parameters":[],"stepsCount":0,"shouldDisplayMessage":false,"attachmentsCount":0,"hasContent":false,"attachmentStep":false},{"name":"Enter SuperSecretPassword! password","time":{"start":1765715972667,"stop":1765715972667,"duration":0},"status":"passed","steps":[],"attachments":[],"parameters":[],"stepsCount":0,"shouldDisplayMessage":false,"attachmentsCount":0,"hasContent":false,"attachmentStep":false},{"name":"Click on Submit button","time":{"start":1765715972717,"stop":1765715972717,"duration":0},"status":"passed","steps":[],"attachments":[],"parameters":[],"stepsCount":0,"shouldDisplayMessage":false,"attachmentsCount":0,"hasContent":false,"attachmentStep":false},{"name":"2. Verify success message present","time":{"start":1765715972863,"stop":1765715972863,"duration":0},"status":"passed","steps":[],"attachments":[],"parameters":[],"stepsCount":0,"shouldDisplayMessage":false,"attachmentsCount":0,"hasContent":false,"attachmentStep":false},{"name":"Verify success message present or not.","time":{"start":1765715972863,"stop":1765715972863,"duration":0},"status":"passed","steps":[],"attachments":[],"parameters":[],"stepsCount":0,"shouldDisplayMessage":false,"attachmentsCount":0,"hasContent":false,"attachmentStep":false}],"attachments":[],"parameters":[],"stepsCount":8,"shouldDisplayMessage":true,"attachmentsCount":0,"hasContent":true,"attachmentStep":false},"afterStages":[{"name":"teardown","time":{"start":1765715972958,"stop":1765715973029,"duration":71},"description":"","status":"passed","steps":[{"name":"Cleaning up driver instance: ChromeDriver: chrome on linux (e2690fdfcc2665b151a37f2dbffed6a4)","time":{"start":1765715972958,"stop":1765715972958,"duration":0},"status":"passed","steps":[],"attachments":[],"parameters":[],"stepsCount":0,"shouldDisplayMessage":false,"attachmentsCount":0,"hasContent":false,"attachmentStep":false},{"name":"Complete time: 14 Dec 2025 12:39:33","time":{"start":1765715973029,"stop":1765715973029,"duration":0},"status":"passed","steps":[],"attachments":[],"parameters":[],"stepsCount":0,"shouldDisplayMessage":false,"attachmentsCount":0,"hasContent":false,"attachmentStep":false}],"attachments":[],"parameters":[],"stepsCount":2,"shouldDisplayMessage":false,"attachmentsCount":0,"hasContent":true,"attachmentStep":false}],"labels":[{"name":"package","value":"test.java.tests.theInternet.parallel.TestOne"},{"name":"testClass","value":"test.java.tests.theInternet.parallel.TestOne"},{"name":"testMethod","value":"testOneExpectedFailure"},{"name":"parentSuite","value":"Suite - Parallel Execution"},{"name":"suite","value":"Test Parallel Execution"},{"name":"subSuite","value":"test.java.tests.theInternet.parallel.TestOne"},{"name":"host","value":"runnervm6qbrg"},{"name":"thread","value":"2820@runnervm6qbrg.TestNG-test=Test Parallel Execution-4(23)"},{"name":"framework","value":"testng"},{"name":"language","value":"java"},{"name":"severity","value":"blocker"},{"name":"resultFormat","value":"allure2"}],"parameters":[],"links":[],"hidden":false,"retry":false,"extra":{"severity":"blocker","retries":[{"uid":"de280238b689cc0c","status":"skipped","statusDetails":"success message not present expected [false] but found [true]","time":{"start":1765715971195,"stop":1765715971896,"duration":701}},{"uid":"79cf8a75be9c44c3","status":"skipped","statusDetails":"success message not present expected [false] but found [true]","time":{"start":1765715969114,"stop":1765715970841,"duration":1727}}],"categories":[{"name":"Product defects","matchedStatuses":[],"flaky":false}],"history":{"statistic":{"failed":39,"broken":2,"skipped":13,"passed":1,"unknown":0,"total":55},"items":[{"uid":"94fbd234e473f067","reportUrl":"https://jagadeeshshetty.github.io/SeleniumMaven/145/#testresult/94fbd234e473f067","status":"failed","statusDetails":"success message not present expected [false] but found [true]","time":{"start":1765715090526,"stop":1765715091608,"duration":1082}},{"uid":"bd3281a0e48f311","reportUrl":"https://jagadeeshshetty.github.io/SeleniumMaven/144/#testresult/bd3281a0e48f311","status":"failed","statusDetails":"success message not present expected [false] but found [true]","time":{"start":1765711454486,"stop":1765711454971,"duration":485}},{"uid":"9070c3d23b058fba","reportUrl":"https://jagadeeshshetty.github.io/SeleniumMaven/143/#testresult/9070c3d23b058fba","status":"failed","statusDetails":"success message not present expected [false] but found [true]","time":{"start":1765710332701,"stop":1765710333802,"duration":1101}},{"uid":"f4b6c05fe52f2477","reportUrl":"https://jagadeeshshetty.github.io/SeleniumMaven/142/#testresult/f4b6c05fe52f2477","status":"failed","statusDetails":"success message not present expected [false] but found [true]","time":{"start":1765707403124,"stop":1765707404183,"duration":1059}},{"uid":"e1804b182b695cac","reportUrl":"https://jagadeeshshetty.github.io/SeleniumMaven/141/#testresult/e1804b182b695cac","status":"failed","statusDetails":"success message not present expected [false] but found [true]","time":{"start":1765701874184,"stop":1765701874821,"duration":637}},{"uid":"a62f595a7d35314c","reportUrl":"https://jagadeeshshetty.github.io/SeleniumMaven/140/#testresult/a62f595a7d35314c","status":"failed","statusDetails":"success message not present expected [false] but found [true]","time":{"start":1765701252558,"stop":1765701253696,"duration":1138}},{"uid":"1238dbda790da13e","reportUrl":"https://jagadeeshshetty.github.io/SeleniumMaven/140/#testresult/1238dbda790da13e","status":"failed","statusDetails":"success message not present expected [false] but found [true]","time":{"start":1765700350625,"stop":1765700351723,"duration":1098}},{"uid":"e34c7038b63d90af","reportUrl":"https://jagadeeshshetty.github.io/SeleniumMaven/139/#testresult/e34c7038b63d90af","status":"failed","statusDetails":"success message not present expected [false] but found [true]","time":{"start":1765699407592,"stop":1765699408431,"duration":839}},{"uid":"7709fc2f8c29c7e3","reportUrl":"https://jagadeeshshetty.github.io/SeleniumMaven/125//#testresult/7709fc2f8c29c7e3","status":"failed","statusDetails":"success message not present expected [false] but found [true]","time":{"start":1739606749154,"stop":1739606749630,"duration":476}},{"uid":"53f741f2920a0cb","reportUrl":"https://jagadeeshshetty.github.io/SeleniumMaven/124//#testresult/53f741f2920a0cb","status":"failed","statusDetails":"success message not present expected [false] but found [true]","time":{"start":1739606750359,"stop":1739606750825,"duration":466}},{"uid":"d4cb3da763d92dbd","reportUrl":"https://jagadeeshshetty.github.io/SeleniumMaven/123//#testresult/d4cb3da763d92dbd","status":"skipped","statusDetails":"java.util.ConcurrentModificationException","time":{"start":1736575351300,"stop":1736575351300,"duration":0}},{"uid":"68a0f4cfd368c29e","reportUrl":"https://jagadeeshshetty.github.io/SeleniumMaven/122//#testresult/68a0f4cfd368c29e","status":"skipped","statusDetails":"java.util.ConcurrentModificationException","time":{"start":1736575339901,"stop":1736575339901,"duration":0}},{"uid":"62e4de7e7b751625","reportUrl":"https://jagadeeshshetty.github.io/SeleniumMaven/121//#testresult/62e4de7e7b751625","status":"skipped","statusDetails":"java.util.ConcurrentModificationException","time":{"start":1732253791285,"stop":1732253791285,"duration":0}},{"uid":"2fe44ae69a06d5b4","reportUrl":"https://jagadeeshshetty.github.io/SeleniumMaven/120//#testresult/2fe44ae69a06d5b4","status":"failed","statusDetails":"success message not present expected [false] but found [true]","time":{"start":1732253794719,"stop":1732253795370,"duration":651}},{"uid":"9c4c4dec3258943b","reportUrl":"https://jagadeeshshetty.github.io/SeleniumMaven/118//#testresult/9c4c4dec3258943b","status":"failed","statusDetails":"success message not present expected [false] but found [true]","time":{"start":1728038022472,"stop":1728038023892,"duration":1420}},{"uid":"368d168b4236c75c","reportUrl":"https://jagadeeshshetty.github.io/SeleniumMaven/115//#testresult/368d168b4236c75c","status":"failed","statusDetails":"success message not present expected [false] but found [true]","time":{"start":1713139067805,"stop":1713139068477,"duration":672}},{"uid":"e53f4f2c7aa66ae8","reportUrl":"https://jagadeeshshetty.github.io/SeleniumMaven/116//#testresult/e53f4f2c7aa66ae8","status":"skipped","statusDetails":"java.util.ConcurrentModificationException","time":{"start":1713139052336,"stop":1713139052336,"duration":0}},{"uid":"7fd20633b171ad50","reportUrl":"https://jagadeeshshetty.github.io/SeleniumMaven/114//#testresult/7fd20633b171ad50","status":"failed","statusDetails":"success message not present expected [false] but found [true]","time":{"start":1711476533308,"stop":1711476533944,"duration":636}},{"uid":"4e5df05c897b2d42","reportUrl":"https://jagadeeshshetty.github.io/SeleniumMaven/111//#testresult/4e5df05c897b2d42","status":"broken","statusDetails":"Session ID is null. Using WebDriver after calling quit()?\nBuild info: version: '4.11.0', revision: '040bc5406b'\nSystem info: os.name: 'Linux', os.arch: 'amd64', os.version: '6.5.0-1015-azure', java.version: '17.0.10'\nDriver info: org.openqa.selenium.chrome.ChromeDriver\nCommand: [null, screenshot {}]\nCapabilities {acceptInsecureCerts: false, browserName: chrome-headless-shell, browserVersion: 122.0.6261.69, chrome: {chromedriverVersion: 122.0.6261.69 (81bc525b6a36..., userDataDir: /tmp/.org.chromium.Chromium...}, fedcm:accounts: true, goog:chromeOptions: {debuggerAddress: localhost:39639}, networkConnectionEnabled: false, pageLoadStrategy: normal, platformName: linux, proxy: Proxy(), se:cdp: ws://localhost:39639/devtoo..., se:cdpVersion: 122.0.6261.69, setWindowRect: true, strictFileInteractability: false, timeouts: {implicit: 0, pageLoad: 300000, script: 30000}, unhandledPromptBehavior: dismiss and notify, webauthn:extension:credBlob: true, webauthn:extension:largeBlob: true, webauthn:extension:minPinLength: true, webauthn:extension:prf: true, webauthn:virtualAuthenticators: true}","time":{"start":1709564088788,"stop":1709564088788,"duration":0}},{"uid":"c70e0cd7ef6abdaa","reportUrl":"https://jagadeeshshetty.github.io/SeleniumMaven/112//#testresult/c70e0cd7ef6abdaa","status":"failed","statusDetails":"success message not present expected [false] but found [true]","time":{"start":1709564044299,"stop":1709564044741,"duration":442}}]},"tags":[]},"source":"8495ad773b524480.json","parameterValues":[]}