{"uid":"eff806172a6e08d9","name":"testFourExpectedFailure","fullName":"test.java.tests.theInternet.parallel.TestFour.testFourExpectedFailure","historyId":"ce09e92ae2bcb1db5e1b8af8fb14a997","time":{"start":1765715983886,"stop":1765715984527,"duration":641},"description":"Verify the successful login with valid username and password.","descriptionHtml":"<p>Verify the successful login with valid username and password.</p>\n","status":"failed","statusMessage":"success message not present expected [false] but found [true]","statusTrace":"java.lang.AssertionError: success message not present expected [false] but found [true]\n\tat org.testng.Assert.fail(Assert.java:110)\n\tat org.testng.Assert.failNotEquals(Assert.java:1577)\n\tat org.testng.Assert.assertFalse(Assert.java:78)\n\tat test.java.tests.theInternet.parallel.TestFour.testFourExpectedFailure(TestFour.java:77)\n\tat java.base/jdk.internal.reflect.NativeMethodAccessorImpl.invoke0(Native Method)\n\tat java.base/jdk.internal.reflect.NativeMethodAccessorImpl.invoke(NativeMethodAccessorImpl.java:77)\n\tat java.base/jdk.internal.reflect.DelegatingMethodAccessorImpl.invoke(DelegatingMethodAccessorImpl.java:43)\n\tat java.base/java.lang.reflect.Method.invoke(Method.java:569)\n\tat org.testng.internal.invokers.MethodInvocationHelper.invokeMethod(MethodInvocationHelper.java:139)\n\tat org.testng.internal.invokers.TestInvoker.invokeMethod(TestInvoker.java:677)\n\tat org.testng.internal.invokers.TestInvoker.retryFailed(TestInvoker.java:263)\n\tat org.testng.internal.invokers.MethodRunner.runInSequence(MethodRunner.java:62)\n\tat org.testng.internal.invokers.TestInvoker$MethodInvocationAgent.invoke(TestInvoker.java:969)\n\tat org.testng.internal.invokers.TestInvoker.invokeTestMethods(TestInvoker.java:194)\n\tat org.testng.internal.invokers.TestMethodWorker.invokeTestMethods(TestMethodWorker.java:148)\n\tat org.testng.internal.invokers.TestMethodWorker.run(TestMethodWorker.java:128)\n\tat java.base/java.util.concurrent.ThreadPoolExecutor.runWorker(ThreadPoolExecutor.java:1136)\n\tat java.base/java.util.concurrent.ThreadPoolExecutor$Worker.run(ThreadPoolExecutor.java:635)\n\tat java.base/java.lang.Thread.run(Thread.java:840)\n","flaky":false,"newFailed":false,"newBroken":false,"newPassed":false,"retriesCount":2,"retriesStatusChange":true,"beforeStages":[{"name":"setup","time":{"start":1765715983612,"stop":1765715983885,"duration":273},"description":"","status":"passed","steps":[{"name":"Start time: 14 Dec 2025 12:39:43","time":{"start":1765715983612,"stop":1765715983612,"duration":0},"status":"passed","steps":[],"attachments":[],"parameters":[],"stepsCount":0,"shouldDisplayMessage":false,"attachmentsCount":0,"hasContent":false,"attachmentStep":false},{"name":"Running Test on 'Linux' OS.","time":{"start":1765715983612,"stop":1765715983612,"duration":0},"status":"passed","steps":[],"attachments":[],"parameters":[],"stepsCount":0,"shouldDisplayMessage":false,"attachmentsCount":0,"hasContent":false,"attachmentStep":false},{"name":"JVM Version: 17.0.17","time":{"start":1765715983612,"stop":1765715983612,"duration":0},"status":"passed","steps":[],"attachments":[],"parameters":[],"stepsCount":0,"shouldDisplayMessage":false,"attachmentsCount":0,"hasContent":false,"attachmentStep":false},{"name":"Browser: CHROME 143.0.7499.40","time":{"start":1765715983883,"stop":1765715983883,"duration":0},"status":"passed","steps":[],"attachments":[],"parameters":[],"stepsCount":0,"shouldDisplayMessage":false,"attachmentsCount":0,"hasContent":false,"attachmentStep":false},{"name":"Driver instance: ChromeDriver: chrome on linux (17545512a904c65022ba03c188367461)","time":{"start":1765715983883,"stop":1765715983883,"duration":0},"status":"passed","steps":[],"attachments":[],"parameters":[],"stepsCount":0,"shouldDisplayMessage":false,"attachmentsCount":0,"hasContent":false,"attachmentStep":false}],"attachments":[],"parameters":[],"stepsCount":5,"shouldDisplayMessage":false,"attachmentsCount":0,"hasContent":true,"attachmentStep":false}],"testStage":{"description":"Verify the successful login with valid username and password.","status":"failed","statusMessage":"success message not present expected [false] but found [true]","statusTrace":"java.lang.AssertionError: success message not present expected [false] but found [true]\n\tat org.testng.Assert.fail(Assert.java:110)\n\tat org.testng.Assert.failNotEquals(Assert.java:1577)\n\tat org.testng.Assert.assertFalse(Assert.java:78)\n\tat test.java.tests.theInternet.parallel.TestFour.testFourExpectedFailure(TestFour.java:77)\n\tat java.base/jdk.internal.reflect.NativeMethodAccessorImpl.invoke0(Native Method)\n\tat java.base/jdk.internal.reflect.NativeMethodAccessorImpl.invoke(NativeMethodAccessorImpl.java:77)\n\tat java.base/jdk.internal.reflect.DelegatingMethodAccessorImpl.invoke(DelegatingMethodAccessorImpl.java:43)\n\tat java.base/java.lang.reflect.Method.invoke(Method.java:569)\n\tat org.testng.internal.invokers.MethodInvocationHelper.invokeMethod(MethodInvocationHelper.java:139)\n\tat org.testng.internal.invokers.TestInvoker.invokeMethod(TestInvoker.java:677)\n\tat org.testng.internal.invokers.TestInvoker.retryFailed(TestInvoker.java:263)\n\tat org.testng.internal.invokers.MethodRunner.runInSequence(MethodRunner.java:62)\n\tat org.testng.internal.invokers.TestInvoker$MethodInvocationAgent.invoke(TestInvoker.java:969)\n\tat org.testng.internal.invokers.TestInvoker.invokeTestMethods(TestInvoker.java:194)\n\tat org.testng.internal.invokers.TestMethodWorker.invokeTestMethods(TestMethodWorker.java:148)\n\tat org.testng.internal.invokers.TestMethodWorker.run(TestMethodWorker.java:128)\n\tat java.base/java.util.concurrent.ThreadPoolExecutor.runWorker(ThreadPoolExecutor.java:1136)\n\tat java.base/java.util.concurrent.ThreadPoolExecutor$Worker.run(ThreadPoolExecutor.java:635)\n\tat java.base/java.lang.Thread.run(Thread.java:840)\n","steps":[{"name":"Access http://the-internet.herokuapp.com/login URL.","time":{"start":1765715983887,"stop":1765715983887,"duration":0},"status":"passed","steps":[],"attachments":[],"parameters":[],"stepsCount":0,"shouldDisplayMessage":false,"attachmentsCount":0,"hasContent":false,"attachmentStep":false},{"name":"Verify login form present or not.","time":{"start":1765715984230,"stop":1765715984230,"duration":0},"status":"passed","steps":[],"attachments":[],"parameters":[],"stepsCount":0,"shouldDisplayMessage":false,"attachmentsCount":0,"hasContent":false,"attachmentStep":false},{"name":"1. Login with valid username and password.","time":{"start":1765715984254,"stop":1765715984254,"duration":0},"status":"passed","steps":[],"attachments":[],"parameters":[],"stepsCount":0,"shouldDisplayMessage":false,"attachmentsCount":0,"hasContent":false,"attachmentStep":false},{"name":"Enter tomsmith username","time":{"start":1765715984254,"stop":1765715984254,"duration":0},"status":"passed","steps":[],"attachments":[],"parameters":[],"stepsCount":0,"shouldDisplayMessage":false,"attachmentsCount":0,"hasContent":false,"attachmentStep":false},{"name":"Enter SuperSecretPassword! password","time":{"start":1765715984307,"stop":1765715984307,"duration":0},"status":"passed","steps":[],"attachments":[],"parameters":[],"stepsCount":0,"shouldDisplayMessage":false,"attachmentsCount":0,"hasContent":false,"attachmentStep":false},{"name":"Click on Submit button","time":{"start":1765715984356,"stop":1765715984356,"duration":0},"status":"passed","steps":[],"attachments":[],"parameters":[],"stepsCount":0,"shouldDisplayMessage":false,"attachmentsCount":0,"hasContent":false,"attachmentStep":false},{"name":"2. Verify success message present","time":{"start":1765715984415,"stop":1765715984415,"duration":0},"status":"passed","steps":[],"attachments":[],"parameters":[],"stepsCount":0,"shouldDisplayMessage":false,"attachmentsCount":0,"hasContent":false,"attachmentStep":false},{"name":"Verify success message present or not.","time":{"start":1765715984415,"stop":1765715984415,"duration":0},"status":"passed","steps":[],"attachments":[],"parameters":[],"stepsCount":0,"shouldDisplayMessage":false,"attachmentsCount":0,"hasContent":false,"attachmentStep":false}],"attachments":[],"parameters":[],"stepsCount":8,"shouldDisplayMessage":true,"attachmentsCount":0,"hasContent":true,"attachmentStep":false},"afterStages":[{"name":"teardown","time":{"start":1765715984588,"stop":1765715984659,"duration":71},"description":"","status":"passed","steps":[{"name":"Cleaning up driver instance: ChromeDriver: chrome on linux (17545512a904c65022ba03c188367461)","time":{"start":1765715984588,"stop":1765715984588,"duration":0},"status":"passed","steps":[],"attachments":[],"parameters":[],"stepsCount":0,"shouldDisplayMessage":false,"attachmentsCount":0,"hasContent":false,"attachmentStep":false},{"name":"Complete time: 14 Dec 2025 12:39:44","time":{"start":1765715984659,"stop":1765715984659,"duration":0},"status":"passed","steps":[],"attachments":[],"parameters":[],"stepsCount":0,"shouldDisplayMessage":false,"attachmentsCount":0,"hasContent":false,"attachmentStep":false}],"attachments":[],"parameters":[],"stepsCount":2,"shouldDisplayMessage":false,"attachmentsCount":0,"hasContent":true,"attachmentStep":false}],"labels":[{"name":"package","value":"test.java.tests.theInternet.parallel.TestFour"},{"name":"testClass","value":"test.java.tests.theInternet.parallel.TestFour"},{"name":"testMethod","value":"testFourExpectedFailure"},{"name":"parentSuite","value":"Suite - Parallel Execution"},{"name":"suite","value":"Test Parallel Execution"},{"name":"subSuite","value":"test.java.tests.theInternet.parallel.TestFour"},{"name":"host","value":"runnervm6qbrg"},{"name":"thread","value":"2820@runnervm6qbrg.TestNG-test=Test Parallel Execution-16(349)"},{"name":"framework","value":"testng"},{"name":"language","value":"java"},{"name":"severity","value":"blocker"},{"name":"resultFormat","value":"allure2"}],"parameters":[],"links":[],"hidden":false,"retry":false,"extra":{"severity":"blocker","retries":[{"uid":"3f9ee360e493e8da","status":"skipped","statusDetails":"success message not present expected [false] but found [true]","time":{"start":1765715982845,"stop":1765715983540,"duration":695}},{"uid":"d337fae9691c9e20","status":"skipped","statusDetails":"success message not present expected [false] but found [true]","time":{"start":1765715981484,"stop":1765715982475,"duration":991}}],"categories":[{"name":"Product defects","matchedStatuses":[],"flaky":false}],"history":{"statistic":{"failed":46,"broken":0,"skipped":3,"passed":6,"unknown":0,"total":55},"items":[{"uid":"1c2859b01cad4978","reportUrl":"https://jagadeeshshetty.github.io/SeleniumMaven/145/#testresult/1c2859b01cad4978","status":"failed","statusDetails":"success message not present expected [false] but found [true]","time":{"start":1765715250033,"stop":1765715251078,"duration":1045}},{"uid":"cd87fd539e29d06a","reportUrl":"https://jagadeeshshetty.github.io/SeleniumMaven/144/#testresult/cd87fd539e29d06a","status":"failed","statusDetails":"success message not present expected [false] but found [true]","time":{"start":1765711465374,"stop":1765711465825,"duration":451}},{"uid":"43a18cb1b3c44f0a","reportUrl":"https://jagadeeshshetty.github.io/SeleniumMaven/143/#testresult/43a18cb1b3c44f0a","status":"failed","statusDetails":"success message not present expected [false] but found [true]","time":{"start":1765710347983,"stop":1765710349065,"duration":1082}},{"uid":"a207839edb0f2dc0","reportUrl":"https://jagadeeshshetty.github.io/SeleniumMaven/142/#testresult/a207839edb0f2dc0","status":"failed","statusDetails":"success message not present expected [false] but found [true]","time":{"start":1765707562678,"stop":1765707563813,"duration":1135}},{"uid":"b833f35fe289d4f7","reportUrl":"https://jagadeeshshetty.github.io/SeleniumMaven/141/#testresult/b833f35fe289d4f7","status":"failed","statusDetails":"success message not present expected [false] but found [true]","time":{"start":1765701885237,"stop":1765701885891,"duration":654}},{"uid":"c8cdaae64f5c5d11","reportUrl":"https://jagadeeshshetty.github.io/SeleniumMaven/140/#testresult/c8cdaae64f5c5d11","status":"failed","statusDetails":"success message not present expected [false] but found [true]","time":{"start":1765701460185,"stop":1765701461311,"duration":1126}},{"uid":"b823e0d65a7dfd72","reportUrl":"https://jagadeeshshetty.github.io/SeleniumMaven/140/#testresult/b823e0d65a7dfd72","status":"failed","statusDetails":"success message not present expected [false] but found [true]","time":{"start":1765700461468,"stop":1765700462549,"duration":1081}},{"uid":"3aa2f89765f82fa8","reportUrl":"https://jagadeeshshetty.github.io/SeleniumMaven/139/#testresult/3aa2f89765f82fa8","status":"failed","statusDetails":"success message not present expected [false] but found [true]","time":{"start":1765699468947,"stop":1765699469853,"duration":906}},{"uid":"c2cda165fdd4ed2c","reportUrl":"https://jagadeeshshetty.github.io/SeleniumMaven/125//#testresult/c2cda165fdd4ed2c","status":"failed","statusDetails":"success message not present expected [false] but found [true]","time":{"start":1739606940194,"stop":1739606940689,"duration":495}},{"uid":"1a6ab71bfd18e225","reportUrl":"https://jagadeeshshetty.github.io/SeleniumMaven/124//#testresult/1a6ab71bfd18e225","status":"skipped","statusDetails":"java.util.ConcurrentModificationException","time":{"start":1739606756969,"stop":1739606756969,"duration":0}},{"uid":"93f643fcdca71239","reportUrl":"https://jagadeeshshetty.github.io/SeleniumMaven/123//#testresult/93f643fcdca71239","status":"failed","statusDetails":"success message not present expected [false] but found [true]","time":{"start":1736575367943,"stop":1736575369150,"duration":1207}},{"uid":"790d1397f9d20e81","reportUrl":"https://jagadeeshshetty.github.io/SeleniumMaven/122//#testresult/790d1397f9d20e81","status":"failed","statusDetails":"success message not present expected [false] but found [true]","time":{"start":1736575348251,"stop":1736575348721,"duration":470}},{"uid":"e4b5c37f375420a2","reportUrl":"https://jagadeeshshetty.github.io/SeleniumMaven/121//#testresult/e4b5c37f375420a2","status":"failed","statusDetails":"success message not present expected [false] but found [true]","time":{"start":1732253982205,"stop":1732253982840,"duration":635}},{"uid":"15214a77baef88fd","reportUrl":"https://jagadeeshshetty.github.io/SeleniumMaven/120//#testresult/15214a77baef88fd","status":"failed","statusDetails":"success message not present expected [false] but found [true]","time":{"start":1732253804302,"stop":1732253804948,"duration":646}},{"uid":"c9923c0e124617eb","reportUrl":"https://jagadeeshshetty.github.io/SeleniumMaven/118//#testresult/c9923c0e124617eb","status":"failed","statusDetails":"success message not present expected [false] but found [true]","time":{"start":1728038041344,"stop":1728038042741,"duration":1397}},{"uid":"c39c7341ef9d695d","reportUrl":"https://jagadeeshshetty.github.io/SeleniumMaven/115//#testresult/c39c7341ef9d695d","status":"failed","statusDetails":"success message not present expected [false] but found [true]","time":{"start":1713139078198,"stop":1713139078833,"duration":635}},{"uid":"eeec05cbfcfedb3","reportUrl":"https://jagadeeshshetty.github.io/SeleniumMaven/116//#testresult/eeec05cbfcfedb3","status":"failed","statusDetails":"success message not present expected [false] but found [true]","time":{"start":1713139062128,"stop":1713139062761,"duration":633}},{"uid":"c2b99308635c6736","reportUrl":"https://jagadeeshshetty.github.io/SeleniumMaven/114//#testresult/c2b99308635c6736","status":"failed","statusDetails":"success message not present expected [false] but found [true]","time":{"start":1711476543894,"stop":1711476544525,"duration":631}},{"uid":"5e9d6094eca9d2a","reportUrl":"https://jagadeeshshetty.github.io/SeleniumMaven/111//#testresult/5e9d6094eca9d2a","status":"failed","statusDetails":"success message not present expected [false] but found [true]","time":{"start":1709564246467,"stop":1709564247587,"duration":1120}},{"uid":"12d18defc1abb257","reportUrl":"https://jagadeeshshetty.github.io/SeleniumMaven/112//#testresult/12d18defc1abb257","status":"failed","statusDetails":"success message not present expected [false] but found [true]","time":{"start":1709564147467,"stop":1709564147860,"duration":393}}]},"tags":[]},"source":"eff806172a6e08d9.json","parameterValues":[]}