{"uid":"8fa8cda2eb49c3a6","name":"testOneExpectedFailure","fullName":"test.java.tests.theInternet.parallel.TestOne.testOneExpectedFailure","historyId":"ab6883056220de6a4dfa4936aa12b217","time":{"start":1769197285245,"stop":1769197285713,"duration":468},"description":"Verify the successful login with valid username and password.","descriptionHtml":"<p>Verify the successful login with valid username and password.</p>\n","status":"failed","statusMessage":"success message not present expected [false] but found [true]","statusTrace":"java.lang.AssertionError: success message not present expected [false] but found [true]\n\tat org.testng.Assert.fail(Assert.java:110)\n\tat org.testng.Assert.failNotEquals(Assert.java:1577)\n\tat org.testng.Assert.assertFalse(Assert.java:78)\n\tat test.java.tests.theInternet.parallel.TestOne.testOneExpectedFailure(TestOne.java:77)\n\tat java.base/jdk.internal.reflect.NativeMethodAccessorImpl.invoke0(Native Method)\n\tat java.base/jdk.internal.reflect.NativeMethodAccessorImpl.invoke(NativeMethodAccessorImpl.java:77)\n\tat java.base/jdk.internal.reflect.DelegatingMethodAccessorImpl.invoke(DelegatingMethodAccessorImpl.java:43)\n\tat java.base/java.lang.reflect.Method.invoke(Method.java:569)\n\tat org.testng.internal.invokers.MethodInvocationHelper.invokeMethod(MethodInvocationHelper.java:139)\n\tat org.testng.internal.invokers.TestInvoker.invokeMethod(TestInvoker.java:677)\n\tat org.testng.internal.invokers.TestInvoker.retryFailed(TestInvoker.java:263)\n\tat org.testng.internal.invokers.MethodRunner.runInSequence(MethodRunner.java:62)\n\tat org.testng.internal.invokers.TestInvoker$MethodInvocationAgent.invoke(TestInvoker.java:969)\n\tat org.testng.internal.invokers.TestInvoker.invokeTestMethods(TestInvoker.java:194)\n\tat org.testng.internal.invokers.TestMethodWorker.invokeTestMethods(TestMethodWorker.java:148)\n\tat org.testng.internal.invokers.TestMethodWorker.run(TestMethodWorker.java:128)\n\tat java.base/java.util.concurrent.ThreadPoolExecutor.runWorker(ThreadPoolExecutor.java:1136)\n\tat java.base/java.util.concurrent.ThreadPoolExecutor$Worker.run(ThreadPoolExecutor.java:635)\n\tat java.base/java.lang.Thread.run(Thread.java:840)\n","flaky":false,"newFailed":false,"newBroken":false,"newPassed":false,"retriesCount":2,"retriesStatusChange":true,"beforeStages":[{"name":"setup","time":{"start":1769197284955,"stop":1769197285243,"duration":288},"description":"","status":"passed","steps":[{"name":"Start time: 23 Jan 2026 19:41:24","time":{"start":1769197284956,"stop":1769197284956,"duration":0},"status":"passed","steps":[],"attachments":[],"parameters":[],"stepsCount":0,"shouldDisplayMessage":false,"attachmentsCount":0,"hasContent":false,"attachmentStep":false},{"name":"Running Test on 'Linux' OS.","time":{"start":1769197284956,"stop":1769197284956,"duration":0},"status":"passed","steps":[],"attachments":[],"parameters":[],"stepsCount":0,"shouldDisplayMessage":false,"attachmentsCount":0,"hasContent":false,"attachmentStep":false},{"name":"JVM Version: 17.0.18","time":{"start":1769197284956,"stop":1769197284956,"duration":0},"status":"passed","steps":[],"attachments":[],"parameters":[],"stepsCount":0,"shouldDisplayMessage":false,"attachmentsCount":0,"hasContent":false,"attachmentStep":false},{"name":"Browser: CHROME 144.0.7559.59","time":{"start":1769197285232,"stop":1769197285232,"duration":0},"status":"passed","steps":[],"attachments":[],"parameters":[],"stepsCount":0,"shouldDisplayMessage":false,"attachmentsCount":0,"hasContent":false,"attachmentStep":false},{"name":"Driver instance: ChromeDriver: chrome on linux (03ae6c86c9daea0ba0dce44c14ba205e)","time":{"start":1769197285232,"stop":1769197285232,"duration":0},"status":"passed","steps":[],"attachments":[],"parameters":[],"stepsCount":0,"shouldDisplayMessage":false,"attachmentsCount":0,"hasContent":false,"attachmentStep":false}],"attachments":[],"parameters":[],"stepsCount":5,"shouldDisplayMessage":false,"attachmentsCount":0,"hasContent":true,"attachmentStep":false}],"testStage":{"description":"Verify the successful login with valid username and password.","status":"failed","statusMessage":"success message not present expected [false] but found [true]","statusTrace":"java.lang.AssertionError: success message not present expected [false] but found [true]\n\tat org.testng.Assert.fail(Assert.java:110)\n\tat org.testng.Assert.failNotEquals(Assert.java:1577)\n\tat org.testng.Assert.assertFalse(Assert.java:78)\n\tat test.java.tests.theInternet.parallel.TestOne.testOneExpectedFailure(TestOne.java:77)\n\tat java.base/jdk.internal.reflect.NativeMethodAccessorImpl.invoke0(Native Method)\n\tat java.base/jdk.internal.reflect.NativeMethodAccessorImpl.invoke(NativeMethodAccessorImpl.java:77)\n\tat java.base/jdk.internal.reflect.DelegatingMethodAccessorImpl.invoke(DelegatingMethodAccessorImpl.java:43)\n\tat java.base/java.lang.reflect.Method.invoke(Method.java:569)\n\tat org.testng.internal.invokers.MethodInvocationHelper.invokeMethod(MethodInvocationHelper.java:139)\n\tat org.testng.internal.invokers.TestInvoker.invokeMethod(TestInvoker.java:677)\n\tat org.testng.internal.invokers.TestInvoker.retryFailed(TestInvoker.java:263)\n\tat org.testng.internal.invokers.MethodRunner.runInSequence(MethodRunner.java:62)\n\tat org.testng.internal.invokers.TestInvoker$MethodInvocationAgent.invoke(TestInvoker.java:969)\n\tat org.testng.internal.invokers.TestInvoker.invokeTestMethods(TestInvoker.java:194)\n\tat org.testng.internal.invokers.TestMethodWorker.invokeTestMethods(TestMethodWorker.java:148)\n\tat org.testng.internal.invokers.TestMethodWorker.run(TestMethodWorker.java:128)\n\tat java.base/java.util.concurrent.ThreadPoolExecutor.runWorker(ThreadPoolExecutor.java:1136)\n\tat java.base/java.util.concurrent.ThreadPoolExecutor$Worker.run(ThreadPoolExecutor.java:635)\n\tat java.base/java.lang.Thread.run(Thread.java:840)\n","steps":[{"name":"Access http://the-internet.herokuapp.com/login URL.","time":{"start":1769197285246,"stop":1769197285246,"duration":0},"status":"passed","steps":[],"attachments":[],"parameters":[],"stepsCount":0,"shouldDisplayMessage":false,"attachmentsCount":0,"hasContent":false,"attachmentStep":false},{"name":"Verify login form present or not.","time":{"start":1769197285424,"stop":1769197285424,"duration":0},"status":"passed","steps":[],"attachments":[],"parameters":[],"stepsCount":0,"shouldDisplayMessage":false,"attachmentsCount":0,"hasContent":false,"attachmentStep":false},{"name":"1. Login with valid username and password.","time":{"start":1769197285453,"stop":1769197285453,"duration":0},"status":"passed","steps":[],"attachments":[],"parameters":[],"stepsCount":0,"shouldDisplayMessage":false,"attachmentsCount":0,"hasContent":false,"attachmentStep":false},{"name":"Enter tomsmith username","time":{"start":1769197285453,"stop":1769197285453,"duration":0},"status":"passed","steps":[],"attachments":[],"parameters":[],"stepsCount":0,"shouldDisplayMessage":false,"attachmentsCount":0,"hasContent":false,"attachmentStep":false},{"name":"Enter SuperSecretPassword! password","time":{"start":1769197285509,"stop":1769197285509,"duration":0},"status":"passed","steps":[],"attachments":[],"parameters":[],"stepsCount":0,"shouldDisplayMessage":false,"attachmentsCount":0,"hasContent":false,"attachmentStep":false},{"name":"Click on Submit button","time":{"start":1769197285559,"stop":1769197285560,"duration":1},"status":"passed","steps":[],"attachments":[],"parameters":[],"stepsCount":0,"shouldDisplayMessage":false,"attachmentsCount":0,"hasContent":false,"attachmentStep":false},{"name":"2. Verify success message present","time":{"start":1769197285688,"stop":1769197285689,"duration":1},"status":"passed","steps":[],"attachments":[],"parameters":[],"stepsCount":0,"shouldDisplayMessage":false,"attachmentsCount":0,"hasContent":false,"attachmentStep":false},{"name":"Verify success message present or not.","time":{"start":1769197285689,"stop":1769197285689,"duration":0},"status":"passed","steps":[],"attachments":[],"parameters":[],"stepsCount":0,"shouldDisplayMessage":false,"attachmentsCount":0,"hasContent":false,"attachmentStep":false}],"attachments":[],"parameters":[],"stepsCount":8,"shouldDisplayMessage":true,"attachmentsCount":0,"hasContent":true,"attachmentStep":false},"afterStages":[{"name":"teardown","time":{"start":1769197285800,"stop":1769197285872,"duration":72},"description":"","status":"passed","steps":[{"name":"Cleaning up driver instance: ChromeDriver: chrome on linux (03ae6c86c9daea0ba0dce44c14ba205e)","time":{"start":1769197285800,"stop":1769197285800,"duration":0},"status":"passed","steps":[],"attachments":[],"parameters":[],"stepsCount":0,"shouldDisplayMessage":false,"attachmentsCount":0,"hasContent":false,"attachmentStep":false},{"name":"Complete time: 23 Jan 2026 19:41:25","time":{"start":1769197285872,"stop":1769197285872,"duration":0},"status":"passed","steps":[],"attachments":[],"parameters":[],"stepsCount":0,"shouldDisplayMessage":false,"attachmentsCount":0,"hasContent":false,"attachmentStep":false}],"attachments":[],"parameters":[],"stepsCount":2,"shouldDisplayMessage":false,"attachmentsCount":0,"hasContent":true,"attachmentStep":false}],"labels":[{"name":"package","value":"test.java.tests.theInternet.parallel.TestOne"},{"name":"testClass","value":"test.java.tests.theInternet.parallel.TestOne"},{"name":"testMethod","value":"testOneExpectedFailure"},{"name":"parentSuite","value":"Suite - Parallel Execution"},{"name":"suite","value":"Test Parallel Execution"},{"name":"subSuite","value":"test.java.tests.theInternet.parallel.TestOne"},{"name":"host","value":"runnervmymu0l"},{"name":"thread","value":"2754@runnervmymu0l.TestNG-test=Test Parallel Execution-4(23)"},{"name":"framework","value":"testng"},{"name":"language","value":"java"},{"name":"severity","value":"blocker"},{"name":"resultFormat","value":"allure2"}],"parameters":[],"links":[],"hidden":false,"retry":false,"extra":{"severity":"blocker","retries":[{"uid":"23918f0e2a4066d2","status":"skipped","statusDetails":"success message not present expected [false] but found [true]","time":{"start":1769197284428,"stop":1769197284880,"duration":452}},{"uid":"36d854a25b8680fb","status":"skipped","statusDetails":"success message not present expected [false] but found [true]","time":{"start":1769197283049,"stop":1769197284033,"duration":984}}],"categories":[{"name":"Product defects","matchedStatuses":[],"flaky":false}],"history":{"statistic":{"failed":80,"broken":2,"skipped":13,"passed":1,"unknown":0,"total":96},"items":[{"uid":"1be444b09ad7f7c5","reportUrl":"https://jagadeeshshetty.github.io/SeleniumMaven/186/#testresult/1be444b09ad7f7c5","status":"failed","statusDetails":"success message not present expected [false] but found [true]","time":{"start":1769111073187,"stop":1769111073686,"duration":499}},{"uid":"63265003592a5029","reportUrl":"https://jagadeeshshetty.github.io/SeleniumMaven/185/#testresult/63265003592a5029","status":"failed","statusDetails":"success message not present expected [false] but found [true]","time":{"start":1769024951258,"stop":1769024952302,"duration":1044}},{"uid":"ce83c897c6537018","reportUrl":"https://jagadeeshshetty.github.io/SeleniumMaven/184/#testresult/ce83c897c6537018","status":"failed","statusDetails":"success message not present expected [false] but found [true]","time":{"start":1768941145516,"stop":1768941146613,"duration":1097}},{"uid":"cbae1de58b8694d2","reportUrl":"https://jagadeeshshetty.github.io/SeleniumMaven/183/#testresult/cbae1de58b8694d2","status":"failed","statusDetails":"success message not present expected [false] but found [true]","time":{"start":1768851665006,"stop":1768851665625,"duration":619}},{"uid":"6d3cb08a73ec4959","reportUrl":"https://jagadeeshshetty.github.io/SeleniumMaven/182/#testresult/6d3cb08a73ec4959","status":"failed","statusDetails":"success message not present expected [false] but found [true]","time":{"start":1768764982685,"stop":1768764983329,"duration":644}},{"uid":"a41acdeb6b26b1d2","reportUrl":"https://jagadeeshshetty.github.io/SeleniumMaven/181/#testresult/a41acdeb6b26b1d2","status":"failed","statusDetails":"success message not present expected [false] but found [true]","time":{"start":1768678570477,"stop":1768678571388,"duration":911}},{"uid":"e0e544068925fb96","reportUrl":"https://jagadeeshshetty.github.io/SeleniumMaven/180/#testresult/e0e544068925fb96","status":"failed","statusDetails":"success message not present expected [false] but found [true]","time":{"start":1768592232430,"stop":1768592233895,"duration":1465}},{"uid":"f554cd6d45a1514b","reportUrl":"https://jagadeeshshetty.github.io/SeleniumMaven/179/#testresult/f554cd6d45a1514b","status":"failed","statusDetails":"success message not present expected [false] but found [true]","time":{"start":1768506289477,"stop":1768506290315,"duration":838}},{"uid":"35aef0ce02ae2777","reportUrl":"https://jagadeeshshetty.github.io/SeleniumMaven/178/#testresult/35aef0ce02ae2777","status":"failed","statusDetails":"success message not present expected [false] but found [true]","time":{"start":1768419587017,"stop":1768419587723,"duration":706}},{"uid":"1cc3f11a94799a32","reportUrl":"https://jagadeeshshetty.github.io/SeleniumMaven/177/#testresult/1cc3f11a94799a32","status":"failed","statusDetails":"success message not present expected [false] but found [true]","time":{"start":1768333143153,"stop":1768333143839,"duration":686}},{"uid":"4370ecaec76e8bad","reportUrl":"https://jagadeeshshetty.github.io/SeleniumMaven/176/#testresult/4370ecaec76e8bad","status":"failed","statusDetails":"success message not present expected [false] but found [true]","time":{"start":1768246830695,"stop":1768246831575,"duration":880}},{"uid":"d7a310a27438dd29","reportUrl":"https://jagadeeshshetty.github.io/SeleniumMaven/175/#testresult/d7a310a27438dd29","status":"failed","statusDetails":"success message not present expected [false] but found [true]","time":{"start":1768160202357,"stop":1768160203562,"duration":1205}},{"uid":"e0499ae2af8611e7","reportUrl":"https://jagadeeshshetty.github.io/SeleniumMaven/174/#testresult/e0499ae2af8611e7","status":"failed","statusDetails":"success message not present expected [false] but found [true]","time":{"start":1768073813815,"stop":1768073814506,"duration":691}},{"uid":"a97a513521f072cd","reportUrl":"https://jagadeeshshetty.github.io/SeleniumMaven/173/#testresult/a97a513521f072cd","status":"failed","statusDetails":"success message not present expected [false] but found [true]","time":{"start":1767987583934,"stop":1767987584594,"duration":660}},{"uid":"15df178cd5718333","reportUrl":"https://jagadeeshshetty.github.io/SeleniumMaven/172/#testresult/15df178cd5718333","status":"failed","statusDetails":"success message not present expected [false] but found [true]","time":{"start":1767901192602,"stop":1767901193947,"duration":1345}},{"uid":"8e206822899eb131","reportUrl":"https://jagadeeshshetty.github.io/SeleniumMaven/171/#testresult/8e206822899eb131","status":"failed","statusDetails":"success message not present expected [false] but found [true]","time":{"start":1767814823619,"stop":1767814824032,"duration":413}},{"uid":"40d59d4a0d0234d7","reportUrl":"https://jagadeeshshetty.github.io/SeleniumMaven/170/#testresult/40d59d4a0d0234d7","status":"failed","statusDetails":"success message not present expected [false] but found [true]","time":{"start":1767728325474,"stop":1767728325899,"duration":425}},{"uid":"4933453dfe2e8927","reportUrl":"https://jagadeeshshetty.github.io/SeleniumMaven/169/#testresult/4933453dfe2e8927","status":"failed","statusDetails":"success message not present expected [false] but found [true]","time":{"start":1767642031667,"stop":1767642032527,"duration":860}},{"uid":"ebbf84daa60ee565","reportUrl":"https://jagadeeshshetty.github.io/SeleniumMaven/168/#testresult/ebbf84daa60ee565","status":"failed","statusDetails":"success message not present expected [false] but found [true]","time":{"start":1767555382800,"stop":1767555383474,"duration":674}},{"uid":"494e6c24836537d0","reportUrl":"https://jagadeeshshetty.github.io/SeleniumMaven/167/#testresult/494e6c24836537d0","status":"failed","statusDetails":"success message not present expected [false] but found [true]","time":{"start":1767468975335,"stop":1767468976710,"duration":1375}}]},"tags":[]},"source":"8fa8cda2eb49c3a6.json","parameterValues":[]}