{"uid":"ec40dc7a08f826c4","name":"testFourUnstableTest","fullName":"test.java.tests.theInternet.parallel.TestFour.testFourUnstableTest","historyId":"dcd78623fadf0a79af5144e8dea6f0d","time":{"start":1767469181061,"stop":1767469181062,"duration":1},"description":"Verify the error message with invalid username and password.","descriptionHtml":"<p>Verify the error message with invalid username and password.</p>\n","status":"failed","statusMessage":"expected [true] but found [false]","statusTrace":"java.lang.AssertionError: expected [true] but found [false]\n\tat org.testng.Assert.fail(Assert.java:110)\n\tat org.testng.Assert.failNotEquals(Assert.java:1577)\n\tat org.testng.Assert.assertTrue(Assert.java:56)\n\tat org.testng.Assert.assertTrue(Assert.java:66)\n\tat test.java.tests.theInternet.parallel.TestFour.testFourUnstableTest(TestFour.java:62)\n\tat java.base/jdk.internal.reflect.NativeMethodAccessorImpl.invoke0(Native Method)\n\tat java.base/jdk.internal.reflect.NativeMethodAccessorImpl.invoke(NativeMethodAccessorImpl.java:77)\n\tat java.base/jdk.internal.reflect.DelegatingMethodAccessorImpl.invoke(DelegatingMethodAccessorImpl.java:43)\n\tat java.base/java.lang.reflect.Method.invoke(Method.java:569)\n\tat org.testng.internal.invokers.MethodInvocationHelper.invokeMethod(MethodInvocationHelper.java:139)\n\tat org.testng.internal.invokers.TestInvoker.invokeMethod(TestInvoker.java:677)\n\tat org.testng.internal.invokers.TestInvoker.retryFailed(TestInvoker.java:263)\n\tat org.testng.internal.invokers.MethodRunner.runInSequence(MethodRunner.java:62)\n\tat org.testng.internal.invokers.TestInvoker$MethodInvocationAgent.invoke(TestInvoker.java:969)\n\tat org.testng.internal.invokers.TestInvoker.invokeTestMethods(TestInvoker.java:194)\n\tat org.testng.internal.invokers.TestMethodWorker.invokeTestMethods(TestMethodWorker.java:148)\n\tat org.testng.internal.invokers.TestMethodWorker.run(TestMethodWorker.java:128)\n\tat java.base/java.util.concurrent.ThreadPoolExecutor.runWorker(ThreadPoolExecutor.java:1136)\n\tat java.base/java.util.concurrent.ThreadPoolExecutor$Worker.run(ThreadPoolExecutor.java:635)\n\tat java.base/java.lang.Thread.run(Thread.java:840)\n","flaky":false,"newFailed":true,"newBroken":false,"newPassed":false,"retriesCount":2,"retriesStatusChange":true,"beforeStages":[{"name":"setup","time":{"start":1767469180719,"stop":1767469181060,"duration":341},"description":"","status":"passed","steps":[{"name":"Start time: 3 Jan 2026 19:39:40","time":{"start":1767469180719,"stop":1767469180719,"duration":0},"status":"passed","steps":[],"attachments":[],"parameters":[],"stepsCount":0,"shouldDisplayMessage":false,"attachmentsCount":0,"hasContent":false,"attachmentStep":false},{"name":"Running Test on 'Linux' OS.","time":{"start":1767469180719,"stop":1767469180719,"duration":0},"status":"passed","steps":[],"attachments":[],"parameters":[],"stepsCount":0,"shouldDisplayMessage":false,"attachmentsCount":0,"hasContent":false,"attachmentStep":false},{"name":"JVM Version: 17.0.17","time":{"start":1767469180719,"stop":1767469180719,"duration":0},"status":"passed","steps":[],"attachments":[],"parameters":[],"stepsCount":0,"shouldDisplayMessage":false,"attachmentsCount":0,"hasContent":false,"attachmentStep":false},{"name":"Browser: CHROME 143.0.7499.109","time":{"start":1767469181057,"stop":1767469181057,"duration":0},"status":"passed","steps":[],"attachments":[],"parameters":[],"stepsCount":0,"shouldDisplayMessage":false,"attachmentsCount":0,"hasContent":false,"attachmentStep":false},{"name":"Driver instance: ChromeDriver: chrome on linux (b0f1dd72aa4db093c3d1b517194ce0fe)","time":{"start":1767469181057,"stop":1767469181057,"duration":0},"status":"passed","steps":[],"attachments":[],"parameters":[],"stepsCount":0,"shouldDisplayMessage":false,"attachmentsCount":0,"hasContent":false,"attachmentStep":false}],"attachments":[],"parameters":[],"stepsCount":5,"shouldDisplayMessage":false,"attachmentsCount":0,"hasContent":true,"attachmentStep":false}],"testStage":{"description":"Verify the error message with invalid username and password.","status":"failed","statusMessage":"expected [true] but found [false]","statusTrace":"java.lang.AssertionError: expected [true] but found [false]\n\tat org.testng.Assert.fail(Assert.java:110)\n\tat org.testng.Assert.failNotEquals(Assert.java:1577)\n\tat org.testng.Assert.assertTrue(Assert.java:56)\n\tat org.testng.Assert.assertTrue(Assert.java:66)\n\tat test.java.tests.theInternet.parallel.TestFour.testFourUnstableTest(TestFour.java:62)\n\tat java.base/jdk.internal.reflect.NativeMethodAccessorImpl.invoke0(Native Method)\n\tat java.base/jdk.internal.reflect.NativeMethodAccessorImpl.invoke(NativeMethodAccessorImpl.java:77)\n\tat java.base/jdk.internal.reflect.DelegatingMethodAccessorImpl.invoke(DelegatingMethodAccessorImpl.java:43)\n\tat java.base/java.lang.reflect.Method.invoke(Method.java:569)\n\tat org.testng.internal.invokers.MethodInvocationHelper.invokeMethod(MethodInvocationHelper.java:139)\n\tat org.testng.internal.invokers.TestInvoker.invokeMethod(TestInvoker.java:677)\n\tat org.testng.internal.invokers.TestInvoker.retryFailed(TestInvoker.java:263)\n\tat org.testng.internal.invokers.MethodRunner.runInSequence(MethodRunner.java:62)\n\tat org.testng.internal.invokers.TestInvoker$MethodInvocationAgent.invoke(TestInvoker.java:969)\n\tat org.testng.internal.invokers.TestInvoker.invokeTestMethods(TestInvoker.java:194)\n\tat org.testng.internal.invokers.TestMethodWorker.invokeTestMethods(TestMethodWorker.java:148)\n\tat org.testng.internal.invokers.TestMethodWorker.run(TestMethodWorker.java:128)\n\tat java.base/java.util.concurrent.ThreadPoolExecutor.runWorker(ThreadPoolExecutor.java:1136)\n\tat java.base/java.util.concurrent.ThreadPoolExecutor$Worker.run(ThreadPoolExecutor.java:635)\n\tat java.base/java.lang.Thread.run(Thread.java:840)\n","steps":[{"name":"1","time":{"start":1767469181062,"stop":1767469181062,"duration":0},"status":"passed","steps":[],"attachments":[],"parameters":[],"stepsCount":0,"shouldDisplayMessage":false,"attachmentsCount":0,"hasContent":false,"attachmentStep":false}],"attachments":[],"parameters":[],"stepsCount":1,"shouldDisplayMessage":true,"attachmentsCount":0,"hasContent":true,"attachmentStep":false},"afterStages":[{"name":"teardown","time":{"start":1767469181107,"stop":1767469181180,"duration":73},"description":"","status":"passed","steps":[{"name":"Cleaning up driver instance: ChromeDriver: chrome on linux (b0f1dd72aa4db093c3d1b517194ce0fe)","time":{"start":1767469181107,"stop":1767469181107,"duration":0},"status":"passed","steps":[],"attachments":[],"parameters":[],"stepsCount":0,"shouldDisplayMessage":false,"attachmentsCount":0,"hasContent":false,"attachmentStep":false},{"name":"Complete time: 3 Jan 2026 19:39:41","time":{"start":1767469181180,"stop":1767469181180,"duration":0},"status":"passed","steps":[],"attachments":[],"parameters":[],"stepsCount":0,"shouldDisplayMessage":false,"attachmentsCount":0,"hasContent":false,"attachmentStep":false}],"attachments":[],"parameters":[],"stepsCount":2,"shouldDisplayMessage":false,"attachmentsCount":0,"hasContent":true,"attachmentStep":false}],"labels":[{"name":"package","value":"test.java.tests.theInternet.parallel.TestFour"},{"name":"testClass","value":"test.java.tests.theInternet.parallel.TestFour"},{"name":"testMethod","value":"testFourUnstableTest"},{"name":"parentSuite","value":"Suite - Parallel Execution"},{"name":"suite","value":"Test Parallel Execution"},{"name":"subSuite","value":"test.java.tests.theInternet.parallel.TestFour"},{"name":"host","value":"runnervmh13bl"},{"name":"thread","value":"2697@runnervmh13bl.TestNG-test=Test Parallel Execution-15(376)"},{"name":"framework","value":"testng"},{"name":"language","value":"java"},{"name":"severity","value":"trivial"},{"name":"resultFormat","value":"allure2"}],"parameters":[],"links":[],"hidden":false,"retry":false,"extra":{"severity":"trivial","retries":[{"uid":"49c3ec1151a16616","status":"skipped","statusDetails":"expected [true] but found [false]","time":{"start":1767469180640,"stop":1767469180641,"duration":1}},{"uid":"48288110d38b4500","status":"skipped","statusDetails":"expected [true] but found [false]","time":{"start":1767469180140,"stop":1767469180145,"duration":5}}],"categories":[{"name":"Product defects","matchedStatuses":[],"flaky":false}],"history":{"statistic":{"failed":11,"broken":0,"skipped":3,"passed":62,"unknown":0,"total":76},"items":[{"uid":"ddde651c44fe0d29","reportUrl":"https://jagadeeshshetty.github.io/SeleniumMaven/166/#testresult/ddde651c44fe0d29","status":"passed","time":{"start":1767383030502,"stop":1767383030502,"duration":0}},{"uid":"8e76ce9707ee7ebf","reportUrl":"https://jagadeeshshetty.github.io/SeleniumMaven/165/#testresult/8e76ce9707ee7ebf","status":"passed","time":{"start":1767296280870,"stop":1767296280870,"duration":0}},{"uid":"d19b581bab4b4716","reportUrl":"https://jagadeeshshetty.github.io/SeleniumMaven/164/#testresult/d19b581bab4b4716","status":"passed","time":{"start":1767209839063,"stop":1767209839065,"duration":2}},{"uid":"4866429613d0acdf","reportUrl":"https://jagadeeshshetty.github.io/SeleniumMaven/163/#testresult/4866429613d0acdf","status":"passed","time":{"start":1767123445693,"stop":1767123445695,"duration":2}},{"uid":"7db5899fbe63b22d","reportUrl":"https://jagadeeshshetty.github.io/SeleniumMaven/162/#testresult/7db5899fbe63b22d","status":"passed","time":{"start":1767037036749,"stop":1767037036750,"duration":1}},{"uid":"298b921abc3340d2","reportUrl":"https://jagadeeshshetty.github.io/SeleniumMaven/161/#testresult/298b921abc3340d2","status":"passed","time":{"start":1766950619364,"stop":1766950619364,"duration":0}},{"uid":"51f60b1ea3f36c1d","reportUrl":"https://jagadeeshshetty.github.io/SeleniumMaven/160/#testresult/51f60b1ea3f36c1d","status":"passed","time":{"start":1766864248484,"stop":1766864248484,"duration":0}},{"uid":"12c1641e0df5546b","reportUrl":"https://jagadeeshshetty.github.io/SeleniumMaven/159/#testresult/12c1641e0df5546b","status":"passed","time":{"start":1766777818810,"stop":1766777818811,"duration":1}},{"uid":"89399582406e93a1","reportUrl":"https://jagadeeshshetty.github.io/SeleniumMaven/158/#testresult/89399582406e93a1","status":"passed","time":{"start":1766691518603,"stop":1766691518604,"duration":1}},{"uid":"492f9f254b9fc18c","reportUrl":"https://jagadeeshshetty.github.io/SeleniumMaven/157/#testresult/492f9f254b9fc18c","status":"failed","statusDetails":"expected [true] but found [false]","time":{"start":1766605306511,"stop":1766605306511,"duration":0}},{"uid":"58b15a4c23173f7e","reportUrl":"https://jagadeeshshetty.github.io/SeleniumMaven/156/#testresult/58b15a4c23173f7e","status":"passed","time":{"start":1766518645064,"stop":1766518645064,"duration":0}},{"uid":"c709935fcf79f6fc","reportUrl":"https://jagadeeshshetty.github.io/SeleniumMaven/155/#testresult/c709935fcf79f6fc","status":"passed","time":{"start":1766432239381,"stop":1766432239381,"duration":0}},{"uid":"d6956955e3b7522d","reportUrl":"https://jagadeeshshetty.github.io/SeleniumMaven/154/#testresult/d6956955e3b7522d","status":"passed","time":{"start":1766345810299,"stop":1766345810299,"duration":0}},{"uid":"d2cfae9583ca0e48","reportUrl":"https://jagadeeshshetty.github.io/SeleniumMaven/153/#testresult/d2cfae9583ca0e48","status":"passed","time":{"start":1766259504432,"stop":1766259504432,"duration":0}},{"uid":"9a62a20caa43ee6b","reportUrl":"https://jagadeeshshetty.github.io/SeleniumMaven/152/#testresult/9a62a20caa43ee6b","status":"passed","time":{"start":1766173060770,"stop":1766173060771,"duration":1}},{"uid":"8be4f1787402bf15","reportUrl":"https://jagadeeshshetty.github.io/SeleniumMaven/151/#testresult/8be4f1787402bf15","status":"passed","time":{"start":1766087139020,"stop":1766087139020,"duration":0}},{"uid":"eb35ce84f002a610","reportUrl":"https://jagadeeshshetty.github.io/SeleniumMaven/150/#testresult/eb35ce84f002a610","status":"passed","time":{"start":1766000524957,"stop":1766000524958,"duration":1}},{"uid":"423361c9172ff03d","reportUrl":"https://jagadeeshshetty.github.io/SeleniumMaven/149/#testresult/423361c9172ff03d","status":"passed","time":{"start":1765913959533,"stop":1765913959537,"duration":4}},{"uid":"8cb643f8cfa80016","reportUrl":"https://jagadeeshshetty.github.io/SeleniumMaven/148/#testresult/8cb643f8cfa80016","status":"failed","statusDetails":"expected [true] but found [false]","time":{"start":1765827575940,"stop":1765827575941,"duration":1}},{"uid":"436045361003edc3","reportUrl":"https://jagadeeshshetty.github.io/SeleniumMaven/147/#testresult/436045361003edc3","status":"passed","time":{"start":1765741111617,"stop":1765741111618,"duration":1}}]},"tags":[]},"source":"ec40dc7a08f826c4.json","parameterValues":[]}