{"uid":"9d24115dbbb9c1ed","name":"testOneExpectedFailure","fullName":"test.java.tests.theInternet.parallel.TestOne.testOneExpectedFailure","historyId":"ab6883056220de6a4dfa4936aa12b217","time":{"start":1766432227485,"stop":1766432228326,"duration":841},"description":"Verify the successful login with valid username and password.","descriptionHtml":"<p>Verify the successful login with valid username and password.</p>\n","status":"failed","statusMessage":"success message not present expected [false] but found [true]","statusTrace":"java.lang.AssertionError: success message not present expected [false] but found [true]\n\tat org.testng.Assert.fail(Assert.java:110)\n\tat org.testng.Assert.failNotEquals(Assert.java:1577)\n\tat org.testng.Assert.assertFalse(Assert.java:78)\n\tat test.java.tests.theInternet.parallel.TestOne.testOneExpectedFailure(TestOne.java:77)\n\tat java.base/jdk.internal.reflect.NativeMethodAccessorImpl.invoke0(Native Method)\n\tat java.base/jdk.internal.reflect.NativeMethodAccessorImpl.invoke(NativeMethodAccessorImpl.java:77)\n\tat java.base/jdk.internal.reflect.DelegatingMethodAccessorImpl.invoke(DelegatingMethodAccessorImpl.java:43)\n\tat java.base/java.lang.reflect.Method.invoke(Method.java:569)\n\tat org.testng.internal.invokers.MethodInvocationHelper.invokeMethod(MethodInvocationHelper.java:139)\n\tat org.testng.internal.invokers.TestInvoker.invokeMethod(TestInvoker.java:677)\n\tat org.testng.internal.invokers.TestInvoker.retryFailed(TestInvoker.java:263)\n\tat org.testng.internal.invokers.MethodRunner.runInSequence(MethodRunner.java:62)\n\tat org.testng.internal.invokers.TestInvoker$MethodInvocationAgent.invoke(TestInvoker.java:969)\n\tat org.testng.internal.invokers.TestInvoker.invokeTestMethods(TestInvoker.java:194)\n\tat org.testng.internal.invokers.TestMethodWorker.invokeTestMethods(TestMethodWorker.java:148)\n\tat org.testng.internal.invokers.TestMethodWorker.run(TestMethodWorker.java:128)\n\tat java.base/java.util.concurrent.ThreadPoolExecutor.runWorker(ThreadPoolExecutor.java:1136)\n\tat java.base/java.util.concurrent.ThreadPoolExecutor$Worker.run(ThreadPoolExecutor.java:635)\n\tat java.base/java.lang.Thread.run(Thread.java:840)\n","flaky":false,"newFailed":false,"newBroken":false,"newPassed":false,"retriesCount":2,"retriesStatusChange":true,"beforeStages":[{"name":"setup","time":{"start":1766432227198,"stop":1766432227483,"duration":285},"description":"","status":"passed","steps":[{"name":"Start time: 22 Dec 2025 19:37:07","time":{"start":1766432227198,"stop":1766432227198,"duration":0},"status":"passed","steps":[],"attachments":[],"parameters":[],"stepsCount":0,"shouldDisplayMessage":false,"attachmentsCount":0,"hasContent":false,"attachmentStep":false},{"name":"Running Test on 'Linux' OS.","time":{"start":1766432227198,"stop":1766432227198,"duration":0},"status":"passed","steps":[],"attachments":[],"parameters":[],"stepsCount":0,"shouldDisplayMessage":false,"attachmentsCount":0,"hasContent":false,"attachmentStep":false},{"name":"JVM Version: 17.0.17","time":{"start":1766432227198,"stop":1766432227198,"duration":0},"status":"passed","steps":[],"attachments":[],"parameters":[],"stepsCount":0,"shouldDisplayMessage":false,"attachmentsCount":0,"hasContent":false,"attachmentStep":false},{"name":"Browser: CHROME 143.0.7499.109","time":{"start":1766432227478,"stop":1766432227478,"duration":0},"status":"passed","steps":[],"attachments":[],"parameters":[],"stepsCount":0,"shouldDisplayMessage":false,"attachmentsCount":0,"hasContent":false,"attachmentStep":false},{"name":"Driver instance: ChromeDriver: chrome on linux (9a0a66f0d20b847f4593c35cb49727eb)","time":{"start":1766432227478,"stop":1766432227478,"duration":0},"status":"passed","steps":[],"attachments":[],"parameters":[],"stepsCount":0,"shouldDisplayMessage":false,"attachmentsCount":0,"hasContent":false,"attachmentStep":false}],"attachments":[],"parameters":[],"stepsCount":5,"shouldDisplayMessage":false,"attachmentsCount":0,"hasContent":true,"attachmentStep":false}],"testStage":{"description":"Verify the successful login with valid username and password.","status":"failed","statusMessage":"success message not present expected [false] but found [true]","statusTrace":"java.lang.AssertionError: success message not present expected [false] but found [true]\n\tat org.testng.Assert.fail(Assert.java:110)\n\tat org.testng.Assert.failNotEquals(Assert.java:1577)\n\tat org.testng.Assert.assertFalse(Assert.java:78)\n\tat test.java.tests.theInternet.parallel.TestOne.testOneExpectedFailure(TestOne.java:77)\n\tat java.base/jdk.internal.reflect.NativeMethodAccessorImpl.invoke0(Native Method)\n\tat java.base/jdk.internal.reflect.NativeMethodAccessorImpl.invoke(NativeMethodAccessorImpl.java:77)\n\tat java.base/jdk.internal.reflect.DelegatingMethodAccessorImpl.invoke(DelegatingMethodAccessorImpl.java:43)\n\tat java.base/java.lang.reflect.Method.invoke(Method.java:569)\n\tat org.testng.internal.invokers.MethodInvocationHelper.invokeMethod(MethodInvocationHelper.java:139)\n\tat org.testng.internal.invokers.TestInvoker.invokeMethod(TestInvoker.java:677)\n\tat org.testng.internal.invokers.TestInvoker.retryFailed(TestInvoker.java:263)\n\tat org.testng.internal.invokers.MethodRunner.runInSequence(MethodRunner.java:62)\n\tat org.testng.internal.invokers.TestInvoker$MethodInvocationAgent.invoke(TestInvoker.java:969)\n\tat org.testng.internal.invokers.TestInvoker.invokeTestMethods(TestInvoker.java:194)\n\tat org.testng.internal.invokers.TestMethodWorker.invokeTestMethods(TestMethodWorker.java:148)\n\tat org.testng.internal.invokers.TestMethodWorker.run(TestMethodWorker.java:128)\n\tat java.base/java.util.concurrent.ThreadPoolExecutor.runWorker(ThreadPoolExecutor.java:1136)\n\tat java.base/java.util.concurrent.ThreadPoolExecutor$Worker.run(ThreadPoolExecutor.java:635)\n\tat java.base/java.lang.Thread.run(Thread.java:840)\n","steps":[{"name":"Access http://the-internet.herokuapp.com/login URL.","time":{"start":1766432227485,"stop":1766432227485,"duration":0},"status":"passed","steps":[],"attachments":[],"parameters":[],"stepsCount":0,"shouldDisplayMessage":false,"attachmentsCount":0,"hasContent":false,"attachmentStep":false},{"name":"Verify login form present or not.","time":{"start":1766432227975,"stop":1766432227975,"duration":0},"status":"passed","steps":[],"attachments":[],"parameters":[],"stepsCount":0,"shouldDisplayMessage":false,"attachmentsCount":0,"hasContent":false,"attachmentStep":false},{"name":"1. Login with valid username and password.","time":{"start":1766432228002,"stop":1766432228002,"duration":0},"status":"passed","steps":[],"attachments":[],"parameters":[],"stepsCount":0,"shouldDisplayMessage":false,"attachmentsCount":0,"hasContent":false,"attachmentStep":false},{"name":"Enter tomsmith username","time":{"start":1766432228002,"stop":1766432228002,"duration":0},"status":"passed","steps":[],"attachments":[],"parameters":[],"stepsCount":0,"shouldDisplayMessage":false,"attachmentsCount":0,"hasContent":false,"attachmentStep":false},{"name":"Enter SuperSecretPassword! password","time":{"start":1766432228058,"stop":1766432228058,"duration":0},"status":"passed","steps":[],"attachments":[],"parameters":[],"stepsCount":0,"shouldDisplayMessage":false,"attachmentsCount":0,"hasContent":false,"attachmentStep":false},{"name":"Click on Submit button","time":{"start":1766432228110,"stop":1766432228110,"duration":0},"status":"passed","steps":[],"attachments":[],"parameters":[],"stepsCount":0,"shouldDisplayMessage":false,"attachmentsCount":0,"hasContent":false,"attachmentStep":false},{"name":"2. Verify success message present","time":{"start":1766432228172,"stop":1766432228172,"duration":0},"status":"passed","steps":[],"attachments":[],"parameters":[],"stepsCount":0,"shouldDisplayMessage":false,"attachmentsCount":0,"hasContent":false,"attachmentStep":false},{"name":"Verify success message present or not.","time":{"start":1766432228172,"stop":1766432228172,"duration":0},"status":"passed","steps":[],"attachments":[],"parameters":[],"stepsCount":0,"shouldDisplayMessage":false,"attachmentsCount":0,"hasContent":false,"attachmentStep":false}],"attachments":[],"parameters":[],"stepsCount":8,"shouldDisplayMessage":true,"attachmentsCount":0,"hasContent":true,"attachmentStep":false},"afterStages":[{"name":"teardown","time":{"start":1766432228409,"stop":1766432228483,"duration":74},"description":"","status":"passed","steps":[{"name":"Cleaning up driver instance: ChromeDriver: chrome on linux (9a0a66f0d20b847f4593c35cb49727eb)","time":{"start":1766432228409,"stop":1766432228409,"duration":0},"status":"passed","steps":[],"attachments":[],"parameters":[],"stepsCount":0,"shouldDisplayMessage":false,"attachmentsCount":0,"hasContent":false,"attachmentStep":false},{"name":"Complete time: 22 Dec 2025 19:37:08","time":{"start":1766432228483,"stop":1766432228483,"duration":0},"status":"passed","steps":[],"attachments":[],"parameters":[],"stepsCount":0,"shouldDisplayMessage":false,"attachmentsCount":0,"hasContent":false,"attachmentStep":false}],"attachments":[],"parameters":[],"stepsCount":2,"shouldDisplayMessage":false,"attachmentsCount":0,"hasContent":true,"attachmentStep":false}],"labels":[{"name":"package","value":"test.java.tests.theInternet.parallel.TestOne"},{"name":"testClass","value":"test.java.tests.theInternet.parallel.TestOne"},{"name":"testMethod","value":"testOneExpectedFailure"},{"name":"parentSuite","value":"Suite - Parallel Execution"},{"name":"suite","value":"Test Parallel Execution"},{"name":"subSuite","value":"test.java.tests.theInternet.parallel.TestOne"},{"name":"host","value":"runnervmh13bl"},{"name":"thread","value":"2688@runnervmh13bl.TestNG-test=Test Parallel Execution-4(23)"},{"name":"framework","value":"testng"},{"name":"language","value":"java"},{"name":"severity","value":"blocker"},{"name":"resultFormat","value":"allure2"}],"parameters":[],"links":[],"hidden":false,"retry":false,"extra":{"severity":"blocker","retries":[{"uid":"faff39ff028c4b5d","status":"skipped","statusDetails":"success message not present expected [false] but found [true]","time":{"start":1766432226273,"stop":1766432227122,"duration":849}},{"uid":"229a4ab5c0eb99b6","status":"skipped","statusDetails":"success message not present expected [false] but found [true]","time":{"start":1766432224466,"stop":1766432225913,"duration":1447}}],"categories":[{"name":"Product defects","matchedStatuses":[],"flaky":false}],"history":{"statistic":{"failed":48,"broken":2,"skipped":13,"passed":1,"unknown":0,"total":64},"items":[{"uid":"213755cdc3cbe306","reportUrl":"https://jagadeeshshetty.github.io/SeleniumMaven/154/#testresult/213755cdc3cbe306","status":"failed","statusDetails":"success message not present expected [false] but found [true]","time":{"start":1766345798837,"stop":1766345799505,"duration":668}},{"uid":"50357fc67d144f5d","reportUrl":"https://jagadeeshshetty.github.io/SeleniumMaven/153/#testresult/50357fc67d144f5d","status":"failed","statusDetails":"success message not present expected [false] but found [true]","time":{"start":1766259345874,"stop":1766259347286,"duration":1412}},{"uid":"92a6dafff5a5580f","reportUrl":"https://jagadeeshshetty.github.io/SeleniumMaven/152/#testresult/92a6dafff5a5580f","status":"failed","statusDetails":"success message not present expected [false] but found [true]","time":{"start":1766173051432,"stop":1766173051893,"duration":461}},{"uid":"fcf481aee9820f2","reportUrl":"https://jagadeeshshetty.github.io/SeleniumMaven/151/#testresult/fcf481aee9820f2","status":"failed","statusDetails":"success message not present expected [false] but found [true]","time":{"start":1766086741765,"stop":1766086743167,"duration":1402}},{"uid":"613c2b1e06958cfe","reportUrl":"https://jagadeeshshetty.github.io/SeleniumMaven/150/#testresult/613c2b1e06958cfe","status":"failed","statusDetails":"success message not present expected [false] but found [true]","time":{"start":1766000366117,"stop":1766000367494,"duration":1377}},{"uid":"7b99e53409e1e1fe","reportUrl":"https://jagadeeshshetty.github.io/SeleniumMaven/149/#testresult/7b99e53409e1e1fe","status":"failed","statusDetails":"success message not present expected [false] but found [true]","time":{"start":1765913943916,"stop":1765913945405,"duration":1489}},{"uid":"45189b731433622a","reportUrl":"https://jagadeeshshetty.github.io/SeleniumMaven/148/#testresult/45189b731433622a","status":"failed","statusDetails":"success message not present expected [false] but found [true]","time":{"start":1765827566403,"stop":1765827566857,"duration":454}},{"uid":"d496f77f87ea77b0","reportUrl":"https://jagadeeshshetty.github.io/SeleniumMaven/147/#testresult/d496f77f87ea77b0","status":"failed","statusDetails":"success message not present expected [false] but found [true]","time":{"start":1765741000541,"stop":1765741001933,"duration":1392}},{"uid":"8495ad773b524480","reportUrl":"https://jagadeeshshetty.github.io/SeleniumMaven/146/#testresult/8495ad773b524480","status":"failed","statusDetails":"success message not present expected [false] but found [true]","time":{"start":1765715972242,"stop":1765715972888,"duration":646}},{"uid":"94fbd234e473f067","reportUrl":"https://jagadeeshshetty.github.io/SeleniumMaven/145/#testresult/94fbd234e473f067","status":"failed","statusDetails":"success message not present expected [false] but found [true]","time":{"start":1765715090526,"stop":1765715091608,"duration":1082}},{"uid":"bd3281a0e48f311","reportUrl":"https://jagadeeshshetty.github.io/SeleniumMaven/144/#testresult/bd3281a0e48f311","status":"failed","statusDetails":"success message not present expected [false] but found [true]","time":{"start":1765711454486,"stop":1765711454971,"duration":485}},{"uid":"9070c3d23b058fba","reportUrl":"https://jagadeeshshetty.github.io/SeleniumMaven/143/#testresult/9070c3d23b058fba","status":"failed","statusDetails":"success message not present expected [false] but found [true]","time":{"start":1765710332701,"stop":1765710333802,"duration":1101}},{"uid":"f4b6c05fe52f2477","reportUrl":"https://jagadeeshshetty.github.io/SeleniumMaven/142/#testresult/f4b6c05fe52f2477","status":"failed","statusDetails":"success message not present expected [false] but found [true]","time":{"start":1765707403124,"stop":1765707404183,"duration":1059}},{"uid":"e1804b182b695cac","reportUrl":"https://jagadeeshshetty.github.io/SeleniumMaven/141/#testresult/e1804b182b695cac","status":"failed","statusDetails":"success message not present expected [false] but found [true]","time":{"start":1765701874184,"stop":1765701874821,"duration":637}},{"uid":"a62f595a7d35314c","reportUrl":"https://jagadeeshshetty.github.io/SeleniumMaven/140/#testresult/a62f595a7d35314c","status":"failed","statusDetails":"success message not present expected [false] but found [true]","time":{"start":1765701252558,"stop":1765701253696,"duration":1138}},{"uid":"1238dbda790da13e","reportUrl":"https://jagadeeshshetty.github.io/SeleniumMaven/140/#testresult/1238dbda790da13e","status":"failed","statusDetails":"success message not present expected [false] but found [true]","time":{"start":1765700350625,"stop":1765700351723,"duration":1098}},{"uid":"e34c7038b63d90af","reportUrl":"https://jagadeeshshetty.github.io/SeleniumMaven/139/#testresult/e34c7038b63d90af","status":"failed","statusDetails":"success message not present expected [false] but found [true]","time":{"start":1765699407592,"stop":1765699408431,"duration":839}},{"uid":"7709fc2f8c29c7e3","reportUrl":"https://jagadeeshshetty.github.io/SeleniumMaven/125//#testresult/7709fc2f8c29c7e3","status":"failed","statusDetails":"success message not present expected [false] but found [true]","time":{"start":1739606749154,"stop":1739606749630,"duration":476}},{"uid":"53f741f2920a0cb","reportUrl":"https://jagadeeshshetty.github.io/SeleniumMaven/124//#testresult/53f741f2920a0cb","status":"failed","statusDetails":"success message not present expected [false] but found [true]","time":{"start":1739606750359,"stop":1739606750825,"duration":466}},{"uid":"d4cb3da763d92dbd","reportUrl":"https://jagadeeshshetty.github.io/SeleniumMaven/123//#testresult/d4cb3da763d92dbd","status":"skipped","statusDetails":"java.util.ConcurrentModificationException","time":{"start":1736575351300,"stop":1736575351300,"duration":0}}]},"tags":[]},"source":"9d24115dbbb9c1ed.json","parameterValues":[]}