{"uid":"cbbd0563b32a2cee","name":"testTwoExpectedFailure","fullName":"test.java.tests.theInternet.parallel.TestTwo.testTwoExpectedFailure","historyId":"4efe4554ba541344b9f422311a9a859c","time":{"start":1769802768305,"stop":1769802769374,"duration":1069},"description":"Verify the successful login with valid username and password.","descriptionHtml":"<p>Verify the successful login with valid username and password.</p>\n","status":"failed","statusMessage":"success message not present expected [false] but found [true]","statusTrace":"java.lang.AssertionError: success message not present expected [false] but found [true]\n\tat org.testng.Assert.fail(Assert.java:110)\n\tat org.testng.Assert.failNotEquals(Assert.java:1577)\n\tat org.testng.Assert.assertFalse(Assert.java:78)\n\tat test.java.tests.theInternet.parallel.TestTwo.testTwoExpectedFailure(TestTwo.java:77)\n\tat java.base/jdk.internal.reflect.NativeMethodAccessorImpl.invoke0(Native Method)\n\tat java.base/jdk.internal.reflect.NativeMethodAccessorImpl.invoke(NativeMethodAccessorImpl.java:77)\n\tat java.base/jdk.internal.reflect.DelegatingMethodAccessorImpl.invoke(DelegatingMethodAccessorImpl.java:43)\n\tat java.base/java.lang.reflect.Method.invoke(Method.java:569)\n\tat org.testng.internal.invokers.MethodInvocationHelper.invokeMethod(MethodInvocationHelper.java:139)\n\tat org.testng.internal.invokers.TestInvoker.invokeMethod(TestInvoker.java:677)\n\tat org.testng.internal.invokers.TestInvoker.retryFailed(TestInvoker.java:263)\n\tat org.testng.internal.invokers.MethodRunner.runInSequence(MethodRunner.java:62)\n\tat org.testng.internal.invokers.TestInvoker$MethodInvocationAgent.invoke(TestInvoker.java:969)\n\tat org.testng.internal.invokers.TestInvoker.invokeTestMethods(TestInvoker.java:194)\n\tat org.testng.internal.invokers.TestMethodWorker.invokeTestMethods(TestMethodWorker.java:148)\n\tat org.testng.internal.invokers.TestMethodWorker.run(TestMethodWorker.java:128)\n\tat java.base/java.util.concurrent.ThreadPoolExecutor.runWorker(ThreadPoolExecutor.java:1136)\n\tat java.base/java.util.concurrent.ThreadPoolExecutor$Worker.run(ThreadPoolExecutor.java:635)\n\tat java.base/java.lang.Thread.run(Thread.java:840)\n","flaky":false,"newFailed":false,"newBroken":false,"newPassed":false,"retriesCount":2,"retriesStatusChange":true,"beforeStages":[{"name":"setup","time":{"start":1769802768077,"stop":1769802768304,"duration":227},"description":"","status":"passed","steps":[{"name":"Start time: 30 Jan 2026 19:52:48","time":{"start":1769802768077,"stop":1769802768077,"duration":0},"status":"passed","steps":[],"attachments":[],"parameters":[],"stepsCount":0,"shouldDisplayMessage":false,"attachmentsCount":0,"hasContent":false,"attachmentStep":false},{"name":"Running Test on 'Linux' OS.","time":{"start":1769802768077,"stop":1769802768077,"duration":0},"status":"passed","steps":[],"attachments":[],"parameters":[],"stepsCount":0,"shouldDisplayMessage":false,"attachmentsCount":0,"hasContent":false,"attachmentStep":false},{"name":"JVM Version: 17.0.18","time":{"start":1769802768077,"stop":1769802768077,"duration":0},"status":"passed","steps":[],"attachments":[],"parameters":[],"stepsCount":0,"shouldDisplayMessage":false,"attachmentsCount":0,"hasContent":false,"attachmentStep":false},{"name":"Browser: CHROME 144.0.7559.96","time":{"start":1769802768302,"stop":1769802768302,"duration":0},"status":"passed","steps":[],"attachments":[],"parameters":[],"stepsCount":0,"shouldDisplayMessage":false,"attachmentsCount":0,"hasContent":false,"attachmentStep":false},{"name":"Driver instance: ChromeDriver: chrome on linux (a80976b129ac88af0db6dbacf576ed12)","time":{"start":1769802768302,"stop":1769802768302,"duration":0},"status":"passed","steps":[],"attachments":[],"parameters":[],"stepsCount":0,"shouldDisplayMessage":false,"attachmentsCount":0,"hasContent":false,"attachmentStep":false}],"attachments":[],"parameters":[],"stepsCount":5,"shouldDisplayMessage":false,"attachmentsCount":0,"hasContent":true,"attachmentStep":false}],"testStage":{"description":"Verify the successful login with valid username and password.","status":"failed","statusMessage":"success message not present expected [false] but found [true]","statusTrace":"java.lang.AssertionError: success message not present expected [false] but found [true]\n\tat org.testng.Assert.fail(Assert.java:110)\n\tat org.testng.Assert.failNotEquals(Assert.java:1577)\n\tat org.testng.Assert.assertFalse(Assert.java:78)\n\tat test.java.tests.theInternet.parallel.TestTwo.testTwoExpectedFailure(TestTwo.java:77)\n\tat java.base/jdk.internal.reflect.NativeMethodAccessorImpl.invoke0(Native Method)\n\tat java.base/jdk.internal.reflect.NativeMethodAccessorImpl.invoke(NativeMethodAccessorImpl.java:77)\n\tat java.base/jdk.internal.reflect.DelegatingMethodAccessorImpl.invoke(DelegatingMethodAccessorImpl.java:43)\n\tat java.base/java.lang.reflect.Method.invoke(Method.java:569)\n\tat org.testng.internal.invokers.MethodInvocationHelper.invokeMethod(MethodInvocationHelper.java:139)\n\tat org.testng.internal.invokers.TestInvoker.invokeMethod(TestInvoker.java:677)\n\tat org.testng.internal.invokers.TestInvoker.retryFailed(TestInvoker.java:263)\n\tat org.testng.internal.invokers.MethodRunner.runInSequence(MethodRunner.java:62)\n\tat org.testng.internal.invokers.TestInvoker$MethodInvocationAgent.invoke(TestInvoker.java:969)\n\tat org.testng.internal.invokers.TestInvoker.invokeTestMethods(TestInvoker.java:194)\n\tat org.testng.internal.invokers.TestMethodWorker.invokeTestMethods(TestMethodWorker.java:148)\n\tat org.testng.internal.invokers.TestMethodWorker.run(TestMethodWorker.java:128)\n\tat java.base/java.util.concurrent.ThreadPoolExecutor.runWorker(ThreadPoolExecutor.java:1136)\n\tat java.base/java.util.concurrent.ThreadPoolExecutor$Worker.run(ThreadPoolExecutor.java:635)\n\tat java.base/java.lang.Thread.run(Thread.java:840)\n","steps":[{"name":"Access http://the-internet.herokuapp.com/login URL.","time":{"start":1769802768306,"stop":1769802768306,"duration":0},"status":"passed","steps":[],"attachments":[],"parameters":[],"stepsCount":0,"shouldDisplayMessage":false,"attachmentsCount":0,"hasContent":false,"attachmentStep":false},{"name":"Verify login form present or not.","time":{"start":1769802769025,"stop":1769802769025,"duration":0},"status":"passed","steps":[],"attachments":[],"parameters":[],"stepsCount":0,"shouldDisplayMessage":false,"attachmentsCount":0,"hasContent":false,"attachmentStep":false},{"name":"1. Login with valid username and password.","time":{"start":1769802769050,"stop":1769802769050,"duration":0},"status":"passed","steps":[],"attachments":[],"parameters":[],"stepsCount":0,"shouldDisplayMessage":false,"attachmentsCount":0,"hasContent":false,"attachmentStep":false},{"name":"Enter tomsmith username","time":{"start":1769802769050,"stop":1769802769050,"duration":0},"status":"passed","steps":[],"attachments":[],"parameters":[],"stepsCount":0,"shouldDisplayMessage":false,"attachmentsCount":0,"hasContent":false,"attachmentStep":false},{"name":"Enter SuperSecretPassword! password","time":{"start":1769802769099,"stop":1769802769099,"duration":0},"status":"passed","steps":[],"attachments":[],"parameters":[],"stepsCount":0,"shouldDisplayMessage":false,"attachmentsCount":0,"hasContent":false,"attachmentStep":false},{"name":"Click on Submit button","time":{"start":1769802769144,"stop":1769802769144,"duration":0},"status":"passed","steps":[],"attachments":[],"parameters":[],"stepsCount":0,"shouldDisplayMessage":false,"attachmentsCount":0,"hasContent":false,"attachmentStep":false},{"name":"2. Verify success message present","time":{"start":1769802769199,"stop":1769802769199,"duration":0},"status":"passed","steps":[],"attachments":[],"parameters":[],"stepsCount":0,"shouldDisplayMessage":false,"attachmentsCount":0,"hasContent":false,"attachmentStep":false},{"name":"Verify success message present or not.","time":{"start":1769802769199,"stop":1769802769199,"duration":0},"status":"passed","steps":[],"attachments":[],"parameters":[],"stepsCount":0,"shouldDisplayMessage":false,"attachmentsCount":0,"hasContent":false,"attachmentStep":false}],"attachments":[],"parameters":[],"stepsCount":8,"shouldDisplayMessage":true,"attachmentsCount":0,"hasContent":true,"attachmentStep":false},"afterStages":[{"name":"teardown","time":{"start":1769802769437,"stop":1769802769504,"duration":67},"description":"","status":"passed","steps":[{"name":"Cleaning up driver instance: ChromeDriver: chrome on linux (a80976b129ac88af0db6dbacf576ed12)","time":{"start":1769802769437,"stop":1769802769437,"duration":0},"status":"passed","steps":[],"attachments":[],"parameters":[],"stepsCount":0,"shouldDisplayMessage":false,"attachmentsCount":0,"hasContent":false,"attachmentStep":false},{"name":"Complete time: 30 Jan 2026 19:52:49","time":{"start":1769802769504,"stop":1769802769504,"duration":0},"status":"passed","steps":[],"attachments":[],"parameters":[],"stepsCount":0,"shouldDisplayMessage":false,"attachmentsCount":0,"hasContent":false,"attachmentStep":false}],"attachments":[],"parameters":[],"stepsCount":2,"shouldDisplayMessage":false,"attachmentsCount":0,"hasContent":true,"attachmentStep":false}],"labels":[{"name":"package","value":"test.java.tests.theInternet.parallel.TestTwo"},{"name":"testClass","value":"test.java.tests.theInternet.parallel.TestTwo"},{"name":"testMethod","value":"testTwoExpectedFailure"},{"name":"parentSuite","value":"Suite - Parallel Execution"},{"name":"suite","value":"Test Parallel Execution"},{"name":"subSuite","value":"test.java.tests.theInternet.parallel.TestTwo"},{"name":"host","value":"runnervmkj6or"},{"name":"thread","value":"2844@runnervmkj6or.TestNG-test=Test Parallel Execution-8(141)"},{"name":"framework","value":"testng"},{"name":"language","value":"java"},{"name":"severity","value":"blocker"},{"name":"resultFormat","value":"allure2"}],"parameters":[],"links":[],"hidden":false,"retry":false,"extra":{"severity":"blocker","retries":[{"uid":"9008b57f87587c7e","status":"skipped","statusDetails":"success message not present expected [false] but found [true]","time":{"start":1769802766956,"stop":1769802768009,"duration":1053}},{"uid":"98167268f4ba6ad9","status":"skipped","statusDetails":"success message not present expected [false] but found [true]","time":{"start":1769802765350,"stop":1769802766651,"duration":1301}}],"categories":[{"name":"Product defects","matchedStatuses":[],"flaky":false}],"history":{"statistic":{"failed":95,"broken":1,"skipped":4,"passed":3,"unknown":0,"total":103},"items":[{"uid":"5b52adc634fa6714","reportUrl":"https://jagadeeshshetty.github.io/SeleniumMaven/193/#testresult/5b52adc634fa6714","status":"failed","statusDetails":"success message not present expected [false] but found [true]","time":{"start":1769716254957,"stop":1769716256035,"duration":1078}},{"uid":"f146b42cba39f75d","reportUrl":"https://jagadeeshshetty.github.io/SeleniumMaven/192/#testresult/f146b42cba39f75d","status":"failed","statusDetails":"success message not present expected [false] but found [true]","time":{"start":1769629832198,"stop":1769629832617,"duration":419}},{"uid":"589e32d0b37dcad1","reportUrl":"https://jagadeeshshetty.github.io/SeleniumMaven/191/#testresult/589e32d0b37dcad1","status":"failed","statusDetails":"success message not present expected [false] but found [true]","time":{"start":1769543232850,"stop":1769543233764,"duration":914}},{"uid":"342443f0f4d948b7","reportUrl":"https://jagadeeshshetty.github.io/SeleniumMaven/190/#testresult/342443f0f4d948b7","status":"failed","statusDetails":"success message not present expected [false] but found [true]","time":{"start":1769456646934,"stop":1769456647801,"duration":867}},{"uid":"d0df660ed22064e4","reportUrl":"https://jagadeeshshetty.github.io/SeleniumMaven/189/#testresult/d0df660ed22064e4","status":"failed","statusDetails":"success message not present expected [false] but found [true]","time":{"start":1769369823044,"stop":1769369823516,"duration":472}},{"uid":"9ae2af31b85929f2","reportUrl":"https://jagadeeshshetty.github.io/SeleniumMaven/188/#testresult/9ae2af31b85929f2","status":"failed","statusDetails":"success message not present expected [false] but found [true]","time":{"start":1769283394510,"stop":1769283395911,"duration":1401}},{"uid":"2aa613eef95b877b","reportUrl":"https://jagadeeshshetty.github.io/SeleniumMaven/187/#testresult/2aa613eef95b877b","status":"failed","statusDetails":"success message not present expected [false] but found [true]","time":{"start":1769197288580,"stop":1769197289009,"duration":429}},{"uid":"b908c14768bf2572","reportUrl":"https://jagadeeshshetty.github.io/SeleniumMaven/186/#testresult/b908c14768bf2572","status":"failed","statusDetails":"success message not present expected [false] but found [true]","time":{"start":1769111076729,"stop":1769111077207,"duration":478}},{"uid":"9dfb9ef179fc46eb","reportUrl":"https://jagadeeshshetty.github.io/SeleniumMaven/185/#testresult/9dfb9ef179fc46eb","status":"failed","statusDetails":"success message not present expected [false] but found [true]","time":{"start":1769024956435,"stop":1769024957665,"duration":1230}},{"uid":"904837a1d4dde4c2","reportUrl":"https://jagadeeshshetty.github.io/SeleniumMaven/184/#testresult/904837a1d4dde4c2","status":"failed","statusDetails":"success message not present expected [false] but found [true]","time":{"start":1768941150696,"stop":1768941151813,"duration":1117}},{"uid":"37f9d566caeeddba","reportUrl":"https://jagadeeshshetty.github.io/SeleniumMaven/183/#testresult/37f9d566caeeddba","status":"failed","statusDetails":"success message not present expected [false] but found [true]","time":{"start":1768851668792,"stop":1768851669458,"duration":666}},{"uid":"d276584dc7cdc269","reportUrl":"https://jagadeeshshetty.github.io/SeleniumMaven/182/#testresult/d276584dc7cdc269","status":"failed","statusDetails":"success message not present expected [false] but found [true]","time":{"start":1768764986882,"stop":1768764987511,"duration":629}},{"uid":"f4012ba588d78e35","reportUrl":"https://jagadeeshshetty.github.io/SeleniumMaven/181/#testresult/f4012ba588d78e35","status":"failed","statusDetails":"success message not present expected [false] but found [true]","time":{"start":1768678574915,"stop":1768678575781,"duration":866}},{"uid":"828e17c1fcacb675","reportUrl":"https://jagadeeshshetty.github.io/SeleniumMaven/180/#testresult/828e17c1fcacb675","status":"failed","statusDetails":"success message not present expected [false] but found [true]","time":{"start":1768592382484,"stop":1768592383828,"duration":1344}},{"uid":"b1e137789ff7c046","reportUrl":"https://jagadeeshshetty.github.io/SeleniumMaven/179/#testresult/b1e137789ff7c046","status":"failed","statusDetails":"success message not present expected [false] but found [true]","time":{"start":1768506486514,"stop":1768506487378,"duration":864}},{"uid":"13d699b40542cc51","reportUrl":"https://jagadeeshshetty.github.io/SeleniumMaven/178/#testresult/13d699b40542cc51","status":"failed","statusDetails":"success message not present expected [false] but found [true]","time":{"start":1768419591064,"stop":1768419591758,"duration":694}},{"uid":"dc3896a7160980e3","reportUrl":"https://jagadeeshshetty.github.io/SeleniumMaven/177/#testresult/dc3896a7160980e3","status":"failed","statusDetails":"success message not present expected [false] but found [true]","time":{"start":1768333147177,"stop":1768333147815,"duration":638}},{"uid":"a7a10051d572eefd","reportUrl":"https://jagadeeshshetty.github.io/SeleniumMaven/176/#testresult/a7a10051d572eefd","status":"failed","statusDetails":"success message not present expected [false] but found [true]","time":{"start":1768246835056,"stop":1768246835892,"duration":836}},{"uid":"57e06ccba07ac8e8","reportUrl":"https://jagadeeshshetty.github.io/SeleniumMaven/175/#testresult/57e06ccba07ac8e8","status":"failed","statusDetails":"success message not present expected [false] but found [true]","time":{"start":1768160208177,"stop":1768160209397,"duration":1220}},{"uid":"7746b6cfdb154976","reportUrl":"https://jagadeeshshetty.github.io/SeleniumMaven/174/#testresult/7746b6cfdb154976","status":"failed","statusDetails":"success message not present expected [false] but found [true]","time":{"start":1768073817785,"stop":1768073818492,"duration":707}}]},"tags":[]},"source":"cbbd0563b32a2cee.json","parameterValues":[]}