{"uid":"b52d121b36875ef6","name":"testTwoExpectedFailure","fullName":"test.java.tests.theInternet.parallel.TestTwo.testTwoExpectedFailure","historyId":"4efe4554ba541344b9f422311a9a859c","time":{"start":1767555386868,"stop":1767555387524,"duration":656},"description":"Verify the successful login with valid username and password.","descriptionHtml":"<p>Verify the successful login with valid username and password.</p>\n","status":"failed","statusMessage":"success message not present expected [false] but found [true]","statusTrace":"java.lang.AssertionError: success message not present expected [false] but found [true]\n\tat org.testng.Assert.fail(Assert.java:110)\n\tat org.testng.Assert.failNotEquals(Assert.java:1577)\n\tat org.testng.Assert.assertFalse(Assert.java:78)\n\tat test.java.tests.theInternet.parallel.TestTwo.testTwoExpectedFailure(TestTwo.java:77)\n\tat java.base/jdk.internal.reflect.NativeMethodAccessorImpl.invoke0(Native Method)\n\tat java.base/jdk.internal.reflect.NativeMethodAccessorImpl.invoke(NativeMethodAccessorImpl.java:77)\n\tat java.base/jdk.internal.reflect.DelegatingMethodAccessorImpl.invoke(DelegatingMethodAccessorImpl.java:43)\n\tat java.base/java.lang.reflect.Method.invoke(Method.java:569)\n\tat org.testng.internal.invokers.MethodInvocationHelper.invokeMethod(MethodInvocationHelper.java:139)\n\tat org.testng.internal.invokers.TestInvoker.invokeMethod(TestInvoker.java:677)\n\tat org.testng.internal.invokers.TestInvoker.retryFailed(TestInvoker.java:263)\n\tat org.testng.internal.invokers.MethodRunner.runInSequence(MethodRunner.java:62)\n\tat org.testng.internal.invokers.TestInvoker$MethodInvocationAgent.invoke(TestInvoker.java:969)\n\tat org.testng.internal.invokers.TestInvoker.invokeTestMethods(TestInvoker.java:194)\n\tat org.testng.internal.invokers.TestMethodWorker.invokeTestMethods(TestMethodWorker.java:148)\n\tat org.testng.internal.invokers.TestMethodWorker.run(TestMethodWorker.java:128)\n\tat java.base/java.util.concurrent.ThreadPoolExecutor.runWorker(ThreadPoolExecutor.java:1136)\n\tat java.base/java.util.concurrent.ThreadPoolExecutor$Worker.run(ThreadPoolExecutor.java:635)\n\tat java.base/java.lang.Thread.run(Thread.java:840)\n","flaky":true,"newFailed":false,"newBroken":false,"newPassed":false,"retriesCount":2,"retriesStatusChange":true,"beforeStages":[{"name":"setup","time":{"start":1767555386589,"stop":1767555386866,"duration":277},"description":"","status":"passed","steps":[{"name":"Start time: 4 Jan 2026 19:36:26","time":{"start":1767555386590,"stop":1767555386590,"duration":0},"status":"passed","steps":[],"attachments":[],"parameters":[],"stepsCount":0,"shouldDisplayMessage":false,"attachmentsCount":0,"hasContent":false,"attachmentStep":false},{"name":"Running Test on 'Linux' OS.","time":{"start":1767555386590,"stop":1767555386590,"duration":0},"status":"passed","steps":[],"attachments":[],"parameters":[],"stepsCount":0,"shouldDisplayMessage":false,"attachmentsCount":0,"hasContent":false,"attachmentStep":false},{"name":"JVM Version: 17.0.17","time":{"start":1767555386590,"stop":1767555386590,"duration":0},"status":"passed","steps":[],"attachments":[],"parameters":[],"stepsCount":0,"shouldDisplayMessage":false,"attachmentsCount":0,"hasContent":false,"attachmentStep":false},{"name":"Browser: CHROME 143.0.7499.109","time":{"start":1767555386863,"stop":1767555386863,"duration":0},"status":"passed","steps":[],"attachments":[],"parameters":[],"stepsCount":0,"shouldDisplayMessage":false,"attachmentsCount":0,"hasContent":false,"attachmentStep":false},{"name":"Driver instance: ChromeDriver: chrome on linux (56b8785c956abb6990a09f798d1d58b9)","time":{"start":1767555386863,"stop":1767555386863,"duration":0},"status":"passed","steps":[],"attachments":[],"parameters":[],"stepsCount":0,"shouldDisplayMessage":false,"attachmentsCount":0,"hasContent":false,"attachmentStep":false}],"attachments":[],"parameters":[],"stepsCount":5,"shouldDisplayMessage":false,"attachmentsCount":0,"hasContent":true,"attachmentStep":false}],"testStage":{"description":"Verify the successful login with valid username and password.","status":"failed","statusMessage":"success message not present expected [false] but found [true]","statusTrace":"java.lang.AssertionError: success message not present expected [false] but found [true]\n\tat org.testng.Assert.fail(Assert.java:110)\n\tat org.testng.Assert.failNotEquals(Assert.java:1577)\n\tat org.testng.Assert.assertFalse(Assert.java:78)\n\tat test.java.tests.theInternet.parallel.TestTwo.testTwoExpectedFailure(TestTwo.java:77)\n\tat java.base/jdk.internal.reflect.NativeMethodAccessorImpl.invoke0(Native Method)\n\tat java.base/jdk.internal.reflect.NativeMethodAccessorImpl.invoke(NativeMethodAccessorImpl.java:77)\n\tat java.base/jdk.internal.reflect.DelegatingMethodAccessorImpl.invoke(DelegatingMethodAccessorImpl.java:43)\n\tat java.base/java.lang.reflect.Method.invoke(Method.java:569)\n\tat org.testng.internal.invokers.MethodInvocationHelper.invokeMethod(MethodInvocationHelper.java:139)\n\tat org.testng.internal.invokers.TestInvoker.invokeMethod(TestInvoker.java:677)\n\tat org.testng.internal.invokers.TestInvoker.retryFailed(TestInvoker.java:263)\n\tat org.testng.internal.invokers.MethodRunner.runInSequence(MethodRunner.java:62)\n\tat org.testng.internal.invokers.TestInvoker$MethodInvocationAgent.invoke(TestInvoker.java:969)\n\tat org.testng.internal.invokers.TestInvoker.invokeTestMethods(TestInvoker.java:194)\n\tat org.testng.internal.invokers.TestMethodWorker.invokeTestMethods(TestMethodWorker.java:148)\n\tat org.testng.internal.invokers.TestMethodWorker.run(TestMethodWorker.java:128)\n\tat java.base/java.util.concurrent.ThreadPoolExecutor.runWorker(ThreadPoolExecutor.java:1136)\n\tat java.base/java.util.concurrent.ThreadPoolExecutor$Worker.run(ThreadPoolExecutor.java:635)\n\tat java.base/java.lang.Thread.run(Thread.java:840)\n","steps":[{"name":"Access http://the-internet.herokuapp.com/login URL.","time":{"start":1767555386868,"stop":1767555386868,"duration":0},"status":"passed","steps":[],"attachments":[],"parameters":[],"stepsCount":0,"shouldDisplayMessage":false,"attachmentsCount":0,"hasContent":false,"attachmentStep":false},{"name":"Verify login form present or not.","time":{"start":1767555387217,"stop":1767555387217,"duration":0},"status":"passed","steps":[],"attachments":[],"parameters":[],"stepsCount":0,"shouldDisplayMessage":false,"attachmentsCount":0,"hasContent":false,"attachmentStep":false},{"name":"1. Login with valid username and password.","time":{"start":1767555387244,"stop":1767555387244,"duration":0},"status":"passed","steps":[],"attachments":[],"parameters":[],"stepsCount":0,"shouldDisplayMessage":false,"attachmentsCount":0,"hasContent":false,"attachmentStep":false},{"name":"Enter tomsmith username","time":{"start":1767555387244,"stop":1767555387244,"duration":0},"status":"passed","steps":[],"attachments":[],"parameters":[],"stepsCount":0,"shouldDisplayMessage":false,"attachmentsCount":0,"hasContent":false,"attachmentStep":false},{"name":"Enter SuperSecretPassword! password","time":{"start":1767555387300,"stop":1767555387300,"duration":0},"status":"passed","steps":[],"attachments":[],"parameters":[],"stepsCount":0,"shouldDisplayMessage":false,"attachmentsCount":0,"hasContent":false,"attachmentStep":false},{"name":"Click on Submit button","time":{"start":1767555387350,"stop":1767555387350,"duration":0},"status":"passed","steps":[],"attachments":[],"parameters":[],"stepsCount":0,"shouldDisplayMessage":false,"attachmentsCount":0,"hasContent":false,"attachmentStep":false},{"name":"2. Verify success message present","time":{"start":1767555387499,"stop":1767555387499,"duration":0},"status":"passed","steps":[],"attachments":[],"parameters":[],"stepsCount":0,"shouldDisplayMessage":false,"attachmentsCount":0,"hasContent":false,"attachmentStep":false},{"name":"Verify success message present or not.","time":{"start":1767555387499,"stop":1767555387499,"duration":0},"status":"passed","steps":[],"attachments":[],"parameters":[],"stepsCount":0,"shouldDisplayMessage":false,"attachmentsCount":0,"hasContent":false,"attachmentStep":false}],"attachments":[],"parameters":[],"stepsCount":8,"shouldDisplayMessage":true,"attachmentsCount":0,"hasContent":true,"attachmentStep":false},"afterStages":[{"name":"teardown","time":{"start":1767555387593,"stop":1767555387664,"duration":71},"description":"","status":"passed","steps":[{"name":"Cleaning up driver instance: ChromeDriver: chrome on linux (56b8785c956abb6990a09f798d1d58b9)","time":{"start":1767555387593,"stop":1767555387593,"duration":0},"status":"passed","steps":[],"attachments":[],"parameters":[],"stepsCount":0,"shouldDisplayMessage":false,"attachmentsCount":0,"hasContent":false,"attachmentStep":false},{"name":"Complete time: 4 Jan 2026 19:36:27","time":{"start":1767555387664,"stop":1767555387664,"duration":0},"status":"passed","steps":[],"attachments":[],"parameters":[],"stepsCount":0,"shouldDisplayMessage":false,"attachmentsCount":0,"hasContent":false,"attachmentStep":false}],"attachments":[],"parameters":[],"stepsCount":2,"shouldDisplayMessage":false,"attachmentsCount":0,"hasContent":true,"attachmentStep":false}],"labels":[{"name":"package","value":"test.java.tests.theInternet.parallel.TestTwo"},{"name":"testClass","value":"test.java.tests.theInternet.parallel.TestTwo"},{"name":"testMethod","value":"testTwoExpectedFailure"},{"name":"parentSuite","value":"Suite - Parallel Execution"},{"name":"suite","value":"Test Parallel Execution"},{"name":"subSuite","value":"test.java.tests.theInternet.parallel.TestTwo"},{"name":"host","value":"runnervmh13bl"},{"name":"thread","value":"2696@runnervmh13bl.TestNG-test=Test Parallel Execution-8(139)"},{"name":"framework","value":"testng"},{"name":"language","value":"java"},{"name":"severity","value":"blocker"},{"name":"resultFormat","value":"allure2"}],"parameters":[],"links":[],"hidden":false,"retry":false,"extra":{"severity":"blocker","retries":[{"uid":"7990c9cdd35e3878","status":"skipped","statusDetails":"success message not present expected [false] but found [true]","time":{"start":1767555385800,"stop":1767555386517,"duration":717}},{"uid":"6b168b616b3ef8a4","status":"skipped","statusDetails":"success message not present expected [false] but found [true]","time":{"start":1767555384345,"stop":1767555385444,"duration":1099}}],"categories":[{"name":"Product defects","matchedStatuses":[],"flaky":false}],"history":{"statistic":{"failed":69,"broken":1,"skipped":4,"passed":3,"unknown":0,"total":77},"items":[{"uid":"e9700eab32efc936","reportUrl":"https://jagadeeshshetty.github.io/SeleniumMaven/167/#testresult/e9700eab32efc936","status":"failed","statusDetails":"success message not present expected [false] but found [true]","time":{"start":1767468981368,"stop":1767468982807,"duration":1439}},{"uid":"7773d0d15893c777","reportUrl":"https://jagadeeshshetty.github.io/SeleniumMaven/166/#testresult/7773d0d15893c777","status":"failed","statusDetails":"success message not present expected [false] but found [true]","time":{"start":1767382781207,"stop":1767382782781,"duration":1574}},{"uid":"6b54be2ab821f1c8","reportUrl":"https://jagadeeshshetty.github.io/SeleniumMaven/165/#testresult/6b54be2ab821f1c8","status":"passed","time":{"start":1767296225388,"stop":1767296274618,"duration":49230}},{"uid":"f91b9f68420f2ddd","reportUrl":"https://jagadeeshshetty.github.io/SeleniumMaven/164/#testresult/f91b9f68420f2ddd","status":"failed","statusDetails":"success message not present expected [false] but found [true]","time":{"start":1767209831772,"stop":1767209832475,"duration":703}},{"uid":"7990495621b430ee","reportUrl":"https://jagadeeshshetty.github.io/SeleniumMaven/163/#testresult/7990495621b430ee","status":"failed","statusDetails":"success message not present expected [false] but found [true]","time":{"start":1767123439344,"stop":1767123440007,"duration":663}},{"uid":"1214165798c76b72","reportUrl":"https://jagadeeshshetty.github.io/SeleniumMaven/162/#testresult/1214165798c76b72","status":"failed","statusDetails":"success message not present expected [false] but found [true]","time":{"start":1767037031282,"stop":1767037031941,"duration":659}},{"uid":"a4dccbf721ddce3","reportUrl":"https://jagadeeshshetty.github.io/SeleniumMaven/161/#testresult/a4dccbf721ddce3","status":"failed","statusDetails":"success message not present expected [false] but found [true]","time":{"start":1766950612388,"stop":1766950613615,"duration":1227}},{"uid":"1e6ddc56b0f55761","reportUrl":"https://jagadeeshshetty.github.io/SeleniumMaven/160/#testresult/1e6ddc56b0f55761","status":"failed","statusDetails":"success message not present expected [false] but found [true]","time":{"start":1766864194168,"stop":1766864194806,"duration":638}},{"uid":"4e58782b20af3d34","reportUrl":"https://jagadeeshshetty.github.io/SeleniumMaven/159/#testresult/4e58782b20af3d34","status":"failed","statusDetails":"success message not present expected [false] but found [true]","time":{"start":1766777810422,"stop":1766777811828,"duration":1406}},{"uid":"88344cff58ab4ad7","reportUrl":"https://jagadeeshshetty.github.io/SeleniumMaven/158/#testresult/88344cff58ab4ad7","status":"failed","statusDetails":"success message not present expected [false] but found [true]","time":{"start":1766691417418,"stop":1766691417862,"duration":444}},{"uid":"d3cdb8272cdb0f43","reportUrl":"https://jagadeeshshetty.github.io/SeleniumMaven/157/#testresult/d3cdb8272cdb0f43","status":"failed","statusDetails":"success message not present expected [false] but found [true]","time":{"start":1766605253469,"stop":1766605254580,"duration":1111}},{"uid":"9f577d1041b068b4","reportUrl":"https://jagadeeshshetty.github.io/SeleniumMaven/156/#testresult/9f577d1041b068b4","status":"failed","statusDetails":"success message not present expected [false] but found [true]","time":{"start":1766518638707,"stop":1766518639213,"duration":506}},{"uid":"890c2db5996861c6","reportUrl":"https://jagadeeshshetty.github.io/SeleniumMaven/155/#testresult/890c2db5996861c6","status":"failed","statusDetails":"success message not present expected [false] but found [true]","time":{"start":1766432231925,"stop":1766432232817,"duration":892}},{"uid":"b78c61f83a32cb34","reportUrl":"https://jagadeeshshetty.github.io/SeleniumMaven/154/#testresult/b78c61f83a32cb34","status":"failed","statusDetails":"success message not present expected [false] but found [true]","time":{"start":1766345803055,"stop":1766345803755,"duration":700}},{"uid":"8ee354da840eae6b","reportUrl":"https://jagadeeshshetty.github.io/SeleniumMaven/153/#testresult/8ee354da840eae6b","status":"failed","statusDetails":"success message not present expected [false] but found [true]","time":{"start":1766259495769,"stop":1766259497228,"duration":1459}},{"uid":"e27deed6c79be05b","reportUrl":"https://jagadeeshshetty.github.io/SeleniumMaven/152/#testresult/e27deed6c79be05b","status":"failed","statusDetails":"success message not present expected [false] but found [true]","time":{"start":1766173055353,"stop":1766173055823,"duration":470}},{"uid":"8194755d71fd2173","reportUrl":"https://jagadeeshshetty.github.io/SeleniumMaven/151/#testresult/8194755d71fd2173","status":"failed","statusDetails":"success message not present expected [false] but found [true]","time":{"start":1766086940202,"stop":1766086941602,"duration":1400}},{"uid":"482c34304f2aa33d","reportUrl":"https://jagadeeshshetty.github.io/SeleniumMaven/150/#testresult/482c34304f2aa33d","status":"failed","statusDetails":"success message not present expected [false] but found [true]","time":{"start":1766000372125,"stop":1766000373532,"duration":1407}},{"uid":"277badea001b0172","reportUrl":"https://jagadeeshshetty.github.io/SeleniumMaven/149/#testresult/277badea001b0172","status":"failed","statusDetails":"success message not present expected [false] but found [true]","time":{"start":1765913950762,"stop":1765913952271,"duration":1509}},{"uid":"f6e0dc6a431a9007","reportUrl":"https://jagadeeshshetty.github.io/SeleniumMaven/148/#testresult/f6e0dc6a431a9007","status":"failed","statusDetails":"success message not present expected [false] but found [true]","time":{"start":1765827569692,"stop":1765827570150,"duration":458}}]},"tags":[]},"source":"b52d121b36875ef6.json","parameterValues":[]}