{"uid":"ebbf84daa60ee565","name":"testOneExpectedFailure","fullName":"test.java.tests.theInternet.parallel.TestOne.testOneExpectedFailure","historyId":"ab6883056220de6a4dfa4936aa12b217","time":{"start":1767555382800,"stop":1767555383474,"duration":674},"description":"Verify the successful login with valid username and password.","descriptionHtml":"<p>Verify the successful login with valid username and password.</p>\n","status":"failed","statusMessage":"success message not present expected [false] but found [true]","statusTrace":"java.lang.AssertionError: success message not present expected [false] but found [true]\n\tat org.testng.Assert.fail(Assert.java:110)\n\tat org.testng.Assert.failNotEquals(Assert.java:1577)\n\tat org.testng.Assert.assertFalse(Assert.java:78)\n\tat test.java.tests.theInternet.parallel.TestOne.testOneExpectedFailure(TestOne.java:77)\n\tat java.base/jdk.internal.reflect.NativeMethodAccessorImpl.invoke0(Native Method)\n\tat java.base/jdk.internal.reflect.NativeMethodAccessorImpl.invoke(NativeMethodAccessorImpl.java:77)\n\tat java.base/jdk.internal.reflect.DelegatingMethodAccessorImpl.invoke(DelegatingMethodAccessorImpl.java:43)\n\tat java.base/java.lang.reflect.Method.invoke(Method.java:569)\n\tat org.testng.internal.invokers.MethodInvocationHelper.invokeMethod(MethodInvocationHelper.java:139)\n\tat org.testng.internal.invokers.TestInvoker.invokeMethod(TestInvoker.java:677)\n\tat org.testng.internal.invokers.TestInvoker.retryFailed(TestInvoker.java:263)\n\tat org.testng.internal.invokers.MethodRunner.runInSequence(MethodRunner.java:62)\n\tat org.testng.internal.invokers.TestInvoker$MethodInvocationAgent.invoke(TestInvoker.java:969)\n\tat org.testng.internal.invokers.TestInvoker.invokeTestMethods(TestInvoker.java:194)\n\tat org.testng.internal.invokers.TestMethodWorker.invokeTestMethods(TestMethodWorker.java:148)\n\tat org.testng.internal.invokers.TestMethodWorker.run(TestMethodWorker.java:128)\n\tat java.base/java.util.concurrent.ThreadPoolExecutor.runWorker(ThreadPoolExecutor.java:1136)\n\tat java.base/java.util.concurrent.ThreadPoolExecutor$Worker.run(ThreadPoolExecutor.java:635)\n\tat java.base/java.lang.Thread.run(Thread.java:840)\n","flaky":false,"newFailed":false,"newBroken":false,"newPassed":false,"retriesCount":2,"retriesStatusChange":true,"beforeStages":[{"name":"setup","time":{"start":1767555382510,"stop":1767555382798,"duration":288},"description":"","status":"passed","steps":[{"name":"Start time: 4 Jan 2026 19:36:22","time":{"start":1767555382510,"stop":1767555382510,"duration":0},"status":"passed","steps":[],"attachments":[],"parameters":[],"stepsCount":0,"shouldDisplayMessage":false,"attachmentsCount":0,"hasContent":false,"attachmentStep":false},{"name":"Running Test on 'Linux' OS.","time":{"start":1767555382510,"stop":1767555382510,"duration":0},"status":"passed","steps":[],"attachments":[],"parameters":[],"stepsCount":0,"shouldDisplayMessage":false,"attachmentsCount":0,"hasContent":false,"attachmentStep":false},{"name":"JVM Version: 17.0.17","time":{"start":1767555382510,"stop":1767555382510,"duration":0},"status":"passed","steps":[],"attachments":[],"parameters":[],"stepsCount":0,"shouldDisplayMessage":false,"attachmentsCount":0,"hasContent":false,"attachmentStep":false},{"name":"Browser: CHROME 143.0.7499.109","time":{"start":1767555382794,"stop":1767555382794,"duration":0},"status":"passed","steps":[],"attachments":[],"parameters":[],"stepsCount":0,"shouldDisplayMessage":false,"attachmentsCount":0,"hasContent":false,"attachmentStep":false},{"name":"Driver instance: ChromeDriver: chrome on linux (ae244f991f5475d299c65e24170d527b)","time":{"start":1767555382794,"stop":1767555382794,"duration":0},"status":"passed","steps":[],"attachments":[],"parameters":[],"stepsCount":0,"shouldDisplayMessage":false,"attachmentsCount":0,"hasContent":false,"attachmentStep":false}],"attachments":[],"parameters":[],"stepsCount":5,"shouldDisplayMessage":false,"attachmentsCount":0,"hasContent":true,"attachmentStep":false}],"testStage":{"description":"Verify the successful login with valid username and password.","status":"failed","statusMessage":"success message not present expected [false] but found [true]","statusTrace":"java.lang.AssertionError: success message not present expected [false] but found [true]\n\tat org.testng.Assert.fail(Assert.java:110)\n\tat org.testng.Assert.failNotEquals(Assert.java:1577)\n\tat org.testng.Assert.assertFalse(Assert.java:78)\n\tat test.java.tests.theInternet.parallel.TestOne.testOneExpectedFailure(TestOne.java:77)\n\tat java.base/jdk.internal.reflect.NativeMethodAccessorImpl.invoke0(Native Method)\n\tat java.base/jdk.internal.reflect.NativeMethodAccessorImpl.invoke(NativeMethodAccessorImpl.java:77)\n\tat java.base/jdk.internal.reflect.DelegatingMethodAccessorImpl.invoke(DelegatingMethodAccessorImpl.java:43)\n\tat java.base/java.lang.reflect.Method.invoke(Method.java:569)\n\tat org.testng.internal.invokers.MethodInvocationHelper.invokeMethod(MethodInvocationHelper.java:139)\n\tat org.testng.internal.invokers.TestInvoker.invokeMethod(TestInvoker.java:677)\n\tat org.testng.internal.invokers.TestInvoker.retryFailed(TestInvoker.java:263)\n\tat org.testng.internal.invokers.MethodRunner.runInSequence(MethodRunner.java:62)\n\tat org.testng.internal.invokers.TestInvoker$MethodInvocationAgent.invoke(TestInvoker.java:969)\n\tat org.testng.internal.invokers.TestInvoker.invokeTestMethods(TestInvoker.java:194)\n\tat org.testng.internal.invokers.TestMethodWorker.invokeTestMethods(TestMethodWorker.java:148)\n\tat org.testng.internal.invokers.TestMethodWorker.run(TestMethodWorker.java:128)\n\tat java.base/java.util.concurrent.ThreadPoolExecutor.runWorker(ThreadPoolExecutor.java:1136)\n\tat java.base/java.util.concurrent.ThreadPoolExecutor$Worker.run(ThreadPoolExecutor.java:635)\n\tat java.base/java.lang.Thread.run(Thread.java:840)\n","steps":[{"name":"Access http://the-internet.herokuapp.com/login URL.","time":{"start":1767555382801,"stop":1767555382801,"duration":0},"status":"passed","steps":[],"attachments":[],"parameters":[],"stepsCount":0,"shouldDisplayMessage":false,"attachmentsCount":0,"hasContent":false,"attachmentStep":false},{"name":"Verify login form present or not.","time":{"start":1767555383152,"stop":1767555383152,"duration":0},"status":"passed","steps":[],"attachments":[],"parameters":[],"stepsCount":0,"shouldDisplayMessage":false,"attachmentsCount":0,"hasContent":false,"attachmentStep":false},{"name":"1. Login with valid username and password.","time":{"start":1767555383181,"stop":1767555383181,"duration":0},"status":"passed","steps":[],"attachments":[],"parameters":[],"stepsCount":0,"shouldDisplayMessage":false,"attachmentsCount":0,"hasContent":false,"attachmentStep":false},{"name":"Enter tomsmith username","time":{"start":1767555383181,"stop":1767555383181,"duration":0},"status":"passed","steps":[],"attachments":[],"parameters":[],"stepsCount":0,"shouldDisplayMessage":false,"attachmentsCount":0,"hasContent":false,"attachmentStep":false},{"name":"Enter SuperSecretPassword! password","time":{"start":1767555383241,"stop":1767555383241,"duration":0},"status":"passed","steps":[],"attachments":[],"parameters":[],"stepsCount":0,"shouldDisplayMessage":false,"attachmentsCount":0,"hasContent":false,"attachmentStep":false},{"name":"Click on Submit button","time":{"start":1767555383294,"stop":1767555383294,"duration":0},"status":"passed","steps":[],"attachments":[],"parameters":[],"stepsCount":0,"shouldDisplayMessage":false,"attachmentsCount":0,"hasContent":false,"attachmentStep":false},{"name":"2. Verify success message present","time":{"start":1767555383356,"stop":1767555383356,"duration":0},"status":"passed","steps":[],"attachments":[],"parameters":[],"stepsCount":0,"shouldDisplayMessage":false,"attachmentsCount":0,"hasContent":false,"attachmentStep":false},{"name":"Verify success message present or not.","time":{"start":1767555383356,"stop":1767555383356,"duration":0},"status":"passed","steps":[],"attachments":[],"parameters":[],"stepsCount":0,"shouldDisplayMessage":false,"attachmentsCount":0,"hasContent":false,"attachmentStep":false}],"attachments":[],"parameters":[],"stepsCount":8,"shouldDisplayMessage":true,"attachmentsCount":0,"hasContent":true,"attachmentStep":false},"afterStages":[{"name":"teardown","time":{"start":1767555383573,"stop":1767555383646,"duration":73},"description":"","status":"passed","steps":[{"name":"Cleaning up driver instance: ChromeDriver: chrome on linux (ae244f991f5475d299c65e24170d527b)","time":{"start":1767555383573,"stop":1767555383573,"duration":0},"status":"passed","steps":[],"attachments":[],"parameters":[],"stepsCount":0,"shouldDisplayMessage":false,"attachmentsCount":0,"hasContent":false,"attachmentStep":false},{"name":"Complete time: 4 Jan 2026 19:36:23","time":{"start":1767555383646,"stop":1767555383646,"duration":0},"status":"passed","steps":[],"attachments":[],"parameters":[],"stepsCount":0,"shouldDisplayMessage":false,"attachmentsCount":0,"hasContent":false,"attachmentStep":false}],"attachments":[],"parameters":[],"stepsCount":2,"shouldDisplayMessage":false,"attachmentsCount":0,"hasContent":true,"attachmentStep":false}],"labels":[{"name":"package","value":"test.java.tests.theInternet.parallel.TestOne"},{"name":"testClass","value":"test.java.tests.theInternet.parallel.TestOne"},{"name":"testMethod","value":"testOneExpectedFailure"},{"name":"parentSuite","value":"Suite - Parallel Execution"},{"name":"suite","value":"Test Parallel Execution"},{"name":"subSuite","value":"test.java.tests.theInternet.parallel.TestOne"},{"name":"host","value":"runnervmh13bl"},{"name":"thread","value":"2696@runnervmh13bl.TestNG-test=Test Parallel Execution-4(23)"},{"name":"framework","value":"testng"},{"name":"language","value":"java"},{"name":"severity","value":"blocker"},{"name":"resultFormat","value":"allure2"}],"parameters":[],"links":[],"hidden":false,"retry":false,"extra":{"severity":"blocker","retries":[{"uid":"70b4d80e2c21c991","status":"skipped","statusDetails":"success message not present expected [false] but found [true]","time":{"start":1767555381755,"stop":1767555382437,"duration":682}},{"uid":"a4266c5792f1f241","status":"skipped","statusDetails":"success message not present expected [false] but found [true]","time":{"start":1767555380085,"stop":1767555381364,"duration":1279}}],"categories":[{"name":"Product defects","matchedStatuses":[],"flaky":false}],"history":{"statistic":{"failed":61,"broken":2,"skipped":13,"passed":1,"unknown":0,"total":77},"items":[{"uid":"494e6c24836537d0","reportUrl":"https://jagadeeshshetty.github.io/SeleniumMaven/167/#testresult/494e6c24836537d0","status":"failed","statusDetails":"success message not present expected [false] but found [true]","time":{"start":1767468975335,"stop":1767468976710,"duration":1375}},{"uid":"40a2c8ebc837fada","reportUrl":"https://jagadeeshshetty.github.io/SeleniumMaven/166/#testresult/40a2c8ebc837fada","status":"failed","statusDetails":"success message not present expected [false] but found [true]","time":{"start":1767382630074,"stop":1767382631628,"duration":1554}},{"uid":"7fe9a376713145f9","reportUrl":"https://jagadeeshshetty.github.io/SeleniumMaven/165/#testresult/7fe9a376713145f9","status":"failed","statusDetails":"success message not present expected [false] but found [true]","time":{"start":1767296223625,"stop":1767296224458,"duration":833}},{"uid":"453d7e545cb85ac6","reportUrl":"https://jagadeeshshetty.github.io/SeleniumMaven/164/#testresult/453d7e545cb85ac6","status":"failed","statusDetails":"success message not present expected [false] but found [true]","time":{"start":1767209827906,"stop":1767209828570,"duration":664}},{"uid":"c7cae9bab1914e46","reportUrl":"https://jagadeeshshetty.github.io/SeleniumMaven/163/#testresult/c7cae9bab1914e46","status":"failed","statusDetails":"success message not present expected [false] but found [true]","time":{"start":1767123435403,"stop":1767123436090,"duration":687}},{"uid":"572ce943efddb4eb","reportUrl":"https://jagadeeshshetty.github.io/SeleniumMaven/162/#testresult/572ce943efddb4eb","status":"failed","statusDetails":"success message not present expected [false] but found [true]","time":{"start":1767037027500,"stop":1767037028205,"duration":705}},{"uid":"6f149d06d855c991","reportUrl":"https://jagadeeshshetty.github.io/SeleniumMaven/161/#testresult/6f149d06d855c991","status":"failed","statusDetails":"success message not present expected [false] but found [true]","time":{"start":1766950606772,"stop":1766950607930,"duration":1158}},{"uid":"2ceffc8c643ab957","reportUrl":"https://jagadeeshshetty.github.io/SeleniumMaven/160/#testresult/2ceffc8c643ab957","status":"failed","statusDetails":"success message not present expected [false] but found [true]","time":{"start":1766864190123,"stop":1766864190767,"duration":644}},{"uid":"54274c11c0f3a1b4","reportUrl":"https://jagadeeshshetty.github.io/SeleniumMaven/159/#testresult/54274c11c0f3a1b4","status":"failed","statusDetails":"success message not present expected [false] but found [true]","time":{"start":1766777803955,"stop":1766777805407,"duration":1452}},{"uid":"6c18221824183bfb","reportUrl":"https://jagadeeshshetty.github.io/SeleniumMaven/158/#testresult/6c18221824183bfb","status":"failed","statusDetails":"success message not present expected [false] but found [true]","time":{"start":1766691414186,"stop":1766691414646,"duration":460}},{"uid":"783b2239bce0012d","reportUrl":"https://jagadeeshshetty.github.io/SeleniumMaven/157/#testresult/783b2239bce0012d","status":"failed","statusDetails":"success message not present expected [false] but found [true]","time":{"start":1766605007541,"stop":1766605008625,"duration":1084}},{"uid":"e2be46abdd92c01b","reportUrl":"https://jagadeeshshetty.github.io/SeleniumMaven/156/#testresult/e2be46abdd92c01b","status":"failed","statusDetails":"success message not present expected [false] but found [true]","time":{"start":1766518635400,"stop":1766518635851,"duration":451}},{"uid":"9d24115dbbb9c1ed","reportUrl":"https://jagadeeshshetty.github.io/SeleniumMaven/155/#testresult/9d24115dbbb9c1ed","status":"failed","statusDetails":"success message not present expected [false] but found [true]","time":{"start":1766432227485,"stop":1766432228326,"duration":841}},{"uid":"213755cdc3cbe306","reportUrl":"https://jagadeeshshetty.github.io/SeleniumMaven/154/#testresult/213755cdc3cbe306","status":"failed","statusDetails":"success message not present expected [false] but found [true]","time":{"start":1766345798837,"stop":1766345799505,"duration":668}},{"uid":"50357fc67d144f5d","reportUrl":"https://jagadeeshshetty.github.io/SeleniumMaven/153/#testresult/50357fc67d144f5d","status":"failed","statusDetails":"success message not present expected [false] but found [true]","time":{"start":1766259345874,"stop":1766259347286,"duration":1412}},{"uid":"92a6dafff5a5580f","reportUrl":"https://jagadeeshshetty.github.io/SeleniumMaven/152/#testresult/92a6dafff5a5580f","status":"failed","statusDetails":"success message not present expected [false] but found [true]","time":{"start":1766173051432,"stop":1766173051893,"duration":461}},{"uid":"fcf481aee9820f2","reportUrl":"https://jagadeeshshetty.github.io/SeleniumMaven/151/#testresult/fcf481aee9820f2","status":"failed","statusDetails":"success message not present expected [false] but found [true]","time":{"start":1766086741765,"stop":1766086743167,"duration":1402}},{"uid":"613c2b1e06958cfe","reportUrl":"https://jagadeeshshetty.github.io/SeleniumMaven/150/#testresult/613c2b1e06958cfe","status":"failed","statusDetails":"success message not present expected [false] but found [true]","time":{"start":1766000366117,"stop":1766000367494,"duration":1377}},{"uid":"7b99e53409e1e1fe","reportUrl":"https://jagadeeshshetty.github.io/SeleniumMaven/149/#testresult/7b99e53409e1e1fe","status":"failed","statusDetails":"success message not present expected [false] but found [true]","time":{"start":1765913943916,"stop":1765913945405,"duration":1489}},{"uid":"45189b731433622a","reportUrl":"https://jagadeeshshetty.github.io/SeleniumMaven/148/#testresult/45189b731433622a","status":"failed","statusDetails":"success message not present expected [false] but found [true]","time":{"start":1765827566403,"stop":1765827566857,"duration":454}}]},"tags":[]},"source":"ebbf84daa60ee565.json","parameterValues":[]}