{"uid":"a6e89355fadeac68","name":"testFourExpectedFailure","fullName":"test.java.tests.theInternet.parallel.TestFour.testFourExpectedFailure","historyId":"ce09e92ae2bcb1db5e1b8af8fb14a997","time":{"start":1769888487799,"stop":1769888488421,"duration":622},"description":"Verify the successful login with valid username and password.","descriptionHtml":"<p>Verify the successful login with valid username and password.</p>\n","status":"failed","statusMessage":"success message not present expected [false] but found [true]","statusTrace":"java.lang.AssertionError: success message not present expected [false] but found [true]\n\tat org.testng.Assert.fail(Assert.java:110)\n\tat org.testng.Assert.failNotEquals(Assert.java:1577)\n\tat org.testng.Assert.assertFalse(Assert.java:78)\n\tat test.java.tests.theInternet.parallel.TestFour.testFourExpectedFailure(TestFour.java:77)\n\tat java.base/jdk.internal.reflect.NativeMethodAccessorImpl.invoke0(Native Method)\n\tat java.base/jdk.internal.reflect.NativeMethodAccessorImpl.invoke(NativeMethodAccessorImpl.java:77)\n\tat java.base/jdk.internal.reflect.DelegatingMethodAccessorImpl.invoke(DelegatingMethodAccessorImpl.java:43)\n\tat java.base/java.lang.reflect.Method.invoke(Method.java:569)\n\tat org.testng.internal.invokers.MethodInvocationHelper.invokeMethod(MethodInvocationHelper.java:139)\n\tat org.testng.internal.invokers.TestInvoker.invokeMethod(TestInvoker.java:677)\n\tat org.testng.internal.invokers.TestInvoker.retryFailed(TestInvoker.java:263)\n\tat org.testng.internal.invokers.MethodRunner.runInSequence(MethodRunner.java:62)\n\tat org.testng.internal.invokers.TestInvoker$MethodInvocationAgent.invoke(TestInvoker.java:969)\n\tat org.testng.internal.invokers.TestInvoker.invokeTestMethods(TestInvoker.java:194)\n\tat org.testng.internal.invokers.TestMethodWorker.invokeTestMethods(TestMethodWorker.java:148)\n\tat org.testng.internal.invokers.TestMethodWorker.run(TestMethodWorker.java:128)\n\tat java.base/java.util.concurrent.ThreadPoolExecutor.runWorker(ThreadPoolExecutor.java:1136)\n\tat java.base/java.util.concurrent.ThreadPoolExecutor$Worker.run(ThreadPoolExecutor.java:635)\n\tat java.base/java.lang.Thread.run(Thread.java:840)\n","flaky":true,"newFailed":false,"newBroken":false,"newPassed":false,"retriesCount":2,"retriesStatusChange":true,"beforeStages":[{"name":"setup","time":{"start":1769888487531,"stop":1769888487797,"duration":266},"description":"","status":"passed","steps":[{"name":"Start time: 31 Jan 2026 19:41:27","time":{"start":1769888487531,"stop":1769888487531,"duration":0},"status":"passed","steps":[],"attachments":[],"parameters":[],"stepsCount":0,"shouldDisplayMessage":false,"attachmentsCount":0,"hasContent":false,"attachmentStep":false},{"name":"Running Test on 'Linux' OS.","time":{"start":1769888487531,"stop":1769888487531,"duration":0},"status":"passed","steps":[],"attachments":[],"parameters":[],"stepsCount":0,"shouldDisplayMessage":false,"attachmentsCount":0,"hasContent":false,"attachmentStep":false},{"name":"JVM Version: 17.0.18","time":{"start":1769888487531,"stop":1769888487531,"duration":0},"status":"passed","steps":[],"attachments":[],"parameters":[],"stepsCount":0,"shouldDisplayMessage":false,"attachmentsCount":0,"hasContent":false,"attachmentStep":false},{"name":"Browser: CHROME 144.0.7559.96","time":{"start":1769888487794,"stop":1769888487794,"duration":0},"status":"passed","steps":[],"attachments":[],"parameters":[],"stepsCount":0,"shouldDisplayMessage":false,"attachmentsCount":0,"hasContent":false,"attachmentStep":false},{"name":"Driver instance: ChromeDriver: chrome on linux (1f07e1ca8afd88a72b59775495659ea4)","time":{"start":1769888487794,"stop":1769888487794,"duration":0},"status":"passed","steps":[],"attachments":[],"parameters":[],"stepsCount":0,"shouldDisplayMessage":false,"attachmentsCount":0,"hasContent":false,"attachmentStep":false}],"attachments":[],"parameters":[],"stepsCount":5,"shouldDisplayMessage":false,"attachmentsCount":0,"hasContent":true,"attachmentStep":false}],"testStage":{"description":"Verify the successful login with valid username and password.","status":"failed","statusMessage":"success message not present expected [false] but found [true]","statusTrace":"java.lang.AssertionError: success message not present expected [false] but found [true]\n\tat org.testng.Assert.fail(Assert.java:110)\n\tat org.testng.Assert.failNotEquals(Assert.java:1577)\n\tat org.testng.Assert.assertFalse(Assert.java:78)\n\tat test.java.tests.theInternet.parallel.TestFour.testFourExpectedFailure(TestFour.java:77)\n\tat java.base/jdk.internal.reflect.NativeMethodAccessorImpl.invoke0(Native Method)\n\tat java.base/jdk.internal.reflect.NativeMethodAccessorImpl.invoke(NativeMethodAccessorImpl.java:77)\n\tat java.base/jdk.internal.reflect.DelegatingMethodAccessorImpl.invoke(DelegatingMethodAccessorImpl.java:43)\n\tat java.base/java.lang.reflect.Method.invoke(Method.java:569)\n\tat org.testng.internal.invokers.MethodInvocationHelper.invokeMethod(MethodInvocationHelper.java:139)\n\tat org.testng.internal.invokers.TestInvoker.invokeMethod(TestInvoker.java:677)\n\tat org.testng.internal.invokers.TestInvoker.retryFailed(TestInvoker.java:263)\n\tat org.testng.internal.invokers.MethodRunner.runInSequence(MethodRunner.java:62)\n\tat org.testng.internal.invokers.TestInvoker$MethodInvocationAgent.invoke(TestInvoker.java:969)\n\tat org.testng.internal.invokers.TestInvoker.invokeTestMethods(TestInvoker.java:194)\n\tat org.testng.internal.invokers.TestMethodWorker.invokeTestMethods(TestMethodWorker.java:148)\n\tat org.testng.internal.invokers.TestMethodWorker.run(TestMethodWorker.java:128)\n\tat java.base/java.util.concurrent.ThreadPoolExecutor.runWorker(ThreadPoolExecutor.java:1136)\n\tat java.base/java.util.concurrent.ThreadPoolExecutor$Worker.run(ThreadPoolExecutor.java:635)\n\tat java.base/java.lang.Thread.run(Thread.java:840)\n","steps":[{"name":"Access http://the-internet.herokuapp.com/login URL.","time":{"start":1769888487799,"stop":1769888487799,"duration":0},"status":"passed","steps":[],"attachments":[],"parameters":[],"stepsCount":0,"shouldDisplayMessage":false,"attachmentsCount":0,"hasContent":false,"attachmentStep":false},{"name":"Verify login form present or not.","time":{"start":1769888488118,"stop":1769888488118,"duration":0},"status":"passed","steps":[],"attachments":[],"parameters":[],"stepsCount":0,"shouldDisplayMessage":false,"attachmentsCount":0,"hasContent":false,"attachmentStep":false},{"name":"1. Login with valid username and password.","time":{"start":1769888488142,"stop":1769888488142,"duration":0},"status":"passed","steps":[],"attachments":[],"parameters":[],"stepsCount":0,"shouldDisplayMessage":false,"attachmentsCount":0,"hasContent":false,"attachmentStep":false},{"name":"Enter tomsmith username","time":{"start":1769888488143,"stop":1769888488143,"duration":0},"status":"passed","steps":[],"attachments":[],"parameters":[],"stepsCount":0,"shouldDisplayMessage":false,"attachmentsCount":0,"hasContent":false,"attachmentStep":false},{"name":"Enter SuperSecretPassword! password","time":{"start":1769888488198,"stop":1769888488198,"duration":0},"status":"passed","steps":[],"attachments":[],"parameters":[],"stepsCount":0,"shouldDisplayMessage":false,"attachmentsCount":0,"hasContent":false,"attachmentStep":false},{"name":"Click on Submit button","time":{"start":1769888488247,"stop":1769888488247,"duration":0},"status":"passed","steps":[],"attachments":[],"parameters":[],"stepsCount":0,"shouldDisplayMessage":false,"attachmentsCount":0,"hasContent":false,"attachmentStep":false},{"name":"2. Verify success message present","time":{"start":1769888488311,"stop":1769888488311,"duration":0},"status":"passed","steps":[],"attachments":[],"parameters":[],"stepsCount":0,"shouldDisplayMessage":false,"attachmentsCount":0,"hasContent":false,"attachmentStep":false},{"name":"Verify success message present or not.","time":{"start":1769888488311,"stop":1769888488311,"duration":0},"status":"passed","steps":[],"attachments":[],"parameters":[],"stepsCount":0,"shouldDisplayMessage":false,"attachmentsCount":0,"hasContent":false,"attachmentStep":false}],"attachments":[],"parameters":[],"stepsCount":8,"shouldDisplayMessage":true,"attachmentsCount":0,"hasContent":true,"attachmentStep":false},"afterStages":[{"name":"teardown","time":{"start":1769888488479,"stop":1769888488549,"duration":70},"description":"","status":"passed","steps":[{"name":"Cleaning up driver instance: ChromeDriver: chrome on linux (1f07e1ca8afd88a72b59775495659ea4)","time":{"start":1769888488479,"stop":1769888488479,"duration":0},"status":"passed","steps":[],"attachments":[],"parameters":[],"stepsCount":0,"shouldDisplayMessage":false,"attachmentsCount":0,"hasContent":false,"attachmentStep":false},{"name":"Complete time: 31 Jan 2026 19:41:28","time":{"start":1769888488549,"stop":1769888488549,"duration":0},"status":"passed","steps":[],"attachments":[],"parameters":[],"stepsCount":0,"shouldDisplayMessage":false,"attachmentsCount":0,"hasContent":false,"attachmentStep":false}],"attachments":[],"parameters":[],"stepsCount":2,"shouldDisplayMessage":false,"attachmentsCount":0,"hasContent":true,"attachmentStep":false}],"labels":[{"name":"package","value":"test.java.tests.theInternet.parallel.TestFour"},{"name":"testClass","value":"test.java.tests.theInternet.parallel.TestFour"},{"name":"testMethod","value":"testFourExpectedFailure"},{"name":"parentSuite","value":"Suite - Parallel Execution"},{"name":"suite","value":"Test Parallel Execution"},{"name":"subSuite","value":"test.java.tests.theInternet.parallel.TestFour"},{"name":"host","value":"runnervmkj6or"},{"name":"thread","value":"2848@runnervmkj6or.TestNG-test=Test Parallel Execution-16(321)"},{"name":"framework","value":"testng"},{"name":"language","value":"java"},{"name":"severity","value":"blocker"},{"name":"resultFormat","value":"allure2"}],"parameters":[],"links":[],"hidden":false,"retry":false,"extra":{"severity":"blocker","retries":[{"uid":"59f2b986612e286e","status":"skipped","statusDetails":"success message not present expected [false] but found [true]","time":{"start":1769888486830,"stop":1769888487458,"duration":628}},{"uid":"c87c3f3c0ec90f22","status":"skipped","statusDetails":"success message not present expected [false] but found [true]","time":{"start":1769888485569,"stop":1769888486467,"duration":898}}],"categories":[{"name":"Product defects","matchedStatuses":[],"flaky":false}],"history":{"statistic":{"failed":89,"broken":0,"skipped":3,"passed":12,"unknown":0,"total":104},"items":[{"uid":"2dcc69a32fd2b199","reportUrl":"https://jagadeeshshetty.github.io/SeleniumMaven/194/#testresult/2dcc69a32fd2b199","status":"failed","statusDetails":"success message not present expected [false] but found [true]","time":{"start":1769802777722,"stop":1769802778779,"duration":1057}},{"uid":"9c8d09d1865d0e30","reportUrl":"https://jagadeeshshetty.github.io/SeleniumMaven/193/#testresult/9c8d09d1865d0e30","status":"passed","time":{"start":1769716262524,"stop":1769716408141,"duration":145617}},{"uid":"70a021163f4c8cce","reportUrl":"https://jagadeeshshetty.github.io/SeleniumMaven/192/#testresult/70a021163f4c8cce","status":"failed","statusDetails":"success message not present expected [false] but found [true]","time":{"start":1769629839864,"stop":1769629840289,"duration":425}},{"uid":"c88b501e8d296ead","reportUrl":"https://jagadeeshshetty.github.io/SeleniumMaven/191/#testresult/c88b501e8d296ead","status":"failed","statusDetails":"success message not present expected [false] but found [true]","time":{"start":1769543241863,"stop":1769543242866,"duration":1003}},{"uid":"4f48d5294f53e44d","reportUrl":"https://jagadeeshshetty.github.io/SeleniumMaven/190/#testresult/4f48d5294f53e44d","status":"passed","time":{"start":1769456653170,"stop":1769456798583,"duration":145413}},{"uid":"c383d6304230acdf","reportUrl":"https://jagadeeshshetty.github.io/SeleniumMaven/189/#testresult/c383d6304230acdf","status":"failed","statusDetails":"success message not present expected [false] but found [true]","time":{"start":1769369829873,"stop":1769369830335,"duration":462}},{"uid":"2b59e16351da147b","reportUrl":"https://jagadeeshshetty.github.io/SeleniumMaven/188/#testresult/2b59e16351da147b","status":"failed","statusDetails":"success message not present expected [false] but found [true]","time":{"start":1769283406406,"stop":1769283407777,"duration":1371}},{"uid":"5ada0b2f1d400e22","reportUrl":"https://jagadeeshshetty.github.io/SeleniumMaven/187/#testresult/5ada0b2f1d400e22","status":"failed","statusDetails":"success message not present expected [false] but found [true]","time":{"start":1769197295398,"stop":1769197295811,"duration":413}},{"uid":"e52b989f70915c8e","reportUrl":"https://jagadeeshshetty.github.io/SeleniumMaven/186/#testresult/e52b989f70915c8e","status":"failed","statusDetails":"success message not present expected [false] but found [true]","time":{"start":1769111084505,"stop":1769111084986,"duration":481}},{"uid":"2001b6388283655","reportUrl":"https://jagadeeshshetty.github.io/SeleniumMaven/185/#testresult/2001b6388283655","status":"failed","statusDetails":"success message not present expected [false] but found [true]","time":{"start":1769025253471,"stop":1769025254521,"duration":1050}},{"uid":"6fd2815373825e32","reportUrl":"https://jagadeeshshetty.github.io/SeleniumMaven/184/#testresult/6fd2815373825e32","status":"failed","statusDetails":"success message not present expected [false] but found [true]","time":{"start":1768941206684,"stop":1768941207840,"duration":1156}},{"uid":"e7e7d9b948140092","reportUrl":"https://jagadeeshshetty.github.io/SeleniumMaven/183/#testresult/e7e7d9b948140092","status":"failed","statusDetails":"success message not present expected [false] but found [true]","time":{"start":1768851676442,"stop":1768851677061,"duration":619}},{"uid":"b31f2d5b46415d6a","reportUrl":"https://jagadeeshshetty.github.io/SeleniumMaven/182/#testresult/b31f2d5b46415d6a","status":"failed","statusDetails":"success message not present expected [false] but found [true]","time":{"start":1768764994431,"stop":1768764995055,"duration":624}},{"uid":"81b6a2c192ffac28","reportUrl":"https://jagadeeshshetty.github.io/SeleniumMaven/181/#testresult/81b6a2c192ffac28","status":"failed","statusDetails":"success message not present expected [false] but found [true]","time":{"start":1768678583999,"stop":1768678584864,"duration":865}},{"uid":"68d294c67857a8ba","reportUrl":"https://jagadeeshshetty.github.io/SeleniumMaven/180/#testresult/68d294c67857a8ba","status":"failed","statusDetails":"success message not present expected [false] but found [true]","time":{"start":1768592394250,"stop":1768592395634,"duration":1384}},{"uid":"6d3e528969f939af","reportUrl":"https://jagadeeshshetty.github.io/SeleniumMaven/179/#testresult/6d3e528969f939af","status":"failed","statusDetails":"success message not present expected [false] but found [true]","time":{"start":1768506495397,"stop":1768506496304,"duration":907}},{"uid":"c76b663618e70114","reportUrl":"https://jagadeeshshetty.github.io/SeleniumMaven/178/#testresult/c76b663618e70114","status":"failed","statusDetails":"success message not present expected [false] but found [true]","time":{"start":1768419599321,"stop":1768419600016,"duration":695}},{"uid":"235a998e5d80b892","reportUrl":"https://jagadeeshshetty.github.io/SeleniumMaven/177/#testresult/235a998e5d80b892","status":"failed","statusDetails":"success message not present expected [false] but found [true]","time":{"start":1768333394367,"stop":1768333394991,"duration":624}},{"uid":"c27a7cba2bae31ca","reportUrl":"https://jagadeeshshetty.github.io/SeleniumMaven/176/#testresult/c27a7cba2bae31ca","status":"failed","statusDetails":"success message not present expected [false] but found [true]","time":{"start":1768246843809,"stop":1768246844706,"duration":897}},{"uid":"8a47e5e6e878f767","reportUrl":"https://jagadeeshshetty.github.io/SeleniumMaven/175/#testresult/8a47e5e6e878f767","status":"failed","statusDetails":"success message not present expected [false] but found [true]","time":{"start":1768160219167,"stop":1768160220377,"duration":1210}}]},"tags":[]},"source":"a6e89355fadeac68.json","parameterValues":[]}