{"uid":"215a3e5a4fdeb8fa","name":"testFourExpectedFailure","fullName":"test.java.tests.theInternet.parallel.TestFour.testFourExpectedFailure","historyId":"ce09e92ae2bcb1db5e1b8af8fb14a997","time":{"start":1766777822524,"stop":1766777823943,"duration":1419},"description":"Verify the successful login with valid username and password.","descriptionHtml":"<p>Verify the successful login with valid username and password.</p>\n","status":"failed","statusMessage":"success message not present expected [false] but found [true]","statusTrace":"java.lang.AssertionError: success message not present expected [false] but found [true]\n\tat org.testng.Assert.fail(Assert.java:110)\n\tat org.testng.Assert.failNotEquals(Assert.java:1577)\n\tat org.testng.Assert.assertFalse(Assert.java:78)\n\tat test.java.tests.theInternet.parallel.TestFour.testFourExpectedFailure(TestFour.java:77)\n\tat java.base/jdk.internal.reflect.NativeMethodAccessorImpl.invoke0(Native Method)\n\tat java.base/jdk.internal.reflect.NativeMethodAccessorImpl.invoke(NativeMethodAccessorImpl.java:77)\n\tat java.base/jdk.internal.reflect.DelegatingMethodAccessorImpl.invoke(DelegatingMethodAccessorImpl.java:43)\n\tat java.base/java.lang.reflect.Method.invoke(Method.java:569)\n\tat org.testng.internal.invokers.MethodInvocationHelper.invokeMethod(MethodInvocationHelper.java:139)\n\tat org.testng.internal.invokers.TestInvoker.invokeMethod(TestInvoker.java:677)\n\tat org.testng.internal.invokers.TestInvoker.retryFailed(TestInvoker.java:263)\n\tat org.testng.internal.invokers.MethodRunner.runInSequence(MethodRunner.java:62)\n\tat org.testng.internal.invokers.TestInvoker$MethodInvocationAgent.invoke(TestInvoker.java:969)\n\tat org.testng.internal.invokers.TestInvoker.invokeTestMethods(TestInvoker.java:194)\n\tat org.testng.internal.invokers.TestMethodWorker.invokeTestMethods(TestMethodWorker.java:148)\n\tat org.testng.internal.invokers.TestMethodWorker.run(TestMethodWorker.java:128)\n\tat java.base/java.util.concurrent.ThreadPoolExecutor.runWorker(ThreadPoolExecutor.java:1136)\n\tat java.base/java.util.concurrent.ThreadPoolExecutor$Worker.run(ThreadPoolExecutor.java:635)\n\tat java.base/java.lang.Thread.run(Thread.java:840)\n","flaky":false,"newFailed":false,"newBroken":false,"newPassed":false,"retriesCount":2,"retriesStatusChange":true,"beforeStages":[{"name":"setup","time":{"start":1766777822239,"stop":1766777822522,"duration":283},"description":"","status":"passed","steps":[{"name":"Start time: 26 Dec 2025 19:37:02","time":{"start":1766777822239,"stop":1766777822239,"duration":0},"status":"passed","steps":[],"attachments":[],"parameters":[],"stepsCount":0,"shouldDisplayMessage":false,"attachmentsCount":0,"hasContent":false,"attachmentStep":false},{"name":"Running Test on 'Linux' OS.","time":{"start":1766777822239,"stop":1766777822239,"duration":0},"status":"passed","steps":[],"attachments":[],"parameters":[],"stepsCount":0,"shouldDisplayMessage":false,"attachmentsCount":0,"hasContent":false,"attachmentStep":false},{"name":"JVM Version: 17.0.17","time":{"start":1766777822239,"stop":1766777822239,"duration":0},"status":"passed","steps":[],"attachments":[],"parameters":[],"stepsCount":0,"shouldDisplayMessage":false,"attachmentsCount":0,"hasContent":false,"attachmentStep":false},{"name":"Browser: CHROME 143.0.7499.109","time":{"start":1766777822519,"stop":1766777822519,"duration":0},"status":"passed","steps":[],"attachments":[],"parameters":[],"stepsCount":0,"shouldDisplayMessage":false,"attachmentsCount":0,"hasContent":false,"attachmentStep":false},{"name":"Driver instance: ChromeDriver: chrome on linux (096c38c7ec126388ea30c5e7bbde717c)","time":{"start":1766777822519,"stop":1766777822519,"duration":0},"status":"passed","steps":[],"attachments":[],"parameters":[],"stepsCount":0,"shouldDisplayMessage":false,"attachmentsCount":0,"hasContent":false,"attachmentStep":false}],"attachments":[],"parameters":[],"stepsCount":5,"shouldDisplayMessage":false,"attachmentsCount":0,"hasContent":true,"attachmentStep":false}],"testStage":{"description":"Verify the successful login with valid username and password.","status":"failed","statusMessage":"success message not present expected [false] but found [true]","statusTrace":"java.lang.AssertionError: success message not present expected [false] but found [true]\n\tat org.testng.Assert.fail(Assert.java:110)\n\tat org.testng.Assert.failNotEquals(Assert.java:1577)\n\tat org.testng.Assert.assertFalse(Assert.java:78)\n\tat test.java.tests.theInternet.parallel.TestFour.testFourExpectedFailure(TestFour.java:77)\n\tat java.base/jdk.internal.reflect.NativeMethodAccessorImpl.invoke0(Native Method)\n\tat java.base/jdk.internal.reflect.NativeMethodAccessorImpl.invoke(NativeMethodAccessorImpl.java:77)\n\tat java.base/jdk.internal.reflect.DelegatingMethodAccessorImpl.invoke(DelegatingMethodAccessorImpl.java:43)\n\tat java.base/java.lang.reflect.Method.invoke(Method.java:569)\n\tat org.testng.internal.invokers.MethodInvocationHelper.invokeMethod(MethodInvocationHelper.java:139)\n\tat org.testng.internal.invokers.TestInvoker.invokeMethod(TestInvoker.java:677)\n\tat org.testng.internal.invokers.TestInvoker.retryFailed(TestInvoker.java:263)\n\tat org.testng.internal.invokers.MethodRunner.runInSequence(MethodRunner.java:62)\n\tat org.testng.internal.invokers.TestInvoker$MethodInvocationAgent.invoke(TestInvoker.java:969)\n\tat org.testng.internal.invokers.TestInvoker.invokeTestMethods(TestInvoker.java:194)\n\tat org.testng.internal.invokers.TestMethodWorker.invokeTestMethods(TestMethodWorker.java:148)\n\tat org.testng.internal.invokers.TestMethodWorker.run(TestMethodWorker.java:128)\n\tat java.base/java.util.concurrent.ThreadPoolExecutor.runWorker(ThreadPoolExecutor.java:1136)\n\tat java.base/java.util.concurrent.ThreadPoolExecutor$Worker.run(ThreadPoolExecutor.java:635)\n\tat java.base/java.lang.Thread.run(Thread.java:840)\n","steps":[{"name":"Access http://the-internet.herokuapp.com/login URL.","time":{"start":1766777822524,"stop":1766777822524,"duration":0},"status":"passed","steps":[],"attachments":[],"parameters":[],"stepsCount":0,"shouldDisplayMessage":false,"attachmentsCount":0,"hasContent":false,"attachmentStep":false},{"name":"Verify login form present or not.","time":{"start":1766777823526,"stop":1766777823526,"duration":0},"status":"passed","steps":[],"attachments":[],"parameters":[],"stepsCount":0,"shouldDisplayMessage":false,"attachmentsCount":0,"hasContent":false,"attachmentStep":false},{"name":"1. Login with valid username and password.","time":{"start":1766777823552,"stop":1766777823552,"duration":0},"status":"passed","steps":[],"attachments":[],"parameters":[],"stepsCount":0,"shouldDisplayMessage":false,"attachmentsCount":0,"hasContent":false,"attachmentStep":false},{"name":"Enter tomsmith username","time":{"start":1766777823552,"stop":1766777823552,"duration":0},"status":"passed","steps":[],"attachments":[],"parameters":[],"stepsCount":0,"shouldDisplayMessage":false,"attachmentsCount":0,"hasContent":false,"attachmentStep":false},{"name":"Enter SuperSecretPassword! password","time":{"start":1766777823606,"stop":1766777823606,"duration":0},"status":"passed","steps":[],"attachments":[],"parameters":[],"stepsCount":0,"shouldDisplayMessage":false,"attachmentsCount":0,"hasContent":false,"attachmentStep":false},{"name":"Click on Submit button","time":{"start":1766777823656,"stop":1766777823656,"duration":0},"status":"passed","steps":[],"attachments":[],"parameters":[],"stepsCount":0,"shouldDisplayMessage":false,"attachmentsCount":0,"hasContent":false,"attachmentStep":false},{"name":"2. Verify success message present","time":{"start":1766777823915,"stop":1766777823915,"duration":0},"status":"passed","steps":[],"attachments":[],"parameters":[],"stepsCount":0,"shouldDisplayMessage":false,"attachmentsCount":0,"hasContent":false,"attachmentStep":false},{"name":"Verify success message present or not.","time":{"start":1766777823915,"stop":1766777823915,"duration":0},"status":"passed","steps":[],"attachments":[],"parameters":[],"stepsCount":0,"shouldDisplayMessage":false,"attachmentsCount":0,"hasContent":false,"attachmentStep":false}],"attachments":[],"parameters":[],"stepsCount":8,"shouldDisplayMessage":true,"attachmentsCount":0,"hasContent":true,"attachmentStep":false},"afterStages":[{"name":"teardown","time":{"start":1766777823997,"stop":1766777824068,"duration":71},"description":"","status":"passed","steps":[{"name":"Cleaning up driver instance: ChromeDriver: chrome on linux (096c38c7ec126388ea30c5e7bbde717c)","time":{"start":1766777823997,"stop":1766777823997,"duration":0},"status":"passed","steps":[],"attachments":[],"parameters":[],"stepsCount":0,"shouldDisplayMessage":false,"attachmentsCount":0,"hasContent":false,"attachmentStep":false},{"name":"Complete time: 26 Dec 2025 19:37:04","time":{"start":1766777824067,"stop":1766777824067,"duration":0},"status":"passed","steps":[],"attachments":[],"parameters":[],"stepsCount":0,"shouldDisplayMessage":false,"attachmentsCount":0,"hasContent":false,"attachmentStep":false}],"attachments":[],"parameters":[],"stepsCount":2,"shouldDisplayMessage":false,"attachmentsCount":0,"hasContent":true,"attachmentStep":false}],"labels":[{"name":"package","value":"test.java.tests.theInternet.parallel.TestFour"},{"name":"testClass","value":"test.java.tests.theInternet.parallel.TestFour"},{"name":"testMethod","value":"testFourExpectedFailure"},{"name":"parentSuite","value":"Suite - Parallel Execution"},{"name":"suite","value":"Test Parallel Execution"},{"name":"subSuite","value":"test.java.tests.theInternet.parallel.TestFour"},{"name":"host","value":"runnervmh13bl"},{"name":"thread","value":"2689@runnervmh13bl.TestNG-test=Test Parallel Execution-16(349)"},{"name":"framework","value":"testng"},{"name":"language","value":"java"},{"name":"severity","value":"blocker"},{"name":"resultFormat","value":"allure2"}],"parameters":[],"links":[],"hidden":false,"retry":false,"extra":{"severity":"blocker","retries":[{"uid":"7ad379e878547f9e","status":"skipped","statusDetails":"success message not present expected [false] but found [true]","time":{"start":1766777820752,"stop":1766777822167,"duration":1415}},{"uid":"6d7ba20e11d12361","status":"skipped","statusDetails":"success message not present expected [false] but found [true]","time":{"start":1766777818745,"stop":1766777820409,"duration":1664}}],"categories":[{"name":"Product defects","matchedStatuses":[],"flaky":false}],"history":{"statistic":{"failed":57,"broken":0,"skipped":3,"passed":8,"unknown":0,"total":68},"items":[{"uid":"a967707bf66ffed6","reportUrl":"https://jagadeeshshetty.github.io/SeleniumMaven/158/#testresult/a967707bf66ffed6","status":"failed","statusDetails":"success message not present expected [false] but found [true]","time":{"start":1766691520425,"stop":1766691520882,"duration":457}},{"uid":"7f55f7f4cd6c063c","reportUrl":"https://jagadeeshshetty.github.io/SeleniumMaven/157/#testresult/7f55f7f4cd6c063c","status":"failed","statusDetails":"success message not present expected [false] but found [true]","time":{"start":1766605453335,"stop":1766605454419,"duration":1084}},{"uid":"f8e6ceede3f2f58c","reportUrl":"https://jagadeeshshetty.github.io/SeleniumMaven/156/#testresult/f8e6ceede3f2f58c","status":"failed","statusDetails":"success message not present expected [false] but found [true]","time":{"start":1766518646016,"stop":1766518646465,"duration":449}},{"uid":"802ae43592ac99c7","reportUrl":"https://jagadeeshshetty.github.io/SeleniumMaven/155/#testresult/802ae43592ac99c7","status":"failed","statusDetails":"success message not present expected [false] but found [true]","time":{"start":1766432241096,"stop":1766432242371,"duration":1275}},{"uid":"3e91dbce26be8e9","reportUrl":"https://jagadeeshshetty.github.io/SeleniumMaven/154/#testresult/3e91dbce26be8e9","status":"failed","statusDetails":"success message not present expected [false] but found [true]","time":{"start":1766345811628,"stop":1766345812308,"duration":680}},{"uid":"581f15d212e35348","reportUrl":"https://jagadeeshshetty.github.io/SeleniumMaven/153/#testresult/581f15d212e35348","status":"passed","time":{"start":1766259504058,"stop":1766259649946,"duration":145888}},{"uid":"9f1b27fec7087092","reportUrl":"https://jagadeeshshetty.github.io/SeleniumMaven/152/#testresult/9f1b27fec7087092","status":"failed","statusDetails":"success message not present expected [false] but found [true]","time":{"start":1766173062153,"stop":1766173062630,"duration":477}},{"uid":"8014ee24a14ff3e1","reportUrl":"https://jagadeeshshetty.github.io/SeleniumMaven/151/#testresult/8014ee24a14ff3e1","status":"passed","time":{"start":1766087139121,"stop":1766087285042,"duration":145921}},{"uid":"e5d2f6a753e91323","reportUrl":"https://jagadeeshshetty.github.io/SeleniumMaven/150/#testresult/e5d2f6a753e91323","status":"failed","statusDetails":"success message not present expected [false] but found [true]","time":{"start":1766000672527,"stop":1766000673965,"duration":1438}},{"uid":"3a3c8c3c2ef4b8bf","reportUrl":"https://jagadeeshshetty.github.io/SeleniumMaven/149/#testresult/3a3c8c3c2ef4b8bf","status":"failed","statusDetails":"success message not present expected [false] but found [true]","time":{"start":1765913963723,"stop":1765913965125,"duration":1402}},{"uid":"c0130bc7ad427c38","reportUrl":"https://jagadeeshshetty.github.io/SeleniumMaven/148/#testresult/c0130bc7ad427c38","status":"failed","statusDetails":"success message not present expected [false] but found [true]","time":{"start":1765827576978,"stop":1765827577428,"duration":450}},{"uid":"8ef81bcec5fdc141","reportUrl":"https://jagadeeshshetty.github.io/SeleniumMaven/147/#testresult/8ef81bcec5fdc141","status":"failed","statusDetails":"success message not present expected [false] but found [true]","time":{"start":1765741116477,"stop":1765741117911,"duration":1434}},{"uid":"eff806172a6e08d9","reportUrl":"https://jagadeeshshetty.github.io/SeleniumMaven/146/#testresult/eff806172a6e08d9","status":"failed","statusDetails":"success message not present expected [false] but found [true]","time":{"start":1765715983886,"stop":1765715984527,"duration":641}},{"uid":"1c2859b01cad4978","reportUrl":"https://jagadeeshshetty.github.io/SeleniumMaven/145/#testresult/1c2859b01cad4978","status":"failed","statusDetails":"success message not present expected [false] but found [true]","time":{"start":1765715250033,"stop":1765715251078,"duration":1045}},{"uid":"cd87fd539e29d06a","reportUrl":"https://jagadeeshshetty.github.io/SeleniumMaven/144/#testresult/cd87fd539e29d06a","status":"failed","statusDetails":"success message not present expected [false] but found [true]","time":{"start":1765711465374,"stop":1765711465825,"duration":451}},{"uid":"43a18cb1b3c44f0a","reportUrl":"https://jagadeeshshetty.github.io/SeleniumMaven/143/#testresult/43a18cb1b3c44f0a","status":"failed","statusDetails":"success message not present expected [false] but found [true]","time":{"start":1765710347983,"stop":1765710349065,"duration":1082}},{"uid":"a207839edb0f2dc0","reportUrl":"https://jagadeeshshetty.github.io/SeleniumMaven/142/#testresult/a207839edb0f2dc0","status":"failed","statusDetails":"success message not present expected [false] but found [true]","time":{"start":1765707562678,"stop":1765707563813,"duration":1135}},{"uid":"b833f35fe289d4f7","reportUrl":"https://jagadeeshshetty.github.io/SeleniumMaven/141/#testresult/b833f35fe289d4f7","status":"failed","statusDetails":"success message not present expected [false] but found [true]","time":{"start":1765701885237,"stop":1765701885891,"duration":654}},{"uid":"c8cdaae64f5c5d11","reportUrl":"https://jagadeeshshetty.github.io/SeleniumMaven/140/#testresult/c8cdaae64f5c5d11","status":"failed","statusDetails":"success message not present expected [false] but found [true]","time":{"start":1765701460185,"stop":1765701461311,"duration":1126}},{"uid":"b823e0d65a7dfd72","reportUrl":"https://jagadeeshshetty.github.io/SeleniumMaven/140/#testresult/b823e0d65a7dfd72","status":"failed","statusDetails":"success message not present expected [false] but found [true]","time":{"start":1765700461468,"stop":1765700462549,"duration":1081}}]},"tags":[]},"source":"215a3e5a4fdeb8fa.json","parameterValues":[]}