{"uid":"54274c11c0f3a1b4","name":"testOneExpectedFailure","fullName":"test.java.tests.theInternet.parallel.TestOne.testOneExpectedFailure","historyId":"ab6883056220de6a4dfa4936aa12b217","time":{"start":1766777803955,"stop":1766777805407,"duration":1452},"description":"Verify the successful login with valid username and password.","descriptionHtml":"<p>Verify the successful login with valid username and password.</p>\n","status":"failed","statusMessage":"success message not present expected [false] but found [true]","statusTrace":"java.lang.AssertionError: success message not present expected [false] but found [true]\n\tat org.testng.Assert.fail(Assert.java:110)\n\tat org.testng.Assert.failNotEquals(Assert.java:1577)\n\tat org.testng.Assert.assertFalse(Assert.java:78)\n\tat test.java.tests.theInternet.parallel.TestOne.testOneExpectedFailure(TestOne.java:77)\n\tat java.base/jdk.internal.reflect.NativeMethodAccessorImpl.invoke0(Native Method)\n\tat java.base/jdk.internal.reflect.NativeMethodAccessorImpl.invoke(NativeMethodAccessorImpl.java:77)\n\tat java.base/jdk.internal.reflect.DelegatingMethodAccessorImpl.invoke(DelegatingMethodAccessorImpl.java:43)\n\tat java.base/java.lang.reflect.Method.invoke(Method.java:569)\n\tat org.testng.internal.invokers.MethodInvocationHelper.invokeMethod(MethodInvocationHelper.java:139)\n\tat org.testng.internal.invokers.TestInvoker.invokeMethod(TestInvoker.java:677)\n\tat org.testng.internal.invokers.TestInvoker.retryFailed(TestInvoker.java:263)\n\tat org.testng.internal.invokers.MethodRunner.runInSequence(MethodRunner.java:62)\n\tat org.testng.internal.invokers.TestInvoker$MethodInvocationAgent.invoke(TestInvoker.java:969)\n\tat org.testng.internal.invokers.TestInvoker.invokeTestMethods(TestInvoker.java:194)\n\tat org.testng.internal.invokers.TestMethodWorker.invokeTestMethods(TestMethodWorker.java:148)\n\tat org.testng.internal.invokers.TestMethodWorker.run(TestMethodWorker.java:128)\n\tat java.base/java.util.concurrent.ThreadPoolExecutor.runWorker(ThreadPoolExecutor.java:1136)\n\tat java.base/java.util.concurrent.ThreadPoolExecutor$Worker.run(ThreadPoolExecutor.java:635)\n\tat java.base/java.lang.Thread.run(Thread.java:840)\n","flaky":false,"newFailed":false,"newBroken":false,"newPassed":false,"retriesCount":2,"retriesStatusChange":true,"beforeStages":[{"name":"setup","time":{"start":1766777803666,"stop":1766777803953,"duration":287},"description":"","status":"passed","steps":[{"name":"Start time: 26 Dec 2025 19:36:43","time":{"start":1766777803666,"stop":1766777803666,"duration":0},"status":"passed","steps":[],"attachments":[],"parameters":[],"stepsCount":0,"shouldDisplayMessage":false,"attachmentsCount":0,"hasContent":false,"attachmentStep":false},{"name":"Running Test on 'Linux' OS.","time":{"start":1766777803666,"stop":1766777803666,"duration":0},"status":"passed","steps":[],"attachments":[],"parameters":[],"stepsCount":0,"shouldDisplayMessage":false,"attachmentsCount":0,"hasContent":false,"attachmentStep":false},{"name":"JVM Version: 17.0.17","time":{"start":1766777803666,"stop":1766777803666,"duration":0},"status":"passed","steps":[],"attachments":[],"parameters":[],"stepsCount":0,"shouldDisplayMessage":false,"attachmentsCount":0,"hasContent":false,"attachmentStep":false},{"name":"Browser: CHROME 143.0.7499.109","time":{"start":1766777803949,"stop":1766777803949,"duration":0},"status":"passed","steps":[],"attachments":[],"parameters":[],"stepsCount":0,"shouldDisplayMessage":false,"attachmentsCount":0,"hasContent":false,"attachmentStep":false},{"name":"Driver instance: ChromeDriver: chrome on linux (5469d1758cd43bb135530f689a74b867)","time":{"start":1766777803950,"stop":1766777803950,"duration":0},"status":"passed","steps":[],"attachments":[],"parameters":[],"stepsCount":0,"shouldDisplayMessage":false,"attachmentsCount":0,"hasContent":false,"attachmentStep":false}],"attachments":[],"parameters":[],"stepsCount":5,"shouldDisplayMessage":false,"attachmentsCount":0,"hasContent":true,"attachmentStep":false}],"testStage":{"description":"Verify the successful login with valid username and password.","status":"failed","statusMessage":"success message not present expected [false] but found [true]","statusTrace":"java.lang.AssertionError: success message not present expected [false] but found [true]\n\tat org.testng.Assert.fail(Assert.java:110)\n\tat org.testng.Assert.failNotEquals(Assert.java:1577)\n\tat org.testng.Assert.assertFalse(Assert.java:78)\n\tat test.java.tests.theInternet.parallel.TestOne.testOneExpectedFailure(TestOne.java:77)\n\tat java.base/jdk.internal.reflect.NativeMethodAccessorImpl.invoke0(Native Method)\n\tat java.base/jdk.internal.reflect.NativeMethodAccessorImpl.invoke(NativeMethodAccessorImpl.java:77)\n\tat java.base/jdk.internal.reflect.DelegatingMethodAccessorImpl.invoke(DelegatingMethodAccessorImpl.java:43)\n\tat java.base/java.lang.reflect.Method.invoke(Method.java:569)\n\tat org.testng.internal.invokers.MethodInvocationHelper.invokeMethod(MethodInvocationHelper.java:139)\n\tat org.testng.internal.invokers.TestInvoker.invokeMethod(TestInvoker.java:677)\n\tat org.testng.internal.invokers.TestInvoker.retryFailed(TestInvoker.java:263)\n\tat org.testng.internal.invokers.MethodRunner.runInSequence(MethodRunner.java:62)\n\tat org.testng.internal.invokers.TestInvoker$MethodInvocationAgent.invoke(TestInvoker.java:969)\n\tat org.testng.internal.invokers.TestInvoker.invokeTestMethods(TestInvoker.java:194)\n\tat org.testng.internal.invokers.TestMethodWorker.invokeTestMethods(TestMethodWorker.java:148)\n\tat org.testng.internal.invokers.TestMethodWorker.run(TestMethodWorker.java:128)\n\tat java.base/java.util.concurrent.ThreadPoolExecutor.runWorker(ThreadPoolExecutor.java:1136)\n\tat java.base/java.util.concurrent.ThreadPoolExecutor$Worker.run(ThreadPoolExecutor.java:635)\n\tat java.base/java.lang.Thread.run(Thread.java:840)\n","steps":[{"name":"Access http://the-internet.herokuapp.com/login URL.","time":{"start":1766777803956,"stop":1766777803956,"duration":0},"status":"passed","steps":[],"attachments":[],"parameters":[],"stepsCount":0,"shouldDisplayMessage":false,"attachmentsCount":0,"hasContent":false,"attachmentStep":false},{"name":"Verify login form present or not.","time":{"start":1766777804989,"stop":1766777804989,"duration":0},"status":"passed","steps":[],"attachments":[],"parameters":[],"stepsCount":0,"shouldDisplayMessage":false,"attachmentsCount":0,"hasContent":false,"attachmentStep":false},{"name":"1. Login with valid username and password.","time":{"start":1766777805015,"stop":1766777805015,"duration":0},"status":"passed","steps":[],"attachments":[],"parameters":[],"stepsCount":0,"shouldDisplayMessage":false,"attachmentsCount":0,"hasContent":false,"attachmentStep":false},{"name":"Enter tomsmith username","time":{"start":1766777805015,"stop":1766777805015,"duration":0},"status":"passed","steps":[],"attachments":[],"parameters":[],"stepsCount":0,"shouldDisplayMessage":false,"attachmentsCount":0,"hasContent":false,"attachmentStep":false},{"name":"Enter SuperSecretPassword! password","time":{"start":1766777805072,"stop":1766777805072,"duration":0},"status":"passed","steps":[],"attachments":[],"parameters":[],"stepsCount":0,"shouldDisplayMessage":false,"attachmentsCount":0,"hasContent":false,"attachmentStep":false},{"name":"Click on Submit button","time":{"start":1766777805125,"stop":1766777805125,"duration":0},"status":"passed","steps":[],"attachments":[],"parameters":[],"stepsCount":0,"shouldDisplayMessage":false,"attachmentsCount":0,"hasContent":false,"attachmentStep":false},{"name":"2. Verify success message present","time":{"start":1766777805380,"stop":1766777805380,"duration":0},"status":"passed","steps":[],"attachments":[],"parameters":[],"stepsCount":0,"shouldDisplayMessage":false,"attachmentsCount":0,"hasContent":false,"attachmentStep":false},{"name":"Verify success message present or not.","time":{"start":1766777805380,"stop":1766777805380,"duration":0},"status":"passed","steps":[],"attachments":[],"parameters":[],"stepsCount":0,"shouldDisplayMessage":false,"attachmentsCount":0,"hasContent":false,"attachmentStep":false}],"attachments":[],"parameters":[],"stepsCount":8,"shouldDisplayMessage":true,"attachmentsCount":0,"hasContent":true,"attachmentStep":false},"afterStages":[{"name":"teardown","time":{"start":1766777805467,"stop":1766777805538,"duration":71},"description":"","status":"passed","steps":[{"name":"Cleaning up driver instance: ChromeDriver: chrome on linux (5469d1758cd43bb135530f689a74b867)","time":{"start":1766777805467,"stop":1766777805467,"duration":0},"status":"passed","steps":[],"attachments":[],"parameters":[],"stepsCount":0,"shouldDisplayMessage":false,"attachmentsCount":0,"hasContent":false,"attachmentStep":false},{"name":"Complete time: 26 Dec 2025 19:36:45","time":{"start":1766777805538,"stop":1766777805538,"duration":0},"status":"passed","steps":[],"attachments":[],"parameters":[],"stepsCount":0,"shouldDisplayMessage":false,"attachmentsCount":0,"hasContent":false,"attachmentStep":false}],"attachments":[],"parameters":[],"stepsCount":2,"shouldDisplayMessage":false,"attachmentsCount":0,"hasContent":true,"attachmentStep":false}],"labels":[{"name":"package","value":"test.java.tests.theInternet.parallel.TestOne"},{"name":"testClass","value":"test.java.tests.theInternet.parallel.TestOne"},{"name":"testMethod","value":"testOneExpectedFailure"},{"name":"parentSuite","value":"Suite - Parallel Execution"},{"name":"suite","value":"Test Parallel Execution"},{"name":"subSuite","value":"test.java.tests.theInternet.parallel.TestOne"},{"name":"host","value":"runnervmh13bl"},{"name":"thread","value":"2689@runnervmh13bl.TestNG-test=Test Parallel Execution-4(23)"},{"name":"framework","value":"testng"},{"name":"language","value":"java"},{"name":"severity","value":"blocker"},{"name":"resultFormat","value":"allure2"}],"parameters":[],"links":[],"hidden":false,"retry":false,"extra":{"severity":"blocker","retries":[{"uid":"c59a8774e465ed8c","status":"skipped","statusDetails":"success message not present expected [false] but found [true]","time":{"start":1766777802103,"stop":1766777803592,"duration":1489}},{"uid":"fc19e1641d6432f8","status":"skipped","statusDetails":"success message not present expected [false] but found [true]","time":{"start":1766777799672,"stop":1766777801730,"duration":2058}}],"categories":[{"name":"Product defects","matchedStatuses":[],"flaky":false}],"history":{"statistic":{"failed":52,"broken":2,"skipped":13,"passed":1,"unknown":0,"total":68},"items":[{"uid":"6c18221824183bfb","reportUrl":"https://jagadeeshshetty.github.io/SeleniumMaven/158/#testresult/6c18221824183bfb","status":"failed","statusDetails":"success message not present expected [false] but found [true]","time":{"start":1766691414186,"stop":1766691414646,"duration":460}},{"uid":"783b2239bce0012d","reportUrl":"https://jagadeeshshetty.github.io/SeleniumMaven/157/#testresult/783b2239bce0012d","status":"failed","statusDetails":"success message not present expected [false] but found [true]","time":{"start":1766605007541,"stop":1766605008625,"duration":1084}},{"uid":"e2be46abdd92c01b","reportUrl":"https://jagadeeshshetty.github.io/SeleniumMaven/156/#testresult/e2be46abdd92c01b","status":"failed","statusDetails":"success message not present expected [false] but found [true]","time":{"start":1766518635400,"stop":1766518635851,"duration":451}},{"uid":"9d24115dbbb9c1ed","reportUrl":"https://jagadeeshshetty.github.io/SeleniumMaven/155/#testresult/9d24115dbbb9c1ed","status":"failed","statusDetails":"success message not present expected [false] but found [true]","time":{"start":1766432227485,"stop":1766432228326,"duration":841}},{"uid":"213755cdc3cbe306","reportUrl":"https://jagadeeshshetty.github.io/SeleniumMaven/154/#testresult/213755cdc3cbe306","status":"failed","statusDetails":"success message not present expected [false] but found [true]","time":{"start":1766345798837,"stop":1766345799505,"duration":668}},{"uid":"50357fc67d144f5d","reportUrl":"https://jagadeeshshetty.github.io/SeleniumMaven/153/#testresult/50357fc67d144f5d","status":"failed","statusDetails":"success message not present expected [false] but found [true]","time":{"start":1766259345874,"stop":1766259347286,"duration":1412}},{"uid":"92a6dafff5a5580f","reportUrl":"https://jagadeeshshetty.github.io/SeleniumMaven/152/#testresult/92a6dafff5a5580f","status":"failed","statusDetails":"success message not present expected [false] but found [true]","time":{"start":1766173051432,"stop":1766173051893,"duration":461}},{"uid":"fcf481aee9820f2","reportUrl":"https://jagadeeshshetty.github.io/SeleniumMaven/151/#testresult/fcf481aee9820f2","status":"failed","statusDetails":"success message not present expected [false] but found [true]","time":{"start":1766086741765,"stop":1766086743167,"duration":1402}},{"uid":"613c2b1e06958cfe","reportUrl":"https://jagadeeshshetty.github.io/SeleniumMaven/150/#testresult/613c2b1e06958cfe","status":"failed","statusDetails":"success message not present expected [false] but found [true]","time":{"start":1766000366117,"stop":1766000367494,"duration":1377}},{"uid":"7b99e53409e1e1fe","reportUrl":"https://jagadeeshshetty.github.io/SeleniumMaven/149/#testresult/7b99e53409e1e1fe","status":"failed","statusDetails":"success message not present expected [false] but found [true]","time":{"start":1765913943916,"stop":1765913945405,"duration":1489}},{"uid":"45189b731433622a","reportUrl":"https://jagadeeshshetty.github.io/SeleniumMaven/148/#testresult/45189b731433622a","status":"failed","statusDetails":"success message not present expected [false] but found [true]","time":{"start":1765827566403,"stop":1765827566857,"duration":454}},{"uid":"d496f77f87ea77b0","reportUrl":"https://jagadeeshshetty.github.io/SeleniumMaven/147/#testresult/d496f77f87ea77b0","status":"failed","statusDetails":"success message not present expected [false] but found [true]","time":{"start":1765741000541,"stop":1765741001933,"duration":1392}},{"uid":"8495ad773b524480","reportUrl":"https://jagadeeshshetty.github.io/SeleniumMaven/146/#testresult/8495ad773b524480","status":"failed","statusDetails":"success message not present expected [false] but found [true]","time":{"start":1765715972242,"stop":1765715972888,"duration":646}},{"uid":"94fbd234e473f067","reportUrl":"https://jagadeeshshetty.github.io/SeleniumMaven/145/#testresult/94fbd234e473f067","status":"failed","statusDetails":"success message not present expected [false] but found [true]","time":{"start":1765715090526,"stop":1765715091608,"duration":1082}},{"uid":"bd3281a0e48f311","reportUrl":"https://jagadeeshshetty.github.io/SeleniumMaven/144/#testresult/bd3281a0e48f311","status":"failed","statusDetails":"success message not present expected [false] but found [true]","time":{"start":1765711454486,"stop":1765711454971,"duration":485}},{"uid":"9070c3d23b058fba","reportUrl":"https://jagadeeshshetty.github.io/SeleniumMaven/143/#testresult/9070c3d23b058fba","status":"failed","statusDetails":"success message not present expected [false] but found [true]","time":{"start":1765710332701,"stop":1765710333802,"duration":1101}},{"uid":"f4b6c05fe52f2477","reportUrl":"https://jagadeeshshetty.github.io/SeleniumMaven/142/#testresult/f4b6c05fe52f2477","status":"failed","statusDetails":"success message not present expected [false] but found [true]","time":{"start":1765707403124,"stop":1765707404183,"duration":1059}},{"uid":"e1804b182b695cac","reportUrl":"https://jagadeeshshetty.github.io/SeleniumMaven/141/#testresult/e1804b182b695cac","status":"failed","statusDetails":"success message not present expected [false] but found [true]","time":{"start":1765701874184,"stop":1765701874821,"duration":637}},{"uid":"a62f595a7d35314c","reportUrl":"https://jagadeeshshetty.github.io/SeleniumMaven/140/#testresult/a62f595a7d35314c","status":"failed","statusDetails":"success message not present expected [false] but found [true]","time":{"start":1765701252558,"stop":1765701253696,"duration":1138}},{"uid":"1238dbda790da13e","reportUrl":"https://jagadeeshshetty.github.io/SeleniumMaven/140/#testresult/1238dbda790da13e","status":"failed","statusDetails":"success message not present expected [false] but found [true]","time":{"start":1765700350625,"stop":1765700351723,"duration":1098}}]},"tags":[]},"source":"54274c11c0f3a1b4.json","parameterValues":[]}